              :-) GROMACS - gmx mdrun, 2021.4-Ubuntu-2021.4-2 (-:

                            GROMACS is written by:
     Andrey Alekseenko              Emile Apol              Rossen Apostolov     
         Paul Bauer           Herman J.C. Berendsen           Par Bjelkmar       
       Christian Blau           Viacheslav Bolnykh             Kevin Boyd        
     Aldert van Buuren           Rudi van Drunen             Anton Feenstra      
    Gilles Gouaillardet             Alan Gray               Gerrit Groenhof      
       Anca Hamuraru            Vincent Hindriksen          M. Eric Irrgang      
      Aleksei Iupinov           Christoph Junghans             Joe Jordan        
    Dimitrios Karkoulis            Peter Kasson                Jiri Kraus        
      Carsten Kutzner              Per Larsson              Justin A. Lemkul     
       Viveca Lindahl            Magnus Lundborg             Erik Marklund       
        Pascal Merz             Pieter Meulenhoff            Teemu Murtola       
        Szilard Pall               Sander Pronk              Roland Schulz       
       Michael Shirts            Alexey Shvetsov             Alfons Sijbers      
       Peter Tieleman              Jon Vincent              Teemu Virolainen     
     Christian Wennberg            Maarten Wolf              Artem Zhmurov       
                           and the project leaders:
        Mark Abraham, Berk Hess, Erik Lindahl, and David van der Spoel

Copyright (c) 1991-2000, University of Groningen, The Netherlands.
Copyright (c) 2001-2019, The GROMACS development team at
Uppsala University, Stockholm University and
the Royal Institute of Technology, Sweden.
check out http://www.gromacs.org for more information.

GROMACS is free software; you can redistribute it and/or modify it
under the terms of the GNU Lesser General Public License
as published by the Free Software Foundation; either version 2.1
of the License, or (at your option) any later version.

GROMACS:      gmx mdrun, version 2021.4-Ubuntu-2021.4-2
Executable:   /usr/bin/gmx
Data prefix:  /usr
Working dir:  /mnt/c/Users/Mr Nobody/Desktop/Study Material/BT305-Lab/ENDSEM/MD
Process ID:   21417
Command line:
  gmx mdrun -v -deffnm md_1

GROMACS version:    2021.4-Ubuntu-2021.4-2
Precision:          mixed
Memory model:       64 bit
MPI library:        thread_mpi
OpenMP support:     enabled (GMX_OPENMP_MAX_THREADS = 64)
GPU support:        disabled
SIMD instructions:  SSE4.1
FFT library:        fftw-3.3.8-sse2-avx
RDTSCP usage:       enabled
TNG support:        enabled
Hwloc support:      hwloc-2.5.0
Tracing support:    disabled
C compiler:         /usr/bin/cc GNU 11.2.0
C compiler flags:   -msse4.1 -Wno-missing-field-initializers -fexcess-precision=fast -funroll-all-loops -O3 -DNDEBUG
C++ compiler:       /usr/bin/c++ GNU 11.2.0
C++ compiler flags: -msse4.1 -Wno-missing-field-initializers -fexcess-precision=fast -funroll-all-loops -fopenmp -O3 -DNDEBUG


Running on 1 node with total 4 cores, 8 logical cores
Hardware detected:
  CPU info:
    Vendor: Intel
    Brand:  11th Gen Intel(R) Core(TM) i7-1165G7 @ 2.80GHz
    Family: 6   Model: 140   Stepping: 1
    Features: aes apic avx avx2 avx512f avx512cd avx512bw avx512vl avx512secondFMA clfsh cmov cx8 cx16 f16c fma htt intel lahf mmx msr nonstop_tsc pcid pclmuldq pdcm pdpe1gb popcnt pse rdrnd rdtscp sha sse2 sse3 sse4.1 sse4.2 ssse3 tdt x2apic
    Number of AVX-512 FMA units: Cannot run AVX-512 detection - assuming 2
  Hardware topology: Full, with devices
    Sockets, cores, and logical processors:
      Socket  0: [   0   1] [   2   3] [   4   5] [   6   7]
    Numa nodes:
      Node  0 (8208326656 bytes mem):   0   1   2   3   4   5   6   7
      Latency:
               0
         0  1.00
    Caches:
      L1: 49152 bytes, linesize 64 bytes, assoc. 12, shared 2 ways
      L2: 1310720 bytes, linesize 64 bytes, assoc. 20, shared 2 ways
      L3: 12582912 bytes, linesize 64 bytes, assoc. 12, shared 8 ways
    PCI devices:
      9324:00:00.0  Id: 1af4:1043  Class: 0x0100  Numa: 0
      deb1:00:00.0  Id: 1414:008e  Class: 0x0302  Numa: 0

Highest SIMD level supported by all nodes in run: AVX_512
SIMD instructions selected at compile time:       SSE4.1
This program was compiled for different hardware than you are running on,
which could influence performance.

++++ PLEASE READ AND CITE THE FOLLOWING REFERENCE ++++
M. J. Abraham, T. Murtola, R. Schulz, S. Páll, J. C. Smith, B. Hess, E.
Lindahl
GROMACS: High performance molecular simulations through multi-level
parallelism from laptops to supercomputers
SoftwareX 1 (2015) pp. 19-25
-------- -------- --- Thank You --- -------- --------


++++ PLEASE READ AND CITE THE FOLLOWING REFERENCE ++++
S. Páll, M. J. Abraham, C. Kutzner, B. Hess, E. Lindahl
Tackling Exascale Software Challenges in Molecular Dynamics Simulations with
GROMACS
In S. Markidis & E. Laure (Eds.), Solving Software Challenges for Exascale 8759 (2015) pp. 3-27
-------- -------- --- Thank You --- -------- --------


++++ PLEASE READ AND CITE THE FOLLOWING REFERENCE ++++
S. Pronk, S. Páll, R. Schulz, P. Larsson, P. Bjelkmar, R. Apostolov, M. R.
Shirts, J. C. Smith, P. M. Kasson, D. van der Spoel, B. Hess, and E. Lindahl
GROMACS 4.5: a high-throughput and highly parallel open source molecular
simulation toolkit
Bioinformatics 29 (2013) pp. 845-54
-------- -------- --- Thank You --- -------- --------


++++ PLEASE READ AND CITE THE FOLLOWING REFERENCE ++++
B. Hess and C. Kutzner and D. van der Spoel and E. Lindahl
GROMACS 4: Algorithms for highly efficient, load-balanced, and scalable
molecular simulation
J. Chem. Theory Comput. 4 (2008) pp. 435-447
-------- -------- --- Thank You --- -------- --------


++++ PLEASE READ AND CITE THE FOLLOWING REFERENCE ++++
D. van der Spoel, E. Lindahl, B. Hess, G. Groenhof, A. E. Mark and H. J. C.
Berendsen
GROMACS: Fast, Flexible and Free
J. Comp. Chem. 26 (2005) pp. 1701-1719
-------- -------- --- Thank You --- -------- --------


++++ PLEASE READ AND CITE THE FOLLOWING REFERENCE ++++
E. Lindahl and B. Hess and D. van der Spoel
GROMACS 3.0: A package for molecular simulation and trajectory analysis
J. Mol. Mod. 7 (2001) pp. 306-317
-------- -------- --- Thank You --- -------- --------


++++ PLEASE READ AND CITE THE FOLLOWING REFERENCE ++++
H. J. C. Berendsen, D. van der Spoel and R. van Drunen
GROMACS: A message-passing parallel molecular dynamics implementation
Comp. Phys. Comm. 91 (1995) pp. 43-56
-------- -------- --- Thank You --- -------- --------

Input Parameters:
   integrator                     = md
   tinit                          = 0
   dt                             = 0.002
   nsteps                         = 500000
   init-step                      = 0
   simulation-part                = 1
   mts                            = false
   comm-mode                      = Linear
   nstcomm                        = 100
   bd-fric                        = 0
   ld-seed                        = 998211071
   emtol                          = 10
   emstep                         = 0.01
   niter                          = 20
   fcstep                         = 0
   nstcgsteep                     = 1000
   nbfgscorr                      = 10
   rtpi                           = 0.05
   nstxout                        = 0
   nstvout                        = 0
   nstfout                        = 0
   nstlog                         = 5000
   nstcalcenergy                  = 100
   nstenergy                      = 5000
   nstxout-compressed             = 5000
   compressed-x-precision         = 1000
   cutoff-scheme                  = Verlet
   nstlist                        = 10
   pbc                            = xyz
   periodic-molecules             = false
   verlet-buffer-tolerance        = 0.005
   rlist                          = 1.002
   coulombtype                    = PME
   coulomb-modifier               = Potential-shift
   rcoulomb-switch                = 0
   rcoulomb                       = 1
   epsilon-r                      = 1
   epsilon-rf                     = inf
   vdw-type                       = Cut-off
   vdw-modifier                   = Potential-shift
   rvdw-switch                    = 0
   rvdw                           = 1
   DispCorr                       = EnerPres
   table-extension                = 1
   fourierspacing                 = 0.16
   fourier-nx                     = 28
   fourier-ny                     = 28
   fourier-nz                     = 28
   pme-order                      = 4
   ewald-rtol                     = 1e-05
   ewald-rtol-lj                  = 0.001
   lj-pme-comb-rule               = Geometric
   ewald-geometry                 = 0
   epsilon-surface                = 0
   tcoupl                         = V-rescale
   nsttcouple                     = 10
   nh-chain-length                = 0
   print-nose-hoover-chain-variables = false
   pcoupl                         = Parrinello-Rahman
   pcoupltype                     = Isotropic
   nstpcouple                     = 10
   tau-p                          = 2
   compressibility (3x3):
      compressibility[    0]={ 4.50000e-05,  0.00000e+00,  0.00000e+00}
      compressibility[    1]={ 0.00000e+00,  4.50000e-05,  0.00000e+00}
      compressibility[    2]={ 0.00000e+00,  0.00000e+00,  4.50000e-05}
   ref-p (3x3):
      ref-p[    0]={ 1.00000e+00,  0.00000e+00,  0.00000e+00}
      ref-p[    1]={ 0.00000e+00,  1.00000e+00,  0.00000e+00}
      ref-p[    2]={ 0.00000e+00,  0.00000e+00,  1.00000e+00}
   refcoord-scaling               = No
   posres-com (3):
      posres-com[0]= 0.00000e+00
      posres-com[1]= 0.00000e+00
      posres-com[2]= 0.00000e+00
   posres-comB (3):
      posres-comB[0]= 0.00000e+00
      posres-comB[1]= 0.00000e+00
      posres-comB[2]= 0.00000e+00
   QMMM                           = false
qm-opts:
   ngQM                           = 0
   constraint-algorithm           = Lincs
   continuation                   = true
   Shake-SOR                      = false
   shake-tol                      = 0.0001
   lincs-order                    = 4
   lincs-iter                     = 1
   lincs-warnangle                = 30
   nwall                          = 0
   wall-type                      = 9-3
   wall-r-linpot                  = -1
   wall-atomtype[0]               = -1
   wall-atomtype[1]               = -1
   wall-density[0]                = 0
   wall-density[1]                = 0
   wall-ewald-zfac                = 3
   pull                           = false
   awh                            = false
   rotation                       = false
   interactiveMD                  = false
   disre                          = No
   disre-weighting                = Conservative
   disre-mixed                    = false
   dr-fc                          = 1000
   dr-tau                         = 0
   nstdisreout                    = 100
   orire-fc                       = 0
   orire-tau                      = 0
   nstorireout                    = 100
   free-energy                    = no
   cos-acceleration               = 0
   deform (3x3):
      deform[    0]={ 0.00000e+00,  0.00000e+00,  0.00000e+00}
      deform[    1]={ 0.00000e+00,  0.00000e+00,  0.00000e+00}
      deform[    2]={ 0.00000e+00,  0.00000e+00,  0.00000e+00}
   simulated-tempering            = false
   swapcoords                     = no
   userint1                       = 0
   userint2                       = 0
   userint3                       = 0
   userint4                       = 0
   userreal1                      = 0
   userreal2                      = 0
   userreal3                      = 0
   userreal4                      = 0
   applied-forces:
     electric-field:
       x:
         E0                       = 0
         omega                    = 0
         t0                       = 0
         sigma                    = 0
       y:
         E0                       = 0
         omega                    = 0
         t0                       = 0
         sigma                    = 0
       z:
         E0                       = 0
         omega                    = 0
         t0                       = 0
         sigma                    = 0
     density-guided-simulation:
       active                     = false
       group                      = protein
       similarity-measure         = inner-product
       atom-spreading-weight      = unity
       force-constant             = 1e+09
       gaussian-transform-spreading-width = 0.2
       gaussian-transform-spreading-range-in-multiples-of-width = 4
       reference-density-filename = reference.mrc
       nst                        = 1
       normalize-densities        = true
       adaptive-force-scaling     = false
       adaptive-force-scaling-time-constant = 4
       shift-vector               = 
       transformation-matrix      = 
grpopts:
   nrdf:      294.94     14448.1
   ref-t:         363         363
   tau-t:         0.1         0.1
annealing:          No          No
annealing-npoints:           0           0
   acc:	           0           0           0
   nfreeze:           N           N           N
   energygrp-flags[  0]: 0

Changing nstlist from 10 to 40, rlist from 1.002 to 1.112

Using 1 MPI thread
Using 8 OpenMP threads 

Pinning threads with an auto-selected logical core stride of 1
System total charge: 0.000
Will do PME sum in reciprocal space for electrostatic interactions.

++++ PLEASE READ AND CITE THE FOLLOWING REFERENCE ++++
U. Essmann, L. Perera, M. L. Berkowitz, T. Darden, H. Lee and L. G. Pedersen 
A smooth particle mesh Ewald method
J. Chem. Phys. 103 (1995) pp. 8577-8592
-------- -------- --- Thank You --- -------- --------

Using a Gaussian width (1/beta) of 0.320163 nm for Ewald
Potential shift: LJ r^-12: -1.000e+00 r^-6: -1.000e+00, Ewald -1.000e-05
Initialized non-bonded Ewald tables, spacing: 9.33e-04 size: 1073

Generated table with 1056 data points for 1-4 COUL.
Tabscale = 500 points/nm
Generated table with 1056 data points for 1-4 LJ6.
Tabscale = 500 points/nm
Generated table with 1056 data points for 1-4 LJ12.
Tabscale = 500 points/nm
Long Range LJ corr.: <C6> 3.1112e-04


Using SIMD 4x4 nonbonded short-range kernels

Using a dual 4x4 pair-list setup updated with dynamic pruning:
  outer list: updated every 40 steps, buffer 0.112 nm, rlist 1.112 nm
  inner list: updated every 10 steps, buffer 0.002 nm, rlist 1.002 nm
At tolerance 0.005 kJ/mol/ps per atom, equivalent classical 1x1 list would be:
  outer list: updated every 40 steps, buffer 0.233 nm, rlist 1.233 nm
  inner list: updated every 10 steps, buffer 0.043 nm, rlist 1.043 nm

Using full Lennard-Jones parameter combination matrix

Initializing LINear Constraint Solver

++++ PLEASE READ AND CITE THE FOLLOWING REFERENCE ++++
B. Hess and H. Bekker and H. J. C. Berendsen and J. G. E. M. Fraaije
LINCS: A Linear Constraint Solver for molecular simulations
J. Comp. Chem. 18 (1997) pp. 1463-1472
-------- -------- --- Thank You --- -------- --------

The number of constraints is 26

++++ PLEASE READ AND CITE THE FOLLOWING REFERENCE ++++
S. Miyamoto and P. A. Kollman
SETTLE: An Analytical Version of the SHAKE and RATTLE Algorithms for Rigid
Water Models
J. Comp. Chem. 13 (1992) pp. 952-962
-------- -------- --- Thank You --- -------- --------


++++ PLEASE READ AND CITE THE FOLLOWING REFERENCE ++++
G. Bussi, D. Donadio and M. Parrinello
Canonical sampling through velocity rescaling
J. Chem. Phys. 126 (2007) pp. 014101
-------- -------- --- Thank You --- -------- --------

There are: 7324 Atoms
Center of mass motion removal mode is Linear
We have the following groups for center of mass motion removal:
  0:  rest

Started mdrun on rank 0 Wed Apr 17 11:23:30 2024

           Step           Time
              0        0.00000

   Energies (kJ/mol)
        G96Bond       G96Angle    Proper Dih.  Improper Dih.          LJ-14
    9.59514e+01    2.05008e+02    1.03434e+02    3.35735e+01    2.07486e+01
     Coulomb-14        LJ (SR)  Disper. corr.   Coulomb (SR)   Coul. recip.
    6.87136e+02    2.28820e+04   -9.58416e+02   -1.44681e+05    7.13439e+02
      Potential    Kinetic En.   Total Energy  Conserved En.    Temperature
   -1.20898e+05    1.82867e+04   -1.02612e+05   -1.02607e+05    2.98363e+02
 Pres. DC (bar) Pressure (bar)   Constr. rmsd
   -2.18714e+02    6.37168e+02    1.38287e-06

           Step           Time
           5000       10.00000

   Energies (kJ/mol)
        G96Bond       G96Angle    Proper Dih.  Improper Dih.          LJ-14
    1.15331e+02    2.16474e+02    1.47726e+02    5.89033e+01    2.48224e+01
     Coulomb-14        LJ (SR)  Disper. corr.   Coulomb (SR)   Coul. recip.
    6.95605e+02    1.96944e+04   -9.06368e+02   -1.32290e+05    9.05384e+02
      Potential    Kinetic En.   Total Energy  Conserved En.    Temperature
   -1.11338e+05    2.21869e+04   -8.91509e+04   -1.02592e+05    3.61999e+02
 Pres. DC (bar) Pressure (bar)   Constr. rmsd
   -1.95631e+02    4.56564e+02    1.24249e-06

           Step           Time
          10000       20.00000

   Energies (kJ/mol)
        G96Bond       G96Angle    Proper Dih.  Improper Dih.          LJ-14
    1.28029e+02    2.78267e+02    1.05354e+02    6.33052e+01    2.73262e+01
     Coulomb-14        LJ (SR)  Disper. corr.   Coulomb (SR)   Coul. recip.
    6.45248e+02    1.92971e+04   -9.01517e+02   -1.31733e+05    8.91616e+02
      Potential    Kinetic En.   Total Energy  Conserved En.    Temperature
   -1.11199e+05    2.23777e+04   -8.88208e+04   -1.02564e+05    3.65112e+02
 Pres. DC (bar) Pressure (bar)   Constr. rmsd
   -1.93545e+02    1.91709e+02    1.74951e-06

           Step           Time
          15000       30.00000

   Energies (kJ/mol)
        G96Bond       G96Angle    Proper Dih.  Improper Dih.          LJ-14
    1.31628e+02    2.45896e+02    1.17274e+02    5.42167e+01    2.79729e+01
     Coulomb-14        LJ (SR)  Disper. corr.   Coulomb (SR)   Coul. recip.
    6.44195e+02    1.90099e+04   -9.08121e+02   -1.31094e+05    8.84016e+02
      Potential    Kinetic En.   Total Energy  Conserved En.    Temperature
   -1.10887e+05    2.22500e+04   -8.86372e+04   -1.02535e+05    3.63029e+02
 Pres. DC (bar) Pressure (bar)   Constr. rmsd
   -1.96388e+02    2.38888e+02    1.59264e-06

           Step           Time
          20000       40.00000

   Energies (kJ/mol)
        G96Bond       G96Angle    Proper Dih.  Improper Dih.          LJ-14
    1.01084e+02    1.54677e+02    1.19166e+02    4.39427e+01    4.57230e+01
     Coulomb-14        LJ (SR)  Disper. corr.   Coulomb (SR)   Coul. recip.
    6.94525e+02    1.98314e+04   -9.07318e+02   -1.33729e+05    8.33192e+02
      Potential    Kinetic En.   Total Energy  Conserved En.    Temperature
   -1.12813e+05    2.18825e+04   -9.09305e+04   -1.02528e+05    3.57032e+02
 Pres. DC (bar) Pressure (bar)   Constr. rmsd
   -1.96041e+02    2.48829e+02    1.59054e-06

           Step           Time
          25000       50.00000

   Energies (kJ/mol)
        G96Bond       G96Angle    Proper Dih.  Improper Dih.          LJ-14
    1.16758e+02    2.03452e+02    1.02086e+02    3.97068e+01    3.59650e+01
     Coulomb-14        LJ (SR)  Disper. corr.   Coulomb (SR)   Coul. recip.
    7.57078e+02    1.86560e+04   -9.05052e+02   -1.30704e+05    8.74087e+02
      Potential    Kinetic En.   Total Energy  Conserved En.    Temperature
   -1.10824e+05    2.19799e+04   -8.88443e+04   -1.02507e+05    3.58621e+02
 Pres. DC (bar) Pressure (bar)   Constr. rmsd
   -1.95064e+02   -1.96960e+02    1.65194e-06

           Step           Time
          30000       60.00000

   Energies (kJ/mol)
        G96Bond       G96Angle    Proper Dih.  Improper Dih.          LJ-14
    1.14313e+02    1.99387e+02    1.04540e+02    4.20271e+01    3.38595e+01
     Coulomb-14        LJ (SR)  Disper. corr.   Coulomb (SR)   Coul. recip.
    7.37148e+02    1.96145e+04   -9.21351e+02   -1.32533e+05    8.87553e+02
      Potential    Kinetic En.   Total Energy  Conserved En.    Temperature
   -1.11721e+05    2.23477e+04   -8.93736e+04   -1.02496e+05    3.64621e+02
 Pres. DC (bar) Pressure (bar)   Constr. rmsd
   -2.02144e+02    7.35951e+02    3.81391e-06

           Step           Time
          35000       70.00000

   Energies (kJ/mol)
        G96Bond       G96Angle    Proper Dih.  Improper Dih.          LJ-14
    1.17509e+02    1.62069e+02    1.02885e+02    3.25231e+01    4.66872e+01
     Coulomb-14        LJ (SR)  Disper. corr.   Coulomb (SR)   Coul. recip.
    7.19819e+02    1.84249e+04   -9.11099e+02   -1.31466e+05    8.47267e+02
      Potential    Kinetic En.   Total Energy  Conserved En.    Temperature
   -1.11923e+05    2.18676e+04   -9.00557e+04   -1.02470e+05    3.56789e+02
 Pres. DC (bar) Pressure (bar)   Constr. rmsd
   -1.97676e+02   -5.14643e+02    1.40643e-06

           Step           Time
          40000       80.00000

   Energies (kJ/mol)
        G96Bond       G96Angle    Proper Dih.  Improper Dih.          LJ-14
    1.28022e+02    2.36427e+02    1.06287e+02    4.20248e+01    3.47937e+01
     Coulomb-14        LJ (SR)  Disper. corr.   Coulomb (SR)   Coul. recip.
    7.24095e+02    1.87391e+04   -9.06263e+02   -1.31186e+05    9.11909e+02
      Potential    Kinetic En.   Total Energy  Conserved En.    Temperature
   -1.11170e+05    2.24790e+04   -8.86908e+04   -1.02454e+05    3.66765e+02
 Pres. DC (bar) Pressure (bar)   Constr. rmsd
   -1.95586e+02   -7.49751e+01    7.16193e-06

           Step           Time
          45000       90.00000

   Energies (kJ/mol)
        G96Bond       G96Angle    Proper Dih.  Improper Dih.          LJ-14
    1.35469e+02    1.82954e+02    1.48965e+02    5.25141e+01    3.03260e+01
     Coulomb-14        LJ (SR)  Disper. corr.   Coulomb (SR)   Coul. recip.
    7.10711e+02    1.88075e+04   -9.01328e+02   -1.30974e+05    9.13134e+02
      Potential    Kinetic En.   Total Energy  Conserved En.    Temperature
   -1.10893e+05    2.18928e+04   -8.90005e+04   -1.02409e+05    3.57199e+02
 Pres. DC (bar) Pressure (bar)   Constr. rmsd
   -1.93464e+02   -1.73429e+02    2.87149e-06

           Step           Time
          50000      100.00000

   Energies (kJ/mol)
        G96Bond       G96Angle    Proper Dih.  Improper Dih.          LJ-14
    1.29328e+02    2.12255e+02    7.62515e+01    4.72067e+01    3.34705e+01
     Coulomb-14        LJ (SR)  Disper. corr.   Coulomb (SR)   Coul. recip.
    7.25967e+02    1.89477e+04   -9.09671e+02   -1.31577e+05    8.84439e+02
      Potential    Kinetic En.   Total Energy  Conserved En.    Temperature
   -1.11430e+05    2.22580e+04   -8.91723e+04   -1.02401e+05    3.63159e+02
 Pres. DC (bar) Pressure (bar)   Constr. rmsd
   -1.97058e+02    2.22187e+02    2.91990e-06

           Step           Time
          55000      110.00000

   Energies (kJ/mol)
        G96Bond       G96Angle    Proper Dih.  Improper Dih.          LJ-14
    1.35746e+02    2.48678e+02    1.53643e+02    3.64654e+01    3.43789e+01
     Coulomb-14        LJ (SR)  Disper. corr.   Coulomb (SR)   Coul. recip.
    7.05938e+02    1.81390e+04   -9.17429e+02   -1.30176e+05    8.38657e+02
      Potential    Kinetic En.   Total Energy  Conserved En.    Temperature
   -1.10801e+05    2.22287e+04   -8.85725e+04   -1.02382e+05    3.62681e+02
 Pres. DC (bar) Pressure (bar)   Constr. rmsd
   -2.00429e+02   -1.49843e+02    4.48591e-06

           Step           Time
          60000      120.00000

   Energies (kJ/mol)
        G96Bond       G96Angle    Proper Dih.  Improper Dih.          LJ-14
    1.33070e+02    1.57755e+02    8.47794e+01    3.33711e+01    5.01263e+01
     Coulomb-14        LJ (SR)  Disper. corr.   Coulomb (SR)   Coul. recip.
    7.18421e+02    1.91935e+04   -9.12983e+02   -1.32064e+05    8.53898e+02
      Potential    Kinetic En.   Total Energy  Conserved En.    Temperature
   -1.11752e+05    2.21721e+04   -8.95803e+04   -1.02370e+05    3.61756e+02
 Pres. DC (bar) Pressure (bar)   Constr. rmsd
   -1.98493e+02    7.58630e+00    1.94951e-06

           Step           Time
          65000      130.00000

   Energies (kJ/mol)
        G96Bond       G96Angle    Proper Dih.  Improper Dih.          LJ-14
    9.72885e+01    1.96148e+02    8.67765e+01    2.83862e+01    1.46587e+01
     Coulomb-14        LJ (SR)  Disper. corr.   Coulomb (SR)   Coul. recip.
    7.07342e+02    1.86107e+04   -9.10947e+02   -1.31519e+05    8.30418e+02
      Potential    Kinetic En.   Total Energy  Conserved En.    Temperature
   -1.11858e+05    2.17710e+04   -9.00870e+04   -1.02352e+05    3.55213e+02
 Pres. DC (bar) Pressure (bar)   Constr. rmsd
   -1.97611e+02   -2.63341e+02    3.30569e-06

           Step           Time
          70000      140.00000

   Energies (kJ/mol)
        G96Bond       G96Angle    Proper Dih.  Improper Dih.          LJ-14
    1.57828e+02    2.23407e+02    1.18276e+02    5.16002e+01    1.35126e+01
     Coulomb-14        LJ (SR)  Disper. corr.   Coulomb (SR)   Coul. recip.
    6.88729e+02    1.91201e+04   -9.08133e+02   -1.31495e+05    8.56458e+02
      Potential    Kinetic En.   Total Energy  Conserved En.    Temperature
   -1.11173e+05    2.27095e+04   -8.84639e+04   -1.02312e+05    3.70525e+02
 Pres. DC (bar) Pressure (bar)   Constr. rmsd
   -1.96393e+02    1.80701e+02    1.64181e-06

           Step           Time
          75000      150.00000

   Energies (kJ/mol)
        G96Bond       G96Angle    Proper Dih.  Improper Dih.          LJ-14
    1.07115e+02    2.22474e+02    9.77604e+01    4.63295e+01    3.60556e+01
     Coulomb-14        LJ (SR)  Disper. corr.   Coulomb (SR)   Coul. recip.
    6.88058e+02    1.89021e+04   -9.03284e+02   -1.31267e+05    8.96058e+02
      Potential    Kinetic En.   Total Energy  Conserved En.    Temperature
   -1.11174e+05    2.26403e+04   -8.85341e+04   -1.02286e+05    3.69396e+02
 Pres. DC (bar) Pressure (bar)   Constr. rmsd
   -1.94304e+02   -2.52700e+01    3.55674e-06

           Step           Time
          80000      160.00000

   Energies (kJ/mol)
        G96Bond       G96Angle    Proper Dih.  Improper Dih.          LJ-14
    1.56285e+02    2.88931e+02    1.24752e+02    5.01518e+01   -9.86805e-01
     Coulomb-14        LJ (SR)  Disper. corr.   Coulomb (SR)   Coul. recip.
    6.87761e+02    1.84868e+04   -9.03325e+02   -1.30287e+05    8.78776e+02
      Potential    Kinetic En.   Total Energy  Conserved En.    Temperature
   -1.10518e+05    2.25230e+04   -8.79945e+04   -1.02264e+05    3.67483e+02
 Pres. DC (bar) Pressure (bar)   Constr. rmsd
   -1.94321e+02   -3.82568e+02    3.81316e-06

           Step           Time
          85000      170.00000

   Energies (kJ/mol)
        G96Bond       G96Angle    Proper Dih.  Improper Dih.          LJ-14
    1.12431e+02    2.35613e+02    9.25538e+01    3.48395e+01    2.01103e+01
     Coulomb-14        LJ (SR)  Disper. corr.   Coulomb (SR)   Coul. recip.
    6.80627e+02    1.84922e+04   -9.01838e+02   -1.29858e+05    8.68856e+02
      Potential    Kinetic En.   Total Energy  Conserved En.    Temperature
   -1.10223e+05    2.19965e+04   -8.82263e+04   -1.02242e+05    3.58892e+02
 Pres. DC (bar) Pressure (bar)   Constr. rmsd
   -1.93683e+02   -1.94240e+02    4.34899e-06

           Step           Time
          90000      180.00000

   Energies (kJ/mol)
        G96Bond       G96Angle    Proper Dih.  Improper Dih.          LJ-14
    1.28116e+02    2.16061e+02    1.33064e+02    6.35375e+01    5.47992e+00
     Coulomb-14        LJ (SR)  Disper. corr.   Coulomb (SR)   Coul. recip.
    6.82735e+02    1.91067e+04   -9.08419e+02   -1.31267e+05    8.78844e+02
      Potential    Kinetic En.   Total Energy  Conserved En.    Temperature
   -1.10961e+05    2.27311e+04   -8.82295e+04   -1.02194e+05    3.70877e+02
 Pres. DC (bar) Pressure (bar)   Constr. rmsd
   -1.96516e+02    2.37054e+02    1.44003e-06

           Step           Time
          95000      190.00000

   Energies (kJ/mol)
        G96Bond       G96Angle    Proper Dih.  Improper Dih.          LJ-14
    1.39804e+02    2.14874e+02    9.96030e+01    4.31057e+01   -4.60712e+00
     Coulomb-14        LJ (SR)  Disper. corr.   Coulomb (SR)   Coul. recip.
    7.26106e+02    1.89114e+04   -9.09007e+02   -1.31471e+05    8.34657e+02
      Potential    Kinetic En.   Total Energy  Conserved En.    Temperature
   -1.11416e+05    2.21737e+04   -8.92419e+04   -1.02177e+05    3.61783e+02
 Pres. DC (bar) Pressure (bar)   Constr. rmsd
   -1.96771e+02   -4.13258e+01    1.40453e-06

           Step           Time
         100000      200.00000

   Energies (kJ/mol)
        G96Bond       G96Angle    Proper Dih.  Improper Dih.          LJ-14
    1.13706e+02    2.00031e+02    1.56586e+02    3.27414e+01    2.82000e+01
     Coulomb-14        LJ (SR)  Disper. corr.   Coulomb (SR)   Coul. recip.
    6.90792e+02    1.85987e+04   -9.01702e+02   -1.30798e+05    8.78399e+02
      Potential    Kinetic En.   Total Energy  Conserved En.    Temperature
   -1.11000e+05    2.21170e+04   -8.88835e+04   -1.02154e+05    3.60858e+02
 Pres. DC (bar) Pressure (bar)   Constr. rmsd
   -1.93625e+02   -1.52650e+02    6.42866e-06

           Step           Time
         105000      210.00000

   Energies (kJ/mol)
        G96Bond       G96Angle    Proper Dih.  Improper Dih.          LJ-14
    1.59079e+02    1.99207e+02    1.39781e+02    5.23632e+01    8.30128e+00
     Coulomb-14        LJ (SR)  Disper. corr.   Coulomb (SR)   Coul. recip.
    6.46630e+02    1.86069e+04   -9.02430e+02   -1.30661e+05    8.87112e+02
      Potential    Kinetic En.   Total Energy  Conserved En.    Temperature
   -1.10864e+05    2.23340e+04   -8.85297e+04   -1.02138e+05    3.64398e+02
 Pres. DC (bar) Pressure (bar)   Constr. rmsd
   -1.93937e+02   -1.65891e+02    3.08911e-06

           Step           Time
         110000      220.00000

   Energies (kJ/mol)
        G96Bond       G96Angle    Proper Dih.  Improper Dih.          LJ-14
    1.16340e+02    2.12999e+02    9.00555e+01    6.21879e+01    2.37468e+01
     Coulomb-14        LJ (SR)  Disper. corr.   Coulomb (SR)   Coul. recip.
    7.13837e+02    1.90437e+04   -8.96874e+02   -1.31303e+05    9.32145e+02
      Potential    Kinetic En.   Total Energy  Conserved En.    Temperature
   -1.11005e+05    2.20813e+04   -8.89234e+04   -1.02119e+05    3.60275e+02
 Pres. DC (bar) Pressure (bar)   Constr. rmsd
   -1.91559e+02    5.32649e+01    5.21151e-06

           Step           Time
         115000      230.00000

   Energies (kJ/mol)
        G96Bond       G96Angle    Proper Dih.  Improper Dih.          LJ-14
    1.09617e+02    2.10437e+02    1.04215e+02    3.80225e+01    3.12599e+01
     Coulomb-14        LJ (SR)  Disper. corr.   Coulomb (SR)   Coul. recip.
    7.23908e+02    1.95790e+04   -9.06025e+02   -1.32190e+05    8.46011e+02
      Potential    Kinetic En.   Total Energy  Conserved En.    Temperature
   -1.11453e+05    2.20040e+04   -8.94492e+04   -1.02091e+05    3.59014e+02
 Pres. DC (bar) Pressure (bar)   Constr. rmsd
   -1.95483e+02    5.36451e+02    4.78802e-06

           Step           Time
         120000      240.00000

   Energies (kJ/mol)
        G96Bond       G96Angle    Proper Dih.  Improper Dih.          LJ-14
    1.00059e+02    2.08544e+02    7.92331e+01    5.51923e+01    1.22095e+01
     Coulomb-14        LJ (SR)  Disper. corr.   Coulomb (SR)   Coul. recip.
    7.21903e+02    1.90178e+04   -9.13617e+02   -1.31450e+05    8.85651e+02
      Potential    Kinetic En.   Total Energy  Conserved En.    Temperature
   -1.11283e+05    2.17931e+04   -8.94898e+04   -1.02049e+05    3.55572e+02
 Pres. DC (bar) Pressure (bar)   Constr. rmsd
   -1.98769e+02    2.52552e+02    1.59067e-06

           Step           Time
         125000      250.00000

   Energies (kJ/mol)
        G96Bond       G96Angle    Proper Dih.  Improper Dih.          LJ-14
    1.11963e+02    2.71312e+02    1.28498e+02    5.05063e+01    3.17244e+01
     Coulomb-14        LJ (SR)  Disper. corr.   Coulomb (SR)   Coul. recip.
    7.17230e+02    1.83532e+04   -9.04034e+02   -1.30641e+05    8.41809e+02
      Potential    Kinetic En.   Total Energy  Conserved En.    Temperature
   -1.11039e+05    2.24047e+04   -8.86346e+04   -1.02035e+05    3.65551e+02
 Pres. DC (bar) Pressure (bar)   Constr. rmsd
   -1.94626e+02   -3.41583e+02    2.90616e-06

           Step           Time
         130000      260.00000

   Energies (kJ/mol)
        G96Bond       G96Angle    Proper Dih.  Improper Dih.          LJ-14
    1.13119e+02    2.07509e+02    8.33533e+01    5.58954e+01    2.79592e+01
     Coulomb-14        LJ (SR)  Disper. corr.   Coulomb (SR)   Coul. recip.
    6.66259e+02    1.91211e+04   -9.16698e+02   -1.31783e+05    9.04291e+02
      Potential    Kinetic En.   Total Energy  Conserved En.    Temperature
   -1.11520e+05    2.22052e+04   -8.93149e+04   -1.02006e+05    3.62297e+02
 Pres. DC (bar) Pressure (bar)   Constr. rmsd
   -2.00110e+02    3.11651e+02    1.86716e-06

           Step           Time
         135000      270.00000

   Energies (kJ/mol)
        G96Bond       G96Angle    Proper Dih.  Improper Dih.          LJ-14
    1.61310e+02    1.98143e+02    1.15938e+02    3.87885e+01    2.13146e+01
     Coulomb-14        LJ (SR)  Disper. corr.   Coulomb (SR)   Coul. recip.
    6.85758e+02    1.85249e+04   -9.06591e+02   -1.30306e+05    9.32040e+02
      Potential    Kinetic En.   Total Energy  Conserved En.    Temperature
   -1.10534e+05    2.23597e+04   -8.81748e+04   -1.01998e+05    3.64818e+02
 Pres. DC (bar) Pressure (bar)   Constr. rmsd
   -1.95727e+02   -1.63223e+02    1.89509e-06

           Step           Time
         140000      280.00000

   Energies (kJ/mol)
        G96Bond       G96Angle    Proper Dih.  Improper Dih.          LJ-14
    1.00536e+02    1.83194e+02    9.42030e+01    3.17077e+01    2.78127e+01
     Coulomb-14        LJ (SR)  Disper. corr.   Coulomb (SR)   Coul. recip.
    7.06204e+02    1.91555e+04   -9.02045e+02   -1.31626e+05    8.86409e+02
      Potential    Kinetic En.   Total Energy  Conserved En.    Temperature
   -1.11343e+05    2.20294e+04   -8.93134e+04   -1.01966e+05    3.59428e+02
 Pres. DC (bar) Pressure (bar)   Constr. rmsd
   -1.93772e+02    7.75878e+01    6.49242e-06

           Step           Time
         145000      290.00000

   Energies (kJ/mol)
        G96Bond       G96Angle    Proper Dih.  Improper Dih.          LJ-14
    1.21181e+02    1.94702e+02    8.82460e+01    4.62447e+01    2.35881e+01
     Coulomb-14        LJ (SR)  Disper. corr.   Coulomb (SR)   Coul. recip.
    7.26999e+02    1.89047e+04   -9.00591e+02   -1.31634e+05    8.62271e+02
      Potential    Kinetic En.   Total Energy  Conserved En.    Temperature
   -1.11567e+05    2.22099e+04   -8.93567e+04   -1.01958e+05    3.62373e+02
 Pres. DC (bar) Pressure (bar)   Constr. rmsd
   -1.93149e+02   -2.24347e+02    3.01374e-06

           Step           Time
         150000      300.00000

   Energies (kJ/mol)
        G96Bond       G96Angle    Proper Dih.  Improper Dih.          LJ-14
    1.06683e+02    1.94283e+02    9.31683e+01    3.27086e+01    1.38520e+01
     Coulomb-14        LJ (SR)  Disper. corr.   Coulomb (SR)   Coul. recip.
    7.03108e+02    1.81496e+04   -9.04442e+02   -1.30924e+05    8.25650e+02
      Potential    Kinetic En.   Total Energy  Conserved En.    Temperature
   -1.11710e+05    2.25098e+04   -8.91997e+04   -1.01940e+05    3.67267e+02
 Pres. DC (bar) Pressure (bar)   Constr. rmsd
   -1.94802e+02   -6.28113e+02    3.08486e-06

           Step           Time
         155000      310.00000

   Energies (kJ/mol)
        G96Bond       G96Angle    Proper Dih.  Improper Dih.          LJ-14
    1.17627e+02    2.10287e+02    9.38776e+01    4.73273e+01    2.97627e+01
     Coulomb-14        LJ (SR)  Disper. corr.   Coulomb (SR)   Coul. recip.
    6.96130e+02    1.95207e+04   -9.02733e+02   -1.32078e+05    9.22643e+02
      Potential    Kinetic En.   Total Energy  Conserved En.    Temperature
   -1.11342e+05    2.22976e+04   -8.90443e+04   -1.01901e+05    3.63804e+02
 Pres. DC (bar) Pressure (bar)   Constr. rmsd
   -1.94067e+02    3.50753e+02    2.94870e-06

           Step           Time
         160000      320.00000

   Energies (kJ/mol)
        G96Bond       G96Angle    Proper Dih.  Improper Dih.          LJ-14
    1.19327e+02    2.38665e+02    7.06272e+01    6.50343e+01    1.79692e+01
     Coulomb-14        LJ (SR)  Disper. corr.   Coulomb (SR)   Coul. recip.
    6.70514e+02    1.91873e+04   -9.16077e+02   -1.32179e+05    8.38864e+02
      Potential    Kinetic En.   Total Energy  Conserved En.    Temperature
   -1.11887e+05    2.22460e+04   -8.96411e+04   -1.01875e+05    3.62962e+02
 Pres. DC (bar) Pressure (bar)   Constr. rmsd
   -1.99840e+02    2.96613e+02    2.63041e-06

           Step           Time
         165000      330.00000

   Energies (kJ/mol)
        G96Bond       G96Angle    Proper Dih.  Improper Dih.          LJ-14
    1.13836e+02    2.29302e+02    7.79881e+01    5.34549e+01    3.87041e+01
     Coulomb-14        LJ (SR)  Disper. corr.   Coulomb (SR)   Coul. recip.
    6.80012e+02    1.85238e+04   -9.12409e+02   -1.31047e+05    8.34453e+02
      Potential    Kinetic En.   Total Energy  Conserved En.    Temperature
   -1.11408e+05    2.20141e+04   -8.93941e+04   -1.01873e+05    3.59178e+02
 Pres. DC (bar) Pressure (bar)   Constr. rmsd
   -1.98244e+02   -1.50566e+02    1.75408e-06

           Step           Time
         170000      340.00000

   Energies (kJ/mol)
        G96Bond       G96Angle    Proper Dih.  Improper Dih.          LJ-14
    1.41998e+02    2.20753e+02    9.91338e+01    6.05596e+01    1.98519e+01
     Coulomb-14        LJ (SR)  Disper. corr.   Coulomb (SR)   Coul. recip.
    6.88536e+02    1.95918e+04   -9.01057e+02   -1.31777e+05    8.71567e+02
      Potential    Kinetic En.   Total Energy  Conserved En.    Temperature
   -1.10984e+05    2.24957e+04   -8.84882e+04   -1.01834e+05    3.67037e+02
 Pres. DC (bar) Pressure (bar)   Constr. rmsd
   -1.93348e+02    3.86041e+02    3.01517e-06

           Step           Time
         175000      350.00000

   Energies (kJ/mol)
        G96Bond       G96Angle    Proper Dih.  Improper Dih.          LJ-14
    1.27334e+02    2.53759e+02    1.23356e+02    4.93729e+01    6.63950e+00
     Coulomb-14        LJ (SR)  Disper. corr.   Coulomb (SR)   Coul. recip.
    6.89354e+02    1.90771e+04   -9.10340e+02   -1.31527e+05    8.57648e+02
      Potential    Kinetic En.   Total Energy  Conserved En.    Temperature
   -1.11253e+05    2.23844e+04   -8.88684e+04   -1.01802e+05    3.65220e+02
 Pres. DC (bar) Pressure (bar)   Constr. rmsd
   -1.97347e+02    1.57292e+02    1.34678e-05

           Step           Time
         180000      360.00000

   Energies (kJ/mol)
        G96Bond       G96Angle    Proper Dih.  Improper Dih.          LJ-14
    1.18962e+02    1.59433e+02    1.07910e+02    4.22606e+01    5.29046e+00
     Coulomb-14        LJ (SR)  Disper. corr.   Coulomb (SR)   Coul. recip.
    6.99783e+02    1.90253e+04   -9.12799e+02   -1.31734e+05    8.30998e+02
      Potential    Kinetic En.   Total Energy  Conserved En.    Temperature
   -1.11657e+05    2.19138e+04   -8.97429e+04   -1.01781e+05    3.57542e+02
 Pres. DC (bar) Pressure (bar)   Constr. rmsd
   -1.98414e+02    7.74409e+01    3.38122e-06

           Step           Time
         185000      370.00000

   Energies (kJ/mol)
        G96Bond       G96Angle    Proper Dih.  Improper Dih.          LJ-14
    1.49922e+02    2.12645e+02    1.18608e+02    4.65764e+01    1.78462e+01
     Coulomb-14        LJ (SR)  Disper. corr.   Coulomb (SR)   Coul. recip.
    7.00617e+02    1.85538e+04   -9.02939e+02   -1.31034e+05    8.52715e+02
      Potential    Kinetic En.   Total Energy  Conserved En.    Temperature
   -1.11284e+05    2.23369e+04   -8.89475e+04   -1.01760e+05    3.64446e+02
 Pres. DC (bar) Pressure (bar)   Constr. rmsd
   -1.94155e+02   -1.71356e+02    3.15751e-06

           Step           Time
         190000      380.00000

   Energies (kJ/mol)
        G96Bond       G96Angle    Proper Dih.  Improper Dih.          LJ-14
    1.31894e+02    2.01375e+02    1.11766e+02    3.69168e+01   -4.98133e+00
     Coulomb-14        LJ (SR)  Disper. corr.   Coulomb (SR)   Coul. recip.
    7.11111e+02    1.95351e+04   -9.11344e+02   -1.33026e+05    8.34560e+02
      Potential    Kinetic En.   Total Energy  Conserved En.    Temperature
   -1.12380e+05    2.19193e+04   -9.04603e+04   -1.01744e+05    3.57631e+02
 Pres. DC (bar) Pressure (bar)   Constr. rmsd
   -1.97782e+02    1.11578e+01    1.31619e-06

           Step           Time
         195000      390.00000

   Energies (kJ/mol)
        G96Bond       G96Angle    Proper Dih.  Improper Dih.          LJ-14
    1.21510e+02    2.06461e+02    1.08325e+02    4.44856e+01    5.72470e+00
     Coulomb-14        LJ (SR)  Disper. corr.   Coulomb (SR)   Coul. recip.
    7.21289e+02    1.81596e+04   -9.11041e+02   -1.31088e+05    8.68286e+02
      Potential    Kinetic En.   Total Energy  Conserved En.    Temperature
   -1.11764e+05    2.16649e+04   -9.00989e+04   -1.01731e+05    3.53481e+02
 Pres. DC (bar) Pressure (bar)   Constr. rmsd
   -1.97651e+02   -5.55256e+02    3.18071e-06

           Step           Time
         200000      400.00000

   Energies (kJ/mol)
        G96Bond       G96Angle    Proper Dih.  Improper Dih.          LJ-14
    1.19272e+02    2.06352e+02    1.16393e+02    3.50841e+01    3.71562e+01
     Coulomb-14        LJ (SR)  Disper. corr.   Coulomb (SR)   Coul. recip.
    7.19384e+02    1.87685e+04   -9.02549e+02   -1.31713e+05    8.45420e+02
      Potential    Kinetic En.   Total Energy  Conserved En.    Temperature
   -1.11768e+05    2.26074e+04   -8.91610e+04   -1.01730e+05    3.68860e+02
 Pres. DC (bar) Pressure (bar)   Constr. rmsd
   -1.93988e+02   -2.90490e+02    3.65816e-06

           Step           Time
         205000      410.00000

   Energies (kJ/mol)
        G96Bond       G96Angle    Proper Dih.  Improper Dih.          LJ-14
    1.10341e+02    2.45340e+02    9.06822e+01    6.49935e+01    3.02422e+01
     Coulomb-14        LJ (SR)  Disper. corr.   Coulomb (SR)   Coul. recip.
    6.84858e+02    1.94045e+04   -9.06236e+02   -1.32049e+05    8.74742e+02
      Potential    Kinetic En.   Total Energy  Conserved En.    Temperature
   -1.11450e+05    2.26800e+04   -8.87696e+04   -1.01687e+05    3.70043e+02
 Pres. DC (bar) Pressure (bar)   Constr. rmsd
   -1.95574e+02    3.17543e+02    3.76394e-06

           Step           Time
         210000      420.00000

   Energies (kJ/mol)
        G96Bond       G96Angle    Proper Dih.  Improper Dih.          LJ-14
    1.55319e+02    2.35023e+02    1.45003e+02    4.48037e+01    1.83879e+01
     Coulomb-14        LJ (SR)  Disper. corr.   Coulomb (SR)   Coul. recip.
    6.98164e+02    1.90555e+04   -9.03868e+02   -1.32265e+05    8.99752e+02
      Potential    Kinetic En.   Total Energy  Conserved En.    Temperature
   -1.11917e+05    2.22583e+04   -8.96590e+04   -1.01667e+05    3.63163e+02
 Pres. DC (bar) Pressure (bar)   Constr. rmsd
   -1.94555e+02   -2.79704e+02    1.53051e-06

           Step           Time
         215000      430.00000

   Energies (kJ/mol)
        G96Bond       G96Angle    Proper Dih.  Improper Dih.          LJ-14
    1.39459e+02    2.29076e+02    1.02088e+02    5.25503e+01    1.84394e+01
     Coulomb-14        LJ (SR)  Disper. corr.   Coulomb (SR)   Coul. recip.
    7.00794e+02    1.87772e+04   -8.98982e+02   -1.31242e+05    9.39655e+02
      Potential    Kinetic En.   Total Energy  Conserved En.    Temperature
   -1.11182e+05    2.21090e+04   -8.90732e+04   -1.01652e+05    3.60728e+02
 Pres. DC (bar) Pressure (bar)   Constr. rmsd
   -1.92460e+02   -1.71999e+02    2.10023e-06

           Step           Time
         220000      440.00000

   Energies (kJ/mol)
        G96Bond       G96Angle    Proper Dih.  Improper Dih.          LJ-14
    1.23627e+02    1.98184e+02    1.19637e+02    5.91675e+01    9.89971e+00
     Coulomb-14        LJ (SR)  Disper. corr.   Coulomb (SR)   Coul. recip.
    6.80334e+02    1.92196e+04   -9.12493e+02   -1.31630e+05    9.19057e+02
      Potential    Kinetic En.   Total Energy  Conserved En.    Temperature
   -1.11213e+05    2.24983e+04   -8.87145e+04   -1.01637e+05    3.67079e+02
 Pres. DC (bar) Pressure (bar)   Constr. rmsd
   -1.98281e+02    3.11060e+02    5.12576e-06

           Step           Time
         225000      450.00000

   Energies (kJ/mol)
        G96Bond       G96Angle    Proper Dih.  Improper Dih.          LJ-14
    1.21157e+02    1.89554e+02    1.25891e+02    3.95950e+01    1.83005e+01
     Coulomb-14        LJ (SR)  Disper. corr.   Coulomb (SR)   Coul. recip.
    6.89422e+02    1.94243e+04   -9.06119e+02   -1.31830e+05    8.83637e+02
      Potential    Kinetic En.   Total Energy  Conserved En.    Temperature
   -1.11245e+05    2.20970e+04   -8.91477e+04   -1.01623e+05    3.60532e+02
 Pres. DC (bar) Pressure (bar)   Constr. rmsd
   -1.95524e+02    1.69113e+02    3.63904e-06

           Step           Time
         230000      460.00000

   Energies (kJ/mol)
        G96Bond       G96Angle    Proper Dih.  Improper Dih.          LJ-14
    1.32494e+02    1.98127e+02    1.02748e+02    5.21851e+01    3.54597e+01
     Coulomb-14        LJ (SR)  Disper. corr.   Coulomb (SR)   Coul. recip.
    6.91453e+02    1.89485e+04   -9.03336e+02   -1.30735e+05    8.30593e+02
      Potential    Kinetic En.   Total Energy  Conserved En.    Temperature
   -1.10647e+05    2.21330e+04   -8.85138e+04   -1.01600e+05    3.61119e+02
 Pres. DC (bar) Pressure (bar)   Constr. rmsd
   -1.94326e+02    1.11511e+02    1.00986e-05

           Step           Time
         235000      470.00000

   Energies (kJ/mol)
        G96Bond       G96Angle    Proper Dih.  Improper Dih.          LJ-14
    1.24288e+02    1.74913e+02    1.18065e+02    3.76745e+01    1.77942e+01
     Coulomb-14        LJ (SR)  Disper. corr.   Coulomb (SR)   Coul. recip.
    7.09645e+02    1.89581e+04   -8.91527e+02   -1.30980e+05    8.34582e+02
      Potential    Kinetic En.   Total Energy  Conserved En.    Temperature
   -1.10896e+05    2.18209e+04   -8.90754e+04   -1.01574e+05    3.56026e+02
 Pres. DC (bar) Pressure (bar)   Constr. rmsd
   -1.89285e+02   -2.09949e+02    4.18650e-06

           Step           Time
         240000      480.00000

   Energies (kJ/mol)
        G96Bond       G96Angle    Proper Dih.  Improper Dih.          LJ-14
    1.17038e+02    2.32920e+02    1.07161e+02    4.39916e+01    3.88302e+01
     Coulomb-14        LJ (SR)  Disper. corr.   Coulomb (SR)   Coul. recip.
    7.28832e+02    1.90945e+04   -9.02431e+02   -1.31588e+05    8.41574e+02
      Potential    Kinetic En.   Total Energy  Conserved En.    Temperature
   -1.11285e+05    2.23101e+04   -8.89751e+04   -1.01549e+05    3.64009e+02
 Pres. DC (bar) Pressure (bar)   Constr. rmsd
   -1.93938e+02    2.39618e+02    5.31960e-06

           Step           Time
         245000      490.00000

   Energies (kJ/mol)
        G96Bond       G96Angle    Proper Dih.  Improper Dih.          LJ-14
    1.16827e+02    2.15175e+02    1.22942e+02    5.67142e+01    2.44661e+01
     Coulomb-14        LJ (SR)  Disper. corr.   Coulomb (SR)   Coul. recip.
    6.80676e+02    1.92784e+04   -9.11054e+02   -1.32208e+05    8.95927e+02
      Potential    Kinetic En.   Total Energy  Conserved En.    Temperature
   -1.11728e+05    2.17333e+04   -8.99947e+04   -1.01503e+05    3.54597e+02
 Pres. DC (bar) Pressure (bar)   Constr. rmsd
   -1.97657e+02    1.41214e+02    5.58688e-06

           Step           Time
         250000      500.00000

   Energies (kJ/mol)
        G96Bond       G96Angle    Proper Dih.  Improper Dih.          LJ-14
    1.16421e+02    1.67398e+02    9.79894e+01    4.07414e+01    1.47088e+01
     Coulomb-14        LJ (SR)  Disper. corr.   Coulomb (SR)   Coul. recip.
    7.29348e+02    1.91321e+04   -9.13960e+02   -1.32357e+05    8.75058e+02
      Potential    Kinetic En.   Total Energy  Conserved En.    Temperature
   -1.12097e+05    2.19510e+04   -9.01462e+04   -1.01507e+05    3.58149e+02
 Pres. DC (bar) Pressure (bar)   Constr. rmsd
   -1.98918e+02    1.02812e+02    1.72948e-06

Writing checkpoint, step 254640 at Wed Apr 17 11:38:30 2024


           Step           Time
         255000      510.00000

   Energies (kJ/mol)
        G96Bond       G96Angle    Proper Dih.  Improper Dih.          LJ-14
    1.37348e+02    2.01200e+02    1.14893e+02    7.42204e+01    1.20461e+01
     Coulomb-14        LJ (SR)  Disper. corr.   Coulomb (SR)   Coul. recip.
    6.81345e+02    1.91423e+04   -9.07230e+02   -1.31496e+05    8.78881e+02
      Potential    Kinetic En.   Total Energy  Conserved En.    Temperature
   -1.11161e+05    2.23445e+04   -8.88163e+04   -1.01491e+05    3.64569e+02
 Pres. DC (bar) Pressure (bar)   Constr. rmsd
   -1.96003e+02    2.18945e+02    2.02187e-06

           Step           Time
         260000      520.00000

   Energies (kJ/mol)
        G96Bond       G96Angle    Proper Dih.  Improper Dih.          LJ-14
    1.09849e+02    2.41028e+02    1.42148e+02    5.05493e+01    8.48472e+00
     Coulomb-14        LJ (SR)  Disper. corr.   Coulomb (SR)   Coul. recip.
    6.92767e+02    1.85641e+04   -8.94665e+02   -1.31041e+05    9.25853e+02
      Potential    Kinetic En.   Total Energy  Conserved En.    Temperature
   -1.11201e+05    2.20475e+04   -8.91535e+04   -1.01479e+05    3.59723e+02
 Pres. DC (bar) Pressure (bar)   Constr. rmsd
   -1.90618e+02   -6.05135e+02    3.03892e-06

           Step           Time
         265000      530.00000

   Energies (kJ/mol)
        G96Bond       G96Angle    Proper Dih.  Improper Dih.          LJ-14
    1.39718e+02    2.18079e+02    1.14158e+02    6.08019e+01    2.55131e+01
     Coulomb-14        LJ (SR)  Disper. corr.   Coulomb (SR)   Coul. recip.
    7.10987e+02    1.88774e+04   -9.05833e+02   -1.31326e+05    8.45186e+02
      Potential    Kinetic En.   Total Energy  Conserved En.    Temperature
   -1.11240e+05    2.20550e+04   -8.91850e+04   -1.01460e+05    3.59847e+02
 Pres. DC (bar) Pressure (bar)   Constr. rmsd
   -1.95401e+02   -9.60082e+01    3.32202e-06

           Step           Time
         270000      540.00000

   Energies (kJ/mol)
        G96Bond       G96Angle    Proper Dih.  Improper Dih.          LJ-14
    1.33331e+02    1.88929e+02    1.24522e+02    3.91081e+01    1.74769e+01
     Coulomb-14        LJ (SR)  Disper. corr.   Coulomb (SR)   Coul. recip.
    6.99116e+02    1.85693e+04   -9.06993e+02   -1.30958e+05    8.49493e+02
      Potential    Kinetic En.   Total Energy  Conserved En.    Temperature
   -1.11243e+05    2.22137e+04   -8.90295e+04   -1.01444e+05    3.62436e+02
 Pres. DC (bar) Pressure (bar)   Constr. rmsd
   -1.95901e+02   -1.58238e+02    5.75915e-06

           Step           Time
         275000      550.00000

   Energies (kJ/mol)
        G96Bond       G96Angle    Proper Dih.  Improper Dih.          LJ-14
    1.38903e+02    2.23841e+02    9.03529e+01    6.53756e+01    2.79828e+01
     Coulomb-14        LJ (SR)  Disper. corr.   Coulomb (SR)   Coul. recip.
    6.58670e+02    1.85882e+04   -9.06863e+02   -1.30626e+05    8.92922e+02
      Potential    Kinetic En.   Total Energy  Conserved En.    Temperature
   -1.10846e+05    2.25152e+04   -8.83310e+04   -1.01445e+05    3.67355e+02
 Pres. DC (bar) Pressure (bar)   Constr. rmsd
   -1.95845e+02   -9.84784e+01    2.49602e-06

           Step           Time
         280000      560.00000

   Energies (kJ/mol)
        G96Bond       G96Angle    Proper Dih.  Improper Dih.          LJ-14
    9.05905e+01    2.15026e+02    1.31106e+02    4.53635e+01    3.14556e+01
     Coulomb-14        LJ (SR)  Disper. corr.   Coulomb (SR)   Coul. recip.
    7.23552e+02    1.87612e+04   -9.08788e+02   -1.31660e+05    8.18376e+02
      Potential    Kinetic En.   Total Energy  Conserved En.    Temperature
   -1.11752e+05    2.22183e+04   -8.95335e+04   -1.01430e+05    3.62510e+02
 Pres. DC (bar) Pressure (bar)   Constr. rmsd
   -1.96676e+02   -9.13421e+01    2.72311e-06

           Step           Time
         285000      570.00000

   Energies (kJ/mol)
        G96Bond       G96Angle    Proper Dih.  Improper Dih.          LJ-14
    1.16806e+02    2.03234e+02    9.07521e+01    5.49421e+01    4.03787e+01
     Coulomb-14        LJ (SR)  Disper. corr.   Coulomb (SR)   Coul. recip.
    7.21618e+02    1.91998e+04   -9.00346e+02   -1.31793e+05    8.83268e+02
      Potential    Kinetic En.   Total Energy  Conserved En.    Temperature
   -1.11382e+05    2.21772e+04   -8.92051e+04   -1.01421e+05    3.61840e+02
 Pres. DC (bar) Pressure (bar)   Constr. rmsd
   -1.93043e+02    5.60956e+01    2.44650e-06

           Step           Time
         290000      580.00000

   Energies (kJ/mol)
        G96Bond       G96Angle    Proper Dih.  Improper Dih.          LJ-14
    1.34293e+02    1.87068e+02    1.23723e+02    6.64654e+01    1.51823e+01
     Coulomb-14        LJ (SR)  Disper. corr.   Coulomb (SR)   Coul. recip.
    7.01755e+02    1.90155e+04   -9.07958e+02   -1.31716e+05    9.23451e+02
      Potential    Kinetic En.   Total Energy  Conserved En.    Temperature
   -1.11457e+05    2.22639e+04   -8.91928e+04   -1.01375e+05    3.63254e+02
 Pres. DC (bar) Pressure (bar)   Constr. rmsd
   -1.96317e+02   -1.73687e+02    2.67497e-06

           Step           Time
         295000      590.00000

   Energies (kJ/mol)
        G96Bond       G96Angle    Proper Dih.  Improper Dih.          LJ-14
    1.23771e+02    1.53843e+02    1.10619e+02    5.19044e+01    2.99540e+01
     Coulomb-14        LJ (SR)  Disper. corr.   Coulomb (SR)   Coul. recip.
    6.81365e+02    1.91765e+04   -9.15569e+02   -1.32512e+05    8.59396e+02
      Potential    Kinetic En.   Total Energy  Conserved En.    Temperature
   -1.12240e+05    2.20697e+04   -9.01708e+04   -1.01345e+05    3.60086e+02
 Pres. DC (bar) Pressure (bar)   Constr. rmsd
   -1.99618e+02    1.16619e+01    2.64142e-06

           Step           Time
         300000      600.00000

   Energies (kJ/mol)
        G96Bond       G96Angle    Proper Dih.  Improper Dih.          LJ-14
    1.27415e+02    2.20376e+02    1.06897e+02    4.37202e+01    4.36247e+01
     Coulomb-14        LJ (SR)  Disper. corr.   Coulomb (SR)   Coul. recip.
    6.70210e+02    1.84268e+04   -9.02186e+02   -1.30321e+05    8.81921e+02
      Potential    Kinetic En.   Total Energy  Conserved En.    Temperature
   -1.10702e+05    2.26459e+04   -8.80563e+04   -1.01326e+05    3.69488e+02
 Pres. DC (bar) Pressure (bar)   Constr. rmsd
   -1.93832e+02   -4.35122e+01    2.97562e-06

           Step           Time
         305000      610.00000

   Energies (kJ/mol)
        G96Bond       G96Angle    Proper Dih.  Improper Dih.          LJ-14
    1.60043e+02    2.04335e+02    1.31399e+02    5.48711e+01    2.07787e+01
     Coulomb-14        LJ (SR)  Disper. corr.   Coulomb (SR)   Coul. recip.
    6.91660e+02    1.96915e+04   -8.96370e+02   -1.32009e+05    8.84560e+02
      Potential    Kinetic En.   Total Energy  Conserved En.    Temperature
   -1.11066e+05    2.23421e+04   -8.87241e+04   -1.01294e+05    3.64530e+02
 Pres. DC (bar) Pressure (bar)   Constr. rmsd
   -1.91344e+02    3.49114e+02    3.64560e-06

           Step           Time
         310000      620.00000

   Energies (kJ/mol)
        G96Bond       G96Angle    Proper Dih.  Improper Dih.          LJ-14
    1.39068e+02    2.35622e+02    1.06712e+02    2.81995e+01    2.02786e+01
     Coulomb-14        LJ (SR)  Disper. corr.   Coulomb (SR)   Coul. recip.
    7.08973e+02    1.92469e+04   -8.97607e+02   -1.31256e+05    8.91493e+02
      Potential    Kinetic En.   Total Energy  Conserved En.    Temperature
   -1.10777e+05    2.17980e+04   -8.89786e+04   -1.01269e+05    3.55654e+02
 Pres. DC (bar) Pressure (bar)   Constr. rmsd
   -1.91872e+02   -1.03376e+02    2.98149e-06

           Step           Time
         315000      630.00000

   Energies (kJ/mol)
        G96Bond       G96Angle    Proper Dih.  Improper Dih.          LJ-14
    1.25212e+02    2.06710e+02    1.27876e+02    5.15700e+01    1.58133e+01
     Coulomb-14        LJ (SR)  Disper. corr.   Coulomb (SR)   Coul. recip.
    7.00111e+02    1.86427e+04   -8.99785e+02   -1.30663e+05    8.56674e+02
      Potential    Kinetic En.   Total Energy  Conserved En.    Temperature
   -1.10836e+05    2.17472e+04   -8.90886e+04   -1.01237e+05    3.54824e+02
 Pres. DC (bar) Pressure (bar)   Constr. rmsd
   -1.92803e+02   -2.44545e+02    1.93070e-06

           Step           Time
         320000      640.00000

   Energies (kJ/mol)
        G96Bond       G96Angle    Proper Dih.  Improper Dih.          LJ-14
    1.10574e+02    1.97185e+02    1.07315e+02    4.30155e+01    4.59179e+01
     Coulomb-14        LJ (SR)  Disper. corr.   Coulomb (SR)   Coul. recip.
    7.46732e+02    1.90318e+04   -9.06056e+02   -1.31743e+05    8.52050e+02
      Potential    Kinetic En.   Total Energy  Conserved En.    Temperature
   -1.11515e+05    2.24136e+04   -8.91012e+04   -1.01217e+05    3.65697e+02
 Pres. DC (bar) Pressure (bar)   Constr. rmsd
   -1.95497e+02    2.35625e+02    2.41816e-06

           Step           Time
         325000      650.00000

   Energies (kJ/mol)
        G96Bond       G96Angle    Proper Dih.  Improper Dih.          LJ-14
    1.23612e+02    2.26825e+02    8.70757e+01    6.31130e+01    3.24762e+01
     Coulomb-14        LJ (SR)  Disper. corr.   Coulomb (SR)   Coul. recip.
    7.07523e+02    1.90245e+04   -9.14818e+02   -1.31782e+05    9.06320e+02
      Potential    Kinetic En.   Total Energy  Conserved En.    Temperature
   -1.11525e+05    2.23272e+04   -8.91978e+04   -1.01206e+05    3.64288e+02
 Pres. DC (bar) Pressure (bar)   Constr. rmsd
   -1.99291e+02    9.60778e+01    4.55181e-06

           Step           Time
         330000      660.00000

   Energies (kJ/mol)
        G96Bond       G96Angle    Proper Dih.  Improper Dih.          LJ-14
    1.44700e+02    2.09005e+02    7.76391e+01    6.02745e+01    3.47777e+01
     Coulomb-14        LJ (SR)  Disper. corr.   Coulomb (SR)   Coul. recip.
    7.34135e+02    1.87646e+04   -9.08938e+02   -1.31622e+05    8.30634e+02
      Potential    Kinetic En.   Total Energy  Conserved En.    Temperature
   -1.11675e+05    2.26242e+04   -8.90511e+04   -1.01182e+05    3.69132e+02
 Pres. DC (bar) Pressure (bar)   Constr. rmsd
   -1.96741e+02    9.45519e+01    1.54327e-06

           Step           Time
         335000      670.00000

   Energies (kJ/mol)
        G96Bond       G96Angle    Proper Dih.  Improper Dih.          LJ-14
    1.12257e+02    1.92445e+02    1.09058e+02    5.18363e+01    2.98463e+01
     Coulomb-14        LJ (SR)  Disper. corr.   Coulomb (SR)   Coul. recip.
    7.24974e+02    1.86420e+04   -9.10642e+02   -1.31202e+05    8.70650e+02
      Potential    Kinetic En.   Total Energy  Conserved En.    Temperature
   -1.11380e+05    2.22181e+04   -8.91617e+04   -1.01153e+05    3.62507e+02
 Pres. DC (bar) Pressure (bar)   Constr. rmsd
   -1.97478e+02   -2.41119e+02    4.13781e-06

           Step           Time
         340000      680.00000

   Energies (kJ/mol)
        G96Bond       G96Angle    Proper Dih.  Improper Dih.          LJ-14
    8.79816e+01    2.20262e+02    1.06436e+02    4.81134e+01    9.57853e+00
     Coulomb-14        LJ (SR)  Disper. corr.   Coulomb (SR)   Coul. recip.
    7.03007e+02    1.94296e+04   -9.15711e+02   -1.32533e+05    8.09366e+02
      Potential    Kinetic En.   Total Energy  Conserved En.    Temperature
   -1.12034e+05    2.22040e+04   -8.98300e+04   -1.01130e+05    3.62278e+02
 Pres. DC (bar) Pressure (bar)   Constr. rmsd
   -1.99680e+02    3.93293e+02    1.80396e-06

           Step           Time
         345000      690.00000

   Energies (kJ/mol)
        G96Bond       G96Angle    Proper Dih.  Improper Dih.          LJ-14
    1.37577e+02    2.47432e+02    9.43941e+01    5.94459e+01    2.30520e+01
     Coulomb-14        LJ (SR)  Disper. corr.   Coulomb (SR)   Coul. recip.
    6.95767e+02    1.97694e+04   -9.10012e+02   -1.32432e+05    8.75545e+02
      Potential    Kinetic En.   Total Energy  Conserved En.    Temperature
   -1.11440e+05    2.25094e+04   -8.89304e+04   -1.01106e+05    3.67260e+02
 Pres. DC (bar) Pressure (bar)   Constr. rmsd
   -1.97205e+02    5.84810e+02    2.00333e-06

           Step           Time
         350000      700.00000

   Energies (kJ/mol)
        G96Bond       G96Angle    Proper Dih.  Improper Dih.          LJ-14
    1.36949e+02    1.84960e+02    1.04145e+02    3.92025e+01    3.23556e+01
     Coulomb-14        LJ (SR)  Disper. corr.   Coulomb (SR)   Coul. recip.
    7.51519e+02    1.86476e+04   -9.04524e+02   -1.31348e+05    8.38750e+02
      Potential    Kinetic En.   Total Energy  Conserved En.    Temperature
   -1.11517e+05    2.26340e+04   -8.88832e+04   -1.01073e+05    3.69294e+02
 Pres. DC (bar) Pressure (bar)   Constr. rmsd
   -1.94837e+02   -2.90757e+02    2.22643e-06

           Step           Time
         355000      710.00000

   Energies (kJ/mol)
        G96Bond       G96Angle    Proper Dih.  Improper Dih.          LJ-14
    1.31887e+02    1.72824e+02    9.48503e+01    5.20159e+01    2.46316e+01
     Coulomb-14        LJ (SR)  Disper. corr.   Coulomb (SR)   Coul. recip.
    7.06645e+02    1.88472e+04   -9.13407e+02   -1.31303e+05    8.55962e+02
      Potential    Kinetic En.   Total Energy  Conserved En.    Temperature
   -1.11331e+05    2.21175e+04   -8.92132e+04   -1.01050e+05    3.60867e+02
 Pres. DC (bar) Pressure (bar)   Constr. rmsd
   -1.98678e+02    2.70275e+02    2.02045e-06

           Step           Time
         360000      720.00000

   Energies (kJ/mol)
        G96Bond       G96Angle    Proper Dih.  Improper Dih.          LJ-14
    1.03534e+02    1.92977e+02    8.85339e+01    4.19237e+01    2.07417e+01
     Coulomb-14        LJ (SR)  Disper. corr.   Coulomb (SR)   Coul. recip.
    6.95396e+02    1.93749e+04   -9.11188e+02   -1.32362e+05    8.68778e+02
      Potential    Kinetic En.   Total Energy  Conserved En.    Temperature
   -1.11886e+05    2.20640e+04   -8.98219e+04   -1.01040e+05    3.59993e+02
 Pres. DC (bar) Pressure (bar)   Constr. rmsd
   -1.97715e+02    2.56306e+02    2.45216e-06

           Step           Time
         365000      730.00000

   Energies (kJ/mol)
        G96Bond       G96Angle    Proper Dih.  Improper Dih.          LJ-14
    1.45006e+02    2.42378e+02    9.62224e+01    5.56015e+01    1.15811e+01
     Coulomb-14        LJ (SR)  Disper. corr.   Coulomb (SR)   Coul. recip.
    7.06127e+02    1.92104e+04   -9.05980e+02   -1.31680e+05    8.69395e+02
      Potential    Kinetic En.   Total Energy  Conserved En.    Temperature
   -1.11249e+05    2.22958e+04   -8.89534e+04   -1.01017e+05    3.63776e+02
 Pres. DC (bar) Pressure (bar)   Constr. rmsd
   -1.95464e+02    2.56523e+02    2.46328e-06

Writing checkpoint, step 366640 at Wed Apr 17 11:53:31 2024


           Step           Time
         370000      740.00000

   Energies (kJ/mol)
        G96Bond       G96Angle    Proper Dih.  Improper Dih.          LJ-14
    1.42976e+02    2.54910e+02    7.27091e+01    4.83645e+01    1.26631e+00
     Coulomb-14        LJ (SR)  Disper. corr.   Coulomb (SR)   Coul. recip.
    7.21376e+02    1.89007e+04   -9.10991e+02   -1.31072e+05    8.55195e+02
      Potential    Kinetic En.   Total Energy  Conserved En.    Temperature
   -1.10986e+05    2.18776e+04   -8.91080e+04   -1.00983e+05    3.56952e+02
 Pres. DC (bar) Pressure (bar)   Constr. rmsd
   -1.97630e+02    2.44748e+02    4.30874e-06

           Step           Time
         375000      750.00000

   Energies (kJ/mol)
        G96Bond       G96Angle    Proper Dih.  Improper Dih.          LJ-14
    1.31916e+02    2.07861e+02    1.29852e+02    6.31675e+01    8.83700e+00
     Coulomb-14        LJ (SR)  Disper. corr.   Coulomb (SR)   Coul. recip.
    6.94797e+02    1.94870e+04   -9.10315e+02   -1.31973e+05    8.18959e+02
      Potential    Kinetic En.   Total Energy  Conserved En.    Temperature
   -1.11341e+05    2.23756e+04   -8.89652e+04   -1.00957e+05    3.65077e+02
 Pres. DC (bar) Pressure (bar)   Constr. rmsd
   -1.97337e+02    5.24091e+02    2.16794e-06

           Step           Time
         380000      760.00000

   Energies (kJ/mol)
        G96Bond       G96Angle    Proper Dih.  Improper Dih.          LJ-14
    8.46090e+01    2.25049e+02    1.15666e+02    4.04874e+01    1.64890e+01
     Coulomb-14        LJ (SR)  Disper. corr.   Coulomb (SR)   Coul. recip.
    7.19260e+02    1.97016e+04   -9.14333e+02   -1.33226e+05    8.09588e+02
      Potential    Kinetic En.   Total Energy  Conserved En.    Temperature
   -1.12428e+05    2.22021e+04   -9.02258e+04   -1.00940e+05    3.62246e+02
 Pres. DC (bar) Pressure (bar)   Constr. rmsd
   -1.99080e+02    3.71443e+02    3.63524e-06

           Step           Time
         385000      770.00000

   Energies (kJ/mol)
        G96Bond       G96Angle    Proper Dih.  Improper Dih.          LJ-14
    9.48994e+01    2.12713e+02    1.37318e+02    5.23968e+01    2.66623e+01
     Coulomb-14        LJ (SR)  Disper. corr.   Coulomb (SR)   Coul. recip.
    7.02281e+02    1.90885e+04   -8.96594e+02   -1.31464e+05    8.59407e+02
      Potential    Kinetic En.   Total Energy  Conserved En.    Temperature
   -1.11187e+05    2.25754e+04   -8.86113e+04   -1.00923e+05    3.68338e+02
 Pres. DC (bar) Pressure (bar)   Constr. rmsd
   -1.91440e+02    4.17168e+01    2.81072e-06

           Step           Time
         390000      780.00000

   Energies (kJ/mol)
        G96Bond       G96Angle    Proper Dih.  Improper Dih.          LJ-14
    8.76839e+01    2.38207e+02    1.16347e+02    5.88603e+01    3.54443e+01
     Coulomb-14        LJ (SR)  Disper. corr.   Coulomb (SR)   Coul. recip.
    7.15577e+02    1.97512e+04   -9.09666e+02   -1.32317e+05    8.61707e+02
      Potential    Kinetic En.   Total Energy  Conserved En.    Temperature
   -1.11362e+05    2.19301e+04   -8.94320e+04   -1.00900e+05    3.57809e+02
 Pres. DC (bar) Pressure (bar)   Constr. rmsd
   -1.97056e+02    7.12330e+02    2.32226e-06

           Step           Time
         395000      790.00000

   Energies (kJ/mol)
        G96Bond       G96Angle    Proper Dih.  Improper Dih.          LJ-14
    1.33132e+02    2.20841e+02    1.06379e+02    4.37493e+01    2.02744e+01
     Coulomb-14        LJ (SR)  Disper. corr.   Coulomb (SR)   Coul. recip.
    7.21560e+02    1.89438e+04   -9.10398e+02   -1.31436e+05    8.78982e+02
      Potential    Kinetic En.   Total Energy  Conserved En.    Temperature
   -1.11278e+05    2.20148e+04   -8.92632e+04   -1.00882e+05    3.59190e+02
 Pres. DC (bar) Pressure (bar)   Constr. rmsd
   -1.97372e+02    1.70737e+02    2.07500e-06

           Step           Time
         400000      800.00000

   Energies (kJ/mol)
        G96Bond       G96Angle    Proper Dih.  Improper Dih.          LJ-14
    1.65856e+02    1.90919e+02    1.19747e+02    6.26916e+01    1.39792e+01
     Coulomb-14        LJ (SR)  Disper. corr.   Coulomb (SR)   Coul. recip.
    6.71704e+02    1.88239e+04   -9.07977e+02   -1.31405e+05    8.85526e+02
      Potential    Kinetic En.   Total Energy  Conserved En.    Temperature
   -1.11379e+05    2.23170e+04   -8.90616e+04   -1.00849e+05    3.64122e+02
 Pres. DC (bar) Pressure (bar)   Constr. rmsd
   -1.96326e+02    3.93982e+01    1.76394e-06

           Step           Time
         405000      810.00000

   Energies (kJ/mol)
        G96Bond       G96Angle    Proper Dih.  Improper Dih.          LJ-14
    1.03288e+02    2.41399e+02    8.17201e+01    6.19938e+01    1.49756e+01
     Coulomb-14        LJ (SR)  Disper. corr.   Coulomb (SR)   Coul. recip.
    6.92530e+02    1.91777e+04   -9.02070e+02   -1.31218e+05    8.62190e+02
      Potential    Kinetic En.   Total Energy  Conserved En.    Temperature
   -1.10885e+05    2.17900e+04   -8.90947e+04   -1.00827e+05    3.55522e+02
 Pres. DC (bar) Pressure (bar)   Constr. rmsd
   -1.93783e+02    2.78650e+02    1.58097e-06

           Step           Time
         410000      820.00000

   Energies (kJ/mol)
        G96Bond       G96Angle    Proper Dih.  Improper Dih.          LJ-14
    9.88657e+01    2.06729e+02    1.15006e+02    8.97862e+01    3.76361e+01
     Coulomb-14        LJ (SR)  Disper. corr.   Coulomb (SR)   Coul. recip.
    6.95063e+02    1.90745e+04   -9.17037e+02   -1.32214e+05    8.31465e+02
      Potential    Kinetic En.   Total Energy  Conserved En.    Temperature
   -1.11982e+05    2.26119e+04   -8.93702e+04   -1.00800e+05    3.68933e+02
 Pres. DC (bar) Pressure (bar)   Constr. rmsd
   -2.00258e+02    3.60672e+02    3.50878e-06

           Step           Time
         415000      830.00000

   Energies (kJ/mol)
        G96Bond       G96Angle    Proper Dih.  Improper Dih.          LJ-14
    1.37745e+02    1.96013e+02    1.19191e+02    5.50929e+01    2.54170e+01
     Coulomb-14        LJ (SR)  Disper. corr.   Coulomb (SR)   Coul. recip.
    7.05552e+02    1.93979e+04   -9.00757e+02   -1.31972e+05    8.54950e+02
      Potential    Kinetic En.   Total Energy  Conserved En.    Temperature
   -1.11381e+05    2.17091e+04   -8.96722e+04   -1.00780e+05    3.54203e+02
 Pres. DC (bar) Pressure (bar)   Constr. rmsd
   -1.93220e+02    5.20080e+01    2.59152e-06

           Step           Time
         420000      840.00000

   Energies (kJ/mol)
        G96Bond       G96Angle    Proper Dih.  Improper Dih.          LJ-14
    1.44063e+02    2.10833e+02    8.12996e+01    4.15525e+01    4.09006e+01
     Coulomb-14        LJ (SR)  Disper. corr.   Coulomb (SR)   Coul. recip.
    6.96806e+02    1.87268e+04   -9.18152e+02   -1.31753e+05    8.49461e+02
      Potential    Kinetic En.   Total Energy  Conserved En.    Temperature
   -1.11879e+05    2.23809e+04   -8.94981e+04   -1.00758e+05    3.65163e+02
 Pres. DC (bar) Pressure (bar)   Constr. rmsd
   -2.00745e+02   -1.32874e+02    4.20500e-06

           Step           Time
         425000      850.00000

   Energies (kJ/mol)
        G96Bond       G96Angle    Proper Dih.  Improper Dih.          LJ-14
    1.31534e+02    1.86372e+02    1.09711e+02    6.32838e+01   -1.43184e+00
     Coulomb-14        LJ (SR)  Disper. corr.   Coulomb (SR)   Coul. recip.
    7.26095e+02    1.94638e+04   -9.10155e+02   -1.32618e+05    8.35399e+02
      Potential    Kinetic En.   Total Energy  Conserved En.    Temperature
   -1.12014e+05    2.25820e+04   -8.94319e+04   -1.00748e+05    3.68445e+02
 Pres. DC (bar) Pressure (bar)   Constr. rmsd
   -1.97267e+02    1.02012e+02    2.72384e-06

           Step           Time
         430000      860.00000

   Energies (kJ/mol)
        G96Bond       G96Angle    Proper Dih.  Improper Dih.          LJ-14
    1.44713e+02    2.72386e+02    1.27815e+02    5.10126e+01    2.71416e+01
     Coulomb-14        LJ (SR)  Disper. corr.   Coulomb (SR)   Coul. recip.
    7.25001e+02    1.81758e+04   -9.14243e+02   -1.30559e+05    8.85951e+02
      Potential    Kinetic En.   Total Energy  Conserved En.    Temperature
   -1.11063e+05    2.23464e+04   -8.87167e+04   -1.00717e+05    3.64601e+02
 Pres. DC (bar) Pressure (bar)   Constr. rmsd
   -1.99041e+02   -2.33063e+02    1.72861e-06

           Step           Time
         435000      870.00000

   Energies (kJ/mol)
        G96Bond       G96Angle    Proper Dih.  Improper Dih.          LJ-14
    9.67861e+01    1.94818e+02    1.04830e+02    4.08638e+01    4.37369e+01
     Coulomb-14        LJ (SR)  Disper. corr.   Coulomb (SR)   Coul. recip.
    6.97587e+02    1.92027e+04   -9.09542e+02   -1.32581e+05    7.88584e+02
      Potential    Kinetic En.   Total Energy  Conserved En.    Temperature
   -1.12321e+05    2.23094e+04   -9.00116e+04   -1.00726e+05    3.63997e+02
 Pres. DC (bar) Pressure (bar)   Constr. rmsd
   -1.97002e+02    4.87688e+01    1.57751e-06

           Step           Time
         440000      880.00000

   Energies (kJ/mol)
        G96Bond       G96Angle    Proper Dih.  Improper Dih.          LJ-14
    1.02080e+02    1.91383e+02    1.34374e+02    6.54770e+01    3.68734e+01
     Coulomb-14        LJ (SR)  Disper. corr.   Coulomb (SR)   Coul. recip.
    7.61637e+02    1.82417e+04   -9.05313e+02   -1.30398e+05    9.31671e+02
      Potential    Kinetic En.   Total Energy  Conserved En.    Temperature
   -1.10838e+05    2.21513e+04   -8.86865e+04   -1.00713e+05    3.61418e+02
 Pres. DC (bar) Pressure (bar)   Constr. rmsd
   -1.95177e+02   -2.49622e+02    3.67827e-06

           Step           Time
         445000      890.00000

   Energies (kJ/mol)
        G96Bond       G96Angle    Proper Dih.  Improper Dih.          LJ-14
    1.10496e+02    2.45533e+02    1.01887e+02    5.39449e+01    4.32215e+01
     Coulomb-14        LJ (SR)  Disper. corr.   Coulomb (SR)   Coul. recip.
    7.04879e+02    1.94114e+04   -9.04883e+02   -1.31782e+05    8.98663e+02
      Potential    Kinetic En.   Total Energy  Conserved En.    Temperature
   -1.11116e+05    2.23775e+04   -8.87389e+04   -1.00672e+05    3.65108e+02
 Pres. DC (bar) Pressure (bar)   Constr. rmsd
   -1.94991e+02    5.09780e+02    2.68806e-06

Writing checkpoint, step 448080 at Wed Apr 17 12:14:52 2024


Writing checkpoint, step 448160 at Wed Apr 17 13:10:31 2024


Writing checkpoint, step 448200 at Wed Apr 17 13:10:34 2024


Writing checkpoint, step 448240 at Wed Apr 17 13:10:36 2024


