              :-) GROMACS - gmx mdrun, 2021.4-Ubuntu-2021.4-2 (-:

                            GROMACS is written by:
     Andrey Alekseenko              Emile Apol              Rossen Apostolov     
         Paul Bauer           Herman J.C. Berendsen           Par Bjelkmar       
       Christian Blau           Viacheslav Bolnykh             Kevin Boyd        
     Aldert van Buuren           Rudi van Drunen             Anton Feenstra      
    Gilles Gouaillardet             Alan Gray               Gerrit Groenhof      
       Anca Hamuraru            Vincent Hindriksen          M. Eric Irrgang      
      Aleksei Iupinov           Christoph Junghans             Joe Jordan        
    Dimitrios Karkoulis            Peter Kasson                Jiri Kraus        
      Carsten Kutzner              Per Larsson              Justin A. Lemkul     
       Viveca Lindahl            Magnus Lundborg             Erik Marklund       
        Pascal Merz             Pieter Meulenhoff            Teemu Murtola       
        Szilard Pall               Sander Pronk              Roland Schulz       
       Michael Shirts            Alexey Shvetsov             Alfons Sijbers      
       Peter Tieleman              Jon Vincent              Teemu Virolainen     
     Christian Wennberg            Maarten Wolf              Artem Zhmurov       
                           and the project leaders:
        Mark Abraham, Berk Hess, Erik Lindahl, and David van der Spoel

Copyright (c) 1991-2000, University of Groningen, The Netherlands.
Copyright (c) 2001-2019, The GROMACS development team at
Uppsala University, Stockholm University and
the Royal Institute of Technology, Sweden.
check out http://www.gromacs.org for more information.

GROMACS is free software; you can redistribute it and/or modify it
under the terms of the GNU Lesser General Public License
as published by the Free Software Foundation; either version 2.1
of the License, or (at your option) any later version.

GROMACS:      gmx mdrun, version 2021.4-Ubuntu-2021.4-2
Executable:   /usr/bin/gmx
Data prefix:  /usr
Working dir:  /mnt/c/Users/Mr Nobody/Desktop/Study Material/BT305-Lab/Lab7/PGB
Process ID:   12271
Command line:
  gmx mdrun -v -deffnm md_1

GROMACS version:    2021.4-Ubuntu-2021.4-2
Precision:          mixed
Memory model:       64 bit
MPI library:        thread_mpi
OpenMP support:     enabled (GMX_OPENMP_MAX_THREADS = 64)
GPU support:        disabled
SIMD instructions:  SSE4.1
FFT library:        fftw-3.3.8-sse2-avx
RDTSCP usage:       enabled
TNG support:        enabled
Hwloc support:      hwloc-2.5.0
Tracing support:    disabled
C compiler:         /usr/bin/cc GNU 11.2.0
C compiler flags:   -msse4.1 -Wno-missing-field-initializers -fexcess-precision=fast -funroll-all-loops -O3 -DNDEBUG
C++ compiler:       /usr/bin/c++ GNU 11.2.0
C++ compiler flags: -msse4.1 -Wno-missing-field-initializers -fexcess-precision=fast -funroll-all-loops -fopenmp -O3 -DNDEBUG


Running on 1 node with total 4 cores, 8 logical cores
Hardware detected:
  CPU info:
    Vendor: Intel
    Brand:  11th Gen Intel(R) Core(TM) i7-1165G7 @ 2.80GHz
    Family: 6   Model: 140   Stepping: 1
    Features: aes apic avx avx2 avx512f avx512cd avx512bw avx512vl avx512secondFMA clfsh cmov cx8 cx16 f16c fma htt intel lahf mmx msr nonstop_tsc pcid pclmuldq pdcm pdpe1gb popcnt pse rdrnd rdtscp sha sse2 sse3 sse4.1 sse4.2 ssse3 tdt x2apic
    Number of AVX-512 FMA units: Cannot run AVX-512 detection - assuming 2
  Hardware topology: Full, with devices
    Sockets, cores, and logical processors:
      Socket  0: [   0   1] [   2   3] [   4   5] [   6   7]
    Numa nodes:
      Node  0 (8208326656 bytes mem):   0   1   2   3   4   5   6   7
      Latency:
               0
         0  1.00
    Caches:
      L1: 49152 bytes, linesize 64 bytes, assoc. 12, shared 2 ways
      L2: 1310720 bytes, linesize 64 bytes, assoc. 20, shared 2 ways
      L3: 12582912 bytes, linesize 64 bytes, assoc. 12, shared 8 ways
    PCI devices:
      1ecc:00:00.0  Id: 1af4:1043  Class: 0x0100  Numa: 0
      2dec:00:00.0  Id: 1414:008e  Class: 0x0302  Numa: 0

Highest SIMD level supported by all nodes in run: AVX_512
SIMD instructions selected at compile time:       SSE4.1
This program was compiled for different hardware than you are running on,
which could influence performance.

++++ PLEASE READ AND CITE THE FOLLOWING REFERENCE ++++
M. J. Abraham, T. Murtola, R. Schulz, S. Páll, J. C. Smith, B. Hess, E.
Lindahl
GROMACS: High performance molecular simulations through multi-level
parallelism from laptops to supercomputers
SoftwareX 1 (2015) pp. 19-25
-------- -------- --- Thank You --- -------- --------


++++ PLEASE READ AND CITE THE FOLLOWING REFERENCE ++++
S. Páll, M. J. Abraham, C. Kutzner, B. Hess, E. Lindahl
Tackling Exascale Software Challenges in Molecular Dynamics Simulations with
GROMACS
In S. Markidis & E. Laure (Eds.), Solving Software Challenges for Exascale 8759 (2015) pp. 3-27
-------- -------- --- Thank You --- -------- --------


++++ PLEASE READ AND CITE THE FOLLOWING REFERENCE ++++
S. Pronk, S. Páll, R. Schulz, P. Larsson, P. Bjelkmar, R. Apostolov, M. R.
Shirts, J. C. Smith, P. M. Kasson, D. van der Spoel, B. Hess, and E. Lindahl
GROMACS 4.5: a high-throughput and highly parallel open source molecular
simulation toolkit
Bioinformatics 29 (2013) pp. 845-54
-------- -------- --- Thank You --- -------- --------


++++ PLEASE READ AND CITE THE FOLLOWING REFERENCE ++++
B. Hess and C. Kutzner and D. van der Spoel and E. Lindahl
GROMACS 4: Algorithms for highly efficient, load-balanced, and scalable
molecular simulation
J. Chem. Theory Comput. 4 (2008) pp. 435-447
-------- -------- --- Thank You --- -------- --------


++++ PLEASE READ AND CITE THE FOLLOWING REFERENCE ++++
D. van der Spoel, E. Lindahl, B. Hess, G. Groenhof, A. E. Mark and H. J. C.
Berendsen
GROMACS: Fast, Flexible and Free
J. Comp. Chem. 26 (2005) pp. 1701-1719
-------- -------- --- Thank You --- -------- --------


++++ PLEASE READ AND CITE THE FOLLOWING REFERENCE ++++
E. Lindahl and B. Hess and D. van der Spoel
GROMACS 3.0: A package for molecular simulation and trajectory analysis
J. Mol. Mod. 7 (2001) pp. 306-317
-------- -------- --- Thank You --- -------- --------


++++ PLEASE READ AND CITE THE FOLLOWING REFERENCE ++++
H. J. C. Berendsen, D. van der Spoel and R. van Drunen
GROMACS: A message-passing parallel molecular dynamics implementation
Comp. Phys. Comm. 91 (1995) pp. 43-56
-------- -------- --- Thank You --- -------- --------

Input Parameters:
   integrator                     = md
   tinit                          = 0
   dt                             = 0.002
   nsteps                         = 500000
   init-step                      = 0
   simulation-part                = 1
   mts                            = false
   comm-mode                      = Linear
   nstcomm                        = 100
   bd-fric                        = 0
   ld-seed                        = -5310481
   emtol                          = 10
   emstep                         = 0.01
   niter                          = 20
   fcstep                         = 0
   nstcgsteep                     = 1000
   nbfgscorr                      = 10
   rtpi                           = 0.05
   nstxout                        = 0
   nstvout                        = 0
   nstfout                        = 0
   nstlog                         = 5000
   nstcalcenergy                  = 100
   nstenergy                      = 5000
   nstxout-compressed             = 5000
   compressed-x-precision         = 1000
   cutoff-scheme                  = Verlet
   nstlist                        = 10
   pbc                            = xyz
   periodic-molecules             = false
   verlet-buffer-tolerance        = 0.005
   rlist                          = 1.002
   coulombtype                    = PME
   coulomb-modifier               = Potential-shift
   rcoulomb-switch                = 0
   rcoulomb                       = 1
   epsilon-r                      = 1
   epsilon-rf                     = inf
   vdw-type                       = Cut-off
   vdw-modifier                   = Potential-shift
   rvdw-switch                    = 0
   rvdw                           = 1
   DispCorr                       = EnerPres
   table-extension                = 1
   fourierspacing                 = 0.16
   fourier-nx                     = 36
   fourier-ny                     = 36
   fourier-nz                     = 36
   pme-order                      = 4
   ewald-rtol                     = 1e-05
   ewald-rtol-lj                  = 0.001
   lj-pme-comb-rule               = Geometric
   ewald-geometry                 = 0
   epsilon-surface                = 0
   tcoupl                         = V-rescale
   nsttcouple                     = 10
   nh-chain-length                = 0
   print-nose-hoover-chain-variables = false
   pcoupl                         = Parrinello-Rahman
   pcoupltype                     = Isotropic
   nstpcouple                     = 10
   tau-p                          = 2
   compressibility (3x3):
      compressibility[    0]={ 4.50000e-05,  0.00000e+00,  0.00000e+00}
      compressibility[    1]={ 0.00000e+00,  4.50000e-05,  0.00000e+00}
      compressibility[    2]={ 0.00000e+00,  0.00000e+00,  4.50000e-05}
   ref-p (3x3):
      ref-p[    0]={ 1.00000e+00,  0.00000e+00,  0.00000e+00}
      ref-p[    1]={ 0.00000e+00,  1.00000e+00,  0.00000e+00}
      ref-p[    2]={ 0.00000e+00,  0.00000e+00,  1.00000e+00}
   refcoord-scaling               = No
   posres-com (3):
      posres-com[0]= 0.00000e+00
      posres-com[1]= 0.00000e+00
      posres-com[2]= 0.00000e+00
   posres-comB (3):
      posres-comB[0]= 0.00000e+00
      posres-comB[1]= 0.00000e+00
      posres-comB[2]= 0.00000e+00
   QMMM                           = false
qm-opts:
   ngQM                           = 0
   constraint-algorithm           = Lincs
   continuation                   = true
   Shake-SOR                      = false
   shake-tol                      = 0.0001
   lincs-order                    = 4
   lincs-iter                     = 1
   lincs-warnangle                = 30
   nwall                          = 0
   wall-type                      = 9-3
   wall-r-linpot                  = -1
   wall-atomtype[0]               = -1
   wall-atomtype[1]               = -1
   wall-density[0]                = 0
   wall-density[1]                = 0
   wall-ewald-zfac                = 3
   pull                           = false
   awh                            = false
   rotation                       = false
   interactiveMD                  = false
   disre                          = No
   disre-weighting                = Conservative
   disre-mixed                    = false
   dr-fc                          = 1000
   dr-tau                         = 0
   nstdisreout                    = 100
   orire-fc                       = 0
   orire-tau                      = 0
   nstorireout                    = 100
   free-energy                    = no
   cos-acceleration               = 0
   deform (3x3):
      deform[    0]={ 0.00000e+00,  0.00000e+00,  0.00000e+00}
      deform[    1]={ 0.00000e+00,  0.00000e+00,  0.00000e+00}
      deform[    2]={ 0.00000e+00,  0.00000e+00,  0.00000e+00}
   simulated-tempering            = false
   swapcoords                     = no
   userint1                       = 0
   userint2                       = 0
   userint3                       = 0
   userint4                       = 0
   userreal1                      = 0
   userreal2                      = 0
   userreal3                      = 0
   userreal4                      = 0
   applied-forces:
     electric-field:
       x:
         E0                       = 0
         omega                    = 0
         t0                       = 0
         sigma                    = 0
       y:
         E0                       = 0
         omega                    = 0
         t0                       = 0
         sigma                    = 0
       z:
         E0                       = 0
         omega                    = 0
         t0                       = 0
         sigma                    = 0
     density-guided-simulation:
       active                     = false
       group                      = protein
       similarity-measure         = inner-product
       atom-spreading-weight      = unity
       force-constant             = 1e+09
       gaussian-transform-spreading-width = 0.2
       gaussian-transform-spreading-range-in-multiples-of-width = 4
       reference-density-filename = reference.mrc
       nst                        = 1
       normalize-densities        = true
       adaptive-force-scaling     = false
       adaptive-force-scaling-time-constant = 4
       shift-vector               = 
       transformation-matrix      = 
grpopts:
   nrdf:     1559.86     33039.1
   ref-t:         363         363
   tau-t:         0.1         0.1
annealing:          No          No
annealing-npoints:           0           0
   acc:	           0           0           0
   nfreeze:           N           N           N
   energygrp-flags[  0]: 0

Changing nstlist from 10 to 40, rlist from 1.002 to 1.11

Using 1 MPI thread
Using 8 OpenMP threads 

Pinning threads with an auto-selected logical core stride of 1
System total charge: 0.000
Will do PME sum in reciprocal space for electrostatic interactions.

++++ PLEASE READ AND CITE THE FOLLOWING REFERENCE ++++
U. Essmann, L. Perera, M. L. Berkowitz, T. Darden, H. Lee and L. G. Pedersen 
A smooth particle mesh Ewald method
J. Chem. Phys. 103 (1995) pp. 8577-8592
-------- -------- --- Thank You --- -------- --------

Using a Gaussian width (1/beta) of 0.320163 nm for Ewald
Potential shift: LJ r^-12: -1.000e+00 r^-6: -1.000e+00, Ewald -1.000e-05
Initialized non-bonded Ewald tables, spacing: 9.33e-04 size: 1073

Generated table with 1055 data points for 1-4 COUL.
Tabscale = 500 points/nm
Generated table with 1055 data points for 1-4 LJ6.
Tabscale = 500 points/nm
Generated table with 1055 data points for 1-4 LJ12.
Tabscale = 500 points/nm
Long Range LJ corr.: <C6> 3.2819e-04


Using SIMD 4x4 nonbonded short-range kernels

Using a dual 4x4 pair-list setup updated with dynamic pruning:
  outer list: updated every 40 steps, buffer 0.110 nm, rlist 1.110 nm
  inner list: updated every 10 steps, buffer 0.002 nm, rlist 1.002 nm
At tolerance 0.005 kJ/mol/ps per atom, equivalent classical 1x1 list would be:
  outer list: updated every 40 steps, buffer 0.231 nm, rlist 1.231 nm
  inner list: updated every 10 steps, buffer 0.042 nm, rlist 1.042 nm

Using full Lennard-Jones parameter combination matrix

Initializing LINear Constraint Solver

++++ PLEASE READ AND CITE THE FOLLOWING REFERENCE ++++
B. Hess and H. Bekker and H. J. C. Berendsen and J. G. E. M. Fraaije
LINCS: A Linear Constraint Solver for molecular simulations
J. Comp. Chem. 18 (1997) pp. 1463-1472
-------- -------- --- Thank You --- -------- --------

The number of constraints is 126

++++ PLEASE READ AND CITE THE FOLLOWING REFERENCE ++++
S. Miyamoto and P. A. Kollman
SETTLE: An Analytical Version of the SHAKE and RATTLE Algorithms for Rigid
Water Models
J. Comp. Chem. 13 (1992) pp. 952-962
-------- -------- --- Thank You --- -------- --------


++++ PLEASE READ AND CITE THE FOLLOWING REFERENCE ++++
G. Bussi, D. Donadio and M. Parrinello
Canonical sampling through velocity rescaling
J. Chem. Phys. 126 (2007) pp. 014101
-------- -------- --- Thank You --- -------- --------

There are: 17064 Atoms
Center of mass motion removal mode is Linear
We have the following groups for center of mass motion removal:
  0:  rest

Started mdrun on rank 0 Wed Apr  3 10:57:13 2024

           Step           Time
              0        0.00000

   Energies (kJ/mol)
        G96Bond       G96Angle    Proper Dih.  Improper Dih.          LJ-14
    5.80297e+02    8.92914e+02    3.02965e+02    3.01576e+02    9.49677e+01
     Coulomb-14        LJ (SR)  Disper. corr.   Coulomb (SR)   Coul. recip.
    7.27143e+03    4.92572e+04   -2.31979e+03   -3.37523e+05    1.64852e+03
      Potential    Kinetic En.   Total Energy  Conserved En.    Temperature
   -2.79493e+05    4.34479e+04   -2.36045e+05   -2.36035e+05    3.02066e+02
 Pres. DC (bar) Pressure (bar)   Constr. rmsd
   -2.23778e+02    4.08972e+01    2.17174e-06

           Step           Time
           5000       10.00000

   Energies (kJ/mol)
        G96Bond       G96Angle    Proper Dih.  Improper Dih.          LJ-14
    6.83465e+02    1.01139e+03    4.14733e+02    2.97893e+02    3.54331e+01
     Coulomb-14        LJ (SR)  Disper. corr.   Coulomb (SR)   Coul. recip.
    7.21788e+03    4.13227e+04   -2.21707e+03   -3.10637e+05    1.97307e+03
      Potential    Kinetic En.   Total Energy  Conserved En.    Temperature
   -2.59898e+05    5.22135e+04   -2.07684e+05   -2.36013e+05    3.63007e+02
 Pres. DC (bar) Pressure (bar)   Constr. rmsd
   -2.04422e+02   -4.76874e+02    2.23096e-06

           Step           Time
          10000       20.00000

   Energies (kJ/mol)
        G96Bond       G96Angle    Proper Dih.  Improper Dih.          LJ-14
    6.13099e+02    9.83643e+02    4.21858e+02    2.89370e+02    1.37555e+02
     Coulomb-14        LJ (SR)  Disper. corr.   Coulomb (SR)   Coul. recip.
    7.16181e+03    4.25446e+04   -2.24014e+03   -3.10914e+05    2.01205e+03
      Potential    Kinetic En.   Total Energy  Conserved En.    Temperature
   -2.58990e+05    5.19555e+04   -2.07034e+05   -2.35961e+05    3.61213e+02
 Pres. DC (bar) Pressure (bar)   Constr. rmsd
   -2.08693e+02    3.08882e+02    2.92888e-06

           Step           Time
          15000       30.00000

   Energies (kJ/mol)
        G96Bond       G96Angle    Proper Dih.  Improper Dih.          LJ-14
    6.96391e+02    9.57656e+02    3.79780e+02    2.86489e+02    8.78127e+01
     Coulomb-14        LJ (SR)  Disper. corr.   Coulomb (SR)   Coul. recip.
    7.30017e+03    4.19916e+04   -2.22870e+03   -3.10498e+05    2.09689e+03
      Potential    Kinetic En.   Total Energy  Conserved En.    Temperature
   -2.58930e+05    5.19759e+04   -2.06954e+05   -2.35921e+05    3.61355e+02
 Pres. DC (bar) Pressure (bar)   Constr. rmsd
   -2.06569e+02   -2.31680e+02    4.78751e-06

           Step           Time
          20000       40.00000

   Energies (kJ/mol)
        G96Bond       G96Angle    Proper Dih.  Improper Dih.          LJ-14
    6.65627e+02    1.07765e+03    3.76678e+02    3.26032e+02    1.03333e+02
     Coulomb-14        LJ (SR)  Disper. corr.   Coulomb (SR)   Coul. recip.
    7.21336e+03    4.19555e+04   -2.22272e+03   -3.10712e+05    2.03614e+03
      Potential    Kinetic En.   Total Energy  Conserved En.    Temperature
   -2.59180e+05    5.19171e+04   -2.07263e+05   -2.35860e+05    3.60946e+02
 Pres. DC (bar) Pressure (bar)   Constr. rmsd
   -2.05464e+02   -1.06206e+02    2.31876e-06

           Step           Time
          25000       50.00000

   Energies (kJ/mol)
        G96Bond       G96Angle    Proper Dih.  Improper Dih.          LJ-14
    7.21906e+02    9.55548e+02    3.23427e+02    3.34406e+02    7.39902e+01
     Coulomb-14        LJ (SR)  Disper. corr.   Coulomb (SR)   Coul. recip.
    7.29702e+03    4.28157e+04   -2.22322e+03   -3.11840e+05    2.01950e+03
      Potential    Kinetic En.   Total Energy  Conserved En.    Temperature
   -2.59522e+05    5.12048e+04   -2.08317e+05   -2.35825e+05    3.55994e+02
 Pres. DC (bar) Pressure (bar)   Constr. rmsd
   -2.05556e+02    9.82696e+01    1.61409e-06

           Step           Time
          30000       60.00000

   Energies (kJ/mol)
        G96Bond       G96Angle    Proper Dih.  Improper Dih.          LJ-14
    6.39394e+02    1.01743e+03    3.96338e+02    2.97455e+02    1.22547e+02
     Coulomb-14        LJ (SR)  Disper. corr.   Coulomb (SR)   Coul. recip.
    7.33949e+03    4.23227e+04   -2.20590e+03   -3.10958e+05    2.00787e+03
      Potential    Kinetic En.   Total Energy  Conserved En.    Temperature
   -2.59021e+05    5.24141e+04   -2.06607e+05   -2.35804e+05    3.64402e+02
 Pres. DC (bar) Pressure (bar)   Constr. rmsd
   -2.02370e+02   -6.35946e+01    1.74320e-06

           Step           Time
          35000       70.00000

   Energies (kJ/mol)
        G96Bond       G96Angle    Proper Dih.  Improper Dih.          LJ-14
    6.56649e+02    1.08567e+03    3.86835e+02    2.90190e+02    1.14283e+02
     Coulomb-14        LJ (SR)  Disper. corr.   Coulomb (SR)   Coul. recip.
    7.29599e+03    4.26750e+04   -2.20327e+03   -3.10374e+05    2.05108e+03
      Potential    Kinetic En.   Total Energy  Conserved En.    Temperature
   -2.58022e+05    5.24257e+04   -2.05596e+05   -2.35761e+05    3.64482e+02
 Pres. DC (bar) Pressure (bar)   Constr. rmsd
   -2.01888e+02    1.65486e+02    2.46208e-06

           Step           Time
          40000       80.00000

   Energies (kJ/mol)
        G96Bond       G96Angle    Proper Dih.  Improper Dih.          LJ-14
    7.55329e+02    9.93254e+02    3.33561e+02    2.64853e+02    1.08646e+02
     Coulomb-14        LJ (SR)  Disper. corr.   Coulomb (SR)   Coul. recip.
    7.31801e+03    4.16597e+04   -2.19742e+03   -3.10939e+05    2.04498e+03
      Potential    Kinetic En.   Total Energy  Conserved En.    Temperature
   -2.59658e+05    5.24038e+04   -2.07254e+05   -2.35696e+05    3.64330e+02
 Pres. DC (bar) Pressure (bar)   Constr. rmsd
   -2.00818e+02   -4.21148e+02    1.60103e-06

           Step           Time
          45000       90.00000

   Energies (kJ/mol)
        G96Bond       G96Angle    Proper Dih.  Improper Dih.          LJ-14
    8.07481e+02    8.99039e+02    3.94171e+02    3.26098e+02    4.57982e+01
     Coulomb-14        LJ (SR)  Disper. corr.   Coulomb (SR)   Coul. recip.
    7.33312e+03    4.22037e+04   -2.23238e+03   -3.09839e+05    2.00683e+03
      Potential    Kinetic En.   Total Energy  Conserved En.    Temperature
   -2.58055e+05    5.22699e+04   -2.05785e+05   -2.35668e+05    3.63399e+02
 Pres. DC (bar) Pressure (bar)   Constr. rmsd
   -2.07250e+02   -3.63306e+01    1.84918e-06

           Step           Time
          50000      100.00000

   Energies (kJ/mol)
        G96Bond       G96Angle    Proper Dih.  Improper Dih.          LJ-14
    6.43957e+02    1.06856e+03    3.69380e+02    2.55884e+02    8.66640e+01
     Coulomb-14        LJ (SR)  Disper. corr.   Coulomb (SR)   Coul. recip.
    7.24944e+03    4.26086e+04   -2.24071e+03   -3.11443e+05    1.94309e+03
      Potential    Kinetic En.   Total Energy  Conserved En.    Temperature
   -2.59458e+05    5.25139e+04   -2.06944e+05   -2.35657e+05    3.65096e+02
 Pres. DC (bar) Pressure (bar)   Constr. rmsd
   -2.08800e+02    3.76054e+02    1.83931e-06

           Step           Time
          55000      110.00000

   Energies (kJ/mol)
        G96Bond       G96Angle    Proper Dih.  Improper Dih.          LJ-14
    7.68460e+02    1.03291e+03    4.30489e+02    3.14226e+02    7.72155e+01
     Coulomb-14        LJ (SR)  Disper. corr.   Coulomb (SR)   Coul. recip.
    7.22163e+03    4.18538e+04   -2.21992e+03   -3.10815e+05    2.01912e+03
      Potential    Kinetic En.   Total Energy  Conserved En.    Temperature
   -2.59317e+05    5.16815e+04   -2.07636e+05   -2.35612e+05    3.59308e+02
 Pres. DC (bar) Pressure (bar)   Constr. rmsd
   -2.04947e+02   -2.90286e+02    2.12320e-06

           Step           Time
          60000      120.00000

   Energies (kJ/mol)
        G96Bond       G96Angle    Proper Dih.  Improper Dih.          LJ-14
    7.13022e+02    1.01145e+03    3.98503e+02    2.66741e+02    1.21833e+02
     Coulomb-14        LJ (SR)  Disper. corr.   Coulomb (SR)   Coul. recip.
    7.39486e+03    4.26541e+04   -2.23510e+03   -3.12171e+05    2.01821e+03
      Potential    Kinetic En.   Total Energy  Conserved En.    Temperature
   -2.59827e+05    5.19775e+04   -2.07850e+05   -2.35573e+05    3.61366e+02
 Pres. DC (bar) Pressure (bar)   Constr. rmsd
   -2.07755e+02    1.69949e+02    1.80530e-06

           Step           Time
          65000      130.00000

   Energies (kJ/mol)
        G96Bond       G96Angle    Proper Dih.  Improper Dih.          LJ-14
    7.75945e+02    1.11258e+03    3.52520e+02    3.33280e+02    9.66258e+01
     Coulomb-14        LJ (SR)  Disper. corr.   Coulomb (SR)   Coul. recip.
    7.27053e+03    4.22681e+04   -2.20954e+03   -3.10495e+05    2.04431e+03
      Potential    Kinetic En.   Total Energy  Conserved En.    Temperature
   -2.58451e+05    5.25477e+04   -2.05903e+05   -2.35559e+05    3.65330e+02
 Pres. DC (bar) Pressure (bar)   Constr. rmsd
   -2.03038e+02   -2.57820e+01    2.23953e-06

           Step           Time
          70000      140.00000

   Energies (kJ/mol)
        G96Bond       G96Angle    Proper Dih.  Improper Dih.          LJ-14
    7.48846e+02    1.04910e+03    4.31152e+02    3.01878e+02    8.69273e+01
     Coulomb-14        LJ (SR)  Disper. corr.   Coulomb (SR)   Coul. recip.
    7.35314e+03    4.15332e+04   -2.21996e+03   -3.09955e+05    2.07238e+03
      Potential    Kinetic En.   Total Energy  Conserved En.    Temperature
   -2.58599e+05    5.17842e+04   -2.06815e+05   -2.35525e+05    3.60023e+02
 Pres. DC (bar) Pressure (bar)   Constr. rmsd
   -2.04954e+02   -1.91071e+02    1.65486e-06

           Step           Time
          75000      150.00000

   Energies (kJ/mol)
        G96Bond       G96Angle    Proper Dih.  Improper Dih.          LJ-14
    6.18245e+02    1.00981e+03    3.87150e+02    2.91761e+02    1.02114e+02
     Coulomb-14        LJ (SR)  Disper. corr.   Coulomb (SR)   Coul. recip.
    7.27567e+03    4.31794e+04   -2.23120e+03   -3.13037e+05    2.06420e+03
      Potential    Kinetic En.   Total Energy  Conserved En.    Temperature
   -2.60340e+05    5.17818e+04   -2.08558e+05   -2.35483e+05    3.60006e+02
 Pres. DC (bar) Pressure (bar)   Constr. rmsd
   -2.07032e+02    1.15695e+02    2.23001e-06

           Step           Time
          80000      160.00000

   Energies (kJ/mol)
        G96Bond       G96Angle    Proper Dih.  Improper Dih.          LJ-14
    6.38808e+02    1.04590e+03    3.50529e+02    3.28061e+02    9.88799e+01
     Coulomb-14        LJ (SR)  Disper. corr.   Coulomb (SR)   Coul. recip.
    7.24048e+03    4.25908e+04   -2.23857e+03   -3.13014e+05    1.99633e+03
      Potential    Kinetic En.   Total Energy  Conserved En.    Temperature
   -2.60963e+05    5.17263e+04   -2.09237e+05   -2.35437e+05    3.59620e+02
 Pres. DC (bar) Pressure (bar)   Constr. rmsd
   -2.08400e+02    9.48567e+00    2.75390e-06

           Step           Time
          85000      170.00000

   Energies (kJ/mol)
        G96Bond       G96Angle    Proper Dih.  Improper Dih.          LJ-14
    6.78696e+02    9.86905e+02    4.14475e+02    3.53077e+02    1.24382e+02
     Coulomb-14        LJ (SR)  Disper. corr.   Coulomb (SR)   Coul. recip.
    7.28624e+03    4.23681e+04   -2.22601e+03   -3.11202e+05    2.05544e+03
      Potential    Kinetic En.   Total Energy  Conserved En.    Temperature
   -2.59161e+05    5.22903e+04   -2.06871e+05   -2.35386e+05    3.63541e+02
 Pres. DC (bar) Pressure (bar)   Constr. rmsd
   -2.06072e+02    1.94930e+01    2.06078e-06

           Step           Time
          90000      180.00000

   Energies (kJ/mol)
        G96Bond       G96Angle    Proper Dih.  Improper Dih.          LJ-14
    6.90298e+02    1.00452e+03    3.49994e+02    3.05009e+02    1.05002e+02
     Coulomb-14        LJ (SR)  Disper. corr.   Coulomb (SR)   Coul. recip.
    7.26464e+03    4.22013e+04   -2.21846e+03   -3.11983e+05    2.01038e+03
      Potential    Kinetic En.   Total Energy  Conserved En.    Temperature
   -2.60270e+05    5.17672e+04   -2.08503e+05   -2.35346e+05    3.59904e+02
 Pres. DC (bar) Pressure (bar)   Constr. rmsd
   -2.04677e+02   -1.87701e+02    1.99297e-06

           Step           Time
          95000      190.00000

   Energies (kJ/mol)
        G96Bond       G96Angle    Proper Dih.  Improper Dih.          LJ-14
    7.38851e+02    1.03894e+03    3.95003e+02    3.26464e+02    4.55329e+01
     Coulomb-14        LJ (SR)  Disper. corr.   Coulomb (SR)   Coul. recip.
    7.13111e+03    4.31915e+04   -2.25177e+03   -3.12594e+05    2.06902e+03
      Potential    Kinetic En.   Total Energy  Conserved En.    Temperature
   -2.59910e+05    5.23822e+04   -2.07528e+05   -2.35301e+05    3.64180e+02
 Pres. DC (bar) Pressure (bar)   Constr. rmsd
   -2.10863e+02    3.26247e+02    1.46533e-06

           Step           Time
         100000      200.00000

   Energies (kJ/mol)
        G96Bond       G96Angle    Proper Dih.  Improper Dih.          LJ-14
    6.79348e+02    1.01519e+03    3.82475e+02    3.07306e+02    5.16573e+01
     Coulomb-14        LJ (SR)  Disper. corr.   Coulomb (SR)   Coul. recip.
    7.30410e+03    4.33697e+04   -2.23430e+03   -3.13346e+05    1.91444e+03
      Potential    Kinetic En.   Total Energy  Conserved En.    Temperature
   -2.60556e+05    5.15563e+04   -2.09000e+05   -2.35269e+05    3.58438e+02
 Pres. DC (bar) Pressure (bar)   Constr. rmsd
   -2.07607e+02    3.74995e+02    1.38132e-06

Writing checkpoint, step 100720 at Wed Apr  3 11:12:13 2024


           Step           Time
         105000      210.00000

   Energies (kJ/mol)
        G96Bond       G96Angle    Proper Dih.  Improper Dih.          LJ-14
    7.34918e+02    9.89271e+02    4.37331e+02    3.55991e+02    6.22160e+01
     Coulomb-14        LJ (SR)  Disper. corr.   Coulomb (SR)   Coul. recip.
    7.27896e+03    4.22644e+04   -2.24335e+03   -3.11300e+05    2.01178e+03
      Potential    Kinetic En.   Total Energy  Conserved En.    Temperature
   -2.59408e+05    5.24874e+04   -2.06921e+05   -2.35249e+05    3.64912e+02
 Pres. DC (bar) Pressure (bar)   Constr. rmsd
   -2.09290e+02    4.35135e+01    2.05615e-06

           Step           Time
         110000      220.00000

   Energies (kJ/mol)
        G96Bond       G96Angle    Proper Dih.  Improper Dih.          LJ-14
    6.99153e+02    9.67750e+02    4.05093e+02    2.74504e+02    1.40278e+02
     Coulomb-14        LJ (SR)  Disper. corr.   Coulomb (SR)   Coul. recip.
    7.24118e+03    4.21235e+04   -2.22464e+03   -3.10811e+05    2.03992e+03
      Potential    Kinetic En.   Total Energy  Conserved En.    Temperature
   -2.59144e+05    5.27835e+04   -2.06360e+05   -2.35217e+05    3.66970e+02
 Pres. DC (bar) Pressure (bar)   Constr. rmsd
   -2.05819e+02    8.48674e+01    2.25962e-06

           Step           Time
         115000      230.00000

   Energies (kJ/mol)
        G96Bond       G96Angle    Proper Dih.  Improper Dih.          LJ-14
    6.74573e+02    1.08180e+03    4.02967e+02    2.95724e+02    7.80244e+01
     Coulomb-14        LJ (SR)  Disper. corr.   Coulomb (SR)   Coul. recip.
    7.29810e+03    4.29503e+04   -2.21848e+03   -3.12608e+05    1.92152e+03
      Potential    Kinetic En.   Total Energy  Conserved En.    Temperature
   -2.60123e+05    5.26964e+04   -2.07427e+05   -2.35171e+05    3.66364e+02
 Pres. DC (bar) Pressure (bar)   Constr. rmsd
   -2.04682e+02   -1.67319e+01    2.68198e-06

           Step           Time
         120000      240.00000

   Energies (kJ/mol)
        G96Bond       G96Angle    Proper Dih.  Improper Dih.          LJ-14
    6.87631e+02    1.06279e+03    3.47627e+02    3.04941e+02    6.70495e+01
     Coulomb-14        LJ (SR)  Disper. corr.   Coulomb (SR)   Coul. recip.
    7.21705e+03    4.22763e+04   -2.23055e+03   -3.11897e+05    1.96355e+03
      Potential    Kinetic En.   Total Energy  Conserved En.    Temperature
   -2.60201e+05    5.20832e+04   -2.08118e+05   -2.35152e+05    3.62101e+02
 Pres. DC (bar) Pressure (bar)   Constr. rmsd
   -2.06912e+02   -2.59264e+02    2.45359e-06

           Step           Time
         125000      250.00000

   Energies (kJ/mol)
        G96Bond       G96Angle    Proper Dih.  Improper Dih.          LJ-14
    6.97874e+02    1.04175e+03    4.05919e+02    2.92552e+02    7.30172e+01
     Coulomb-14        LJ (SR)  Disper. corr.   Coulomb (SR)   Coul. recip.
    7.28941e+03    4.22342e+04   -2.23554e+03   -3.10388e+05    1.97376e+03
      Potential    Kinetic En.   Total Energy  Conserved En.    Temperature
   -2.58615e+05    5.11026e+04   -2.07512e+05   -2.35098e+05    3.55284e+02
 Pres. DC (bar) Pressure (bar)   Constr. rmsd
   -2.07838e+02    1.12296e+02    2.45721e-06

           Step           Time
         130000      260.00000

   Energies (kJ/mol)
        G96Bond       G96Angle    Proper Dih.  Improper Dih.          LJ-14
    6.85791e+02    9.93100e+02    3.96680e+02    2.55610e+02    7.09399e+01
     Coulomb-14        LJ (SR)  Disper. corr.   Coulomb (SR)   Coul. recip.
    7.22823e+03    4.18216e+04   -2.23717e+03   -3.11549e+05    1.86432e+03
      Potential    Kinetic En.   Total Energy  Conserved En.    Temperature
   -2.60470e+05    5.20924e+04   -2.08377e+05   -2.35066e+05    3.62165e+02
 Pres. DC (bar) Pressure (bar)   Constr. rmsd
   -2.08140e+02   -7.34218e+01    1.76355e-06

           Step           Time
         135000      270.00000

   Energies (kJ/mol)
        G96Bond       G96Angle    Proper Dih.  Improper Dih.          LJ-14
    7.91037e+02    1.02855e+03    4.35134e+02    3.07026e+02    7.14194e+01
     Coulomb-14        LJ (SR)  Disper. corr.   Coulomb (SR)   Coul. recip.
    7.24700e+03    4.15639e+04   -2.20134e+03   -3.09225e+05    2.15523e+03
      Potential    Kinetic En.   Total Energy  Conserved En.    Temperature
   -2.57827e+05    5.24394e+04   -2.05387e+05   -2.35016e+05    3.64578e+02
 Pres. DC (bar) Pressure (bar)   Constr. rmsd
   -2.01534e+02   -2.47670e+02    1.99913e-06

           Step           Time
         140000      280.00000

   Energies (kJ/mol)
        G96Bond       G96Angle    Proper Dih.  Improper Dih.          LJ-14
    6.16053e+02    1.07044e+03    4.40760e+02    3.20055e+02    1.01473e+02
     Coulomb-14        LJ (SR)  Disper. corr.   Coulomb (SR)   Coul. recip.
    7.23592e+03    4.24909e+04   -2.22455e+03   -3.11186e+05    2.09597e+03
      Potential    Kinetic En.   Total Energy  Conserved En.    Temperature
   -2.59039e+05    5.20254e+04   -2.07013e+05   -2.34960e+05    3.61699e+02
 Pres. DC (bar) Pressure (bar)   Constr. rmsd
   -2.05802e+02    7.20819e+01    2.63441e-06

           Step           Time
         145000      290.00000

   Energies (kJ/mol)
        G96Bond       G96Angle    Proper Dih.  Improper Dih.          LJ-14
    7.80264e+02    9.92665e+02    4.01431e+02    2.91628e+02    1.36016e+02
     Coulomb-14        LJ (SR)  Disper. corr.   Coulomb (SR)   Coul. recip.
    7.27877e+03    4.22997e+04   -2.23266e+03   -3.11156e+05    2.08556e+03
      Potential    Kinetic En.   Total Energy  Conserved En.    Temperature
   -2.59122e+05    5.21969e+04   -2.06926e+05   -2.34924e+05    3.62892e+02
 Pres. DC (bar) Pressure (bar)   Constr. rmsd
   -2.07303e+02    1.59747e+02    3.05819e-06

           Step           Time
         150000      300.00000

   Energies (kJ/mol)
        G96Bond       G96Angle    Proper Dih.  Improper Dih.          LJ-14
    7.32689e+02    1.05180e+03    4.09229e+02    2.85983e+02    6.98772e+01
     Coulomb-14        LJ (SR)  Disper. corr.   Coulomb (SR)   Coul. recip.
    7.24896e+03    4.20427e+04   -2.21310e+03   -3.09915e+05    2.03654e+03
      Potential    Kinetic En.   Total Energy  Conserved En.    Temperature
   -2.58250e+05    5.35660e+04   -2.04684e+05   -2.34896e+05    3.72410e+02
 Pres. DC (bar) Pressure (bar)   Constr. rmsd
   -2.03691e+02   -8.29907e+01    3.99656e-06

           Step           Time
         155000      310.00000

   Energies (kJ/mol)
        G96Bond       G96Angle    Proper Dih.  Improper Dih.          LJ-14
    7.08281e+02    1.00952e+03    3.87862e+02    2.92662e+02    6.63566e+01
     Coulomb-14        LJ (SR)  Disper. corr.   Coulomb (SR)   Coul. recip.
    7.21172e+03    4.15198e+04   -2.21800e+03   -3.09659e+05    2.00028e+03
      Potential    Kinetic En.   Total Energy  Conserved En.    Temperature
   -2.58681e+05    5.25158e+04   -2.06165e+05   -2.34859e+05    3.65109e+02
 Pres. DC (bar) Pressure (bar)   Constr. rmsd
   -2.04593e+02   -2.75442e+02    2.03932e-06

           Step           Time
         160000      320.00000

   Energies (kJ/mol)
        G96Bond       G96Angle    Proper Dih.  Improper Dih.          LJ-14
    7.17924e+02    1.05701e+03    4.69542e+02    3.24271e+02    4.62224e+01
     Coulomb-14        LJ (SR)  Disper. corr.   Coulomb (SR)   Coul. recip.
    7.19094e+03    4.20667e+04   -2.21110e+03   -3.10619e+05    2.02717e+03
      Potential    Kinetic En.   Total Energy  Conserved En.    Temperature
   -2.58930e+05    5.22311e+04   -2.06699e+05   -2.34822e+05    3.63129e+02
 Pres. DC (bar) Pressure (bar)   Constr. rmsd
   -2.03324e+02   -2.88684e+02    2.46480e-06

           Step           Time
         165000      330.00000

   Energies (kJ/mol)
        G96Bond       G96Angle    Proper Dih.  Improper Dih.          LJ-14
    7.23915e+02    1.04249e+03    4.59327e+02    3.10052e+02    8.24402e+01
     Coulomb-14        LJ (SR)  Disper. corr.   Coulomb (SR)   Coul. recip.
    7.25760e+03    4.19042e+04   -2.23134e+03   -3.10637e+05    1.98837e+03
      Potential    Kinetic En.   Total Energy  Conserved En.    Temperature
   -2.59100e+05    5.24923e+04   -2.06607e+05   -2.34780e+05    3.64945e+02
 Pres. DC (bar) Pressure (bar)   Constr. rmsd
   -2.07059e+02   -3.57260e+01    1.94855e-06

Writing checkpoint, step 165200 at Wed Apr  3 11:27:13 2024


           Step           Time
         170000      340.00000

   Energies (kJ/mol)
        G96Bond       G96Angle    Proper Dih.  Improper Dih.          LJ-14
    6.53810e+02    1.08388e+03    4.07024e+02    3.36643e+02    6.37104e+01
     Coulomb-14        LJ (SR)  Disper. corr.   Coulomb (SR)   Coul. recip.
    7.31143e+03    4.23691e+04   -2.22383e+03   -3.11377e+05    1.98196e+03
      Potential    Kinetic En.   Total Energy  Conserved En.    Temperature
   -2.59393e+05    5.20194e+04   -2.07374e+05   -2.34754e+05    3.61658e+02
 Pres. DC (bar) Pressure (bar)   Constr. rmsd
   -2.05668e+02    3.46967e+01    2.19921e-06

           Step           Time
         175000      350.00000

   Energies (kJ/mol)
        G96Bond       G96Angle    Proper Dih.  Improper Dih.          LJ-14
    6.93464e+02    1.08160e+03    4.35690e+02    2.78507e+02    5.64315e+01
     Coulomb-14        LJ (SR)  Disper. corr.   Coulomb (SR)   Coul. recip.
    7.34718e+03    4.11681e+04   -2.21389e+03   -3.09099e+05    2.03841e+03
      Potential    Kinetic En.   Total Energy  Conserved En.    Temperature
   -2.58214e+05    5.18241e+04   -2.06390e+05   -2.34690e+05    3.60300e+02
 Pres. DC (bar) Pressure (bar)   Constr. rmsd
   -2.03837e+02   -1.97465e+02    1.77029e-06

           Step           Time
         180000      360.00000

   Energies (kJ/mol)
        G96Bond       G96Angle    Proper Dih.  Improper Dih.          LJ-14
    6.42834e+02    1.11865e+03    3.97976e+02    2.92881e+02    7.11076e+01
     Coulomb-14        LJ (SR)  Disper. corr.   Coulomb (SR)   Coul. recip.
    7.29599e+03    4.30723e+04   -2.21230e+03   -3.11474e+05    1.98082e+03
      Potential    Kinetic En.   Total Energy  Conserved En.    Temperature
   -2.58813e+05    5.20036e+04   -2.06810e+05   -2.34676e+05    3.61548e+02
 Pres. DC (bar) Pressure (bar)   Constr. rmsd
   -2.03544e+02    3.43254e+02    1.54126e-06

           Step           Time
         185000      370.00000

   Energies (kJ/mol)
        G96Bond       G96Angle    Proper Dih.  Improper Dih.          LJ-14
    7.53797e+02    1.08972e+03    3.88681e+02    3.37109e+02    9.03138e+01
     Coulomb-14        LJ (SR)  Disper. corr.   Coulomb (SR)   Coul. recip.
    7.21670e+03    4.15419e+04   -2.21628e+03   -3.09950e+05    1.99814e+03
      Potential    Kinetic En.   Total Energy  Conserved En.    Temperature
   -2.58750e+05    5.24822e+04   -2.06268e+05   -2.34648e+05    3.64875e+02
 Pres. DC (bar) Pressure (bar)   Constr. rmsd
   -2.04277e+02   -2.56349e+02    2.79662e-06

           Step           Time
         190000      380.00000

   Energies (kJ/mol)
        G96Bond       G96Angle    Proper Dih.  Improper Dih.          LJ-14
    6.19989e+02    1.01796e+03    3.44164e+02    3.29678e+02    5.23878e+01
     Coulomb-14        LJ (SR)  Disper. corr.   Coulomb (SR)   Coul. recip.
    7.21391e+03    4.25181e+04   -2.22087e+03   -3.11301e+05    1.99016e+03
      Potential    Kinetic En.   Total Energy  Conserved En.    Temperature
   -2.59435e+05    5.19332e+04   -2.07502e+05   -2.34636e+05    3.61058e+02
 Pres. DC (bar) Pressure (bar)   Constr. rmsd
   -2.05122e+02    5.61417e+01    2.33973e-06

           Step           Time
         195000      390.00000

   Energies (kJ/mol)
        G96Bond       G96Angle    Proper Dih.  Improper Dih.          LJ-14
    7.59584e+02    9.66177e+02    4.05542e+02    3.44821e+02    1.14764e+02
     Coulomb-14        LJ (SR)  Disper. corr.   Coulomb (SR)   Coul. recip.
    7.28742e+03    4.31599e+04   -2.22656e+03   -3.10497e+05    2.08613e+03
      Potential    Kinetic En.   Total Energy  Conserved En.    Temperature
   -2.57600e+05    5.18209e+04   -2.05779e+05   -2.34582e+05    3.60277e+02
 Pres. DC (bar) Pressure (bar)   Constr. rmsd
   -2.06173e+02    2.12943e+02    1.73091e-06

           Step           Time
         200000      400.00000

   Energies (kJ/mol)
        G96Bond       G96Angle    Proper Dih.  Improper Dih.          LJ-14
    7.40718e+02    9.76129e+02    4.03080e+02    3.31886e+02    1.26197e+02
     Coulomb-14        LJ (SR)  Disper. corr.   Coulomb (SR)   Coul. recip.
    7.26982e+03    4.21417e+04   -2.21399e+03   -3.11660e+05    2.05910e+03
      Potential    Kinetic En.   Total Energy  Conserved En.    Temperature
   -2.59825e+05    5.33275e+04   -2.06497e+05   -2.34552e+05    3.70752e+02
 Pres. DC (bar) Pressure (bar)   Constr. rmsd
   -2.03855e+02   -2.80981e+01    2.30532e-06

           Step           Time
         205000      410.00000

   Energies (kJ/mol)
        G96Bond       G96Angle    Proper Dih.  Improper Dih.          LJ-14
    7.04491e+02    9.94872e+02    3.79915e+02    3.14643e+02    1.00779e+02
     Coulomb-14        LJ (SR)  Disper. corr.   Coulomb (SR)   Coul. recip.
    7.25550e+03    4.24685e+04   -2.21945e+03   -3.11188e+05    1.93797e+03
      Potential    Kinetic En.   Total Energy  Conserved En.    Temperature
   -2.59250e+05    5.18587e+04   -2.07392e+05   -2.34508e+05    3.60540e+02
 Pres. DC (bar) Pressure (bar)   Constr. rmsd
   -2.04861e+02    1.72640e+02    1.95636e-06

           Step           Time
         210000      420.00000

   Energies (kJ/mol)
        G96Bond       G96Angle    Proper Dih.  Improper Dih.          LJ-14
    6.07040e+02    9.88677e+02    4.19661e+02    3.39983e+02    8.97425e+01
     Coulomb-14        LJ (SR)  Disper. corr.   Coulomb (SR)   Coul. recip.
    7.25854e+03    4.20017e+04   -2.20924e+03   -3.10709e+05    1.96109e+03
      Potential    Kinetic En.   Total Energy  Conserved En.    Temperature
   -2.59252e+05    5.12436e+04   -2.08008e+05   -2.34480e+05    3.56264e+02
 Pres. DC (bar) Pressure (bar)   Constr. rmsd
   -2.02983e+02   -1.95860e+02    3.49606e-06

           Step           Time
         215000      430.00000

   Energies (kJ/mol)
        G96Bond       G96Angle    Proper Dih.  Improper Dih.          LJ-14
    6.95863e+02    1.08478e+03    3.70190e+02    2.77528e+02    9.54274e+01
     Coulomb-14        LJ (SR)  Disper. corr.   Coulomb (SR)   Coul. recip.
    7.19843e+03    4.14812e+04   -2.23307e+03   -3.10138e+05    1.96846e+03
      Potential    Kinetic En.   Total Energy  Conserved En.    Temperature
   -2.59199e+05    5.18477e+04   -2.07351e+05   -2.34429e+05    3.60464e+02
 Pres. DC (bar) Pressure (bar)   Constr. rmsd
   -2.07379e+02   -2.52510e+02    2.16105e-06

           Step           Time
         220000      440.00000

   Energies (kJ/mol)
        G96Bond       G96Angle    Proper Dih.  Improper Dih.          LJ-14
    6.80875e+02    1.00286e+03    3.71131e+02    2.89371e+02    1.47439e+02
     Coulomb-14        LJ (SR)  Disper. corr.   Coulomb (SR)   Coul. recip.
    7.22701e+03    4.15526e+04   -2.20289e+03   -3.09723e+05    2.02718e+03
      Potential    Kinetic En.   Total Energy  Conserved En.    Temperature
   -2.58628e+05    5.25356e+04   -2.06092e+05   -2.34430e+05    3.65246e+02
 Pres. DC (bar) Pressure (bar)   Constr. rmsd
   -2.01819e+02   -1.99008e+02    2.21142e-06

           Step           Time
         225000      450.00000

   Energies (kJ/mol)
        G96Bond       G96Angle    Proper Dih.  Improper Dih.          LJ-14
    6.78550e+02    1.06444e+03    3.74055e+02    2.98179e+02    1.08093e+02
     Coulomb-14        LJ (SR)  Disper. corr.   Coulomb (SR)   Coul. recip.
    7.24673e+03    4.20102e+04   -2.21910e+03   -3.10758e+05    1.98762e+03
      Potential    Kinetic En.   Total Energy  Conserved En.    Temperature
   -2.59209e+05    5.25392e+04   -2.06670e+05   -2.34382e+05    3.65271e+02
 Pres. DC (bar) Pressure (bar)   Constr. rmsd
   -2.04796e+02   -2.49067e+00    2.24133e-06

           Step           Time
         230000      460.00000

   Energies (kJ/mol)
        G96Bond       G96Angle    Proper Dih.  Improper Dih.          LJ-14
    6.67463e+02    1.02987e+03    3.84778e+02    3.81709e+02    7.37845e+01
     Coulomb-14        LJ (SR)  Disper. corr.   Coulomb (SR)   Coul. recip.
    7.30842e+03    4.37829e+04   -2.22929e+03   -3.12524e+05    2.01843e+03
      Potential    Kinetic En.   Total Energy  Conserved En.    Temperature
   -2.59106e+05    5.23365e+04   -2.06770e+05   -2.34325e+05    3.63862e+02
 Pres. DC (bar) Pressure (bar)   Constr. rmsd
   -2.06679e+02    4.64383e+02    2.13546e-06

           Step           Time
         235000      470.00000

   Energies (kJ/mol)
        G96Bond       G96Angle    Proper Dih.  Improper Dih.          LJ-14
    6.87664e+02    9.63326e+02    3.82982e+02    2.72755e+02    1.48491e+02
     Coulomb-14        LJ (SR)  Disper. corr.   Coulomb (SR)   Coul. recip.
    7.26559e+03    4.26838e+04   -2.21747e+03   -3.11653e+05    2.04435e+03
      Potential    Kinetic En.   Total Energy  Conserved En.    Temperature
   -2.59421e+05    5.14112e+04   -2.08010e+05   -2.34299e+05    3.57429e+02
 Pres. DC (bar) Pressure (bar)   Constr. rmsd
   -2.04496e+02   -4.43029e+01    2.73774e-06

           Step           Time
         240000      480.00000

   Energies (kJ/mol)
        G96Bond       G96Angle    Proper Dih.  Improper Dih.          LJ-14
    7.51937e+02    1.00090e+03    3.73089e+02    2.99706e+02    1.86369e+02
     Coulomb-14        LJ (SR)  Disper. corr.   Coulomb (SR)   Coul. recip.
    7.26076e+03    4.23510e+04   -2.22023e+03   -3.11438e+05    2.01964e+03
      Potential    Kinetic En.   Total Energy  Conserved En.    Temperature
   -2.59415e+05    5.34848e+04   -2.05930e+05   -2.34277e+05    3.71845e+02
 Pres. DC (bar) Pressure (bar)   Constr. rmsd
   -2.05005e+02   -1.35590e+00    2.83212e-06

           Step           Time
         245000      490.00000

   Energies (kJ/mol)
        G96Bond       G96Angle    Proper Dih.  Improper Dih.          LJ-14
    7.35303e+02    9.88693e+02    3.66529e+02    2.69058e+02    9.41580e+01
     Coulomb-14        LJ (SR)  Disper. corr.   Coulomb (SR)   Coul. recip.
    7.25270e+03    4.23721e+04   -2.22151e+03   -3.11640e+05    1.98975e+03
      Potential    Kinetic En.   Total Energy  Conserved En.    Temperature
   -2.59794e+05    5.19081e+04   -2.07886e+05   -2.34243e+05    3.60884e+02
 Pres. DC (bar) Pressure (bar)   Constr. rmsd
   -2.05240e+02   -7.92283e+00    2.28355e-06

           Step           Time
         250000      500.00000

   Energies (kJ/mol)
        G96Bond       G96Angle    Proper Dih.  Improper Dih.          LJ-14
    6.57478e+02    1.13794e+03    3.64580e+02    3.19403e+02    5.41025e+01
     Coulomb-14        LJ (SR)  Disper. corr.   Coulomb (SR)   Coul. recip.
    7.27167e+03    4.22211e+04   -2.21236e+03   -3.10523e+05    1.98850e+03
      Potential    Kinetic En.   Total Energy  Conserved En.    Temperature
   -2.58721e+05    5.28290e+04   -2.05892e+05   -2.34207e+05    3.67286e+02
 Pres. DC (bar) Pressure (bar)   Constr. rmsd
   -2.03556e+02    4.73076e+01    5.21144e-06

           Step           Time
         255000      510.00000

   Energies (kJ/mol)
        G96Bond       G96Angle    Proper Dih.  Improper Dih.          LJ-14
    7.54926e+02    1.01463e+03    3.72941e+02    2.84937e+02    9.00827e+01
     Coulomb-14        LJ (SR)  Disper. corr.   Coulomb (SR)   Coul. recip.
    7.21181e+03    4.11891e+04   -2.21817e+03   -3.09728e+05    1.99509e+03
      Potential    Kinetic En.   Total Energy  Conserved En.    Temperature
   -2.59033e+05    5.27820e+04   -2.06251e+05   -2.34178e+05    3.66959e+02
 Pres. DC (bar) Pressure (bar)   Constr. rmsd
   -2.04624e+02   -2.06300e+02    2.92140e-06

           Step           Time
         260000      520.00000

   Energies (kJ/mol)
        G96Bond       G96Angle    Proper Dih.  Improper Dih.          LJ-14
    7.27819e+02    9.97434e+02    3.67526e+02    3.58325e+02    1.09745e+02
     Coulomb-14        LJ (SR)  Disper. corr.   Coulomb (SR)   Coul. recip.
    7.19097e+03    4.24312e+04   -2.23145e+03   -3.10975e+05    1.94657e+03
      Potential    Kinetic En.   Total Energy  Conserved En.    Temperature
   -2.59077e+05    5.23985e+04   -2.06678e+05   -2.34127e+05    3.64293e+02
 Pres. DC (bar) Pressure (bar)   Constr. rmsd
   -2.07079e+02    2.08334e+02    3.58778e-06

           Step           Time
         265000      530.00000

   Energies (kJ/mol)
        G96Bond       G96Angle    Proper Dih.  Improper Dih.          LJ-14
    7.50395e+02    9.74560e+02    3.75781e+02    2.82523e+02    7.79528e+01
     Coulomb-14        LJ (SR)  Disper. corr.   Coulomb (SR)   Coul. recip.
    7.23151e+03    4.24969e+04   -2.22642e+03   -3.10894e+05    2.02148e+03
      Potential    Kinetic En.   Total Energy  Conserved En.    Temperature
   -2.58909e+05    5.24626e+04   -2.06447e+05   -2.34103e+05    3.64739e+02
 Pres. DC (bar) Pressure (bar)   Constr. rmsd
   -2.06148e+02   -7.56363e+01    2.74100e-06

           Step           Time
         270000      540.00000

   Energies (kJ/mol)
        G96Bond       G96Angle    Proper Dih.  Improper Dih.          LJ-14
    6.73837e+02    1.04228e+03    3.60629e+02    3.04323e+02    1.18029e+02
     Coulomb-14        LJ (SR)  Disper. corr.   Coulomb (SR)   Coul. recip.
    7.23749e+03    4.15614e+04   -2.22171e+03   -3.09985e+05    2.05825e+03
      Potential    Kinetic En.   Total Energy  Conserved En.    Temperature
   -2.58851e+05    5.19771e+04   -2.06874e+05   -2.34056e+05    3.61363e+02
 Pres. DC (bar) Pressure (bar)   Constr. rmsd
   -2.05278e+02   -1.44144e+02    2.12123e-06

           Step           Time
         275000      550.00000

   Energies (kJ/mol)
        G96Bond       G96Angle    Proper Dih.  Improper Dih.          LJ-14
    6.61141e+02    9.81805e+02    4.09421e+02    2.97411e+02    5.39150e+01
     Coulomb-14        LJ (SR)  Disper. corr.   Coulomb (SR)   Coul. recip.
    7.25465e+03    4.29204e+04   -2.23513e+03   -3.12015e+05    2.03091e+03
      Potential    Kinetic En.   Total Energy  Conserved En.    Temperature
   -2.59640e+05    5.20399e+04   -2.07600e+05   -2.34029e+05    3.61800e+02
 Pres. DC (bar) Pressure (bar)   Constr. rmsd
   -2.07762e+02    4.25629e+02    3.74497e-06

Writing checkpoint, step 279680 at Wed Apr  3 11:42:13 2024


           Step           Time
         280000      560.00000

   Energies (kJ/mol)
        G96Bond       G96Angle    Proper Dih.  Improper Dih.          LJ-14
    7.60085e+02    1.04564e+03    4.04326e+02    3.34126e+02    5.87347e+01
     Coulomb-14        LJ (SR)  Disper. corr.   Coulomb (SR)   Coul. recip.
    7.25701e+03    4.23241e+04   -2.22555e+03   -3.11265e+05    1.91397e+03
      Potential    Kinetic En.   Total Energy  Conserved En.    Temperature
   -2.59392e+05    5.21519e+04   -2.07240e+05   -2.33994e+05    3.62579e+02
 Pres. DC (bar) Pressure (bar)   Constr. rmsd
   -2.05987e+02    6.01228e+01    2.23670e-06

           Step           Time
         285000      570.00000

   Energies (kJ/mol)
        G96Bond       G96Angle    Proper Dih.  Improper Dih.          LJ-14
    6.57653e+02    1.06461e+03    3.86416e+02    3.21087e+02    8.31278e+01
     Coulomb-14        LJ (SR)  Disper. corr.   Coulomb (SR)   Coul. recip.
    7.36838e+03    4.29335e+04   -2.21925e+03   -3.10844e+05    2.01952e+03
      Potential    Kinetic En.   Total Energy  Conserved En.    Temperature
   -2.58229e+05    5.21100e+04   -2.06119e+05   -2.33959e+05    3.62288e+02
 Pres. DC (bar) Pressure (bar)   Constr. rmsd
   -2.04824e+02    2.39447e+02    2.49793e-06

           Step           Time
         290000      580.00000

   Energies (kJ/mol)
        G96Bond       G96Angle    Proper Dih.  Improper Dih.          LJ-14
    7.22387e+02    1.00785e+03    3.84905e+02    3.12175e+02    6.39578e+01
     Coulomb-14        LJ (SR)  Disper. corr.   Coulomb (SR)   Coul. recip.
    7.16593e+03    4.21928e+04   -2.23497e+03   -3.10710e+05    2.01808e+03
      Potential    Kinetic En.   Total Energy  Conserved En.    Temperature
   -2.59076e+05    5.18703e+04   -2.07206e+05   -2.33903e+05    3.60621e+02
 Pres. DC (bar) Pressure (bar)   Constr. rmsd
   -2.07732e+02    9.31320e+01    3.15659e-06

           Step           Time
         295000      590.00000

   Energies (kJ/mol)
        G96Bond       G96Angle    Proper Dih.  Improper Dih.          LJ-14
    6.58906e+02    1.02392e+03    3.82002e+02    3.47920e+02    1.18770e+02
     Coulomb-14        LJ (SR)  Disper. corr.   Coulomb (SR)   Coul. recip.
    7.22031e+03    4.16766e+04   -2.22527e+03   -3.10067e+05    2.04598e+03
      Potential    Kinetic En.   Total Energy  Conserved En.    Temperature
   -2.58817e+05    5.15646e+04   -2.07253e+05   -2.33853e+05    3.58495e+02
 Pres. DC (bar) Pressure (bar)   Constr. rmsd
   -2.05935e+02    5.22753e+01    2.32288e-06

Writing checkpoint, step 299840 at Wed Apr  3 13:06:01 2024


Writing checkpoint, step 299880 at Wed Apr  3 13:06:02 2024


Writing checkpoint, step 299920 at Wed Apr  3 13:06:02 2024


Writing checkpoint, step 299960 at Wed Apr  3 13:06:03 2024


           Step           Time
         300000      600.00000

Writing checkpoint, step 300000 at Wed Apr  3 13:06:03 2024


   Energies (kJ/mol)
        G96Bond       G96Angle    Proper Dih.  Improper Dih.          LJ-14
    7.77961e+02    9.88139e+02    4.25555e+02    3.55574e+02    1.00900e+02
     Coulomb-14        LJ (SR)  Disper. corr.   Coulomb (SR)   Coul. recip.
    7.13215e+03    4.17095e+04   -2.22513e+03   -3.09480e+05    2.05273e+03
      Potential    Kinetic En.   Total Energy  Conserved En.    Temperature
   -2.58163e+05    5.24120e+04   -2.05751e+05   -2.33826e+05    3.64387e+02
 Pres. DC (bar) Pressure (bar)   Constr. rmsd
   -2.05909e+02   -1.86950e+02    4.00944e-06

           Step           Time
         305000      610.00000

   Energies (kJ/mol)
        G96Bond       G96Angle    Proper Dih.  Improper Dih.          LJ-14
    7.02319e+02    9.76970e+02    3.61365e+02    3.27104e+02    6.93801e+01
     Coulomb-14        LJ (SR)  Disper. corr.   Coulomb (SR)   Coul. recip.
    7.17841e+03    4.36300e+04   -2.22742e+03   -3.12153e+05    1.93607e+03
      Potential    Kinetic En.   Total Energy  Conserved En.    Temperature
   -2.59199e+05    5.27421e+04   -2.06457e+05   -2.33787e+05    3.66682e+02
 Pres. DC (bar) Pressure (bar)   Constr. rmsd
   -2.06333e+02    5.87825e+02    1.53942e-06

           Step           Time
         310000      620.00000

   Energies (kJ/mol)
        G96Bond       G96Angle    Proper Dih.  Improper Dih.          LJ-14
    7.15231e+02    9.65084e+02    3.55274e+02    3.31271e+02    9.55205e+01
     Coulomb-14        LJ (SR)  Disper. corr.   Coulomb (SR)   Coul. recip.
    7.16480e+03    4.16613e+04   -2.22202e+03   -3.10006e+05    1.94029e+03
      Potential    Kinetic En.   Total Energy  Conserved En.    Temperature
   -2.58999e+05    5.27622e+04   -2.06237e+05   -2.33761e+05    3.66822e+02
 Pres. DC (bar) Pressure (bar)   Constr. rmsd
   -2.05335e+02   -1.48325e+02    2.44986e-06

           Step           Time
         315000      630.00000

   Energies (kJ/mol)
        G96Bond       G96Angle    Proper Dih.  Improper Dih.          LJ-14
    7.12009e+02    9.80038e+02    3.40314e+02    3.58672e+02    6.00345e+01
     Coulomb-14        LJ (SR)  Disper. corr.   Coulomb (SR)   Coul. recip.
    7.18247e+03    4.26920e+04   -2.23882e+03   -3.11978e+05    2.08130e+03
      Potential    Kinetic En.   Total Energy  Conserved En.    Temperature
   -2.59810e+05    5.22369e+04   -2.07573e+05   -2.33716e+05    3.63170e+02
 Pres. DC (bar) Pressure (bar)   Constr. rmsd
   -2.08447e+02    1.97565e+02    3.81865e-06

           Step           Time
         320000      640.00000

   Energies (kJ/mol)
        G96Bond       G96Angle    Proper Dih.  Improper Dih.          LJ-14
    6.53089e+02    9.09643e+02    3.95879e+02    2.81569e+02    8.65470e+01
     Coulomb-14        LJ (SR)  Disper. corr.   Coulomb (SR)   Coul. recip.
    7.22983e+03    4.19092e+04   -2.22630e+03   -3.11143e+05    2.02043e+03
      Potential    Kinetic En.   Total Energy  Conserved En.    Temperature
   -2.59883e+05    5.21685e+04   -2.07715e+05   -2.33688e+05    3.62694e+02
 Pres. DC (bar) Pressure (bar)   Constr. rmsd
   -2.06124e+02   -5.02289e+01    2.85580e-06

           Step           Time
         325000      650.00000

   Energies (kJ/mol)
        G96Bond       G96Angle    Proper Dih.  Improper Dih.          LJ-14
    7.10809e+02    9.50381e+02    3.39536e+02    3.42928e+02    9.44458e+01
     Coulomb-14        LJ (SR)  Disper. corr.   Coulomb (SR)   Coul. recip.
    7.27980e+03    4.18770e+04   -2.22369e+03   -3.11031e+05    1.90475e+03
      Potential    Kinetic En.   Total Energy  Conserved En.    Temperature
   -2.59755e+05    5.17408e+04   -2.08014e+05   -2.33637e+05    3.59721e+02
 Pres. DC (bar) Pressure (bar)   Constr. rmsd
   -2.05642e+02   -4.48281e+01    1.76581e-06

           Step           Time
         330000      660.00000

   Energies (kJ/mol)
        G96Bond       G96Angle    Proper Dih.  Improper Dih.          LJ-14
    7.17694e+02    1.01474e+03    3.72157e+02    2.98972e+02    7.05227e+01
     Coulomb-14        LJ (SR)  Disper. corr.   Coulomb (SR)   Coul. recip.
    7.17558e+03    4.21669e+04   -2.21675e+03   -3.10188e+05    2.07040e+03
      Potential    Kinetic En.   Total Energy  Conserved En.    Temperature
   -2.58518e+05    5.23313e+04   -2.06187e+05   -2.33597e+05    3.63826e+02
 Pres. DC (bar) Pressure (bar)   Constr. rmsd
   -2.04363e+02   -2.13214e+02    1.98733e-06

           Step           Time
         335000      670.00000

   Energies (kJ/mol)
        G96Bond       G96Angle    Proper Dih.  Improper Dih.          LJ-14
    6.65801e+02    1.00034e+03    3.85345e+02    3.57591e+02    7.86371e+01
     Coulomb-14        LJ (SR)  Disper. corr.   Coulomb (SR)   Coul. recip.
    7.18232e+03    4.20822e+04   -2.21592e+03   -3.09889e+05    2.02750e+03
      Potential    Kinetic En.   Total Energy  Conserved En.    Temperature
   -2.58325e+05    5.28701e+04   -2.05455e+05   -2.33565e+05    3.67572e+02
 Pres. DC (bar) Pressure (bar)   Constr. rmsd
   -2.04210e+02   -4.96494e+01    1.48287e-06

           Step           Time
         340000      680.00000

   Energies (kJ/mol)
        G96Bond       G96Angle    Proper Dih.  Improper Dih.          LJ-14
    7.14375e+02    1.01172e+03    3.95577e+02    3.08961e+02    6.81200e+01
     Coulomb-14        LJ (SR)  Disper. corr.   Coulomb (SR)   Coul. recip.
    7.20071e+03    4.20553e+04   -2.24743e+03   -3.11073e+05    2.02844e+03
      Potential    Kinetic En.   Total Energy  Conserved En.    Temperature
   -2.59537e+05    5.27328e+04   -2.06804e+05   -2.33518e+05    3.66618e+02
 Pres. DC (bar) Pressure (bar)   Constr. rmsd
   -2.10051e+02    5.79611e+01    2.25919e-06

Writing checkpoint, step 342120 at Wed Apr  3 13:12:14 2024


           Step           Time
         345000      690.00000

   Energies (kJ/mol)
        G96Bond       G96Angle    Proper Dih.  Improper Dih.          LJ-14
    7.23208e+02    1.03115e+03    4.02450e+02    3.18892e+02    1.09046e+02
     Coulomb-14        LJ (SR)  Disper. corr.   Coulomb (SR)   Coul. recip.
    7.19680e+03    4.14001e+04   -2.21196e+03   -3.10602e+05    1.94997e+03
      Potential    Kinetic En.   Total Energy  Conserved En.    Temperature
   -2.59682e+05    5.23805e+04   -2.07302e+05   -2.33490e+05    3.64168e+02
 Pres. DC (bar) Pressure (bar)   Constr. rmsd
   -2.03482e+02   -1.47997e+02    1.76315e-06

           Step           Time
         350000      700.00000

   Energies (kJ/mol)
        G96Bond       G96Angle    Proper Dih.  Improper Dih.          LJ-14
    7.17137e+02    1.01995e+03    3.45081e+02    3.54955e+02    5.71966e+01
     Coulomb-14        LJ (SR)  Disper. corr.   Coulomb (SR)   Coul. recip.
    7.12118e+03    4.29791e+04   -2.21417e+03   -3.12749e+05    2.00990e+03
      Potential    Kinetic En.   Total Energy  Conserved En.    Temperature
   -2.60359e+05    5.19315e+04   -2.08427e+05   -2.33424e+05    3.61047e+02
 Pres. DC (bar) Pressure (bar)   Constr. rmsd
   -2.03888e+02    2.37845e+00    1.94740e-06

           Step           Time
         355000      710.00000

   Energies (kJ/mol)
        G96Bond       G96Angle    Proper Dih.  Improper Dih.          LJ-14
    6.65597e+02    1.06980e+03    3.51096e+02    3.56831e+02    9.61854e+01
     Coulomb-14        LJ (SR)  Disper. corr.   Coulomb (SR)   Coul. recip.
    7.23139e+03    4.35780e+04   -2.22752e+03   -3.11455e+05    1.97746e+03
      Potential    Kinetic En.   Total Energy  Conserved En.    Temperature
   -2.58356e+05    5.22268e+04   -2.06130e+05   -2.33399e+05    3.63100e+02
 Pres. DC (bar) Pressure (bar)   Constr. rmsd
   -2.06351e+02    7.41037e+02    2.20626e-06

           Step           Time
         360000      720.00000

   Energies (kJ/mol)
        G96Bond       G96Angle    Proper Dih.  Improper Dih.          LJ-14
    6.96799e+02    1.07718e+03    4.01463e+02    3.13753e+02    1.28771e+02
     Coulomb-14        LJ (SR)  Disper. corr.   Coulomb (SR)   Coul. recip.
    7.20942e+03    4.23850e+04   -2.22588e+03   -3.10624e+05    1.91182e+03
      Potential    Kinetic En.   Total Energy  Conserved En.    Temperature
   -2.58726e+05    5.26537e+04   -2.06072e+05   -2.33347e+05    3.66068e+02
 Pres. DC (bar) Pressure (bar)   Constr. rmsd
   -2.06048e+02    3.27433e+02    6.53984e-06

           Step           Time
         365000      730.00000

   Energies (kJ/mol)
        G96Bond       G96Angle    Proper Dih.  Improper Dih.          LJ-14
    6.43811e+02    1.03160e+03    4.39307e+02    3.00677e+02    4.65684e+01
     Coulomb-14        LJ (SR)  Disper. corr.   Coulomb (SR)   Coul. recip.
    7.22539e+03    4.22079e+04   -2.22929e+03   -3.10896e+05    2.00434e+03
      Potential    Kinetic En.   Total Energy  Conserved En.    Temperature
   -2.59226e+05    5.16354e+04   -2.07591e+05   -2.33313e+05    3.58988e+02
 Pres. DC (bar) Pressure (bar)   Constr. rmsd
   -2.06679e+02   -1.13299e+01    2.37199e-06

           Step           Time
         370000      740.00000

   Energies (kJ/mol)
        G96Bond       G96Angle    Proper Dih.  Improper Dih.          LJ-14
    6.40850e+02    9.93237e+02    3.34735e+02    3.01622e+02    6.98967e+01
     Coulomb-14        LJ (SR)  Disper. corr.   Coulomb (SR)   Coul. recip.
    7.24370e+03    4.23725e+04   -2.22184e+03   -3.12711e+05    1.97996e+03
      Potential    Kinetic En.   Total Energy  Conserved En.    Temperature
   -2.60996e+05    5.19504e+04   -2.09046e+05   -2.33288e+05    3.61178e+02
 Pres. DC (bar) Pressure (bar)   Constr. rmsd
   -2.05301e+02   -1.69165e+02    2.65222e-06

           Step           Time
         375000      750.00000

   Energies (kJ/mol)
        G96Bond       G96Angle    Proper Dih.  Improper Dih.          LJ-14
    7.45995e+02    1.02733e+03    3.21234e+02    2.53949e+02    8.67153e+01
     Coulomb-14        LJ (SR)  Disper. corr.   Coulomb (SR)   Coul. recip.
    7.22838e+03    4.22916e+04   -2.22828e+03   -3.11431e+05    2.10237e+03
      Potential    Kinetic En.   Total Energy  Conserved En.    Temperature
   -2.59602e+05    5.23047e+04   -2.07297e+05   -2.33232e+05    3.63641e+02
 Pres. DC (bar) Pressure (bar)   Constr. rmsd
   -2.06492e+02    1.68726e+01    2.85754e-06

           Step           Time
         380000      760.00000

   Energies (kJ/mol)
        G96Bond       G96Angle    Proper Dih.  Improper Dih.          LJ-14
    6.98805e+02    1.02714e+03    3.71167e+02    3.15317e+02    9.34159e+01
     Coulomb-14        LJ (SR)  Disper. corr.   Coulomb (SR)   Coul. recip.
    7.11866e+03    4.18399e+04   -2.21990e+03   -3.10744e+05    2.03285e+03
      Potential    Kinetic En.   Total Energy  Conserved En.    Temperature
   -2.59466e+05    5.15819e+04   -2.07884e+05   -2.33213e+05    3.58616e+02
 Pres. DC (bar) Pressure (bar)   Constr. rmsd
   -2.04943e+02   -1.80997e+02    2.59155e-06

           Step           Time
         385000      770.00000

   Energies (kJ/mol)
        G96Bond       G96Angle    Proper Dih.  Improper Dih.          LJ-14
    7.35526e+02    1.08111e+03    4.02947e+02    2.99549e+02    1.06271e+02
     Coulomb-14        LJ (SR)  Disper. corr.   Coulomb (SR)   Coul. recip.
    7.23215e+03    4.28022e+04   -2.22252e+03   -3.10843e+05    2.01631e+03
      Potential    Kinetic En.   Total Energy  Conserved En.    Temperature
   -2.58389e+05    5.22993e+04   -2.06090e+05   -2.33178e+05    3.63604e+02
 Pres. DC (bar) Pressure (bar)   Constr. rmsd
   -2.05427e+02    5.28451e+02    2.76751e-06

           Step           Time
         390000      780.00000

   Energies (kJ/mol)
        G96Bond       G96Angle    Proper Dih.  Improper Dih.          LJ-14
    6.94568e+02    1.05665e+03    3.53037e+02    3.20068e+02    9.50519e+01
     Coulomb-14        LJ (SR)  Disper. corr.   Coulomb (SR)   Coul. recip.
    7.13356e+03    4.29925e+04   -2.23831e+03   -3.11797e+05    2.01393e+03
      Potential    Kinetic En.   Total Energy  Conserved En.    Temperature
   -2.59376e+05    5.21440e+04   -2.07232e+05   -2.33161e+05    3.62524e+02
 Pres. DC (bar) Pressure (bar)   Constr. rmsd
   -2.08353e+02    3.38686e+02    1.58329e-06

           Step           Time
         395000      790.00000

   Energies (kJ/mol)
        G96Bond       G96Angle    Proper Dih.  Improper Dih.          LJ-14
    6.25237e+02    9.06122e+02    4.21200e+02    3.13465e+02    9.37028e+01
     Coulomb-14        LJ (SR)  Disper. corr.   Coulomb (SR)   Coul. recip.
    7.23981e+03    4.26892e+04   -2.22652e+03   -3.11597e+05    2.08461e+03
      Potential    Kinetic En.   Total Energy  Conserved En.    Temperature
   -2.59450e+05    5.23453e+04   -2.07105e+05   -2.33133e+05    3.63923e+02
 Pres. DC (bar) Pressure (bar)   Constr. rmsd
   -2.06167e+02    1.62633e+02    2.14240e-06

           Step           Time
         400000      800.00000

   Energies (kJ/mol)
        G96Bond       G96Angle    Proper Dih.  Improper Dih.          LJ-14
    6.73100e+02    1.04502e+03    3.65736e+02    3.11206e+02    6.46394e+01
     Coulomb-14        LJ (SR)  Disper. corr.   Coulomb (SR)   Coul. recip.
    7.19236e+03    4.20733e+04   -2.21919e+03   -3.11169e+05    2.02977e+03
      Potential    Kinetic En.   Total Energy  Conserved En.    Temperature
   -2.59633e+05    5.28208e+04   -2.06812e+05   -2.33089e+05    3.67230e+02
 Pres. DC (bar) Pressure (bar)   Constr. rmsd
   -2.04812e+02   -2.13304e+02    2.50452e-06

           Step           Time
         405000      810.00000

   Energies (kJ/mol)
        G96Bond       G96Angle    Proper Dih.  Improper Dih.          LJ-14
    7.11248e+02    1.01226e+03    4.40352e+02    3.32849e+02    7.23608e+01
     Coulomb-14        LJ (SR)  Disper. corr.   Coulomb (SR)   Coul. recip.
    7.21345e+03    4.25887e+04   -2.21164e+03   -3.12564e+05    1.94150e+03
      Potential    Kinetic En.   Total Energy  Conserved En.    Temperature
   -2.60462e+05    5.22387e+04   -2.08224e+05   -2.33049e+05    3.63182e+02
 Pres. DC (bar) Pressure (bar)   Constr. rmsd
   -2.03424e+02   -2.12796e+01    2.23335e-06

           Step           Time
         410000      820.00000

   Energies (kJ/mol)
        G96Bond       G96Angle    Proper Dih.  Improper Dih.          LJ-14
    7.18703e+02    1.05467e+03    3.82585e+02    3.51299e+02    5.80997e+01
     Coulomb-14        LJ (SR)  Disper. corr.   Coulomb (SR)   Coul. recip.
    7.18231e+03    4.23787e+04   -2.22085e+03   -3.11229e+05    2.08658e+03
      Potential    Kinetic En.   Total Energy  Conserved En.    Temperature
   -2.59237e+05    5.24721e+04   -2.06765e+05   -2.33018e+05    3.64805e+02
 Pres. DC (bar) Pressure (bar)   Constr. rmsd
   -2.05119e+02   -7.17125e+01    1.56945e-06

           Step           Time
         415000      830.00000

   Energies (kJ/mol)
        G96Bond       G96Angle    Proper Dih.  Improper Dih.          LJ-14
    6.94708e+02    1.03081e+03    3.85289e+02    3.84981e+02    1.16301e+02
     Coulomb-14        LJ (SR)  Disper. corr.   Coulomb (SR)   Coul. recip.
    7.16322e+03    4.14963e+04   -2.22214e+03   -3.08540e+05    2.06891e+03
      Potential    Kinetic En.   Total Energy  Conserved En.    Temperature
   -2.57422e+05    5.30128e+04   -2.04409e+05   -2.32985e+05    3.68564e+02
 Pres. DC (bar) Pressure (bar)   Constr. rmsd
   -2.05357e+02    9.66737e+01    2.40834e-06

           Step           Time
         420000      840.00000

   Energies (kJ/mol)
        G96Bond       G96Angle    Proper Dih.  Improper Dih.          LJ-14
    7.14776e+02    1.04731e+03    4.21729e+02    3.30789e+02    4.81125e+01
     Coulomb-14        LJ (SR)  Disper. corr.   Coulomb (SR)   Coul. recip.
    7.19709e+03    4.11945e+04   -2.23373e+03   -3.10670e+05    2.01700e+03
      Potential    Kinetic En.   Total Energy  Conserved En.    Temperature
   -2.59932e+05    5.23298e+04   -2.07602e+05   -2.32938e+05    3.63816e+02
 Pres. DC (bar) Pressure (bar)   Constr. rmsd
   -2.07502e+02   -1.91312e+02    1.80117e-06

Writing checkpoint, step 421600 at Wed Apr  3 13:34:04 2024


           Step           Time
         425000      850.00000

   Energies (kJ/mol)
        G96Bond       G96Angle    Proper Dih.  Improper Dih.          LJ-14
    6.63241e+02    9.84378e+02    4.10601e+02    3.13844e+02    7.15743e+01
     Coulomb-14        LJ (SR)  Disper. corr.   Coulomb (SR)   Coul. recip.
    7.21949e+03    4.26463e+04   -2.22350e+03   -3.10606e+05    1.99749e+03
      Potential    Kinetic En.   Total Energy  Conserved En.    Temperature
   -2.58523e+05    5.15870e+04   -2.06936e+05   -2.32891e+05    3.58651e+02
 Pres. DC (bar) Pressure (bar)   Constr. rmsd
   -2.05608e+02   -1.00565e+02    2.49103e-06

           Step           Time
         430000      860.00000

   Energies (kJ/mol)
        G96Bond       G96Angle    Proper Dih.  Improper Dih.          LJ-14
    6.51793e+02    1.04839e+03    3.96889e+02    3.28034e+02    8.65987e+01
     Coulomb-14        LJ (SR)  Disper. corr.   Coulomb (SR)   Coul. recip.
    7.23796e+03    4.25918e+04   -2.22036e+03   -3.10952e+05    2.02560e+03
      Potential    Kinetic En.   Total Energy  Conserved En.    Temperature
   -2.58806e+05    5.31649e+04   -2.05641e+05   -2.32865e+05    3.69621e+02
 Pres. DC (bar) Pressure (bar)   Constr. rmsd
   -2.05029e+02    2.27707e+02    1.89025e-06

           Step           Time
         435000      870.00000

   Energies (kJ/mol)
        G96Bond       G96Angle    Proper Dih.  Improper Dih.          LJ-14
    6.90620e+02    9.89044e+02    3.93057e+02    3.58317e+02    9.91185e+01
     Coulomb-14        LJ (SR)  Disper. corr.   Coulomb (SR)   Coul. recip.
    7.20466e+03    4.20379e+04   -2.21317e+03   -3.09638e+05    2.06804e+03
      Potential    Kinetic En.   Total Energy  Conserved En.    Temperature
   -2.58010e+05    5.27555e+04   -2.05255e+05   -2.32824e+05    3.66775e+02
 Pres. DC (bar) Pressure (bar)   Constr. rmsd
   -2.03704e+02    1.23712e+02    1.82224e-06

           Step           Time
         440000      880.00000

   Energies (kJ/mol)
        G96Bond       G96Angle    Proper Dih.  Improper Dih.          LJ-14
    5.96063e+02    9.49408e+02    3.41432e+02    3.11929e+02    8.13761e+01
     Coulomb-14        LJ (SR)  Disper. corr.   Coulomb (SR)   Coul. recip.
    7.23955e+03    4.21907e+04   -2.25164e+03   -3.11984e+05    1.96434e+03
      Potential    Kinetic En.   Total Energy  Conserved En.    Temperature
   -2.60561e+05    5.17242e+04   -2.08837e+05   -2.32774e+05    3.59605e+02
 Pres. DC (bar) Pressure (bar)   Constr. rmsd
   -2.10837e+02    6.63631e+01    2.20509e-06

           Step           Time
         445000      890.00000

   Energies (kJ/mol)
        G96Bond       G96Angle    Proper Dih.  Improper Dih.          LJ-14
    7.08954e+02    9.95034e+02    3.89421e+02    3.36162e+02    1.23484e+02
     Coulomb-14        LJ (SR)  Disper. corr.   Coulomb (SR)   Coul. recip.
    7.30710e+03    4.12069e+04   -2.21861e+03   -3.08689e+05    2.04640e+03
      Potential    Kinetic En.   Total Energy  Conserved En.    Temperature
   -2.57794e+05    5.23842e+04   -2.05410e+05   -2.32751e+05    3.64194e+02
 Pres. DC (bar) Pressure (bar)   Constr. rmsd
   -2.04706e+02   -2.86059e+01    2.32754e-06

           Step           Time
         450000      900.00000

   Energies (kJ/mol)
        G96Bond       G96Angle    Proper Dih.  Improper Dih.          LJ-14
    5.93740e+02    1.04368e+03    4.11053e+02    3.28709e+02    6.46292e+01
     Coulomb-14        LJ (SR)  Disper. corr.   Coulomb (SR)   Coul. recip.
    7.14551e+03    4.19797e+04   -2.21844e+03   -3.11141e+05    2.10446e+03
      Potential    Kinetic En.   Total Energy  Conserved En.    Temperature
   -2.59688e+05    5.21487e+04   -2.07539e+05   -2.32727e+05    3.62556e+02
 Pres. DC (bar) Pressure (bar)   Constr. rmsd
   -2.04674e+02   -2.14278e+02    2.92951e-06

           Step           Time
         455000      910.00000

   Energies (kJ/mol)
        G96Bond       G96Angle    Proper Dih.  Improper Dih.          LJ-14
    7.57378e+02    1.01026e+03    3.66515e+02    2.96346e+02    4.94811e+01
     Coulomb-14        LJ (SR)  Disper. corr.   Coulomb (SR)   Coul. recip.
    7.26337e+03    4.09661e+04   -2.23876e+03   -3.09022e+05    1.99561e+03
      Potential    Kinetic En.   Total Energy  Conserved En.    Temperature
   -2.58555e+05    5.20364e+04   -2.06519e+05   -2.32696e+05    3.61776e+02
 Pres. DC (bar) Pressure (bar)   Constr. rmsd
   -2.08436e+02   -3.00074e+02    2.14935e-06

           Step           Time
         460000      920.00000

   Energies (kJ/mol)
        G96Bond       G96Angle    Proper Dih.  Improper Dih.          LJ-14
    6.71310e+02    1.02813e+03    3.74117e+02    3.18612e+02    8.22798e+01
     Coulomb-14        LJ (SR)  Disper. corr.   Coulomb (SR)   Coul. recip.
    7.25732e+03    4.18551e+04   -2.21253e+03   -3.09764e+05    1.94654e+03
      Potential    Kinetic En.   Total Energy  Conserved En.    Temperature
   -2.58443e+05    5.20654e+04   -2.06378e+05   -2.32662e+05    3.61977e+02
 Pres. DC (bar) Pressure (bar)   Constr. rmsd
   -2.03587e+02    1.18496e+01    1.49873e-06

           Step           Time
         465000      930.00000

   Energies (kJ/mol)
        G96Bond       G96Angle    Proper Dih.  Improper Dih.          LJ-14
    7.15931e+02    1.01434e+03    3.93508e+02    2.93793e+02    7.07881e+01
     Coulomb-14        LJ (SR)  Disper. corr.   Coulomb (SR)   Coul. recip.
    7.19325e+03    4.11097e+04   -2.22707e+03   -3.09223e+05    1.98205e+03
      Potential    Kinetic En.   Total Energy  Conserved En.    Temperature
   -2.58677e+05    5.25928e+04   -2.06084e+05   -2.32650e+05    3.65644e+02
 Pres. DC (bar) Pressure (bar)   Constr. rmsd
   -2.06268e+02   -3.55794e+02    2.08965e-06

           Step           Time
         470000      940.00000

   Energies (kJ/mol)
        G96Bond       G96Angle    Proper Dih.  Improper Dih.          LJ-14
    6.78225e+02    9.68349e+02    4.00771e+02    3.47698e+02    5.82035e+01
     Coulomb-14        LJ (SR)  Disper. corr.   Coulomb (SR)   Coul. recip.
    7.19770e+03    4.15533e+04   -2.22031e+03   -3.10260e+05    1.99548e+03
      Potential    Kinetic En.   Total Energy  Conserved En.    Temperature
   -2.59280e+05    5.23092e+04   -2.06971e+05   -2.32620e+05    3.63673e+02
 Pres. DC (bar) Pressure (bar)   Constr. rmsd
   -2.05019e+02   -2.58734e+02    2.16722e-06

Writing checkpoint, step 472320 at Wed Apr  3 13:43:54 2024


           Step           Time
         475000      950.00000

   Energies (kJ/mol)
        G96Bond       G96Angle    Proper Dih.  Improper Dih.          LJ-14
    6.85095e+02    1.00004e+03    3.92558e+02    3.24970e+02    5.94519e+01
     Coulomb-14        LJ (SR)  Disper. corr.   Coulomb (SR)   Coul. recip.
    7.26036e+03    4.23486e+04   -2.21831e+03   -3.11084e+05    1.93910e+03
      Potential    Kinetic En.   Total Energy  Conserved En.    Temperature
   -2.59292e+05    5.27327e+04   -2.06560e+05   -2.32576e+05    3.66617e+02
 Pres. DC (bar) Pressure (bar)   Constr. rmsd
   -2.04651e+02    5.48802e+01    2.22532e-06

           Step           Time
         480000      960.00000

   Energies (kJ/mol)
        G96Bond       G96Angle    Proper Dih.  Improper Dih.          LJ-14
    6.90818e+02    9.59761e+02    3.69019e+02    3.09568e+02    9.54935e+01
     Coulomb-14        LJ (SR)  Disper. corr.   Coulomb (SR)   Coul. recip.
    7.25805e+03    4.27145e+04   -2.23396e+03   -3.11725e+05    1.96938e+03
      Potential    Kinetic En.   Total Energy  Conserved En.    Temperature
   -2.59592e+05    5.22252e+04   -2.07367e+05   -2.32538e+05    3.63089e+02
 Pres. DC (bar) Pressure (bar)   Constr. rmsd
   -2.07545e+02    1.38185e+02    1.53170e-06

           Step           Time
         485000      970.00000

   Energies (kJ/mol)
        G96Bond       G96Angle    Proper Dih.  Improper Dih.          LJ-14
    6.99329e+02    1.02276e+03    4.14241e+02    2.94105e+02    1.19796e+02
     Coulomb-14        LJ (SR)  Disper. corr.   Coulomb (SR)   Coul. recip.
    7.19089e+03    4.11131e+04   -2.21736e+03   -3.08508e+05    2.02551e+03
      Potential    Kinetic En.   Total Energy  Conserved En.    Temperature
   -2.57846e+05    5.29019e+04   -2.04944e+05   -2.32492e+05    3.67793e+02
 Pres. DC (bar) Pressure (bar)   Constr. rmsd
   -2.04476e+02   -9.49387e+01    1.58390e-06

           Step           Time
         490000      980.00000

   Energies (kJ/mol)
        G96Bond       G96Angle    Proper Dih.  Improper Dih.          LJ-14
    6.66970e+02    1.04857e+03    3.95193e+02    3.21972e+02    1.03025e+02
     Coulomb-14        LJ (SR)  Disper. corr.   Coulomb (SR)   Coul. recip.
    7.28281e+03    4.22169e+04   -2.23403e+03   -3.10922e+05    1.91092e+03
      Potential    Kinetic En.   Total Energy  Conserved En.    Temperature
   -2.59210e+05    5.22507e+04   -2.06959e+05   -2.32463e+05    3.63266e+02
 Pres. DC (bar) Pressure (bar)   Constr. rmsd
   -2.07558e+02    1.20849e+02    3.21758e-06

           Step           Time
         495000      990.00000

   Energies (kJ/mol)
        G96Bond       G96Angle    Proper Dih.  Improper Dih.          LJ-14
    6.50936e+02    1.03210e+03    3.96805e+02    2.98995e+02    9.75858e+01
     Coulomb-14        LJ (SR)  Disper. corr.   Coulomb (SR)   Coul. recip.
    7.26057e+03    4.22597e+04   -2.22340e+03   -3.10659e+05    1.98775e+03
      Potential    Kinetic En.   Total Energy  Conserved En.    Temperature
   -2.58898e+05    5.19917e+04   -2.06906e+05   -2.32437e+05    3.61465e+02
 Pres. DC (bar) Pressure (bar)   Constr. rmsd
   -2.05588e+02    8.59383e+01    2.24517e-06

           Step           Time
         500000     1000.00000

Writing checkpoint, step 500000 at Wed Apr  3 13:46:47 2024


   Energies (kJ/mol)
        G96Bond       G96Angle    Proper Dih.  Improper Dih.          LJ-14
    6.85251e+02    9.44112e+02    3.58467e+02    3.09661e+02    1.15272e+02
     Coulomb-14        LJ (SR)  Disper. corr.   Coulomb (SR)   Coul. recip.
    7.18799e+03    4.15163e+04   -2.20534e+03   -3.10461e+05    1.99294e+03
      Potential    Kinetic En.   Total Energy  Conserved En.    Temperature
   -2.59556e+05    5.21688e+04   -2.07387e+05   -2.32394e+05    3.62697e+02
 Pres. DC (bar) Pressure (bar)   Constr. rmsd
   -2.02268e+02   -4.03691e+02    3.15629e-06


Energy conservation over simulation part #1 of length 1000 ns, time 0 to 1000 ns
  Conserved energy drift: 2.13e-04 kJ/mol/ps per atom


	<======  ###############  ==>
	<====  A V E R A G E S  ====>
	<==  ###############  ======>

	Statistics over 500001 steps using 5001 frames

   Energies (kJ/mol)
        G96Bond       G96Angle    Proper Dih.  Improper Dih.          LJ-14
    6.89870e+02    1.01146e+03    3.84129e+02    3.15638e+02    9.09143e+01
     Coulomb-14        LJ (SR)  Disper. corr.   Coulomb (SR)   Coul. recip.
    7.24070e+03    4.21979e+04   -2.22439e+03   -3.10931e+05    2.00828e+03
      Potential    Kinetic En.   Total Energy  Conserved En.    Temperature
   -2.59217e+05    5.22017e+04   -2.07015e+05   -2.34188e+05    3.62925e+02
 Pres. DC (bar) Pressure (bar)   Constr. rmsd
   -2.05776e+02    1.02847e+00    0.00000e+00

          Box-X          Box-Y          Box-Z
    5.64341e+00    5.64341e+00    5.64341e+00

   Total Virial (kJ/mol)
    1.73746e+04   -1.13000e+01   -5.24169e+00
   -1.12693e+01    1.74230e+04    2.06533e+00
   -5.21050e+00    2.04872e+00    1.73928e+04

   Pressure (bar)
    3.46949e+00    2.86535e+00   -1.01381e+00
    2.85967e+00   -2.38438e+00   -5.82173e-01
   -1.01957e+00   -5.79103e-01    2.00031e+00

      T-Protein  T-non-Protein
    3.63239e+02    3.62910e+02


	M E G A - F L O P S   A C C O U N T I N G

 NB=Group-cutoff nonbonded kernels    NxN=N-by-N cluster Verlet kernels
 RF=Reaction-Field  VdW=Van der Waals  QSTab=quadratic-spline table
 W3=SPC/TIP3p  W4=TIP4p (single or pairs)
 V&F=Potential and force  V=Potential only  F=Force only

 Computing:                               M-Number         M-Flops  % Flops
-----------------------------------------------------------------------------
 Pair Search distance check           66909.525286      602185.728     0.4
 NxN QSTab Elec. + LJ [F]           2105218.080472    86313941.299    51.3
 NxN QSTab Elec. + LJ [V&F]           21268.354520     1254832.917     0.7
 NxN LJ [F]                            1993.504384       65785.645     0.0
 NxN LJ [V&F]                            20.119008         865.117     0.0
 NxN QSTab Elec. [F]                1960841.931704    66668625.678    39.6
 NxN QSTab Elec. [V&F]                19809.734232      812199.104     0.5
 1,4 nonbonded interactions             457.000914       41130.082     0.0
 Calc Weights                         25596.051192      921457.843     0.5
 Spread Q Bspline                    546049.092096     1092098.184     0.6
 Gather F Bspline                    546049.092096     3276294.553     1.9
 3D-FFT                              723625.447248     5789003.578     3.4
 Solve PME                              648.001296       41472.083     0.0
 Shift-X                                213.317064        1279.902     0.0
 Bonds                                  221.000442       13039.026     0.0
 Angles                                 417.000834       70056.140     0.0
 Propers                                143.500287       32861.566     0.0
 Impropers                              140.000280       29120.058     0.0
 Virial                                 855.467109       15398.408     0.0
 Stop-CM                                 85.337064         853.371     0.0
 Calc-Ekin                             1706.434128       46073.721     0.0
 Lincs                                   63.000126        3780.008     0.0
 Lincs-Mat                              150.000300         600.001     0.0
 Constraint-V                          8358.016716       75222.150     0.0
 Constraint-Vir                         829.516590       19908.398     0.0
 Settle                                2744.005488     1015282.031     0.6
-----------------------------------------------------------------------------
 Total                                               168203366.590   100.0
-----------------------------------------------------------------------------


     R E A L   C Y C L E   A N D   T I M E   A C C O U N T I N G

On 1 MPI rank, each using 8 OpenMP threads

 Computing:          Num   Num      Call    Wall time         Giga-Cycles
                     Ranks Threads  Count      (s)         total sum    %
-----------------------------------------------------------------------------
 Neighbor search        1    8      12501     218.248       2115.935   2.1
 Force                  1    8     500001    6450.736      62540.491  63.4
 PME mesh               1    8     500001    2038.372      19762.210  20.0
 NB X/F buffer ops.     1    8     987501     854.748       8286.861   8.4
 Write traj.            1    8        111       5.715         55.404   0.1
 Update                 1    8     500001     248.217       2406.485   2.4
 Constraints            1    8     500001     269.680       2614.568   2.7
 Rest                                          88.795        860.874   0.9
-----------------------------------------------------------------------------
 Total                                      10174.510      98642.829 100.0
-----------------------------------------------------------------------------
 Breakdown of PME mesh computation
-----------------------------------------------------------------------------
 PME spread             1    8     500001     750.367       7274.875   7.4
 PME gather             1    8     500001     775.678       7520.269   7.6
 PME 3D-FFT             1    8    1000002     415.222       4025.621   4.1
 PME solve Elec         1    8     500001      32.891        318.881   0.3
-----------------------------------------------------------------------------

               Core t (s)   Wall t (s)        (%)
       Time:    81396.055    10174.510      800.0
                         2h49:34
                 (ns/day)    (hour/ns)
Performance:        8.492        2.826
Finished mdrun on rank 0 Wed Apr  3 13:46:47 2024

