              :-) GROMACS - gmx mdrun, 2021.4-Ubuntu-2021.4-2 (-:

                            GROMACS is written by:
     Andrey Alekseenko              Emile Apol              Rossen Apostolov     
         Paul Bauer           Herman J.C. Berendsen           Par Bjelkmar       
       Christian Blau           Viacheslav Bolnykh             Kevin Boyd        
     Aldert van Buuren           Rudi van Drunen             Anton Feenstra      
    Gilles Gouaillardet             Alan Gray               Gerrit Groenhof      
       Anca Hamuraru            Vincent Hindriksen          M. Eric Irrgang      
      Aleksei Iupinov           Christoph Junghans             Joe Jordan        
    Dimitrios Karkoulis            Peter Kasson                Jiri Kraus        
      Carsten Kutzner              Per Larsson              Justin A. Lemkul     
       Viveca Lindahl            Magnus Lundborg             Erik Marklund       
        Pascal Merz             Pieter Meulenhoff            Teemu Murtola       
        Szilard Pall               Sander Pronk              Roland Schulz       
       Michael Shirts            Alexey Shvetsov             Alfons Sijbers      
       Peter Tieleman              Jon Vincent              Teemu Virolainen     
     Christian Wennberg            Maarten Wolf              Artem Zhmurov       
                           and the project leaders:
        Mark Abraham, Berk Hess, Erik Lindahl, and David van der Spoel

Copyright (c) 1991-2000, University of Groningen, The Netherlands.
Copyright (c) 2001-2019, The GROMACS development team at
Uppsala University, Stockholm University and
the Royal Institute of Technology, Sweden.
check out http://www.gromacs.org for more information.

GROMACS is free software; you can redistribute it and/or modify it
under the terms of the GNU Lesser General Public License
as published by the Free Software Foundation; either version 2.1
of the License, or (at your option) any later version.

GROMACS:      gmx mdrun, version 2021.4-Ubuntu-2021.4-2
Executable:   /usr/bin/gmx
Data prefix:  /usr
Working dir:  /mnt/c/Users/Mr Nobody/Desktop/Study Material/BT305-Lab/Lab7/Helix
Process ID:   2649
Command line:
  gmx mdrun -v -deffnm md_1

GROMACS version:    2021.4-Ubuntu-2021.4-2
Precision:          mixed
Memory model:       64 bit
MPI library:        thread_mpi
OpenMP support:     enabled (GMX_OPENMP_MAX_THREADS = 64)
GPU support:        disabled
SIMD instructions:  SSE4.1
FFT library:        fftw-3.3.8-sse2-avx
RDTSCP usage:       enabled
TNG support:        enabled
Hwloc support:      hwloc-2.5.0
Tracing support:    disabled
C compiler:         /usr/bin/cc GNU 11.2.0
C compiler flags:   -msse4.1 -Wno-missing-field-initializers -fexcess-precision=fast -funroll-all-loops -O3 -DNDEBUG
C++ compiler:       /usr/bin/c++ GNU 11.2.0
C++ compiler flags: -msse4.1 -Wno-missing-field-initializers -fexcess-precision=fast -funroll-all-loops -fopenmp -O3 -DNDEBUG


Running on 1 node with total 4 cores, 8 logical cores
Hardware detected:
  CPU info:
    Vendor: Intel
    Brand:  11th Gen Intel(R) Core(TM) i7-1165G7 @ 2.80GHz
    Family: 6   Model: 140   Stepping: 1
    Features: aes apic avx avx2 avx512f avx512cd avx512bw avx512vl avx512secondFMA clfsh cmov cx8 cx16 f16c fma htt intel lahf mmx msr nonstop_tsc pcid pclmuldq pdcm pdpe1gb popcnt pse rdrnd rdtscp sha sse2 sse3 sse4.1 sse4.2 ssse3 tdt x2apic
    Number of AVX-512 FMA units: Cannot run AVX-512 detection - assuming 2
  Hardware topology: Full, with devices
    Sockets, cores, and logical processors:
      Socket  0: [   0   1] [   2   3] [   4   5] [   6   7]
    Numa nodes:
      Node  0 (8208326656 bytes mem):   0   1   2   3   4   5   6   7
      Latency:
               0
         0  1.00
    Caches:
      L1: 49152 bytes, linesize 64 bytes, assoc. 12, shared 2 ways
      L2: 1310720 bytes, linesize 64 bytes, assoc. 20, shared 2 ways
      L3: 12582912 bytes, linesize 64 bytes, assoc. 12, shared 8 ways
    PCI devices:
      78c5:00:00.0  Id: 1414:008e  Class: 0x0302  Numa: 0
      a3ad:00:00.0  Id: 1af4:1043  Class: 0x0100  Numa: 0

Highest SIMD level supported by all nodes in run: AVX_512
SIMD instructions selected at compile time:       SSE4.1
This program was compiled for different hardware than you are running on,
which could influence performance.

++++ PLEASE READ AND CITE THE FOLLOWING REFERENCE ++++
M. J. Abraham, T. Murtola, R. Schulz, S. Páll, J. C. Smith, B. Hess, E.
Lindahl
GROMACS: High performance molecular simulations through multi-level
parallelism from laptops to supercomputers
SoftwareX 1 (2015) pp. 19-25
-------- -------- --- Thank You --- -------- --------


++++ PLEASE READ AND CITE THE FOLLOWING REFERENCE ++++
S. Páll, M. J. Abraham, C. Kutzner, B. Hess, E. Lindahl
Tackling Exascale Software Challenges in Molecular Dynamics Simulations with
GROMACS
In S. Markidis & E. Laure (Eds.), Solving Software Challenges for Exascale 8759 (2015) pp. 3-27
-------- -------- --- Thank You --- -------- --------


++++ PLEASE READ AND CITE THE FOLLOWING REFERENCE ++++
S. Pronk, S. Páll, R. Schulz, P. Larsson, P. Bjelkmar, R. Apostolov, M. R.
Shirts, J. C. Smith, P. M. Kasson, D. van der Spoel, B. Hess, and E. Lindahl
GROMACS 4.5: a high-throughput and highly parallel open source molecular
simulation toolkit
Bioinformatics 29 (2013) pp. 845-54
-------- -------- --- Thank You --- -------- --------


++++ PLEASE READ AND CITE THE FOLLOWING REFERENCE ++++
B. Hess and C. Kutzner and D. van der Spoel and E. Lindahl
GROMACS 4: Algorithms for highly efficient, load-balanced, and scalable
molecular simulation
J. Chem. Theory Comput. 4 (2008) pp. 435-447
-------- -------- --- Thank You --- -------- --------


++++ PLEASE READ AND CITE THE FOLLOWING REFERENCE ++++
D. van der Spoel, E. Lindahl, B. Hess, G. Groenhof, A. E. Mark and H. J. C.
Berendsen
GROMACS: Fast, Flexible and Free
J. Comp. Chem. 26 (2005) pp. 1701-1719
-------- -------- --- Thank You --- -------- --------


++++ PLEASE READ AND CITE THE FOLLOWING REFERENCE ++++
E. Lindahl and B. Hess and D. van der Spoel
GROMACS 3.0: A package for molecular simulation and trajectory analysis
J. Mol. Mod. 7 (2001) pp. 306-317
-------- -------- --- Thank You --- -------- --------


++++ PLEASE READ AND CITE THE FOLLOWING REFERENCE ++++
H. J. C. Berendsen, D. van der Spoel and R. van Drunen
GROMACS: A message-passing parallel molecular dynamics implementation
Comp. Phys. Comm. 91 (1995) pp. 43-56
-------- -------- --- Thank You --- -------- --------

Input Parameters:
   integrator                     = md
   tinit                          = 0
   dt                             = 0.002
   nsteps                         = 500000
   init-step                      = 0
   simulation-part                = 1
   mts                            = false
   comm-mode                      = Linear
   nstcomm                        = 100
   bd-fric                        = 0
   ld-seed                        = -469796917
   emtol                          = 10
   emstep                         = 0.01
   niter                          = 20
   fcstep                         = 0
   nstcgsteep                     = 1000
   nbfgscorr                      = 10
   rtpi                           = 0.05
   nstxout                        = 0
   nstvout                        = 0
   nstfout                        = 0
   nstlog                         = 5000
   nstcalcenergy                  = 100
   nstenergy                      = 5000
   nstxout-compressed             = 5000
   compressed-x-precision         = 1000
   cutoff-scheme                  = Verlet
   nstlist                        = 10
   pbc                            = xyz
   periodic-molecules             = false
   verlet-buffer-tolerance        = 0.005
   rlist                          = 1.002
   coulombtype                    = PME
   coulomb-modifier               = Potential-shift
   rcoulomb-switch                = 0
   rcoulomb                       = 1
   epsilon-r                      = 1
   epsilon-rf                     = inf
   vdw-type                       = Cut-off
   vdw-modifier                   = Potential-shift
   rvdw-switch                    = 0
   rvdw                           = 1
   DispCorr                       = EnerPres
   table-extension                = 1
   fourierspacing                 = 0.16
   fourier-nx                     = 28
   fourier-ny                     = 28
   fourier-nz                     = 28
   pme-order                      = 4
   ewald-rtol                     = 1e-05
   ewald-rtol-lj                  = 0.001
   lj-pme-comb-rule               = Geometric
   ewald-geometry                 = 0
   epsilon-surface                = 0
   tcoupl                         = V-rescale
   nsttcouple                     = 10
   nh-chain-length                = 0
   print-nose-hoover-chain-variables = false
   pcoupl                         = Parrinello-Rahman
   pcoupltype                     = Isotropic
   nstpcouple                     = 10
   tau-p                          = 2
   compressibility (3x3):
      compressibility[    0]={ 4.50000e-05,  0.00000e+00,  0.00000e+00}
      compressibility[    1]={ 0.00000e+00,  4.50000e-05,  0.00000e+00}
      compressibility[    2]={ 0.00000e+00,  0.00000e+00,  4.50000e-05}
   ref-p (3x3):
      ref-p[    0]={ 1.00000e+00,  0.00000e+00,  0.00000e+00}
      ref-p[    1]={ 0.00000e+00,  1.00000e+00,  0.00000e+00}
      ref-p[    2]={ 0.00000e+00,  0.00000e+00,  1.00000e+00}
   refcoord-scaling               = No
   posres-com (3):
      posres-com[0]= 0.00000e+00
      posres-com[1]= 0.00000e+00
      posres-com[2]= 0.00000e+00
   posres-comB (3):
      posres-comB[0]= 0.00000e+00
      posres-comB[1]= 0.00000e+00
      posres-comB[2]= 0.00000e+00
   QMMM                           = false
qm-opts:
   ngQM                           = 0
   constraint-algorithm           = Lincs
   continuation                   = true
   Shake-SOR                      = false
   shake-tol                      = 0.0001
   lincs-order                    = 4
   lincs-iter                     = 1
   lincs-warnangle                = 30
   nwall                          = 0
   wall-type                      = 9-3
   wall-r-linpot                  = -1
   wall-atomtype[0]               = -1
   wall-atomtype[1]               = -1
   wall-density[0]                = 0
   wall-density[1]                = 0
   wall-ewald-zfac                = 3
   pull                           = false
   awh                            = false
   rotation                       = false
   interactiveMD                  = false
   disre                          = No
   disre-weighting                = Conservative
   disre-mixed                    = false
   dr-fc                          = 1000
   dr-tau                         = 0
   nstdisreout                    = 100
   orire-fc                       = 0
   orire-tau                      = 0
   nstorireout                    = 100
   free-energy                    = no
   cos-acceleration               = 0
   deform (3x3):
      deform[    0]={ 0.00000e+00,  0.00000e+00,  0.00000e+00}
      deform[    1]={ 0.00000e+00,  0.00000e+00,  0.00000e+00}
      deform[    2]={ 0.00000e+00,  0.00000e+00,  0.00000e+00}
   simulated-tempering            = false
   swapcoords                     = no
   userint1                       = 0
   userint2                       = 0
   userint3                       = 0
   userint4                       = 0
   userreal1                      = 0
   userreal2                      = 0
   userreal3                      = 0
   userreal4                      = 0
   applied-forces:
     electric-field:
       x:
         E0                       = 0
         omega                    = 0
         t0                       = 0
         sigma                    = 0
       y:
         E0                       = 0
         omega                    = 0
         t0                       = 0
         sigma                    = 0
       z:
         E0                       = 0
         omega                    = 0
         t0                       = 0
         sigma                    = 0
     density-guided-simulation:
       active                     = false
       group                      = protein
       similarity-measure         = inner-product
       atom-spreading-weight      = unity
       force-constant             = 1e+09
       gaussian-transform-spreading-width = 0.2
       gaussian-transform-spreading-range-in-multiples-of-width = 4
       reference-density-filename = reference.mrc
       nst                        = 1
       normalize-densities        = true
       adaptive-force-scaling     = false
       adaptive-force-scaling-time-constant = 4
       shift-vector               = 
       transformation-matrix      = 
grpopts:
   nrdf:     403.926     15951.1
   ref-t:         363         363
   tau-t:         0.1         0.1
annealing:          No          No
annealing-npoints:           0           0
   acc:	           0           0           0
   nfreeze:           N           N           N
   energygrp-flags[  0]: 0

Changing nstlist from 10 to 40, rlist from 1.002 to 1.112

Using 1 MPI thread
Using 8 OpenMP threads 

Pinning threads with an auto-selected logical core stride of 1
System total charge: 0.000
Will do PME sum in reciprocal space for electrostatic interactions.

++++ PLEASE READ AND CITE THE FOLLOWING REFERENCE ++++
U. Essmann, L. Perera, M. L. Berkowitz, T. Darden, H. Lee and L. G. Pedersen 
A smooth particle mesh Ewald method
J. Chem. Phys. 103 (1995) pp. 8577-8592
-------- -------- --- Thank You --- -------- --------

Using a Gaussian width (1/beta) of 0.320163 nm for Ewald
Potential shift: LJ r^-12: -1.000e+00 r^-6: -1.000e+00, Ewald -1.000e-05
Initialized non-bonded Ewald tables, spacing: 9.33e-04 size: 1073

Generated table with 1056 data points for 1-4 COUL.
Tabscale = 500 points/nm
Generated table with 1056 data points for 1-4 LJ6.
Tabscale = 500 points/nm
Generated table with 1056 data points for 1-4 LJ12.
Tabscale = 500 points/nm
Long Range LJ corr.: <C6> 3.1078e-04


Using SIMD 4x4 nonbonded short-range kernels

Using a dual 4x4 pair-list setup updated with dynamic pruning:
  outer list: updated every 40 steps, buffer 0.112 nm, rlist 1.112 nm
  inner list: updated every 10 steps, buffer 0.002 nm, rlist 1.002 nm
At tolerance 0.005 kJ/mol/ps per atom, equivalent classical 1x1 list would be:
  outer list: updated every 40 steps, buffer 0.232 nm, rlist 1.232 nm
  inner list: updated every 10 steps, buffer 0.043 nm, rlist 1.043 nm

Using full Lennard-Jones parameter combination matrix

Initializing LINear Constraint Solver

++++ PLEASE READ AND CITE THE FOLLOWING REFERENCE ++++
B. Hess and H. Bekker and H. J. C. Berendsen and J. G. E. M. Fraaije
LINCS: A Linear Constraint Solver for molecular simulations
J. Comp. Chem. 18 (1997) pp. 1463-1472
-------- -------- --- Thank You --- -------- --------

The number of constraints is 37

++++ PLEASE READ AND CITE THE FOLLOWING REFERENCE ++++
S. Miyamoto and P. A. Kollman
SETTLE: An Analytical Version of the SHAKE and RATTLE Algorithms for Rigid
Water Models
J. Comp. Chem. 13 (1992) pp. 952-962
-------- -------- --- Thank You --- -------- --------


++++ PLEASE READ AND CITE THE FOLLOWING REFERENCE ++++
G. Bussi, D. Donadio and M. Parrinello
Canonical sampling through velocity rescaling
J. Chem. Phys. 126 (2007) pp. 014101
-------- -------- --- Thank You --- -------- --------

There are: 8117 Atoms
Center of mass motion removal mode is Linear
We have the following groups for center of mass motion removal:
  0:  rest

Started mdrun on rank 0 Wed Apr  3 18:39:49 2024

           Step           Time
              0        0.00000

   Energies (kJ/mol)
        G96Bond       G96Angle    Proper Dih.  Improper Dih.          LJ-14
    1.25808e+02    1.95126e+02    6.39606e+01    6.45895e+01    4.58248e+01
     Coulomb-14        LJ (SR)  Disper. corr.   Coulomb (SR)   Coul. recip.
    1.66181e+03    2.36964e+04   -1.05024e+03   -1.57868e+05    7.26768e+02
      Potential    Kinetic En.   Total Energy  Conserved En.    Temperature
   -1.32338e+05    2.02430e+04   -1.12095e+05   -1.12090e+05    2.97728e+02
 Pres. DC (bar) Pressure (bar)   Constr. rmsd
   -2.14057e+02   -3.18721e+02    1.12892e-06

           Step           Time
           5000       10.00000

   Energies (kJ/mol)
        G96Bond       G96Angle    Proper Dih.  Improper Dih.          LJ-14
    1.62581e+02    2.52896e+02    1.07621e+02    6.70322e+01    4.14849e+01
     Coulomb-14        LJ (SR)  Disper. corr.   Coulomb (SR)   Coul. recip.
    1.69741e+03    2.11931e+04   -1.01065e+03   -1.45982e+05    9.03031e+02
      Potential    Kinetic En.   Total Energy  Conserved En.    Temperature
   -1.22567e+05    2.47820e+04   -9.77853e+04   -1.12086e+05    3.64487e+02
 Pres. DC (bar) Pressure (bar)   Constr. rmsd
   -1.98242e+02    3.29557e+02    8.12249e-07

           Step           Time
          10000       20.00000

   Energies (kJ/mol)
        G96Bond       G96Angle    Proper Dih.  Improper Dih.          LJ-14
    2.02584e+02    3.11835e+02    1.04035e+02    8.31694e+01    3.76147e+01
     Coulomb-14        LJ (SR)  Disper. corr.   Coulomb (SR)   Coul. recip.
    1.66328e+03    2.03223e+04   -1.01660e+03   -1.44485e+05    9.83047e+02
      Potential    Kinetic En.   Total Energy  Conserved En.    Temperature
   -1.21793e+05    2.47951e+04   -9.69983e+04   -1.12063e+05    3.64679e+02
 Pres. DC (bar) Pressure (bar)   Constr. rmsd
   -2.00581e+02   -1.42677e+02    3.72086e-06

           Step           Time
          15000       30.00000

   Energies (kJ/mol)
        G96Bond       G96Angle    Proper Dih.  Improper Dih.          LJ-14
    1.72212e+02    3.09339e+02    9.26386e+01    9.79820e+01    2.03442e+00
     Coulomb-14        LJ (SR)  Disper. corr.   Coulomb (SR)   Coul. recip.
    1.62782e+03    2.06976e+04   -9.95440e+02   -1.44986e+05    1.00335e+03
      Potential    Kinetic En.   Total Energy  Conserved En.    Temperature
   -1.21978e+05    2.48126e+04   -9.71657e+04   -1.12026e+05    3.64936e+02
 Pres. DC (bar) Pressure (bar)   Constr. rmsd
   -1.92327e+02   -1.84586e+02    6.38800e-06

           Step           Time
          20000       40.00000

   Energies (kJ/mol)
        G96Bond       G96Angle    Proper Dih.  Improper Dih.          LJ-14
    1.75628e+02    2.83903e+02    1.10702e+02    1.03955e+02    2.42923e+01
     Coulomb-14        LJ (SR)  Disper. corr.   Coulomb (SR)   Coul. recip.
    1.64068e+03    2.07537e+04   -1.00472e+03   -1.45186e+05    9.84398e+02
      Potential    Kinetic En.   Total Energy  Conserved En.    Temperature
   -1.22113e+05    2.48510e+04   -9.72621e+04   -1.12008e+05    3.65501e+02
 Pres. DC (bar) Pressure (bar)   Constr. rmsd
   -1.95926e+02    6.49657e+01    2.88157e-06

           Step           Time
          25000       50.00000

   Energies (kJ/mol)
        G96Bond       G96Angle    Proper Dih.  Improper Dih.          LJ-14
    1.47604e+02    2.69591e+02    8.93143e+01    7.69400e+01    2.23064e+01
     Coulomb-14        LJ (SR)  Disper. corr.   Coulomb (SR)   Coul. recip.
    1.69126e+03    2.10418e+04   -1.01120e+03   -1.45649e+05    9.39234e+02
      Potential    Kinetic En.   Total Energy  Conserved En.    Temperature
   -1.22382e+05    2.45500e+04   -9.78323e+04   -1.11991e+05    3.61075e+02
 Pres. DC (bar) Pressure (bar)   Constr. rmsd
   -1.98456e+02    1.35500e+02    3.02508e-06

           Step           Time
          30000       60.00000

   Energies (kJ/mol)
        G96Bond       G96Angle    Proper Dih.  Improper Dih.          LJ-14
    1.97987e+02    2.65883e+02    1.04115e+02    6.58858e+01    2.05130e+01
     Coulomb-14        LJ (SR)  Disper. corr.   Coulomb (SR)   Coul. recip.
    1.68545e+03    1.99155e+04   -1.00097e+03   -1.44408e+05    9.76523e+02
      Potential    Kinetic En.   Total Energy  Conserved En.    Temperature
   -1.22177e+05    2.45578e+04   -9.76193e+04   -1.11971e+05    3.61189e+02
 Pres. DC (bar) Pressure (bar)   Constr. rmsd
   -1.94466e+02   -6.07218e+02    2.64299e-06

           Step           Time
          35000       70.00000

   Energies (kJ/mol)
        G96Bond       G96Angle    Proper Dih.  Improper Dih.          LJ-14
    1.66193e+02    2.32896e+02    6.97658e+01    9.05915e+01    1.46018e+01
     Coulomb-14        LJ (SR)  Disper. corr.   Coulomb (SR)   Coul. recip.
    1.67112e+03    2.13081e+04   -1.00413e+03   -1.46185e+05    9.35655e+02
      Potential    Kinetic En.   Total Energy  Conserved En.    Temperature
   -1.22700e+05    2.48033e+04   -9.78971e+04   -1.11957e+05    3.64799e+02
 Pres. DC (bar) Pressure (bar)   Constr. rmsd
   -1.95694e+02    1.39029e+02    3.04698e-06

           Step           Time
          40000       80.00000

   Energies (kJ/mol)
        G96Bond       G96Angle    Proper Dih.  Improper Dih.          LJ-14
    1.69461e+02    3.46525e+02    1.04571e+02    1.05886e+02    2.08658e+01
     Coulomb-14        LJ (SR)  Disper. corr.   Coulomb (SR)   Coul. recip.
    1.62696e+03    2.00888e+04   -1.00669e+03   -1.44364e+05    9.20271e+02
      Potential    Kinetic En.   Total Energy  Conserved En.    Temperature
   -1.21987e+05    2.50745e+04   -9.69126e+04   -1.11944e+05    3.68789e+02
 Pres. DC (bar) Pressure (bar)   Constr. rmsd
   -1.96694e+02   -3.74261e+02    2.10029e-06

           Step           Time
          45000       90.00000

   Energies (kJ/mol)
        G96Bond       G96Angle    Proper Dih.  Improper Dih.          LJ-14
    2.05623e+02    3.01628e+02    9.23251e+01    9.28371e+01   -1.31045e+01
     Coulomb-14        LJ (SR)  Disper. corr.   Coulomb (SR)   Coul. recip.
    1.60836e+03    2.09372e+04   -1.01533e+03   -1.45057e+05    9.62653e+02
      Potential    Kinetic En.   Total Energy  Conserved En.    Temperature
   -1.21884e+05    2.46939e+04   -9.71906e+04   -1.11910e+05    3.63191e+02
 Pres. DC (bar) Pressure (bar)   Constr. rmsd
   -2.00081e+02    1.49245e+02    2.49034e-06

           Step           Time
          50000      100.00000

   Energies (kJ/mol)
        G96Bond       G96Angle    Proper Dih.  Improper Dih.          LJ-14
    2.13500e+02    2.73223e+02    1.02728e+02    1.27390e+02    4.64456e+01
     Coulomb-14        LJ (SR)  Disper. corr.   Coulomb (SR)   Coul. recip.
    1.63433e+03    2.09244e+04   -1.00641e+03   -1.45165e+05    9.46380e+02
      Potential    Kinetic En.   Total Energy  Conserved En.    Temperature
   -1.21903e+05    2.49878e+04   -9.69153e+04   -1.11890e+05    3.67514e+02
 Pres. DC (bar) Pressure (bar)   Constr. rmsd
   -1.96584e+02    9.57146e+00    1.39466e-06

           Step           Time
          55000      110.00000

   Energies (kJ/mol)
        G96Bond       G96Angle    Proper Dih.  Improper Dih.          LJ-14
    2.04387e+02    3.05539e+02    1.01607e+02    1.01370e+02    3.47026e+01
     Coulomb-14        LJ (SR)  Disper. corr.   Coulomb (SR)   Coul. recip.
    1.65516e+03    2.14618e+04   -1.00406e+03   -1.45001e+05    9.89794e+02
      Potential    Kinetic En.   Total Energy  Conserved En.    Temperature
   -1.21151e+05    2.49798e+04   -9.61714e+04   -1.11861e+05    3.67396e+02
 Pres. DC (bar) Pressure (bar)   Constr. rmsd
   -1.95669e+02    3.90376e+02    2.17183e-06

           Step           Time
          60000      120.00000

   Energies (kJ/mol)
        G96Bond       G96Angle    Proper Dih.  Improper Dih.          LJ-14
    1.39989e+02    2.24597e+02    1.12623e+02    8.17190e+01    4.48568e+01
     Coulomb-14        LJ (SR)  Disper. corr.   Coulomb (SR)   Coul. recip.
    1.63617e+03    2.05642e+04   -1.00038e+03   -1.45830e+05    8.78820e+02
      Potential    Kinetic En.   Total Energy  Conserved En.    Temperature
   -1.23147e+05    2.45769e+04   -9.85703e+04   -1.11860e+05    3.61470e+02
 Pres. DC (bar) Pressure (bar)   Constr. rmsd
   -1.94238e+02   -3.77994e+02    2.03752e-06

           Step           Time
          65000      130.00000

   Energies (kJ/mol)
        G96Bond       G96Angle    Proper Dih.  Improper Dih.          LJ-14
    2.07669e+02    2.32226e+02    9.50423e+01    7.06620e+01    1.03012e+01
     Coulomb-14        LJ (SR)  Disper. corr.   Coulomb (SR)   Coul. recip.
    1.63053e+03    2.11562e+04   -1.00719e+03   -1.45935e+05    9.44360e+02
      Potential    Kinetic En.   Total Energy  Conserved En.    Temperature
   -1.22596e+05    2.44312e+04   -9.81643e+04   -1.11837e+05    3.59327e+02
 Pres. DC (bar) Pressure (bar)   Constr. rmsd
   -1.96888e+02    1.33413e+02    2.82719e-06

           Step           Time
          70000      140.00000

   Energies (kJ/mol)
        G96Bond       G96Angle    Proper Dih.  Improper Dih.          LJ-14
    2.07768e+02    2.11192e+02    8.26408e+01    8.47393e+01    5.35208e+01
     Coulomb-14        LJ (SR)  Disper. corr.   Coulomb (SR)   Coul. recip.
    1.65423e+03    2.07483e+04   -1.00618e+03   -1.45280e+05    9.44191e+02
      Potential    Kinetic En.   Total Energy  Conserved En.    Temperature
   -1.22300e+05    2.47520e+04   -9.75480e+04   -1.11807e+05    3.64045e+02
 Pres. DC (bar) Pressure (bar)   Constr. rmsd
   -1.96495e+02   -1.30594e+02    2.18154e-06

           Step           Time
          75000      150.00000

   Energies (kJ/mol)
        G96Bond       G96Angle    Proper Dih.  Improper Dih.          LJ-14
    1.40425e+02    3.36752e+02    9.62433e+01    1.05864e+02    1.95166e+01
     Coulomb-14        LJ (SR)  Disper. corr.   Coulomb (SR)   Coul. recip.
    1.61888e+03    2.00683e+04   -1.00956e+03   -1.44637e+05    9.28774e+02
      Potential    Kinetic En.   Total Energy  Conserved En.    Temperature
   -1.22332e+05    2.47995e+04   -9.75325e+04   -1.11795e+05    3.64743e+02
 Pres. DC (bar) Pressure (bar)   Constr. rmsd
   -1.97815e+02   -5.66931e+02    1.66380e-06

           Step           Time
          80000      160.00000

   Energies (kJ/mol)
        G96Bond       G96Angle    Proper Dih.  Improper Dih.          LJ-14
    1.35353e+02    2.68288e+02    8.41201e+01    1.00801e+02    3.59354e+01
     Coulomb-14        LJ (SR)  Disper. corr.   Coulomb (SR)   Coul. recip.
    1.61836e+03    2.09381e+04   -1.00451e+03   -1.45102e+05    9.77534e+02
      Potential    Kinetic En.   Total Energy  Conserved En.    Temperature
   -1.21948e+05    2.45906e+04   -9.73573e+04   -1.11783e+05    3.61672e+02
 Pres. DC (bar) Pressure (bar)   Constr. rmsd
   -1.95842e+02    1.20077e+02    4.03972e-06

           Step           Time
          85000      170.00000

   Energies (kJ/mol)
        G96Bond       G96Angle    Proper Dih.  Improper Dih.          LJ-14
    1.56900e+02    2.78313e+02    9.30933e+01    7.99357e+01    1.37132e+01
     Coulomb-14        LJ (SR)  Disper. corr.   Coulomb (SR)   Coul. recip.
    1.64906e+03    2.05237e+04   -1.01501e+03   -1.45290e+05    9.40946e+02
      Potential    Kinetic En.   Total Energy  Conserved En.    Temperature
   -1.22569e+05    2.50300e+04   -9.75391e+04   -1.11760e+05    3.68134e+02
 Pres. DC (bar) Pressure (bar)   Constr. rmsd
   -1.99954e+02   -2.73096e+02    3.95501e-06

           Step           Time
          90000      180.00000

   Energies (kJ/mol)
        G96Bond       G96Angle    Proper Dih.  Improper Dih.          LJ-14
    1.99287e+02    2.51429e+02    1.04448e+02    7.77943e+01    2.49320e+01
     Coulomb-14        LJ (SR)  Disper. corr.   Coulomb (SR)   Coul. recip.
    1.66229e+03    2.09983e+04   -1.00794e+03   -1.45821e+05    8.84430e+02
      Potential    Kinetic En.   Total Energy  Conserved En.    Temperature
   -1.22626e+05    2.53278e+04   -9.72977e+04   -1.11733e+05    3.72514e+02
 Pres. DC (bar) Pressure (bar)   Constr. rmsd
   -1.97181e+02   -7.11820e+01    2.40266e-06

           Step           Time
          95000      190.00000

   Energies (kJ/mol)
        G96Bond       G96Angle    Proper Dih.  Improper Dih.          LJ-14
    1.76322e+02    2.40983e+02    8.53364e+01    9.29840e+01    3.81838e+01
     Coulomb-14        LJ (SR)  Disper. corr.   Coulomb (SR)   Coul. recip.
    1.65091e+03    2.02114e+04   -1.00353e+03   -1.44290e+05    9.54780e+02
      Potential    Kinetic En.   Total Energy  Conserved En.    Temperature
   -1.21842e+05    2.44208e+04   -9.74215e+04   -1.11696e+05    3.59174e+02
 Pres. DC (bar) Pressure (bar)   Constr. rmsd
   -1.95463e+02   -2.50826e+02    2.05187e-06

           Step           Time
         100000      200.00000

   Energies (kJ/mol)
        G96Bond       G96Angle    Proper Dih.  Improper Dih.          LJ-14
    1.51356e+02    2.74457e+02    7.49818e+01    9.49553e+01    3.44401e+01
     Coulomb-14        LJ (SR)  Disper. corr.   Coulomb (SR)   Coul. recip.
    1.60346e+03    2.11091e+04   -1.00517e+03   -1.45289e+05    9.51190e+02
      Potential    Kinetic En.   Total Energy  Conserved En.    Temperature
   -1.22000e+05    2.49991e+04   -9.70010e+04   -1.11687e+05    3.67680e+02
 Pres. DC (bar) Pressure (bar)   Constr. rmsd
   -1.96100e+02    2.61850e+02    1.82513e-06

           Step           Time
         105000      210.00000

   Energies (kJ/mol)
        G96Bond       G96Angle    Proper Dih.  Improper Dih.          LJ-14
    1.79759e+02    3.22725e+02    9.19091e+01    9.42894e+01    2.78211e+01
     Coulomb-14        LJ (SR)  Disper. corr.   Coulomb (SR)   Coul. recip.
    1.66150e+03    2.07686e+04   -1.00350e+03   -1.44673e+05    9.27292e+02
      Potential    Kinetic En.   Total Energy  Conserved En.    Temperature
   -1.21603e+05    2.48780e+04   -9.67248e+04   -1.11654e+05    3.65898e+02
 Pres. DC (bar) Pressure (bar)   Constr. rmsd
   -1.95452e+02    1.66483e+02    3.79198e-06

           Step           Time
         110000      220.00000

   Energies (kJ/mol)
        G96Bond       G96Angle    Proper Dih.  Improper Dih.          LJ-14
    1.78637e+02    2.77541e+02    8.66597e+01    7.17047e+01    2.28035e+01
     Coulomb-14        LJ (SR)  Disper. corr.   Coulomb (SR)   Coul. recip.
    1.64983e+03    2.07366e+04   -9.91792e+02   -1.44567e+05    1.02686e+03
      Potential    Kinetic En.   Total Energy  Conserved En.    Temperature
   -1.21508e+05    2.42762e+04   -9.72315e+04   -1.11626e+05    3.57048e+02
 Pres. DC (bar) Pressure (bar)   Constr. rmsd
   -1.90921e+02   -2.58264e+02    1.74787e-06

           Step           Time
         115000      230.00000

   Energies (kJ/mol)
        G96Bond       G96Angle    Proper Dih.  Improper Dih.          LJ-14
    1.68166e+02    3.10177e+02    7.59475e+01    8.19263e+01    2.09578e+01
     Coulomb-14        LJ (SR)  Disper. corr.   Coulomb (SR)   Coul. recip.
    1.62471e+03    2.09853e+04   -1.00869e+03   -1.45363e+05    9.84956e+02
      Potential    Kinetic En.   Total Energy  Conserved En.    Temperature
   -1.22120e+05    2.49150e+04   -9.72049e+04   -1.11606e+05    3.66443e+02
 Pres. DC (bar) Pressure (bar)   Constr. rmsd
   -1.97475e+02    1.61917e+02    2.92063e-06

           Step           Time
         120000      240.00000

   Energies (kJ/mol)
        G96Bond       G96Angle    Proper Dih.  Improper Dih.          LJ-14
    1.60897e+02    2.75721e+02    1.15013e+02    7.07308e+01    4.98737e+00
     Coulomb-14        LJ (SR)  Disper. corr.   Coulomb (SR)   Coul. recip.
    1.62590e+03    2.02514e+04   -1.00237e+03   -1.44236e+05    9.72383e+02
      Potential    Kinetic En.   Total Energy  Conserved En.    Temperature
   -1.21761e+05    2.44830e+04   -9.72781e+04   -1.11593e+05    3.60090e+02
 Pres. DC (bar) Pressure (bar)   Constr. rmsd
   -1.95009e+02   -1.99016e+02    5.19397e-06

           Step           Time
         125000      250.00000

   Energies (kJ/mol)
        G96Bond       G96Angle    Proper Dih.  Improper Dih.          LJ-14
    1.80384e+02    2.94683e+02    9.55119e+01    1.10176e+02    4.51558e+01
     Coulomb-14        LJ (SR)  Disper. corr.   Coulomb (SR)   Coul. recip.
    1.65435e+03    2.09612e+04   -1.00364e+03   -1.44949e+05    9.92002e+02
      Potential    Kinetic En.   Total Energy  Conserved En.    Temperature
   -1.21619e+05    2.52933e+04   -9.63255e+04   -1.11564e+05    3.72007e+02
 Pres. DC (bar) Pressure (bar)   Constr. rmsd
   -1.95503e+02    3.31154e+02    2.86654e-06

           Step           Time
         130000      260.00000

   Energies (kJ/mol)
        G96Bond       G96Angle    Proper Dih.  Improper Dih.          LJ-14
    1.75259e+02    2.54873e+02    6.96111e+01    1.12979e+02    2.56816e+01
     Coulomb-14        LJ (SR)  Disper. corr.   Coulomb (SR)   Coul. recip.
    1.64536e+03    2.08453e+04   -1.00522e+03   -1.45299e+05    9.78371e+02
      Potential    Kinetic En.   Total Energy  Conserved En.    Temperature
   -1.22197e+05    2.47837e+04   -9.74130e+04   -1.11541e+05    3.64512e+02
 Pres. DC (bar) Pressure (bar)   Constr. rmsd
   -1.96121e+02    7.73794e+01    3.96781e-06

           Step           Time
         135000      270.00000

   Energies (kJ/mol)
        G96Bond       G96Angle    Proper Dih.  Improper Dih.          LJ-14
    2.21879e+02    2.84385e+02    9.96367e+01    8.36005e+01    2.92826e+01
     Coulomb-14        LJ (SR)  Disper. corr.   Coulomb (SR)   Coul. recip.
    1.61403e+03    2.13027e+04   -1.00878e+03   -1.45712e+05    9.55229e+02
      Potential    Kinetic En.   Total Energy  Conserved En.    Temperature
   -1.22130e+05    2.50534e+04   -9.70762e+04   -1.11509e+05    3.68479e+02
 Pres. DC (bar) Pressure (bar)   Constr. rmsd
   -1.97511e+02    4.00130e+02    1.72570e-06

           Step           Time
         140000      280.00000

   Energies (kJ/mol)
        G96Bond       G96Angle    Proper Dih.  Improper Dih.          LJ-14
    1.49871e+02    2.37659e+02    7.89989e+01    5.53395e+01    6.95727e+01
     Coulomb-14        LJ (SR)  Disper. corr.   Coulomb (SR)   Coul. recip.
    1.64615e+03    2.09383e+04   -1.01810e+03   -1.45447e+05    9.21238e+02
      Potential    Kinetic En.   Total Energy  Conserved En.    Temperature
   -1.22368e+05    2.42579e+04   -9.81102e+04   -1.11476e+05    3.56778e+02
 Pres. DC (bar) Pressure (bar)   Constr. rmsd
   -2.01172e+02    1.91134e+02    3.01833e-06

           Step           Time
         145000      290.00000

   Energies (kJ/mol)
        G96Bond       G96Angle    Proper Dih.  Improper Dih.          LJ-14
    1.71598e+02    2.45397e+02    9.30225e+01    9.02774e+01    4.61065e+01
     Coulomb-14        LJ (SR)  Disper. corr.   Coulomb (SR)   Coul. recip.
    1.64520e+03    2.12359e+04   -1.01201e+03   -1.46177e+05    8.84361e+02
      Potential    Kinetic En.   Total Energy  Conserved En.    Temperature
   -1.22777e+05    2.49977e+04   -9.77791e+04   -1.11454e+05    3.67658e+02
 Pres. DC (bar) Pressure (bar)   Constr. rmsd
   -1.98776e+02    4.84471e+02    2.31168e-06

           Step           Time
         150000      300.00000

   Energies (kJ/mol)
        G96Bond       G96Angle    Proper Dih.  Improper Dih.          LJ-14
    1.94113e+02    2.70240e+02    9.16399e+01    9.17649e+01    1.46808e+00
     Coulomb-14        LJ (SR)  Disper. corr.   Coulomb (SR)   Coul. recip.
    1.59633e+03    2.03737e+04   -1.01002e+03   -1.44788e+05    8.89021e+02
      Potential    Kinetic En.   Total Energy  Conserved En.    Temperature
   -1.22289e+05    2.49643e+04   -9.73251e+04   -1.11420e+05    3.67168e+02
 Pres. DC (bar) Pressure (bar)   Constr. rmsd
   -1.97997e+02   -2.00751e+02    2.25542e-06

           Step           Time
         155000      310.00000

   Energies (kJ/mol)
        G96Bond       G96Angle    Proper Dih.  Improper Dih.          LJ-14
    1.39970e+02    2.74718e+02    8.94432e+01    5.25849e+01    1.14916e+01
     Coulomb-14        LJ (SR)  Disper. corr.   Coulomb (SR)   Coul. recip.
    1.60918e+03    2.03320e+04   -1.00751e+03   -1.44984e+05    9.02574e+02
      Potential    Kinetic En.   Total Energy  Conserved En.    Temperature
   -1.22579e+05    2.44848e+04   -9.80944e+04   -1.11404e+05    3.60116e+02
 Pres. DC (bar) Pressure (bar)   Constr. rmsd
   -1.97011e+02   -2.32663e+02    2.19654e-06

           Step           Time
         160000      320.00000

   Energies (kJ/mol)
        G96Bond       G96Angle    Proper Dih.  Improper Dih.          LJ-14
    1.39215e+02    2.86293e+02    9.93797e+01    8.00329e+01    2.95972e+01
     Coulomb-14        LJ (SR)  Disper. corr.   Coulomb (SR)   Coul. recip.
    1.66790e+03    2.12562e+04   -9.96868e+02   -1.45675e+05    9.82071e+02
      Potential    Kinetic En.   Total Energy  Conserved En.    Temperature
   -1.22131e+05    2.40997e+04   -9.80314e+04   -1.11368e+05    3.54452e+02
 Pres. DC (bar) Pressure (bar)   Constr. rmsd
   -1.92878e+02    2.48679e+02    2.27620e-06

           Step           Time
         165000      330.00000

   Energies (kJ/mol)
        G96Bond       G96Angle    Proper Dih.  Improper Dih.          LJ-14
    1.54805e+02    2.66146e+02    8.69144e+01    9.08761e+01    2.43447e+01
     Coulomb-14        LJ (SR)  Disper. corr.   Coulomb (SR)   Coul. recip.
    1.62932e+03    2.14032e+04   -1.00618e+03   -1.46150e+05    9.02970e+02
      Potential    Kinetic En.   Total Energy  Conserved En.    Temperature
   -1.22598e+05    2.42753e+04   -9.83225e+04   -1.11348e+05    3.57035e+02
 Pres. DC (bar) Pressure (bar)   Constr. rmsd
   -1.96493e+02    2.64082e+02    1.77339e-06

           Step           Time
         170000      340.00000

   Energies (kJ/mol)
        G96Bond       G96Angle    Proper Dih.  Improper Dih.          LJ-14
    1.91755e+02    2.19873e+02    9.06644e+01    1.09626e+02    4.02556e+01
     Coulomb-14        LJ (SR)  Disper. corr.   Coulomb (SR)   Coul. recip.
    1.64396e+03    1.99212e+04   -1.00038e+03   -1.43581e+05    9.22017e+02
      Potential    Kinetic En.   Total Energy  Conserved En.    Temperature
   -1.21442e+05    2.48781e+04   -9.65643e+04   -1.11331e+05    3.65900e+02
 Pres. DC (bar) Pressure (bar)   Constr. rmsd
   -1.94236e+02   -4.07978e+02    2.44683e-06

           Step           Time
         175000      350.00000

   Energies (kJ/mol)
        G96Bond       G96Angle    Proper Dih.  Improper Dih.          LJ-14
    2.13145e+02    2.61654e+02    8.72329e+01    7.94986e+01    2.20177e+01
     Coulomb-14        LJ (SR)  Disper. corr.   Coulomb (SR)   Coul. recip.
    1.66174e+03    2.04079e+04   -1.01480e+03   -1.44584e+05    8.67479e+02
      Potential    Kinetic En.   Total Energy  Conserved En.    Temperature
   -1.21998e+05    2.47023e+04   -9.72961e+04   -1.11308e+05    3.63314e+02
 Pres. DC (bar) Pressure (bar)   Constr. rmsd
   -1.99870e+02   -1.21449e+01    3.05178e-06

           Step           Time
         180000      360.00000

   Energies (kJ/mol)
        G96Bond       G96Angle    Proper Dih.  Improper Dih.          LJ-14
    1.70177e+02    2.21972e+02    7.96292e+01    7.30143e+01    5.60278e+01
     Coulomb-14        LJ (SR)  Disper. corr.   Coulomb (SR)   Coul. recip.
    1.66395e+03    2.06216e+04   -1.00067e+03   -1.44999e+05    9.84108e+02
      Potential    Kinetic En.   Total Energy  Conserved En.    Temperature
   -1.22129e+05    2.44249e+04   -9.77043e+04   -1.11263e+05    3.59234e+02
 Pres. DC (bar) Pressure (bar)   Constr. rmsd
   -1.94351e+02   -7.36515e+01    1.53597e-06

           Step           Time
         185000      370.00000

   Energies (kJ/mol)
        G96Bond       G96Angle    Proper Dih.  Improper Dih.          LJ-14
    1.93366e+02    2.76237e+02    8.86993e+01    8.94174e+01    3.42565e+01
     Coulomb-14        LJ (SR)  Disper. corr.   Coulomb (SR)   Coul. recip.
    1.62400e+03    2.05684e+04   -1.01090e+03   -1.45117e+05    9.23942e+02
      Potential    Kinetic En.   Total Energy  Conserved En.    Temperature
   -1.22329e+05    2.46743e+04   -9.76551e+04   -1.11246e+05    3.62903e+02
 Pres. DC (bar) Pressure (bar)   Constr. rmsd
   -1.98339e+02    7.53599e+01    4.16582e-06

           Step           Time
         190000      380.00000

   Energies (kJ/mol)
        G96Bond       G96Angle    Proper Dih.  Improper Dih.          LJ-14
    1.93166e+02    3.33489e+02    8.11873e+01    9.70344e+01    2.87766e+01
     Coulomb-14        LJ (SR)  Disper. corr.   Coulomb (SR)   Coul. recip.
    1.65786e+03    2.01901e+04   -1.00434e+03   -1.44456e+05    9.03070e+02
      Potential    Kinetic En.   Total Energy  Conserved En.    Temperature
   -1.21975e+05    2.48333e+04   -9.71420e+04   -1.11207e+05    3.65241e+02
 Pres. DC (bar) Pressure (bar)   Constr. rmsd
   -1.95778e+02   -1.39822e+02    3.34744e-06

           Step           Time
         195000      390.00000

   Energies (kJ/mol)
        G96Bond       G96Angle    Proper Dih.  Improper Dih.          LJ-14
    1.98690e+02    2.41056e+02    1.12255e+02    8.30675e+01    1.93677e+01
     Coulomb-14        LJ (SR)  Disper. corr.   Coulomb (SR)   Coul. recip.
    1.63175e+03    2.07507e+04   -1.00902e+03   -1.45253e+05    8.71427e+02
      Potential    Kinetic En.   Total Energy  Conserved En.    Temperature
   -1.22354e+05    2.49569e+04   -9.73968e+04   -1.11200e+05    3.67059e+02
 Pres. DC (bar) Pressure (bar)   Constr. rmsd
   -1.97605e+02   -1.48548e+02    2.58124e-06

           Step           Time
         200000      400.00000

   Energies (kJ/mol)
        G96Bond       G96Angle    Proper Dih.  Improper Dih.          LJ-14
    1.90630e+02    2.53868e+02    8.39114e+01    8.96573e+01    4.39092e+01
     Coulomb-14        LJ (SR)  Disper. corr.   Coulomb (SR)   Coul. recip.
    1.67794e+03    2.11624e+04   -1.01502e+03   -1.45463e+05    8.96674e+02
      Potential    Kinetic En.   Total Energy  Conserved En.    Temperature
   -1.22079e+05    2.51697e+04   -9.69091e+04   -1.11177e+05    3.70189e+02
 Pres. DC (bar) Pressure (bar)   Constr. rmsd
   -1.99958e+02    4.45892e+02    4.77549e-06

           Step           Time
         205000      410.00000

   Energies (kJ/mol)
        G96Bond       G96Angle    Proper Dih.  Improper Dih.          LJ-14
    1.41676e+02    2.68406e+02    8.86447e+01    9.58017e+01    2.75067e+01
     Coulomb-14        LJ (SR)  Disper. corr.   Coulomb (SR)   Coul. recip.
    1.65060e+03    2.11835e+04   -1.00171e+03   -1.46266e+05    9.95925e+02
      Potential    Kinetic En.   Total Energy  Conserved En.    Temperature
   -1.22815e+05    2.48924e+04   -9.79227e+04   -1.11162e+05    3.66111e+02
 Pres. DC (bar) Pressure (bar)   Constr. rmsd
   -1.94752e+02    1.28840e+02    2.94479e-06

Writing checkpoint, step 208360 at Wed Apr  3 18:54:49 2024


           Step           Time
         210000      420.00000

   Energies (kJ/mol)
        G96Bond       G96Angle    Proper Dih.  Improper Dih.          LJ-14
    1.47269e+02    2.58478e+02    8.02606e+01    1.05330e+02    6.19354e+01
     Coulomb-14        LJ (SR)  Disper. corr.   Coulomb (SR)   Coul. recip.
    1.67670e+03    2.04539e+04   -1.01370e+03   -1.44590e+05    9.72904e+02
      Potential    Kinetic En.   Total Energy  Conserved En.    Temperature
   -1.21847e+05    2.45138e+04   -9.73335e+04   -1.11146e+05    3.60542e+02
 Pres. DC (bar) Pressure (bar)   Constr. rmsd
   -1.99439e+02    2.76326e+02    5.53519e-06

           Step           Time
         215000      430.00000

   Energies (kJ/mol)
        G96Bond       G96Angle    Proper Dih.  Improper Dih.          LJ-14
    2.18424e+02    2.51110e+02    8.94493e+01    8.21546e+01    2.16776e+01
     Coulomb-14        LJ (SR)  Disper. corr.   Coulomb (SR)   Coul. recip.
    1.67568e+03    1.99795e+04   -9.94256e+02   -1.43951e+05    9.88949e+02
      Potential    Kinetic En.   Total Energy  Conserved En.    Temperature
   -1.21638e+05    2.47145e+04   -9.69236e+04   -1.11126e+05    3.63493e+02
 Pres. DC (bar) Pressure (bar)   Constr. rmsd
   -1.91870e+02   -5.73944e+02    5.28492e-06

           Step           Time
         220000      440.00000

   Energies (kJ/mol)
        G96Bond       G96Angle    Proper Dih.  Improper Dih.          LJ-14
    2.02509e+02    3.02504e+02    9.37247e+01    8.06793e+01    3.14796e+01
     Coulomb-14        LJ (SR)  Disper. corr.   Coulomb (SR)   Coul. recip.
    1.64739e+03    2.07369e+04   -1.00119e+03   -1.45054e+05    9.18431e+02
      Potential    Kinetic En.   Total Energy  Conserved En.    Temperature
   -1.22041e+05    2.45411e+04   -9.75003e+04   -1.11076e+05    3.60943e+02
 Pres. DC (bar) Pressure (bar)   Constr. rmsd
   -1.94551e+02   -1.78879e+02    2.17426e-06

           Step           Time
         225000      450.00000

   Energies (kJ/mol)
        G96Bond       G96Angle    Proper Dih.  Improper Dih.          LJ-14
    1.56290e+02    2.30558e+02    9.72341e+01    7.64791e+01    4.71307e+01
     Coulomb-14        LJ (SR)  Disper. corr.   Coulomb (SR)   Coul. recip.
    1.65802e+03    2.04719e+04   -1.00308e+03   -1.45313e+05    9.26485e+02
      Potential    Kinetic En.   Total Energy  Conserved En.    Temperature
   -1.22652e+05    2.46916e+04   -9.79606e+04   -1.11079e+05    3.63157e+02
 Pres. DC (bar) Pressure (bar)   Constr. rmsd
   -1.95285e+02   -1.87576e+02    2.87077e-06

           Step           Time
         230000      460.00000

   Energies (kJ/mol)
        G96Bond       G96Angle    Proper Dih.  Improper Dih.          LJ-14
    1.58041e+02    2.69442e+02    6.75271e+01    8.94472e+01    1.55995e+01
     Coulomb-14        LJ (SR)  Disper. corr.   Coulomb (SR)   Coul. recip.
    1.66545e+03    2.07321e+04   -1.01818e+03   -1.45536e+05    8.57227e+02
      Potential    Kinetic En.   Total Energy  Conserved En.    Temperature
   -1.22699e+05    2.46545e+04   -9.80449e+04   -1.11043e+05    3.62611e+02
 Pres. DC (bar) Pressure (bar)   Constr. rmsd
   -2.01203e+02    9.67745e+01    2.33799e-06

           Step           Time
         235000      470.00000

   Energies (kJ/mol)
        G96Bond       G96Angle    Proper Dih.  Improper Dih.          LJ-14
    1.58409e+02    2.74467e+02    9.39946e+01    8.25541e+01    1.62856e+01
     Coulomb-14        LJ (SR)  Disper. corr.   Coulomb (SR)   Coul. recip.
    1.62415e+03    2.02475e+04   -1.00332e+03   -1.44432e+05    9.82103e+02
      Potential    Kinetic En.   Total Energy  Conserved En.    Temperature
   -1.21956e+05    2.50330e+04   -9.69226e+04   -1.11016e+05    3.68178e+02
 Pres. DC (bar) Pressure (bar)   Constr. rmsd
   -1.95380e+02   -4.25882e+02    1.93293e-06

           Step           Time
         240000      480.00000

   Energies (kJ/mol)
        G96Bond       G96Angle    Proper Dih.  Improper Dih.          LJ-14
    1.70873e+02    2.65258e+02    9.12537e+01    8.05734e+01    2.38481e+01
     Coulomb-14        LJ (SR)  Disper. corr.   Coulomb (SR)   Coul. recip.
    1.65769e+03    2.06799e+04   -1.01476e+03   -1.44740e+05    9.14380e+02
      Potential    Kinetic En.   Total Energy  Conserved En.    Temperature
   -1.21871e+05    2.45884e+04   -9.72825e+04   -1.10988e+05    3.61639e+02
 Pres. DC (bar) Pressure (bar)   Constr. rmsd
   -1.99854e+02   -5.68809e+01    3.67838e-06

           Step           Time
         245000      490.00000

   Energies (kJ/mol)
        G96Bond       G96Angle    Proper Dih.  Improper Dih.          LJ-14
    1.40573e+02    3.07830e+02    1.16855e+02    9.17025e+01    4.54056e+01
     Coulomb-14        LJ (SR)  Disper. corr.   Coulomb (SR)   Coul. recip.
    1.63914e+03    2.16657e+04   -1.01887e+03   -1.46646e+05    9.15569e+02
      Potential    Kinetic En.   Total Energy  Conserved En.    Temperature
   -1.22742e+05    2.46123e+04   -9.81296e+04   -1.10971e+05    3.61991e+02
 Pres. DC (bar) Pressure (bar)   Constr. rmsd
   -2.01476e+02    5.57483e+02    1.50907e-06

           Step           Time
         250000      500.00000

   Energies (kJ/mol)
        G96Bond       G96Angle    Proper Dih.  Improper Dih.          LJ-14
    1.85497e+02    2.37639e+02    9.75774e+01    1.13042e+02    2.35006e+01
     Coulomb-14        LJ (SR)  Disper. corr.   Coulomb (SR)   Coul. recip.
    1.65437e+03    2.03847e+04   -1.00931e+03   -1.44904e+05    8.91630e+02
      Potential    Kinetic En.   Total Energy  Conserved En.    Temperature
   -1.22325e+05    2.45675e+04   -9.77576e+04   -1.10939e+05    3.61332e+02
 Pres. DC (bar) Pressure (bar)   Constr. rmsd
   -1.97717e+02   -2.44197e+02    1.31430e-06

           Step           Time
         255000      510.00000

   Energies (kJ/mol)
        G96Bond       G96Angle    Proper Dih.  Improper Dih.          LJ-14
    2.07081e+02    2.65825e+02    8.55390e+01    8.41119e+01    1.41610e+01
     Coulomb-14        LJ (SR)  Disper. corr.   Coulomb (SR)   Coul. recip.
    1.65159e+03    2.06411e+04   -9.95573e+02   -1.45036e+05    9.50396e+02
      Potential    Kinetic En.   Total Energy  Conserved En.    Temperature
   -1.22131e+05    2.44662e+04   -9.76652e+04   -1.10921e+05    3.59841e+02
 Pres. DC (bar) Pressure (bar)   Constr. rmsd
   -1.92378e+02   -2.37687e+02    3.46867e-06

           Step           Time
         260000      520.00000

   Energies (kJ/mol)
        G96Bond       G96Angle    Proper Dih.  Improper Dih.          LJ-14
    1.68161e+02    2.76873e+02    7.20543e+01    6.28054e+01    1.67675e+01
     Coulomb-14        LJ (SR)  Disper. corr.   Coulomb (SR)   Coul. recip.
    1.65911e+03    2.08674e+04   -1.00904e+03   -1.45081e+05    1.00391e+03
      Potential    Kinetic En.   Total Energy  Conserved En.    Temperature
   -1.21963e+05    2.44472e+04   -9.75161e+04   -1.10918e+05    3.59562e+02
 Pres. DC (bar) Pressure (bar)   Constr. rmsd
   -1.97612e+02    1.58822e+02    2.53577e-06

           Step           Time
         265000      530.00000

   Energies (kJ/mol)
        G96Bond       G96Angle    Proper Dih.  Improper Dih.          LJ-14
    1.75017e+02    3.33216e+02    7.73010e+01    7.92063e+01    2.64098e+01
     Coulomb-14        LJ (SR)  Disper. corr.   Coulomb (SR)   Coul. recip.
    1.61506e+03    2.07933e+04   -9.99440e+02   -1.44414e+05    8.95419e+02
      Potential    Kinetic En.   Total Energy  Conserved En.    Temperature
   -1.21419e+05    2.48863e+04   -9.65326e+04   -1.10879e+05    3.66021e+02
 Pres. DC (bar) Pressure (bar)   Constr. rmsd
   -1.93873e+02    1.27375e+02    2.27791e-06

           Step           Time
         270000      540.00000

   Energies (kJ/mol)
        G96Bond       G96Angle    Proper Dih.  Improper Dih.          LJ-14
    1.47140e+02    2.85610e+02    1.12990e+02    7.11697e+01    3.26736e+01
     Coulomb-14        LJ (SR)  Disper. corr.   Coulomb (SR)   Coul. recip.
    1.62522e+03    2.05511e+04   -1.01224e+03   -1.45280e+05    9.58764e+02
      Potential    Kinetic En.   Total Energy  Conserved En.    Temperature
   -1.22507e+05    2.45390e+04   -9.79681e+04   -1.10879e+05    3.60913e+02
 Pres. DC (bar) Pressure (bar)   Constr. rmsd
   -1.98865e+02   -3.39356e+02    2.98572e-06

           Step           Time
         275000      550.00000

   Energies (kJ/mol)
        G96Bond       G96Angle    Proper Dih.  Improper Dih.          LJ-14
    1.79299e+02    2.51204e+02    8.70182e+01    9.15099e+01    3.50150e+01
     Coulomb-14        LJ (SR)  Disper. corr.   Coulomb (SR)   Coul. recip.
    1.66631e+03    2.15416e+04   -1.00753e+03   -1.46122e+05    9.26197e+02
      Potential    Kinetic En.   Total Energy  Conserved En.    Temperature
   -1.22351e+05    2.46285e+04   -9.77229e+04   -1.10848e+05    3.62229e+02
 Pres. DC (bar) Pressure (bar)   Constr. rmsd
   -1.97020e+02    5.33447e+02    2.48764e-06

           Step           Time
         280000      560.00000

   Energies (kJ/mol)
        G96Bond       G96Angle    Proper Dih.  Improper Dih.          LJ-14
    1.63531e+02    2.34532e+02    7.62461e+01    8.65157e+01    1.98490e+01
     Coulomb-14        LJ (SR)  Disper. corr.   Coulomb (SR)   Coul. recip.
    1.67322e+03    2.07240e+04   -1.02072e+03   -1.45504e+05    8.65523e+02
      Potential    Kinetic En.   Total Energy  Conserved En.    Temperature
   -1.22681e+05    2.48490e+04   -9.78320e+04   -1.10823e+05    3.65472e+02
 Pres. DC (bar) Pressure (bar)   Constr. rmsd
   -2.02206e+02    5.65121e+01    1.72453e-06

           Step           Time
         285000      570.00000

   Energies (kJ/mol)
        G96Bond       G96Angle    Proper Dih.  Improper Dih.          LJ-14
    1.83598e+02    2.32229e+02    9.39777e+01    6.17529e+01    2.42556e+01
     Coulomb-14        LJ (SR)  Disper. corr.   Coulomb (SR)   Coul. recip.
    1.65383e+03    2.13333e+04   -1.01699e+03   -1.46055e+05    9.62018e+02
      Potential    Kinetic En.   Total Energy  Conserved En.    Temperature
   -1.22527e+05    2.45008e+04   -9.80264e+04   -1.10784e+05    3.60351e+02
 Pres. DC (bar) Pressure (bar)   Constr. rmsd
   -2.00732e+02    4.27093e+02    1.67203e-06

           Step           Time
         290000      580.00000

   Energies (kJ/mol)
        G96Bond       G96Angle    Proper Dih.  Improper Dih.          LJ-14
    1.55420e+02    2.54013e+02    6.99807e+01    1.07489e+02    2.71535e+01
     Coulomb-14        LJ (SR)  Disper. corr.   Coulomb (SR)   Coul. recip.
    1.63798e+03    2.00920e+04   -9.95273e+02   -1.44102e+05    9.33971e+02
      Potential    Kinetic En.   Total Energy  Conserved En.    Temperature
   -1.21819e+05    2.47035e+04   -9.71160e+04   -1.10770e+05    3.63332e+02
 Pres. DC (bar) Pressure (bar)   Constr. rmsd
   -1.92262e+02   -5.45648e+02    1.62456e-06

           Step           Time
         295000      590.00000

   Energies (kJ/mol)
        G96Bond       G96Angle    Proper Dih.  Improper Dih.          LJ-14
    1.67461e+02    3.14991e+02    7.81638e+01    8.41190e+01    1.82291e+01
     Coulomb-14        LJ (SR)  Disper. corr.   Coulomb (SR)   Coul. recip.
    1.58816e+03    2.08405e+04   -1.00263e+03   -1.44922e+05    9.38342e+02
      Potential    Kinetic En.   Total Energy  Conserved En.    Temperature
   -1.21895e+05    2.47442e+04   -9.71503e+04   -1.10748e+05    3.63931e+02
 Pres. DC (bar) Pressure (bar)   Constr. rmsd
   -1.95110e+02   -3.77422e+01    1.59157e-06

           Step           Time
         300000      600.00000

   Energies (kJ/mol)
        G96Bond       G96Angle    Proper Dih.  Improper Dih.          LJ-14
    2.19920e+02    3.02878e+02    9.37460e+01    1.00101e+02    1.85283e+01
     Coulomb-14        LJ (SR)  Disper. corr.   Coulomb (SR)   Coul. recip.
    1.63563e+03    2.14291e+04   -1.01744e+03   -1.45675e+05    9.65624e+02
      Potential    Kinetic En.   Total Energy  Conserved En.    Temperature
   -1.21927e+05    2.48878e+04   -9.70395e+04   -1.10718e+05    3.66043e+02
 Pres. DC (bar) Pressure (bar)   Constr. rmsd
   -2.00912e+02    5.51156e+02    1.46546e-06

           Step           Time
         305000      610.00000

   Energies (kJ/mol)
        G96Bond       G96Angle    Proper Dih.  Improper Dih.          LJ-14
    1.59626e+02    2.81590e+02    7.51710e+01    7.15086e+01    3.61732e+01
     Coulomb-14        LJ (SR)  Disper. corr.   Coulomb (SR)   Coul. recip.
    1.69712e+03    2.07413e+04   -1.01705e+03   -1.45635e+05    9.49730e+02
      Potential    Kinetic En.   Total Energy  Conserved En.    Temperature
   -1.22640e+05    2.45833e+04   -9.80568e+04   -1.10689e+05    3.61564e+02
 Pres. DC (bar) Pressure (bar)   Constr. rmsd
   -2.00758e+02    6.61273e+01    2.71530e-06

           Step           Time
         310000      620.00000

   Energies (kJ/mol)
        G96Bond       G96Angle    Proper Dih.  Improper Dih.          LJ-14
    1.56083e+02    2.67706e+02    8.80213e+01    8.68883e+01    2.39720e+01
     Coulomb-14        LJ (SR)  Disper. corr.   Coulomb (SR)   Coul. recip.
    1.68017e+03    2.15320e+04   -1.00256e+03   -1.45974e+05    9.77127e+02
      Potential    Kinetic En.   Total Energy  Conserved En.    Temperature
   -1.22165e+05    2.44215e+04   -9.77431e+04   -1.10657e+05    3.59185e+02
 Pres. DC (bar) Pressure (bar)   Constr. rmsd
   -1.95083e+02    4.83167e+02    1.50936e-06

           Step           Time
         315000      630.00000

   Energies (kJ/mol)
        G96Bond       G96Angle    Proper Dih.  Improper Dih.          LJ-14
    2.20635e+02    2.66315e+02    7.65431e+01    1.00915e+02    1.99738e+01
     Coulomb-14        LJ (SR)  Disper. corr.   Coulomb (SR)   Coul. recip.
    1.65765e+03    2.02303e+04   -1.01030e+03   -1.44851e+05    9.28277e+02
      Potential    Kinetic En.   Total Energy  Conserved En.    Temperature
   -1.22361e+05    2.46882e+04   -9.76724e+04   -1.10631e+05    3.63108e+02
 Pres. DC (bar) Pressure (bar)   Constr. rmsd
   -1.98104e+02   -2.57609e+02    1.65350e-06

           Step           Time
         320000      640.00000

   Energies (kJ/mol)
        G96Bond       G96Angle    Proper Dih.  Improper Dih.          LJ-14
    1.63263e+02    2.45398e+02    1.00861e+02    8.99030e+01    3.69239e+01
     Coulomb-14        LJ (SR)  Disper. corr.   Coulomb (SR)   Coul. recip.
    1.66943e+03    2.02759e+04   -1.00249e+03   -1.43906e+05    9.51127e+02
      Potential    Kinetic En.   Total Energy  Conserved En.    Temperature
   -1.21376e+05    2.43493e+04   -9.70264e+04   -1.10619e+05    3.58123e+02
 Pres. DC (bar) Pressure (bar)   Constr. rmsd
   -1.95057e+02   -1.51380e+02    2.17373e-06

           Step           Time
         325000      650.00000

   Energies (kJ/mol)
        G96Bond       G96Angle    Proper Dih.  Improper Dih.          LJ-14
    1.50389e+02    2.76511e+02    9.54162e+01    9.04983e+01    1.37164e+01
     Coulomb-14        LJ (SR)  Disper. corr.   Coulomb (SR)   Coul. recip.
    1.68712e+03    2.10077e+04   -1.00891e+03   -1.45462e+05    9.11168e+02
      Potential    Kinetic En.   Total Energy  Conserved En.    Temperature
   -1.22239e+05    2.44007e+04   -9.78379e+04   -1.10604e+05    3.58879e+02
 Pres. DC (bar) Pressure (bar)   Constr. rmsd
   -1.97559e+02    1.78460e+02    2.54626e-06

           Step           Time
         330000      660.00000

   Energies (kJ/mol)
        G96Bond       G96Angle    Proper Dih.  Improper Dih.          LJ-14
    1.72495e+02    2.69689e+02    7.60038e+01    6.17819e+01    3.12855e+01
     Coulomb-14        LJ (SR)  Disper. corr.   Coulomb (SR)   Coul. recip.
    1.65797e+03    2.10508e+04   -1.00743e+03   -1.45921e+05    8.86351e+02
      Potential    Kinetic En.   Total Energy  Conserved En.    Temperature
   -1.22722e+05    2.53181e+04   -9.74038e+04   -1.10598e+05    3.72371e+02
 Pres. DC (bar) Pressure (bar)   Constr. rmsd
   -1.96983e+02    1.81543e+02    1.02318e-06

           Step           Time
         335000      670.00000

   Energies (kJ/mol)
        G96Bond       G96Angle    Proper Dih.  Improper Dih.          LJ-14
    1.71904e+02    3.05082e+02    8.67902e+01    9.20175e+01    2.83015e+01
     Coulomb-14        LJ (SR)  Disper. corr.   Coulomb (SR)   Coul. recip.
    1.62764e+03    2.05998e+04   -1.00408e+03   -1.44552e+05    9.27684e+02
      Potential    Kinetic En.   Total Energy  Conserved En.    Temperature
   -1.21717e+05    2.47378e+04   -9.69794e+04   -1.10570e+05    3.63837e+02
 Pres. DC (bar) Pressure (bar)   Constr. rmsd
   -1.95674e+02   -6.88737e+00    1.32039e-06

           Step           Time
         340000      680.00000

   Energies (kJ/mol)
        G96Bond       G96Angle    Proper Dih.  Improper Dih.          LJ-14
    1.86737e+02    2.56006e+02    1.04167e+02    8.55365e+01    9.76958e+00
     Coulomb-14        LJ (SR)  Disper. corr.   Coulomb (SR)   Coul. recip.
    1.63214e+03    2.02498e+04   -9.99175e+02   -1.44393e+05    9.39433e+02
      Potential    Kinetic En.   Total Energy  Conserved En.    Temperature
   -1.21929e+05    2.48096e+04   -9.71192e+04   -1.10555e+05    3.64892e+02
 Pres. DC (bar) Pressure (bar)   Constr. rmsd
   -1.93771e+02   -4.10663e+02    1.49997e-06

           Step           Time
         345000      690.00000

   Energies (kJ/mol)
        G96Bond       G96Angle    Proper Dih.  Improper Dih.          LJ-14
    1.83201e+02    3.11946e+02    8.88731e+01    9.34828e+01    3.42361e+01
     Coulomb-14        LJ (SR)  Disper. corr.   Coulomb (SR)   Coul. recip.
    1.63696e+03    2.05723e+04   -1.00641e+03   -1.44862e+05    9.09668e+02
      Potential    Kinetic En.   Total Energy  Conserved En.    Temperature
   -1.22038e+05    2.46670e+04   -9.73712e+04   -1.10541e+05    3.62795e+02
 Pres. DC (bar) Pressure (bar)   Constr. rmsd
   -1.96583e+02    4.66050e+00    4.21333e-06

           Step           Time
         350000      700.00000

   Energies (kJ/mol)
        G96Bond       G96Angle    Proper Dih.  Improper Dih.          LJ-14
    1.78976e+02    2.82672e+02    8.56265e+01    8.04694e+01    2.52992e+01
     Coulomb-14        LJ (SR)  Disper. corr.   Coulomb (SR)   Coul. recip.
    1.64490e+03    2.11946e+04   -9.98362e+02   -1.46187e+05    9.40175e+02
      Potential    Kinetic En.   Total Energy  Conserved En.    Temperature
   -1.22753e+05    2.50003e+04   -9.77522e+04   -1.10523e+05    3.67697e+02
 Pres. DC (bar) Pressure (bar)   Constr. rmsd
   -1.93456e+02   -1.77721e+02    1.57025e-06

           Step           Time
         355000      710.00000

   Energies (kJ/mol)
        G96Bond       G96Angle    Proper Dih.  Improper Dih.          LJ-14
    1.63239e+02    2.75254e+02    9.13023e+01    8.07196e+01    2.20698e+01
     Coulomb-14        LJ (SR)  Disper. corr.   Coulomb (SR)   Coul. recip.
    1.63697e+03    2.09936e+04   -1.00843e+03   -1.45349e+05    9.35988e+02
      Potential    Kinetic En.   Total Energy  Conserved En.    Temperature
   -1.22159e+05    2.49461e+04   -9.72124e+04   -1.10501e+05    3.66901e+02
 Pres. DC (bar) Pressure (bar)   Constr. rmsd
   -1.97373e+02    1.44698e+02    2.48828e-06

           Step           Time
         360000      720.00000

   Energies (kJ/mol)
        G96Bond       G96Angle    Proper Dih.  Improper Dih.          LJ-14
    1.57279e+02    2.81159e+02    1.05903e+02    7.44605e+01    2.81099e+01
     Coulomb-14        LJ (SR)  Disper. corr.   Coulomb (SR)   Coul. recip.
    1.63635e+03    2.14947e+04   -1.00759e+03   -1.46575e+05    9.42920e+02
      Potential    Kinetic En.   Total Energy  Conserved En.    Temperature
   -1.22862e+05    2.48076e+04   -9.80545e+04   -1.10469e+05    3.64863e+02
 Pres. DC (bar) Pressure (bar)   Constr. rmsd
   -1.97044e+02    2.15289e+02    4.45750e-06

           Step           Time
         365000      730.00000

   Energies (kJ/mol)
        G96Bond       G96Angle    Proper Dih.  Improper Dih.          LJ-14
    1.50231e+02    2.79963e+02    1.07459e+02    8.54019e+01    1.81168e+01
     Coulomb-14        LJ (SR)  Disper. corr.   Coulomb (SR)   Coul. recip.
    1.67507e+03    2.11296e+04   -1.01587e+03   -1.45758e+05    9.72598e+02
      Potential    Kinetic En.   Total Energy  Conserved En.    Temperature
   -1.22355e+05    2.51077e+04   -9.72476e+04   -1.10447e+05    3.69278e+02
 Pres. DC (bar) Pressure (bar)   Constr. rmsd
   -2.00292e+02    3.86205e+02    5.53528e-06

           Step           Time
         370000      740.00000

   Energies (kJ/mol)
        G96Bond       G96Angle    Proper Dih.  Improper Dih.          LJ-14
    1.69224e+02    2.84824e+02    6.90589e+01    1.19199e+02    3.90605e+01
     Coulomb-14        LJ (SR)  Disper. corr.   Coulomb (SR)   Coul. recip.
    1.61745e+03    2.09503e+04   -1.00754e+03   -1.45175e+05    9.44292e+02
      Potential    Kinetic En.   Total Energy  Conserved En.    Temperature
   -1.21989e+05    2.50014e+04   -9.69874e+04   -1.10429e+05    3.67713e+02
 Pres. DC (bar) Pressure (bar)   Constr. rmsd
   -1.97023e+02    4.54161e+02    1.72205e-06

           Step           Time
         375000      750.00000

   Energies (kJ/mol)
        G96Bond       G96Angle    Proper Dih.  Improper Dih.          LJ-14
    1.74937e+02    2.88903e+02    7.53809e+01    8.51019e+01    2.12762e+01
     Coulomb-14        LJ (SR)  Disper. corr.   Coulomb (SR)   Coul. recip.
    1.63825e+03    2.09243e+04   -1.00514e+03   -1.45285e+05    8.92832e+02
      Potential    Kinetic En.   Total Energy  Conserved En.    Temperature
   -1.22189e+05    2.53274e+04   -9.68620e+04   -1.10417e+05    3.72508e+02
 Pres. DC (bar) Pressure (bar)   Constr. rmsd
   -1.96089e+02    9.66519e+01    5.06135e-06

           Step           Time
         380000      760.00000

   Energies (kJ/mol)
        G96Bond       G96Angle    Proper Dih.  Improper Dih.          LJ-14
    1.54179e+02    2.63560e+02    8.89924e+01    8.44271e+01    3.20165e+01
     Coulomb-14        LJ (SR)  Disper. corr.   Coulomb (SR)   Coul. recip.
    1.66852e+03    2.05802e+04   -1.01260e+03   -1.45027e+05    9.26444e+02
      Potential    Kinetic En.   Total Energy  Conserved En.    Temperature
   -1.22242e+05    2.47179e+04   -9.75239e+04   -1.10381e+05    3.63544e+02
 Pres. DC (bar) Pressure (bar)   Constr. rmsd
   -1.99007e+02   -7.83620e+01    1.57492e-06

           Step           Time
         385000      770.00000

   Energies (kJ/mol)
        G96Bond       G96Angle    Proper Dih.  Improper Dih.          LJ-14
    1.37328e+02    2.51137e+02    9.58006e+01    6.61382e+01    1.55816e+01
     Coulomb-14        LJ (SR)  Disper. corr.   Coulomb (SR)   Coul. recip.
    1.62294e+03    2.10245e+04   -1.00130e+03   -1.45917e+05    8.72708e+02
      Potential    Kinetic En.   Total Energy  Conserved En.    Temperature
   -1.22832e+05    2.46375e+04   -9.81945e+04   -1.10362e+05    3.62361e+02
 Pres. DC (bar) Pressure (bar)   Constr. rmsd
   -1.94595e+02   -4.47514e+01    2.40707e-06

           Step           Time
         390000      780.00000

   Energies (kJ/mol)
        G96Bond       G96Angle    Proper Dih.  Improper Dih.          LJ-14
    1.92927e+02    3.07663e+02    8.96432e+01    8.23210e+01    1.16759e+01
     Coulomb-14        LJ (SR)  Disper. corr.   Coulomb (SR)   Coul. recip.
    1.62044e+03    2.10465e+04   -1.01588e+03   -1.45655e+05    9.12220e+02
      Potential    Kinetic En.   Total Energy  Conserved En.    Temperature
   -1.22407e+05    2.46831e+04   -9.77239e+04   -1.10329e+05    3.63032e+02
 Pres. DC (bar) Pressure (bar)   Constr. rmsd
   -2.00297e+02    3.88208e+02    4.04543e-06

           Step           Time
         395000      790.00000

   Energies (kJ/mol)
        G96Bond       G96Angle    Proper Dih.  Improper Dih.          LJ-14
    1.58624e+02    2.47173e+02    9.32650e+01    8.25361e+01    4.72862e+01
     Coulomb-14        LJ (SR)  Disper. corr.   Coulomb (SR)   Coul. recip.
    1.65811e+03    2.04062e+04   -1.00827e+03   -1.45491e+05    9.32382e+02
      Potential    Kinetic En.   Total Energy  Conserved En.    Temperature
   -1.22874e+05    2.49647e+04   -9.79091e+04   -1.10317e+05    3.67174e+02
 Pres. DC (bar) Pressure (bar)   Constr. rmsd
   -1.97310e+02   -2.44665e+02    2.77865e-06

           Step           Time
         400000      800.00000

   Energies (kJ/mol)
        G96Bond       G96Angle    Proper Dih.  Improper Dih.          LJ-14
    1.36999e+02    2.94428e+02    1.14351e+02    1.15021e+02    3.70555e+01
     Coulomb-14        LJ (SR)  Disper. corr.   Coulomb (SR)   Coul. recip.
    1.62214e+03    2.09678e+04   -1.02027e+03   -1.45582e+05    9.16672e+02
      Potential    Kinetic En.   Total Energy  Conserved En.    Temperature
   -1.22398e+05    2.45903e+04   -9.78077e+04   -1.10268e+05    3.61667e+02
 Pres. DC (bar) Pressure (bar)   Constr. rmsd
   -2.02030e+02    2.45234e+02    1.42866e-06

           Step           Time
         405000      810.00000

   Energies (kJ/mol)
        G96Bond       G96Angle    Proper Dih.  Improper Dih.          LJ-14
    1.63554e+02    2.78688e+02    9.31130e+01    7.60207e+01    2.58462e+01
     Coulomb-14        LJ (SR)  Disper. corr.   Coulomb (SR)   Coul. recip.
    1.63039e+03    1.97555e+04   -1.00558e+03   -1.43999e+05    9.71685e+02
      Potential    Kinetic En.   Total Energy  Conserved En.    Temperature
   -1.22010e+05    2.47345e+04   -9.72756e+04   -1.10254e+05    3.63788e+02
 Pres. DC (bar) Pressure (bar)   Constr. rmsd
   -1.96259e+02   -4.91155e+02    2.14335e-06

           Step           Time
         410000      820.00000

   Energies (kJ/mol)
        G96Bond       G96Angle    Proper Dih.  Improper Dih.          LJ-14
    1.91170e+02    2.37717e+02    9.25309e+01    7.30335e+01    2.26990e+01
     Coulomb-14        LJ (SR)  Disper. corr.   Coulomb (SR)   Coul. recip.
    1.60868e+03    2.12022e+04   -9.91900e+02   -1.45493e+05    9.38222e+02
      Potential    Kinetic En.   Total Energy  Conserved En.    Temperature
   -1.22118e+05    2.46315e+04   -9.74868e+04   -1.10233e+05    3.62274e+02
 Pres. DC (bar) Pressure (bar)   Constr. rmsd
   -1.90963e+02    1.11402e+02    2.01635e-06

           Step           Time
         415000      830.00000

   Energies (kJ/mol)
        G96Bond       G96Angle    Proper Dih.  Improper Dih.          LJ-14
    2.13454e+02    2.74612e+02    1.29373e+02    8.59724e+01   -1.68841e+00
     Coulomb-14        LJ (SR)  Disper. corr.   Coulomb (SR)   Coul. recip.
    1.65124e+03    2.06431e+04   -1.01028e+03   -1.45592e+05    8.93057e+02
      Potential    Kinetic En.   Total Energy  Conserved En.    Temperature
   -1.22713e+05    2.45611e+04   -9.81522e+04   -1.10223e+05    3.61238e+02
 Pres. DC (bar) Pressure (bar)   Constr. rmsd
   -1.98097e+02   -3.27191e+02    4.34529e-06

           Step           Time
         420000      840.00000

   Energies (kJ/mol)
        G96Bond       G96Angle    Proper Dih.  Improper Dih.          LJ-14
    1.91356e+02    2.58381e+02    1.00387e+02    9.34435e+01    3.10221e+01
     Coulomb-14        LJ (SR)  Disper. corr.   Coulomb (SR)   Coul. recip.
    1.63069e+03    2.14961e+04   -1.00726e+03   -1.45309e+05    9.37462e+02
      Potential    Kinetic En.   Total Energy  Conserved En.    Temperature
   -1.21578e+05    2.45340e+04   -9.70436e+04   -1.10196e+05    3.60840e+02
 Pres. DC (bar) Pressure (bar)   Constr. rmsd
   -1.96917e+02    4.59499e+02    2.29720e-06

           Step           Time
         425000      850.00000

   Energies (kJ/mol)
        G96Bond       G96Angle    Proper Dih.  Improper Dih.          LJ-14
    2.02041e+02    2.60527e+02    8.14820e+01    7.09315e+01    2.75895e+01
     Coulomb-14        LJ (SR)  Disper. corr.   Coulomb (SR)   Coul. recip.
    1.62887e+03    2.07060e+04   -1.00603e+03   -1.44669e+05    9.17935e+02
      Potential    Kinetic En.   Total Energy  Conserved En.    Temperature
   -1.21779e+05    2.43843e+04   -9.73951e+04   -1.10181e+05    3.58637e+02
 Pres. DC (bar) Pressure (bar)   Constr. rmsd
   -1.96433e+02    2.50146e+00    2.77545e-06

           Step           Time
         430000      860.00000

   Energies (kJ/mol)
        G96Bond       G96Angle    Proper Dih.  Improper Dih.          LJ-14
    1.50446e+02    2.47832e+02    6.75609e+01    6.17742e+01    4.04759e+01
     Coulomb-14        LJ (SR)  Disper. corr.   Coulomb (SR)   Coul. recip.
    1.65255e+03    2.04882e+04   -1.00474e+03   -1.44836e+05    8.83701e+02
      Potential    Kinetic En.   Total Energy  Conserved En.    Temperature
   -1.22248e+05    2.45384e+04   -9.77094e+04   -1.10162e+05    3.60904e+02
 Pres. DC (bar) Pressure (bar)   Constr. rmsd
   -1.95934e+02    8.10084e+01    2.70534e-06

           Step           Time
         435000      870.00000

   Energies (kJ/mol)
        G96Bond       G96Angle    Proper Dih.  Improper Dih.          LJ-14
    1.62303e+02    2.55307e+02    9.62196e+01    1.02268e+02    1.43068e+01
     Coulomb-14        LJ (SR)  Disper. corr.   Coulomb (SR)   Coul. recip.
    1.63663e+03    2.02252e+04   -9.91257e+02   -1.44264e+05    9.45072e+02
      Potential    Kinetic En.   Total Energy  Conserved En.    Temperature
   -1.21818e+05    2.46010e+04   -9.72167e+04   -1.10139e+05    3.61824e+02
 Pres. DC (bar) Pressure (bar)   Constr. rmsd
   -1.90716e+02   -4.10755e+02    4.23866e-06

           Step           Time
         440000      880.00000

   Energies (kJ/mol)
        G96Bond       G96Angle    Proper Dih.  Improper Dih.          LJ-14
    1.74194e+02    2.63904e+02    8.54163e+01    7.60863e+01    4.38692e+01
     Coulomb-14        LJ (SR)  Disper. corr.   Coulomb (SR)   Coul. recip.
    1.67994e+03    2.03180e+04   -1.01497e+03   -1.44861e+05    9.23113e+02
      Potential    Kinetic En.   Total Energy  Conserved En.    Temperature
   -1.22311e+05    2.46748e+04   -9.76364e+04   -1.10105e+05    3.62910e+02
 Pres. DC (bar) Pressure (bar)   Constr. rmsd
   -1.99938e+02   -7.18327e+01    3.01952e-06

           Step           Time
         445000      890.00000

   Energies (kJ/mol)
        G96Bond       G96Angle    Proper Dih.  Improper Dih.          LJ-14
    1.68728e+02    2.43027e+02    8.86388e+01    1.22956e+02    6.30990e+01
     Coulomb-14        LJ (SR)  Disper. corr.   Coulomb (SR)   Coul. recip.
    1.64278e+03    2.08914e+04   -1.00407e+03   -1.44962e+05    9.40644e+02
      Potential    Kinetic En.   Total Energy  Conserved En.    Temperature
   -1.21805e+05    2.45043e+04   -9.73005e+04   -1.10086e+05    3.60402e+02
 Pres. DC (bar) Pressure (bar)   Constr. rmsd
   -1.95670e+02    1.23733e+02    2.68035e-06

           Step           Time
         450000      900.00000

   Energies (kJ/mol)
        G96Bond       G96Angle    Proper Dih.  Improper Dih.          LJ-14
    1.64932e+02    2.16326e+02    8.13847e+01    6.80316e+01    4.98284e+01
     Coulomb-14        LJ (SR)  Disper. corr.   Coulomb (SR)   Coul. recip.
    1.64181e+03    2.09727e+04   -1.01121e+03   -1.45621e+05    9.21456e+02
      Potential    Kinetic En.   Total Energy  Conserved En.    Temperature
   -1.22516e+05    2.44634e+04   -9.80524e+04   -1.10060e+05    3.59800e+02
 Pres. DC (bar) Pressure (bar)   Constr. rmsd
   -1.98462e+02    8.93737e+01    1.73400e-06

           Step           Time
         455000      910.00000

   Energies (kJ/mol)
        G96Bond       G96Angle    Proper Dih.  Improper Dih.          LJ-14
    1.87486e+02    2.88482e+02    1.01967e+02    6.40749e+01    9.59750e+00
     Coulomb-14        LJ (SR)  Disper. corr.   Coulomb (SR)   Coul. recip.
    1.63999e+03    1.93965e+04   -9.97669e+02   -1.43597e+05    9.50081e+02
      Potential    Kinetic En.   Total Energy  Conserved En.    Temperature
   -1.21957e+05    2.46944e+04   -9.72623e+04   -1.10046e+05    3.63198e+02
 Pres. DC (bar) Pressure (bar)   Constr. rmsd
   -1.93188e+02   -8.32466e+02    1.94809e-06

           Step           Time
         460000      920.00000

   Energies (kJ/mol)
        G96Bond       G96Angle    Proper Dih.  Improper Dih.          LJ-14
    2.01826e+02    2.50868e+02    1.16442e+02    7.20569e+01    3.50609e+01
     Coulomb-14        LJ (SR)  Disper. corr.   Coulomb (SR)   Coul. recip.
    1.65454e+03    2.04614e+04   -9.95243e+02   -1.44742e+05    9.33410e+02
      Potential    Kinetic En.   Total Energy  Conserved En.    Temperature
   -1.22012e+05    2.48136e+04   -9.71981e+04   -1.10023e+05    3.64952e+02
 Pres. DC (bar) Pressure (bar)   Constr. rmsd
   -1.92251e+02   -3.37954e+02    1.30734e-06

           Step           Time
         465000      930.00000

   Energies (kJ/mol)
        G96Bond       G96Angle    Proper Dih.  Improper Dih.          LJ-14
    2.19697e+02    2.92346e+02    8.47784e+01    8.31472e+01   -4.36902e+00
     Coulomb-14        LJ (SR)  Disper. corr.   Coulomb (SR)   Coul. recip.
    1.65517e+03    2.12683e+04   -1.01649e+03   -1.45654e+05    9.98123e+02
      Potential    Kinetic En.   Total Energy  Conserved En.    Temperature
   -1.22074e+05    2.46877e+04   -9.73858e+04   -1.09989e+05    3.63099e+02
 Pres. DC (bar) Pressure (bar)   Constr. rmsd
   -2.00535e+02    3.69280e+02    1.13359e-06

           Step           Time
         470000      940.00000

   Energies (kJ/mol)
        G96Bond       G96Angle    Proper Dih.  Improper Dih.          LJ-14
    1.75920e+02    2.91394e+02    9.85243e+01    9.38524e+01    2.63707e+01
     Coulomb-14        LJ (SR)  Disper. corr.   Coulomb (SR)   Coul. recip.
    1.65364e+03    2.11400e+04   -1.01110e+03   -1.45112e+05    9.61063e+02
      Potential    Kinetic En.   Total Energy  Conserved En.    Temperature
   -1.21683e+05    2.52795e+04   -9.64032e+04   -1.09987e+05    3.71804e+02
 Pres. DC (bar) Pressure (bar)   Constr. rmsd
   -1.98420e+02    2.13156e+02    3.06409e-06

           Step           Time
         475000      950.00000

   Energies (kJ/mol)
        G96Bond       G96Angle    Proper Dih.  Improper Dih.          LJ-14
    1.85667e+02    2.48847e+02    7.99047e+01    7.98139e+01    4.61744e+01
     Coulomb-14        LJ (SR)  Disper. corr.   Coulomb (SR)   Coul. recip.
    1.65944e+03    2.09920e+04   -1.00353e+03   -1.45366e+05    9.68467e+02
      Potential    Kinetic En.   Total Energy  Conserved En.    Temperature
   -1.22110e+05    2.41687e+04   -9.79409e+04   -1.09955e+05    3.55466e+02
 Pres. DC (bar) Pressure (bar)   Constr. rmsd
   -1.95462e+02    1.07987e+02    3.91724e-06

Writing checkpoint, step 477760 at Wed Apr  3 19:09:49 2024


           Step           Time
         480000      960.00000

   Energies (kJ/mol)
        G96Bond       G96Angle    Proper Dih.  Improper Dih.          LJ-14
    1.68352e+02    2.70049e+02    7.25263e+01    8.40279e+01    3.88469e+01
     Coulomb-14        LJ (SR)  Disper. corr.   Coulomb (SR)   Coul. recip.
    1.62879e+03    2.07901e+04   -1.01490e+03   -1.45627e+05    8.94096e+02
      Potential    Kinetic En.   Total Energy  Conserved En.    Temperature
   -1.22695e+05    2.51309e+04   -9.75645e+04   -1.09931e+05    3.69619e+02
 Pres. DC (bar) Pressure (bar)   Constr. rmsd
   -1.99909e+02    1.57350e+02    1.88402e-06

           Step           Time
         485000      970.00000

   Energies (kJ/mol)
        G96Bond       G96Angle    Proper Dih.  Improper Dih.          LJ-14
    1.83438e+02    2.54001e+02    8.50133e+01    9.80881e+01    6.02264e+01
     Coulomb-14        LJ (SR)  Disper. corr.   Coulomb (SR)   Coul. recip.
    1.63249e+03    2.06172e+04   -1.01255e+03   -1.45275e+05    9.09291e+02
      Potential    Kinetic En.   Total Energy  Conserved En.    Temperature
   -1.22448e+05    2.46181e+04   -9.78297e+04   -1.09897e+05    3.62076e+02
 Pres. DC (bar) Pressure (bar)   Constr. rmsd
   -1.98985e+02    7.69631e+00    1.18137e-06

           Step           Time
         490000      980.00000

   Energies (kJ/mol)
        G96Bond       G96Angle    Proper Dih.  Improper Dih.          LJ-14
    2.07239e+02    2.57735e+02    9.56915e+01    1.05322e+02    2.78779e+01
     Coulomb-14        LJ (SR)  Disper. corr.   Coulomb (SR)   Coul. recip.
    1.62193e+03    2.11463e+04   -1.00796e+03   -1.45021e+05    9.77635e+02
      Potential    Kinetic En.   Total Energy  Conserved En.    Temperature
   -1.21589e+05    2.46861e+04   -9.69032e+04   -1.09882e+05    3.63076e+02
 Pres. DC (bar) Pressure (bar)   Constr. rmsd
   -1.97187e+02    2.53966e+02    2.60163e-06

           Step           Time
         495000      990.00000

   Energies (kJ/mol)
        G96Bond       G96Angle    Proper Dih.  Improper Dih.          LJ-14
    1.65417e+02    2.77451e+02    9.88846e+01    1.04561e+02    3.19240e+01
     Coulomb-14        LJ (SR)  Disper. corr.   Coulomb (SR)   Coul. recip.
    1.64391e+03    2.06889e+04   -1.01172e+03   -1.44518e+05    9.31801e+02
      Potential    Kinetic En.   Total Energy  Conserved En.    Temperature
   -1.21587e+05    2.48033e+04   -9.67834e+04   -1.09855e+05    3.64800e+02
 Pres. DC (bar) Pressure (bar)   Constr. rmsd
   -1.98661e+02    1.15787e+02    1.34306e-06

           Step           Time
         500000     1000.00000

Writing checkpoint, step 500000 at Wed Apr  3 19:11:02 2024


   Energies (kJ/mol)
        G96Bond       G96Angle    Proper Dih.  Improper Dih.          LJ-14
    1.76977e+02    2.99003e+02    1.22710e+02    9.79098e+01    1.30340e+01
     Coulomb-14        LJ (SR)  Disper. corr.   Coulomb (SR)   Coul. recip.
    1.62777e+03    2.08211e+04   -1.01937e+03   -1.45465e+05    8.64960e+02
      Potential    Kinetic En.   Total Energy  Conserved En.    Temperature
   -1.22461e+05    2.45050e+04   -9.79560e+04   -1.09836e+05    3.60413e+02
 Pres. DC (bar) Pressure (bar)   Constr. rmsd
   -2.01674e+02    2.75351e+02    1.81606e-06


Energy conservation over simulation part #1 of length 1000 ns, time 0 to 1000 ns
  Conserved energy drift: 2.78e-04 kJ/mol/ps per atom


	<======  ###############  ==>
	<====  A V E R A G E S  ====>
	<==  ###############  ======>

	Statistics over 500001 steps using 5001 frames

   Energies (kJ/mol)
        G96Bond       G96Angle    Proper Dih.  Improper Dih.          LJ-14
    1.74001e+02    2.71399e+02    9.30779e+01    8.57199e+01    2.80124e+01
     Coulomb-14        LJ (SR)  Disper. corr.   Coulomb (SR)   Coul. recip.
    1.64221e+03    2.07522e+04   -1.00636e+03   -1.45100e+05    9.37926e+02
      Potential    Kinetic En.   Total Energy  Conserved En.    Temperature
   -1.22122e+05    2.46701e+04   -9.74516e+04   -1.10969e+05    3.62841e+02
 Pres. DC (bar) Pressure (bar)   Constr. rmsd
   -1.96573e+02    3.97240e+00    0.00000e+00

          Box-X          Box-Y          Box-Z
    4.39897e+00    4.39897e+00    4.39897e+00

   Total Virial (kJ/mol)
    8.20910e+03   -9.97309e+00   -8.25784e+00
   -9.97505e+00    8.20936e+03    6.95801e+00
   -8.25702e+00    6.95275e+00    8.22691e+03

   Pressure (bar)
    6.49481e+00    2.25611e+00    1.58162e+00
    2.25688e+00    5.90698e+00   -4.12365e+00
    1.58129e+00   -4.12160e+00   -4.84595e-01

      T-Protein  T-non-Protein
    3.62630e+02    3.62846e+02


	M E G A - F L O P S   A C C O U N T I N G

 NB=Group-cutoff nonbonded kernels    NxN=N-by-N cluster Verlet kernels
 RF=Reaction-Field  VdW=Van der Waals  QSTab=quadratic-spline table
 W3=SPC/TIP3p  W4=TIP4p (single or pairs)
 V&F=Potential and force  V=Potential only  F=Force only

 Computing:                               M-Number         M-Flops  % Flops
-----------------------------------------------------------------------------
 Pair Search distance check           31688.776574      285198.989     0.4
 NxN QSTab Elec. + LJ [F]           1008580.605488    41351804.825    51.0
 NxN QSTab Elec. + LJ [V&F]           10189.593048      601185.990     0.7
 NxN LJ [F]                             117.344320        3872.363     0.0
 NxN LJ [V&F]                             1.210560          52.054     0.0
 NxN QSTab Elec. [F]                 961445.920864    32689161.309    40.3
 NxN QSTab Elec. [V&F]                 9714.255256      398284.465     0.5
 1,4 nonbonded interactions             114.000228       10260.021     0.0
 Calc Weights                         12175.524351      438318.877     0.5
 Spread Q Bspline                    259744.519488      519489.039     0.6
 Gather F Bspline                    259744.519488     1558467.117     1.9
 3D-FFT                              316593.633186     2532749.065     3.1
 Solve PME                              392.000784       25088.050     0.0
 Shift-X                                101.470617         608.824     0.0
 Bonds                                   55.500111        3274.507     0.0
 Angles                                 109.500219       18396.037     0.0
 Propers                                 35.500071        8129.516     0.0
 Impropers                               36.500073        7592.015     0.0
 Virial                                 408.108162        7345.947     0.0
 Stop-CM                                 40.593117         405.931     0.0
 Calc-Ekin                              811.716234       21916.338     0.0
 Lincs                                   18.500037        1110.002     0.0
 Lincs-Mat                               66.000132         264.001     0.0
 Constraint-V                          4015.008030       36135.072     0.0
 Constraint-Vir                         399.657993        9591.792     0.0
 Settle                                1326.002652      490620.981     0.6
-----------------------------------------------------------------------------
 Total                                                81019323.127   100.0
-----------------------------------------------------------------------------


     R E A L   C Y C L E   A N D   T I M E   A C C O U N T I N G

On 1 MPI rank, each using 8 OpenMP threads

 Computing:          Num   Num      Call    Wall time         Giga-Cycles
                     Ranks Threads  Count      (s)         total sum    %
-----------------------------------------------------------------------------
 Neighbor search        1    8      12501      46.648       1046.101   2.5
 Force                  1    8     500001    1273.531      28559.689  68.0
 PME mesh               1    8     500001     354.563       7951.296  18.9
 NB X/F buffer ops.     1    8     987501     107.473       2410.154   5.7
 Write traj.            1    8        103       0.830         18.618   0.0
 Update                 1    8     500001      34.372        770.804   1.8
 Constraints            1    8     500001      40.671        912.079   2.2
 Rest                                          15.641        350.757   0.8
-----------------------------------------------------------------------------
 Total                                       1873.729      42019.499 100.0
-----------------------------------------------------------------------------
 Breakdown of PME mesh computation
-----------------------------------------------------------------------------
 PME spread             1    8     500001     128.850       2889.532   6.9
 PME gather             1    8     500001     136.293       3056.460   7.3
 PME 3D-FFT             1    8    1000002      73.152       1640.470   3.9
 PME solve Elec         1    8     500001       7.232        162.181   0.4
-----------------------------------------------------------------------------

               Core t (s)   Wall t (s)        (%)
       Time:    14989.807     1873.729      800.0
                         31:13
                 (ns/day)    (hour/ns)
Performance:       46.111        0.520
Finished mdrun on rank 0 Wed Apr  3 19:11:03 2024

