              :-) GROMACS - gmx mdrun, 2021.4-Ubuntu-2021.4-2 (-:

                            GROMACS is written by:
     Andrey Alekseenko              Emile Apol              Rossen Apostolov     
         Paul Bauer           Herman J.C. Berendsen           Par Bjelkmar       
       Christian Blau           Viacheslav Bolnykh             Kevin Boyd        
     Aldert van Buuren           Rudi van Drunen             Anton Feenstra      
    Gilles Gouaillardet             Alan Gray               Gerrit Groenhof      
       Anca Hamuraru            Vincent Hindriksen          M. Eric Irrgang      
      Aleksei Iupinov           Christoph Junghans             Joe Jordan        
    Dimitrios Karkoulis            Peter Kasson                Jiri Kraus        
      Carsten Kutzner              Per Larsson              Justin A. Lemkul     
       Viveca Lindahl            Magnus Lundborg             Erik Marklund       
        Pascal Merz             Pieter Meulenhoff            Teemu Murtola       
        Szilard Pall               Sander Pronk              Roland Schulz       
       Michael Shirts            Alexey Shvetsov             Alfons Sijbers      
       Peter Tieleman              Jon Vincent              Teemu Virolainen     
     Christian Wennberg            Maarten Wolf              Artem Zhmurov       
                           and the project leaders:
        Mark Abraham, Berk Hess, Erik Lindahl, and David van der Spoel

Copyright (c) 1991-2000, University of Groningen, The Netherlands.
Copyright (c) 2001-2019, The GROMACS development team at
Uppsala University, Stockholm University and
the Royal Institute of Technology, Sweden.
check out http://www.gromacs.org for more information.

GROMACS is free software; you can redistribute it and/or modify it
under the terms of the GNU Lesser General Public License
as published by the Free Software Foundation; either version 2.1
of the License, or (at your option) any later version.

GROMACS:      gmx mdrun, version 2021.4-Ubuntu-2021.4-2
Executable:   /usr/bin/gmx
Data prefix:  /usr
Working dir:  /mnt/c/Users/Mr Nobody/Desktop/Study Material/BT305-Lab/Lab7/Helix
Process ID:   1702
Command line:
  gmx mdrun -deffnm npt

GROMACS version:    2021.4-Ubuntu-2021.4-2
Precision:          mixed
Memory model:       64 bit
MPI library:        thread_mpi
OpenMP support:     enabled (GMX_OPENMP_MAX_THREADS = 64)
GPU support:        disabled
SIMD instructions:  SSE4.1
FFT library:        fftw-3.3.8-sse2-avx
RDTSCP usage:       enabled
TNG support:        enabled
Hwloc support:      hwloc-2.5.0
Tracing support:    disabled
C compiler:         /usr/bin/cc GNU 11.2.0
C compiler flags:   -msse4.1 -Wno-missing-field-initializers -fexcess-precision=fast -funroll-all-loops -O3 -DNDEBUG
C++ compiler:       /usr/bin/c++ GNU 11.2.0
C++ compiler flags: -msse4.1 -Wno-missing-field-initializers -fexcess-precision=fast -funroll-all-loops -fopenmp -O3 -DNDEBUG


Running on 1 node with total 4 cores, 8 logical cores
Hardware detected:
  CPU info:
    Vendor: Intel
    Brand:  11th Gen Intel(R) Core(TM) i7-1165G7 @ 2.80GHz
    Family: 6   Model: 140   Stepping: 1
    Features: aes apic avx avx2 avx512f avx512cd avx512bw avx512vl avx512secondFMA clfsh cmov cx8 cx16 f16c fma htt intel lahf mmx msr nonstop_tsc pcid pclmuldq pdcm pdpe1gb popcnt pse rdrnd rdtscp sha sse2 sse3 sse4.1 sse4.2 ssse3 tdt x2apic
    Number of AVX-512 FMA units: Cannot run AVX-512 detection - assuming 2
  Hardware topology: Full, with devices
    Sockets, cores, and logical processors:
      Socket  0: [   0   1] [   2   3] [   4   5] [   6   7]
    Numa nodes:
      Node  0 (8208326656 bytes mem):   0   1   2   3   4   5   6   7
      Latency:
               0
         0  1.00
    Caches:
      L1: 49152 bytes, linesize 64 bytes, assoc. 12, shared 2 ways
      L2: 1310720 bytes, linesize 64 bytes, assoc. 20, shared 2 ways
      L3: 12582912 bytes, linesize 64 bytes, assoc. 12, shared 8 ways
    PCI devices:
      78c5:00:00.0  Id: 1414:008e  Class: 0x0302  Numa: 0
      a3ad:00:00.0  Id: 1af4:1043  Class: 0x0100  Numa: 0

Highest SIMD level supported by all nodes in run: AVX_512
SIMD instructions selected at compile time:       SSE4.1
This program was compiled for different hardware than you are running on,
which could influence performance.

++++ PLEASE READ AND CITE THE FOLLOWING REFERENCE ++++
M. J. Abraham, T. Murtola, R. Schulz, S. Páll, J. C. Smith, B. Hess, E.
Lindahl
GROMACS: High performance molecular simulations through multi-level
parallelism from laptops to supercomputers
SoftwareX 1 (2015) pp. 19-25
-------- -------- --- Thank You --- -------- --------


++++ PLEASE READ AND CITE THE FOLLOWING REFERENCE ++++
S. Páll, M. J. Abraham, C. Kutzner, B. Hess, E. Lindahl
Tackling Exascale Software Challenges in Molecular Dynamics Simulations with
GROMACS
In S. Markidis & E. Laure (Eds.), Solving Software Challenges for Exascale 8759 (2015) pp. 3-27
-------- -------- --- Thank You --- -------- --------


++++ PLEASE READ AND CITE THE FOLLOWING REFERENCE ++++
S. Pronk, S. Páll, R. Schulz, P. Larsson, P. Bjelkmar, R. Apostolov, M. R.
Shirts, J. C. Smith, P. M. Kasson, D. van der Spoel, B. Hess, and E. Lindahl
GROMACS 4.5: a high-throughput and highly parallel open source molecular
simulation toolkit
Bioinformatics 29 (2013) pp. 845-54
-------- -------- --- Thank You --- -------- --------


++++ PLEASE READ AND CITE THE FOLLOWING REFERENCE ++++
B. Hess and C. Kutzner and D. van der Spoel and E. Lindahl
GROMACS 4: Algorithms for highly efficient, load-balanced, and scalable
molecular simulation
J. Chem. Theory Comput. 4 (2008) pp. 435-447
-------- -------- --- Thank You --- -------- --------


++++ PLEASE READ AND CITE THE FOLLOWING REFERENCE ++++
D. van der Spoel, E. Lindahl, B. Hess, G. Groenhof, A. E. Mark and H. J. C.
Berendsen
GROMACS: Fast, Flexible and Free
J. Comp. Chem. 26 (2005) pp. 1701-1719
-------- -------- --- Thank You --- -------- --------


++++ PLEASE READ AND CITE THE FOLLOWING REFERENCE ++++
E. Lindahl and B. Hess and D. van der Spoel
GROMACS 3.0: A package for molecular simulation and trajectory analysis
J. Mol. Mod. 7 (2001) pp. 306-317
-------- -------- --- Thank You --- -------- --------


++++ PLEASE READ AND CITE THE FOLLOWING REFERENCE ++++
H. J. C. Berendsen, D. van der Spoel and R. van Drunen
GROMACS: A message-passing parallel molecular dynamics implementation
Comp. Phys. Comm. 91 (1995) pp. 43-56
-------- -------- --- Thank You --- -------- --------

Input Parameters:
   integrator                     = md
   tinit                          = 0
   dt                             = 0.002
   nsteps                         = 50000
   init-step                      = 0
   simulation-part                = 1
   mts                            = false
   comm-mode                      = Linear
   nstcomm                        = 100
   bd-fric                        = 0
   ld-seed                        = 2111307003
   emtol                          = 10
   emstep                         = 0.01
   niter                          = 20
   fcstep                         = 0
   nstcgsteep                     = 1000
   nbfgscorr                      = 10
   rtpi                           = 0.05
   nstxout                        = 500
   nstvout                        = 500
   nstfout                        = 0
   nstlog                         = 500
   nstcalcenergy                  = 100
   nstenergy                      = 500
   nstxout-compressed             = 0
   compressed-x-precision         = 1000
   cutoff-scheme                  = Verlet
   nstlist                        = 10
   pbc                            = xyz
   periodic-molecules             = false
   verlet-buffer-tolerance        = 0.005
   rlist                          = 1
   coulombtype                    = PME
   coulomb-modifier               = Potential-shift
   rcoulomb-switch                = 0
   rcoulomb                       = 1
   epsilon-r                      = 1
   epsilon-rf                     = inf
   vdw-type                       = Cut-off
   vdw-modifier                   = Potential-shift
   rvdw-switch                    = 0
   rvdw                           = 1
   DispCorr                       = EnerPres
   table-extension                = 1
   fourierspacing                 = 0.16
   fourier-nx                     = 28
   fourier-ny                     = 28
   fourier-nz                     = 28
   pme-order                      = 4
   ewald-rtol                     = 1e-05
   ewald-rtol-lj                  = 0.001
   lj-pme-comb-rule               = Geometric
   ewald-geometry                 = 0
   epsilon-surface                = 0
   tcoupl                         = V-rescale
   nsttcouple                     = 10
   nh-chain-length                = 0
   print-nose-hoover-chain-variables = false
   pcoupl                         = Parrinello-Rahman
   pcoupltype                     = Isotropic
   nstpcouple                     = 10
   tau-p                          = 2
   compressibility (3x3):
      compressibility[    0]={ 4.50000e-05,  0.00000e+00,  0.00000e+00}
      compressibility[    1]={ 0.00000e+00,  4.50000e-05,  0.00000e+00}
      compressibility[    2]={ 0.00000e+00,  0.00000e+00,  4.50000e-05}
   ref-p (3x3):
      ref-p[    0]={ 1.00000e+00,  0.00000e+00,  0.00000e+00}
      ref-p[    1]={ 0.00000e+00,  1.00000e+00,  0.00000e+00}
      ref-p[    2]={ 0.00000e+00,  0.00000e+00,  1.00000e+00}
   refcoord-scaling               = COM
   posres-com (3):
      posres-com[0]= 5.03443e-01
      posres-com[1]= 5.04609e-01
      posres-com[2]= 5.02618e-01
   posres-comB (3):
      posres-comB[0]= 5.03443e-01
      posres-comB[1]= 5.04609e-01
      posres-comB[2]= 5.02618e-01
   QMMM                           = false
qm-opts:
   ngQM                           = 0
   constraint-algorithm           = Lincs
   continuation                   = true
   Shake-SOR                      = false
   shake-tol                      = 0.0001
   lincs-order                    = 4
   lincs-iter                     = 1
   lincs-warnangle                = 30
   nwall                          = 0
   wall-type                      = 9-3
   wall-r-linpot                  = -1
   wall-atomtype[0]               = -1
   wall-atomtype[1]               = -1
   wall-density[0]                = 0
   wall-density[1]                = 0
   wall-ewald-zfac                = 3
   pull                           = false
   awh                            = false
   rotation                       = false
   interactiveMD                  = false
   disre                          = No
   disre-weighting                = Conservative
   disre-mixed                    = false
   dr-fc                          = 1000
   dr-tau                         = 0
   nstdisreout                    = 100
   orire-fc                       = 0
   orire-tau                      = 0
   nstorireout                    = 100
   free-energy                    = no
   cos-acceleration               = 0
   deform (3x3):
      deform[    0]={ 0.00000e+00,  0.00000e+00,  0.00000e+00}
      deform[    1]={ 0.00000e+00,  0.00000e+00,  0.00000e+00}
      deform[    2]={ 0.00000e+00,  0.00000e+00,  0.00000e+00}
   simulated-tempering            = false
   swapcoords                     = no
   userint1                       = 0
   userint2                       = 0
   userint3                       = 0
   userint4                       = 0
   userreal1                      = 0
   userreal2                      = 0
   userreal3                      = 0
   userreal4                      = 0
   applied-forces:
     electric-field:
       x:
         E0                       = 0
         omega                    = 0
         t0                       = 0
         sigma                    = 0
       y:
         E0                       = 0
         omega                    = 0
         t0                       = 0
         sigma                    = 0
       z:
         E0                       = 0
         omega                    = 0
         t0                       = 0
         sigma                    = 0
     density-guided-simulation:
       active                     = false
       group                      = protein
       similarity-measure         = inner-product
       atom-spreading-weight      = unity
       force-constant             = 1e+09
       gaussian-transform-spreading-width = 0.2
       gaussian-transform-spreading-range-in-multiples-of-width = 4
       reference-density-filename = reference.mrc
       nst                        = 1
       normalize-densities        = true
       adaptive-force-scaling     = false
       adaptive-force-scaling-time-constant = 4
       shift-vector               = 
       transformation-matrix      = 
grpopts:
   nrdf:     403.926     15951.1
   ref-t:         300         300
   tau-t:         0.1         0.1
annealing:          No          No
annealing-npoints:           0           0
   acc:	           0           0           0
   nfreeze:           N           N           N
   energygrp-flags[  0]: 0

Changing nstlist from 10 to 40, rlist from 1 to 1.097

Using 1 MPI thread
Using 8 OpenMP threads 

Pinning threads with an auto-selected logical core stride of 1
System total charge: 0.000
Will do PME sum in reciprocal space for electrostatic interactions.

++++ PLEASE READ AND CITE THE FOLLOWING REFERENCE ++++
U. Essmann, L. Perera, M. L. Berkowitz, T. Darden, H. Lee and L. G. Pedersen 
A smooth particle mesh Ewald method
J. Chem. Phys. 103 (1995) pp. 8577-8592
-------- -------- --- Thank You --- -------- --------

Using a Gaussian width (1/beta) of 0.320163 nm for Ewald
Potential shift: LJ r^-12: -1.000e+00 r^-6: -1.000e+00, Ewald -1.000e-05
Initialized non-bonded Ewald tables, spacing: 9.33e-04 size: 1073

Generated table with 1048 data points for 1-4 COUL.
Tabscale = 500 points/nm
Generated table with 1048 data points for 1-4 LJ6.
Tabscale = 500 points/nm
Generated table with 1048 data points for 1-4 LJ12.
Tabscale = 500 points/nm
Long Range LJ corr.: <C6> 3.1078e-04


Using SIMD 4x4 nonbonded short-range kernels

Using a dual 4x4 pair-list setup updated with dynamic pruning:
  outer list: updated every 40 steps, buffer 0.097 nm, rlist 1.097 nm
  inner list: updated every 12 steps, buffer 0.003 nm, rlist 1.003 nm
At tolerance 0.005 kJ/mol/ps per atom, equivalent classical 1x1 list would be:
  outer list: updated every 40 steps, buffer 0.212 nm, rlist 1.212 nm
  inner list: updated every 12 steps, buffer 0.048 nm, rlist 1.048 nm

Using full Lennard-Jones parameter combination matrix

Initializing LINear Constraint Solver

++++ PLEASE READ AND CITE THE FOLLOWING REFERENCE ++++
B. Hess and H. Bekker and H. J. C. Berendsen and J. G. E. M. Fraaije
LINCS: A Linear Constraint Solver for molecular simulations
J. Comp. Chem. 18 (1997) pp. 1463-1472
-------- -------- --- Thank You --- -------- --------

The number of constraints is 37

++++ PLEASE READ AND CITE THE FOLLOWING REFERENCE ++++
S. Miyamoto and P. A. Kollman
SETTLE: An Analytical Version of the SHAKE and RATTLE Algorithms for Rigid
Water Models
J. Comp. Chem. 13 (1992) pp. 952-962
-------- -------- --- Thank You --- -------- --------


++++ PLEASE READ AND CITE THE FOLLOWING REFERENCE ++++
G. Bussi, D. Donadio and M. Parrinello
Canonical sampling through velocity rescaling
J. Chem. Phys. 126 (2007) pp. 014101
-------- -------- --- Thank You --- -------- --------

There are: 8117 Atoms
Center of mass motion removal mode is Linear
We have the following groups for center of mass motion removal:
  0:  rest

Started mdrun on rank 0 Wed Apr  3 18:35:42 2024

           Step           Time
              0        0.00000

   Energies (kJ/mol)
        G96Bond       G96Angle    Proper Dih.  Improper Dih.          LJ-14
    1.93248e+02    2.13527e+02    8.01833e+01    9.72406e+01    2.05142e+01
     Coulomb-14        LJ (SR)  Disper. corr.   Coulomb (SR)   Coul. recip.
    1.65301e+03    2.42559e+04   -1.03185e+03   -1.57810e+05    7.15952e+02
 Position Rest.      Potential    Kinetic En.   Total Energy  Conserved En.
    1.39314e-02   -1.31613e+05    2.06510e+04   -1.10962e+05   -1.10957e+05
    Temperature Pres. DC (bar) Pressure (bar)   Constr. rmsd
    3.03729e+02   -2.06636e+02   -2.79422e+02    1.14363e-06

           Step           Time
            500        1.00000

   Energies (kJ/mol)
        G96Bond       G96Angle    Proper Dih.  Improper Dih.          LJ-14
    1.39410e+02    1.67272e+02    7.94748e+01    7.42814e+01    3.42371e+01
     Coulomb-14        LJ (SR)  Disper. corr.   Coulomb (SR)   Coul. recip.
    1.66152e+03    2.49823e+04   -1.05594e+03   -1.59206e+05    7.06661e+02
 Position Rest.      Potential    Kinetic En.   Total Energy  Conserved En.
    8.20980e+01   -1.32335e+05    2.05253e+04   -1.11810e+05   -1.10955e+05
    Temperature Pres. DC (bar) Pressure (bar)   Constr. rmsd
    3.01880e+02   -2.16384e+02    5.14811e+02    9.16921e-07

           Step           Time
           1000        2.00000

   Energies (kJ/mol)
        G96Bond       G96Angle    Proper Dih.  Improper Dih.          LJ-14
    1.42039e+02    1.77638e+02    6.17889e+01    6.40774e+01    3.00419e+01
     Coulomb-14        LJ (SR)  Disper. corr.   Coulomb (SR)   Coul. recip.
    1.63821e+03    2.45775e+04   -1.04581e+03   -1.58636e+05    7.57069e+02
 Position Rest.      Potential    Kinetic En.   Total Energy  Conserved En.
    6.22448e+01   -1.32171e+05    2.04827e+04   -1.11689e+05   -1.10955e+05
    Temperature Pres. DC (bar) Pressure (bar)   Constr. rmsd
    3.01253e+02   -2.12255e+02    6.44276e+01    2.19735e-06

           Step           Time
           1500        3.00000

   Energies (kJ/mol)
        G96Bond       G96Angle    Proper Dih.  Improper Dih.          LJ-14
    1.23021e+02    2.14765e+02    7.54680e+01    7.30662e+01    4.03333e+01
     Coulomb-14        LJ (SR)  Disper. corr.   Coulomb (SR)   Coul. recip.
    1.65359e+03    2.44229e+04   -1.04865e+03   -1.58359e+05    7.31171e+02
 Position Rest.      Potential    Kinetic En.   Total Energy  Conserved En.
    6.19384e+01   -1.32012e+05    2.09105e+04   -1.11101e+05   -1.10959e+05
    Temperature Pres. DC (bar) Pressure (bar)   Constr. rmsd
    3.07545e+02   -2.13409e+02   -2.05748e+01    1.48324e-06

           Step           Time
           2000        4.00000

   Energies (kJ/mol)
        G96Bond       G96Angle    Proper Dih.  Improper Dih.          LJ-14
    1.73200e+02    1.99822e+02    6.55446e+01    5.76005e+01    3.30967e+01
     Coulomb-14        LJ (SR)  Disper. corr.   Coulomb (SR)   Coul. recip.
    1.66243e+03    2.40665e+04   -1.04099e+03   -1.57760e+05    7.29983e+02
 Position Rest.      Potential    Kinetic En.   Total Energy  Conserved En.
    6.91893e+01   -1.31744e+05    2.08262e+04   -1.10918e+05   -1.10950e+05
    Temperature Pres. DC (bar) Pressure (bar)   Constr. rmsd
    3.06306e+02   -2.10307e+02   -9.81257e+01    1.68314e-06

           Step           Time
           2500        5.00000

   Energies (kJ/mol)
        G96Bond       G96Angle    Proper Dih.  Improper Dih.          LJ-14
    1.59147e+02    2.15332e+02    6.68332e+01    8.08103e+01    7.38466e+00
     Coulomb-14        LJ (SR)  Disper. corr.   Coulomb (SR)   Coul. recip.
    1.65035e+03    2.41715e+04   -1.05829e+03   -1.57818e+05    7.98445e+02
 Position Rest.      Potential    Kinetic En.   Total Energy  Conserved En.
    5.81938e+01   -1.31668e+05    2.07858e+04   -1.10882e+05   -1.10955e+05
    Temperature Pres. DC (bar) Pressure (bar)   Constr. rmsd
    3.05712e+02   -2.17348e+02    1.08693e+02    1.32731e-06

           Step           Time
           3000        6.00000

   Energies (kJ/mol)
        G96Bond       G96Angle    Proper Dih.  Improper Dih.          LJ-14
    1.50073e+02    2.37102e+02    7.41580e+01    7.66993e+01    2.49346e+01
     Coulomb-14        LJ (SR)  Disper. corr.   Coulomb (SR)   Coul. recip.
    1.63323e+03    2.47041e+04   -1.05887e+03   -1.58614e+05    7.69443e+02
 Position Rest.      Potential    Kinetic En.   Total Energy  Conserved En.
    8.02820e+01   -1.31923e+05    2.02599e+04   -1.11663e+05   -1.10949e+05
    Temperature Pres. DC (bar) Pressure (bar)   Constr. rmsd
    2.97977e+02   -2.17584e+02    3.83601e+02    1.94711e-06

           Step           Time
           3500        7.00000

   Energies (kJ/mol)
        G96Bond       G96Angle    Proper Dih.  Improper Dih.          LJ-14
    1.58543e+02    2.13189e+02    7.15055e+01    7.21940e+01    1.80078e+01
     Coulomb-14        LJ (SR)  Disper. corr.   Coulomb (SR)   Coul. recip.
    1.65783e+03    2.43167e+04   -1.05370e+03   -1.57997e+05    7.54634e+02
 Position Rest.      Potential    Kinetic En.   Total Energy  Conserved En.
    8.13722e+01   -1.31707e+05    2.02177e+04   -1.11489e+05   -1.10954e+05
    Temperature Pres. DC (bar) Pressure (bar)   Constr. rmsd
    2.97355e+02   -2.15466e+02    1.76104e+02    1.98542e-06

           Step           Time
           4000        8.00000

   Energies (kJ/mol)
        G96Bond       G96Angle    Proper Dih.  Improper Dih.          LJ-14
    1.44713e+02    2.32990e+02    5.56235e+01    6.45771e+01    3.36529e+01
     Coulomb-14        LJ (SR)  Disper. corr.   Coulomb (SR)   Coul. recip.
    1.64919e+03    2.37776e+04   -1.05502e+03   -1.57148e+05    7.76556e+02
 Position Rest.      Potential    Kinetic En.   Total Energy  Conserved En.
    6.82806e+01   -1.31399e+05    2.06810e+04   -1.10718e+05   -1.10966e+05
    Temperature Pres. DC (bar) Pressure (bar)   Constr. rmsd
    3.04170e+02   -2.16006e+02   -1.13144e+02    2.77042e-06

           Step           Time
           4500        9.00000

   Energies (kJ/mol)
        G96Bond       G96Angle    Proper Dih.  Improper Dih.          LJ-14
    2.12652e+02    1.97287e+02    5.84054e+01    8.44811e+01    3.67673e+01
     Coulomb-14        LJ (SR)  Disper. corr.   Coulomb (SR)   Coul. recip.
    1.65787e+03    2.39231e+04   -1.05217e+03   -1.57935e+05    7.24512e+02
 Position Rest.      Potential    Kinetic En.   Total Energy  Conserved En.
    6.29997e+01   -1.32029e+05    2.06387e+04   -1.11390e+05   -1.10964e+05
    Temperature Pres. DC (bar) Pressure (bar)   Constr. rmsd
    3.03548e+02   -2.14843e+02   -4.07755e+02    4.16690e-06

           Step           Time
           5000       10.00000

   Energies (kJ/mol)
        G96Bond       G96Angle    Proper Dih.  Improper Dih.          LJ-14
    1.56816e+02    2.03806e+02    6.95405e+01    7.35787e+01    2.01029e+01
     Coulomb-14        LJ (SR)  Disper. corr.   Coulomb (SR)   Coul. recip.
    1.65932e+03    2.42821e+04   -1.05045e+03   -1.58604e+05    7.20073e+02
 Position Rest.      Potential    Kinetic En.   Total Energy  Conserved En.
    6.12197e+01   -1.32408e+05    2.08089e+04   -1.11599e+05   -1.10968e+05
    Temperature Pres. DC (bar) Pressure (bar)   Constr. rmsd
    3.06052e+02   -2.14144e+02   -8.16194e+01    2.19975e-06

           Step           Time
           5500       11.00000

   Energies (kJ/mol)
        G96Bond       G96Angle    Proper Dih.  Improper Dih.          LJ-14
    1.25964e+02    2.25334e+02    8.49046e+01    6.70043e+01    3.03978e+01
     Coulomb-14        LJ (SR)  Disper. corr.   Coulomb (SR)   Coul. recip.
    1.63834e+03    2.42923e+04   -1.04709e+03   -1.58760e+05    7.13387e+02
 Position Rest.      Potential    Kinetic En.   Total Energy  Conserved En.
    8.20549e+01   -1.32547e+05    2.04986e+04   -1.12048e+05   -1.10967e+05
    Temperature Pres. DC (bar) Pressure (bar)   Constr. rmsd
    3.01487e+02   -2.12777e+02   -2.04093e+02    2.13664e-06

           Step           Time
           6000       12.00000

   Energies (kJ/mol)
        G96Bond       G96Angle    Proper Dih.  Improper Dih.          LJ-14
    1.73079e+02    2.26047e+02    9.79981e+01    7.07367e+01    3.08248e+01
     Coulomb-14        LJ (SR)  Disper. corr.   Coulomb (SR)   Coul. recip.
    1.61774e+03    2.45322e+04   -1.06151e+03   -1.58516e+05    7.12645e+02
 Position Rest.      Potential    Kinetic En.   Total Energy  Conserved En.
    7.72054e+01   -1.32039e+05    2.01293e+04   -1.11910e+05   -1.10953e+05
    Temperature Pres. DC (bar) Pressure (bar)   Constr. rmsd
    2.96055e+02   -2.18672e+02    2.98104e+02    1.53725e-06

           Step           Time
           6500       13.00000

   Energies (kJ/mol)
        G96Bond       G96Angle    Proper Dih.  Improper Dih.          LJ-14
    1.53057e+02    2.26682e+02    5.68100e+01    6.66263e+01    2.59728e+01
     Coulomb-14        LJ (SR)  Disper. corr.   Coulomb (SR)   Coul. recip.
    1.65521e+03    2.39210e+04   -1.06038e+03   -1.58108e+05    7.46108e+02
 Position Rest.      Potential    Kinetic En.   Total Energy  Conserved En.
    7.10499e+01   -1.32246e+05    2.03799e+04   -1.11867e+05   -1.10954e+05
    Temperature Pres. DC (bar) Pressure (bar)   Constr. rmsd
    2.99741e+02   -2.18205e+02    3.78802e+01    2.08943e-06

           Step           Time
           7000       14.00000

   Energies (kJ/mol)
        G96Bond       G96Angle    Proper Dih.  Improper Dih.          LJ-14
    1.25492e+02    1.83999e+02    7.19583e+01    7.83772e+01    3.83606e+01
     Coulomb-14        LJ (SR)  Disper. corr.   Coulomb (SR)   Coul. recip.
    1.66542e+03    2.41879e+04   -1.04698e+03   -1.58651e+05    7.57401e+02
 Position Rest.      Potential    Kinetic En.   Total Energy  Conserved En.
    6.72429e+01   -1.32522e+05    2.03641e+04   -1.12158e+05   -1.10957e+05
    Temperature Pres. DC (bar) Pressure (bar)   Constr. rmsd
    2.99509e+02   -2.12732e+02   -1.68836e+02    2.45250e-06

           Step           Time
           7500       15.00000

   Energies (kJ/mol)
        G96Bond       G96Angle    Proper Dih.  Improper Dih.          LJ-14
    1.63574e+02    2.10849e+02    5.18514e+01    6.37247e+01    1.30432e+01
     Coulomb-14        LJ (SR)  Disper. corr.   Coulomb (SR)   Coul. recip.
    1.61688e+03    2.47674e+04   -1.04544e+03   -1.58809e+05    8.02550e+02
 Position Rest.      Potential    Kinetic En.   Total Energy  Conserved En.
    6.04422e+01   -1.32104e+05    2.05372e+04   -1.11567e+05   -1.10951e+05
    Temperature Pres. DC (bar) Pressure (bar)   Constr. rmsd
    3.02055e+02   -2.12105e+02    5.33193e+01    3.20048e-06

           Step           Time
           8000       16.00000

   Energies (kJ/mol)
        G96Bond       G96Angle    Proper Dih.  Improper Dih.          LJ-14
    1.30702e+02    1.75579e+02    6.28817e+01    7.45252e+01    4.39348e+01
     Coulomb-14        LJ (SR)  Disper. corr.   Coulomb (SR)   Coul. recip.
    1.65602e+03    2.37638e+04   -1.04748e+03   -1.57812e+05    7.63661e+02
 Position Rest.      Potential    Kinetic En.   Total Energy  Conserved En.
    7.43185e+01   -1.32114e+05    2.08042e+04   -1.11310e+05   -1.10959e+05
    Temperature Pres. DC (bar) Pressure (bar)   Constr. rmsd
    3.05982e+02   -2.12933e+02   -5.28357e+02    1.71557e-06

           Step           Time
           8500       17.00000

   Energies (kJ/mol)
        G96Bond       G96Angle    Proper Dih.  Improper Dih.          LJ-14
    1.13102e+02    2.61032e+02    5.79979e+01    5.92057e+01    1.01258e+01
     Coulomb-14        LJ (SR)  Disper. corr.   Coulomb (SR)   Coul. recip.
    1.63826e+03    2.44745e+04   -1.05037e+03   -1.58062e+05    7.58198e+02
 Position Rest.      Potential    Kinetic En.   Total Energy  Conserved En.
    6.95593e+01   -1.31670e+05    2.04096e+04   -1.11261e+05   -1.10960e+05
    Temperature Pres. DC (bar) Pressure (bar)   Constr. rmsd
    3.00179e+02   -2.14111e+02    3.62551e+02    1.47555e-06

           Step           Time
           9000       18.00000

   Energies (kJ/mol)
        G96Bond       G96Angle    Proper Dih.  Improper Dih.          LJ-14
    1.43853e+02    2.16498e+02    8.35467e+01    7.32012e+01    1.96122e+01
     Coulomb-14        LJ (SR)  Disper. corr.   Coulomb (SR)   Coul. recip.
    1.67226e+03    2.49921e+04   -1.05604e+03   -1.58917e+05    7.40687e+02
 Position Rest.      Potential    Kinetic En.   Total Energy  Conserved En.
    6.39792e+01   -1.31967e+05    2.01447e+04   -1.11823e+05   -1.10949e+05
    Temperature Pres. DC (bar) Pressure (bar)   Constr. rmsd
    2.96283e+02   -2.16425e+02    4.02471e+02    2.03594e-06

           Step           Time
           9500       19.00000

   Energies (kJ/mol)
        G96Bond       G96Angle    Proper Dih.  Improper Dih.          LJ-14
    1.10419e+02    1.96330e+02    7.14193e+01    6.42259e+01    2.92862e+01
     Coulomb-14        LJ (SR)  Disper. corr.   Coulomb (SR)   Coul. recip.
    1.66946e+03    2.40024e+04   -1.05683e+03   -1.57676e+05    7.54302e+02
 Position Rest.      Potential    Kinetic En.   Total Energy  Conserved En.
    6.87550e+01   -1.31766e+05    2.04327e+04   -1.11333e+05   -1.10966e+05
    Temperature Pres. DC (bar) Pressure (bar)   Constr. rmsd
    3.00519e+02   -2.16746e+02    4.46405e+01    2.59657e-06

           Step           Time
          10000       20.00000

   Energies (kJ/mol)
        G96Bond       G96Angle    Proper Dih.  Improper Dih.          LJ-14
    1.76995e+02    2.34337e+02    6.25964e+01    7.93963e+01    3.63827e+00
     Coulomb-14        LJ (SR)  Disper. corr.   Coulomb (SR)   Coul. recip.
    1.63012e+03    2.39292e+04   -1.05178e+03   -1.57709e+05    7.51821e+02
 Position Rest.      Potential    Kinetic En.   Total Energy  Conserved En.
    7.81227e+01   -1.31815e+05    2.01900e+04   -1.11625e+05   -1.10953e+05
    Temperature Pres. DC (bar) Pressure (bar)   Constr. rmsd
    2.96949e+02   -2.14684e+02   -3.04605e+02    1.34349e-06

           Step           Time
          10500       21.00000

   Energies (kJ/mol)
        G96Bond       G96Angle    Proper Dih.  Improper Dih.          LJ-14
    1.37132e+02    2.31621e+02    6.48691e+01    8.14834e+01    1.29370e+01
     Coulomb-14        LJ (SR)  Disper. corr.   Coulomb (SR)   Coul. recip.
    1.65256e+03    2.45542e+04   -1.06246e+03   -1.58737e+05    7.23517e+02
 Position Rest.      Potential    Kinetic En.   Total Energy  Conserved En.
    6.63277e+01   -1.32275e+05    2.00402e+04   -1.12235e+05   -1.10950e+05
    Temperature Pres. DC (bar) Pressure (bar)   Constr. rmsd
    2.94745e+02   -2.19062e+02    2.41275e+02    2.74022e-06

           Step           Time
          11000       22.00000

   Energies (kJ/mol)
        G96Bond       G96Angle    Proper Dih.  Improper Dih.          LJ-14
    1.44868e+02    2.46043e+02    6.08387e+01    7.09160e+01    2.12281e+01
     Coulomb-14        LJ (SR)  Disper. corr.   Coulomb (SR)   Coul. recip.
    1.64205e+03    2.45093e+04   -1.05536e+03   -1.58573e+05    7.50491e+02
 Position Rest.      Potential    Kinetic En.   Total Energy  Conserved En.
    7.01345e+01   -1.32112e+05    2.06244e+04   -1.11488e+05   -1.10956e+05
    Temperature Pres. DC (bar) Pressure (bar)   Constr. rmsd
    3.03338e+02   -2.16147e+02   -1.31943e+01    4.15341e-06

           Step           Time
          11500       23.00000

   Energies (kJ/mol)
        G96Bond       G96Angle    Proper Dih.  Improper Dih.          LJ-14
    1.20183e+02    1.89135e+02    8.73283e+01    6.92281e+01    1.54547e+01
     Coulomb-14        LJ (SR)  Disper. corr.   Coulomb (SR)   Coul. recip.
    1.65938e+03    2.32782e+04   -1.04640e+03   -1.57265e+05    7.35005e+02
 Position Rest.      Potential    Kinetic En.   Total Energy  Conserved En.
    5.66887e+01   -1.32101e+05    2.00180e+04   -1.12083e+05   -1.10946e+05
    Temperature Pres. DC (bar) Pressure (bar)   Constr. rmsd
    2.94419e+02   -2.12497e+02   -8.28142e+02    2.38235e-06

           Step           Time
          12000       24.00000

   Energies (kJ/mol)
        G96Bond       G96Angle    Proper Dih.  Improper Dih.          LJ-14
    1.08490e+02    2.12984e+02    7.27764e+01    8.68025e+01    2.36020e+01
     Coulomb-14        LJ (SR)  Disper. corr.   Coulomb (SR)   Coul. recip.
    1.64272e+03    2.38677e+04   -1.06078e+03   -1.58660e+05    7.44268e+02
 Position Rest.      Potential    Kinetic En.   Total Energy  Conserved En.
    5.28940e+01   -1.32908e+05    2.02273e+04   -1.12681e+05   -1.10946e+05
    Temperature Pres. DC (bar) Pressure (bar)   Constr. rmsd
    2.97498e+02   -2.18368e+02   -2.43846e+02    1.25526e-06

           Step           Time
          12500       25.00000

   Energies (kJ/mol)
        G96Bond       G96Angle    Proper Dih.  Improper Dih.          LJ-14
    1.31536e+02    2.26102e+02    7.50455e+01    7.24656e+01    1.83145e+01
     Coulomb-14        LJ (SR)  Disper. corr.   Coulomb (SR)   Coul. recip.
    1.65447e+03    2.41642e+04   -1.05299e+03   -1.58127e+05    7.30682e+02
 Position Rest.      Potential    Kinetic En.   Total Energy  Conserved En.
    7.18036e+01   -1.32035e+05    2.02790e+04   -1.11756e+05   -1.10945e+05
    Temperature Pres. DC (bar) Pressure (bar)   Constr. rmsd
    2.98258e+02   -2.15179e+02   -8.65155e+01    1.72895e-06

           Step           Time
          13000       26.00000

   Energies (kJ/mol)
        G96Bond       G96Angle    Proper Dih.  Improper Dih.          LJ-14
    1.55744e+02    2.52706e+02    6.91784e+01    8.51168e+01    4.38411e+01
     Coulomb-14        LJ (SR)  Disper. corr.   Coulomb (SR)   Coul. recip.
    1.63746e+03    2.44940e+04   -1.05420e+03   -1.57913e+05    7.15987e+02
 Position Rest.      Potential    Kinetic En.   Total Energy  Conserved En.
    6.88462e+01   -1.31445e+05    2.07039e+04   -1.10741e+05   -1.10935e+05
    Temperature Pres. DC (bar) Pressure (bar)   Constr. rmsd
    3.04507e+02   -2.15671e+02    3.43298e+02    1.62237e-06

           Step           Time
          13500       27.00000

   Energies (kJ/mol)
        G96Bond       G96Angle    Proper Dih.  Improper Dih.          LJ-14
    1.35930e+02    1.90653e+02    7.26975e+01    8.89657e+01    3.78767e+01
     Coulomb-14        LJ (SR)  Disper. corr.   Coulomb (SR)   Coul. recip.
    1.64009e+03    2.42751e+04   -1.04945e+03   -1.58234e+05    7.62285e+02
 Position Rest.      Potential    Kinetic En.   Total Energy  Conserved En.
    4.25266e+01   -1.32037e+05    2.05434e+04   -1.11494e+05   -1.10941e+05
    Temperature Pres. DC (bar) Pressure (bar)   Constr. rmsd
    3.02146e+02   -2.13737e+02   -8.63686e+01    2.57686e-06

           Step           Time
          14000       28.00000

   Energies (kJ/mol)
        G96Bond       G96Angle    Proper Dih.  Improper Dih.          LJ-14
    1.52000e+02    2.17138e+02    6.79856e+01    6.90962e+01    3.80873e+01
     Coulomb-14        LJ (SR)  Disper. corr.   Coulomb (SR)   Coul. recip.
    1.64385e+03    2.40411e+04   -1.05199e+03   -1.58121e+05    7.37167e+02
 Position Rest.      Potential    Kinetic En.   Total Energy  Conserved En.
    5.90548e+01   -1.32147e+05    2.02805e+04   -1.11867e+05   -1.10940e+05
    Temperature Pres. DC (bar) Pressure (bar)   Constr. rmsd
    2.98279e+02   -2.14771e+02   -2.95598e+02    1.17669e-06

           Step           Time
          14500       29.00000

   Energies (kJ/mol)
        G96Bond       G96Angle    Proper Dih.  Improper Dih.          LJ-14
    1.34970e+02    2.02005e+02    6.59771e+01    6.03826e+01    2.80000e+01
     Coulomb-14        LJ (SR)  Disper. corr.   Coulomb (SR)   Coul. recip.
    1.64493e+03    2.40542e+04   -1.04901e+03   -1.57887e+05    7.70920e+02
 Position Rest.      Potential    Kinetic En.   Total Energy  Conserved En.
    5.91613e+01   -1.31915e+05    2.00861e+04   -1.11829e+05   -1.10938e+05
    Temperature Pres. DC (bar) Pressure (bar)   Constr. rmsd
    2.95420e+02   -2.13558e+02   -2.05978e+02    1.62845e-06

           Step           Time
          15000       30.00000

   Energies (kJ/mol)
        G96Bond       G96Angle    Proper Dih.  Improper Dih.          LJ-14
    1.40412e+02    2.09426e+02    6.48703e+01    6.56522e+01    3.55701e+01
     Coulomb-14        LJ (SR)  Disper. corr.   Coulomb (SR)   Coul. recip.
    1.64366e+03    2.43857e+04   -1.05143e+03   -1.58202e+05    7.75771e+02
 Position Rest.      Potential    Kinetic En.   Total Energy  Conserved En.
    7.05297e+01   -1.31862e+05    2.06309e+04   -1.11231e+05   -1.10934e+05
    Temperature Pres. DC (bar) Pressure (bar)   Constr. rmsd
    3.03433e+02   -2.14543e+02    3.08740e+01    2.17960e-06

           Step           Time
          15500       31.00000

   Energies (kJ/mol)
        G96Bond       G96Angle    Proper Dih.  Improper Dih.          LJ-14
    1.70149e+02    2.48084e+02    6.45067e+01    7.14208e+01    1.59735e+01
     Coulomb-14        LJ (SR)  Disper. corr.   Coulomb (SR)   Coul. recip.
    1.64592e+03    2.40656e+04   -1.04424e+03   -1.57482e+05    7.51182e+02
 Position Rest.      Potential    Kinetic En.   Total Energy  Conserved En.
    6.33523e+01   -1.31430e+05    2.06564e+04   -1.10773e+05   -1.10940e+05
    Temperature Pres. DC (bar) Pressure (bar)   Constr. rmsd
    3.03809e+02   -2.11620e+02   -1.01457e+02    2.50610e-06

           Step           Time
          16000       32.00000

   Energies (kJ/mol)
        G96Bond       G96Angle    Proper Dih.  Improper Dih.          LJ-14
    1.42474e+02    2.35496e+02    7.17598e+01    6.93340e+01    4.36605e+01
     Coulomb-14        LJ (SR)  Disper. corr.   Coulomb (SR)   Coul. recip.
    1.65318e+03    2.37725e+04   -1.04566e+03   -1.57597e+05    7.33214e+02
 Position Rest.      Potential    Kinetic En.   Total Energy  Conserved En.
    6.19469e+01   -1.31859e+05    2.04687e+04   -1.11391e+05   -1.10939e+05
    Temperature Pres. DC (bar) Pressure (bar)   Constr. rmsd
    3.01048e+02   -2.12195e+02   -1.17547e+02    1.50077e-06

           Step           Time
          16500       33.00000

   Energies (kJ/mol)
        G96Bond       G96Angle    Proper Dih.  Improper Dih.          LJ-14
    1.33848e+02    2.18260e+02    6.99357e+01    6.04173e+01    2.31982e+01
     Coulomb-14        LJ (SR)  Disper. corr.   Coulomb (SR)   Coul. recip.
    1.64799e+03    2.46919e+04   -1.05906e+03   -1.58456e+05    7.37593e+02
 Position Rest.      Potential    Kinetic En.   Total Energy  Conserved En.
    7.17342e+01   -1.31860e+05    2.03706e+04   -1.11490e+05   -1.10940e+05
    Temperature Pres. DC (bar) Pressure (bar)   Constr. rmsd
    2.99605e+02   -2.17662e+02    2.45786e+02    1.43309e-06

           Step           Time
          17000       34.00000

   Energies (kJ/mol)
        G96Bond       G96Angle    Proper Dih.  Improper Dih.          LJ-14
    1.49366e+02    1.73118e+02    7.30566e+01    7.45981e+01    3.34905e+01
     Coulomb-14        LJ (SR)  Disper. corr.   Coulomb (SR)   Coul. recip.
    1.66152e+03    2.45594e+04   -1.04513e+03   -1.58960e+05    6.93646e+02
 Position Rest.      Potential    Kinetic En.   Total Energy  Conserved En.
    5.86150e+01   -1.32528e+05    2.06023e+04   -1.11926e+05   -1.10943e+05
    Temperature Pres. DC (bar) Pressure (bar)   Constr. rmsd
    3.03013e+02   -2.11982e+02   -1.28096e+02    3.83017e-06

           Step           Time
          17500       35.00000

   Energies (kJ/mol)
        G96Bond       G96Angle    Proper Dih.  Improper Dih.          LJ-14
    1.26534e+02    2.55148e+02    7.08758e+01    7.07274e+01    2.12562e+01
     Coulomb-14        LJ (SR)  Disper. corr.   Coulomb (SR)   Coul. recip.
    1.63906e+03    2.48486e+04   -1.05307e+03   -1.59097e+05    7.84946e+02
 Position Rest.      Potential    Kinetic En.   Total Energy  Conserved En.
    8.28106e+01   -1.32250e+05    2.05562e+04   -1.11694e+05   -1.10935e+05
    Temperature Pres. DC (bar) Pressure (bar)   Constr. rmsd
    3.02335e+02   -2.15210e+02    4.26716e+02    1.13925e-06

           Step           Time
          18000       36.00000

   Energies (kJ/mol)
        G96Bond       G96Angle    Proper Dih.  Improper Dih.          LJ-14
    1.48884e+02    2.22177e+02    7.92329e+01    7.62589e+01    4.71889e+01
     Coulomb-14        LJ (SR)  Disper. corr.   Coulomb (SR)   Coul. recip.
    1.63982e+03    2.44162e+04   -1.05102e+03   -1.58049e+05    7.64045e+02
 Position Rest.      Potential    Kinetic En.   Total Energy  Conserved En.
    8.24238e+01   -1.31624e+05    2.07733e+04   -1.10850e+05   -1.10935e+05
    Temperature Pres. DC (bar) Pressure (bar)   Constr. rmsd
    3.05528e+02   -2.14374e+02    1.85311e+02    2.38272e-06

           Step           Time
          18500       37.00000

   Energies (kJ/mol)
        G96Bond       G96Angle    Proper Dih.  Improper Dih.          LJ-14
    1.62640e+02    2.39808e+02    7.93155e+01    7.08728e+01    1.80983e+01
     Coulomb-14        LJ (SR)  Disper. corr.   Coulomb (SR)   Coul. recip.
    1.65700e+03    2.41538e+04   -1.06193e+03   -1.58497e+05    7.38382e+02
 Position Rest.      Potential    Kinetic En.   Total Energy  Conserved En.
    6.49159e+01   -1.32374e+05    2.07716e+04   -1.11603e+05   -1.10949e+05
    Temperature Pres. DC (bar) Pressure (bar)   Constr. rmsd
    3.05503e+02   -2.18843e+02   -5.48963e+01    2.42200e-06

           Step           Time
          19000       38.00000

   Energies (kJ/mol)
        G96Bond       G96Angle    Proper Dih.  Improper Dih.          LJ-14
    1.46030e+02    2.35776e+02    7.76332e+01    6.21944e+01    3.61043e+01
     Coulomb-14        LJ (SR)  Disper. corr.   Coulomb (SR)   Coul. recip.
    1.66053e+03    2.48830e+04   -1.05327e+03   -1.59097e+05    7.94957e+02
 Position Rest.      Potential    Kinetic En.   Total Energy  Conserved En.
    7.38332e+01   -1.32180e+05    2.02860e+04   -1.11894e+05   -1.10934e+05
    Temperature Pres. DC (bar) Pressure (bar)   Constr. rmsd
    2.98361e+02   -2.15292e+02    4.76504e+02    2.15494e-06

           Step           Time
          19500       39.00000

   Energies (kJ/mol)
        G96Bond       G96Angle    Proper Dih.  Improper Dih.          LJ-14
    1.55742e+02    2.58419e+02    7.98190e+01    6.42782e+01    3.19471e+01
     Coulomb-14        LJ (SR)  Disper. corr.   Coulomb (SR)   Coul. recip.
    1.62845e+03    2.33399e+04   -1.04428e+03   -1.56886e+05    7.92915e+02
 Position Rest.      Potential    Kinetic En.   Total Energy  Conserved En.
    6.43286e+01   -1.31515e+05    2.06552e+04   -1.10860e+05   -1.10936e+05
    Temperature Pres. DC (bar) Pressure (bar)   Constr. rmsd
    3.03791e+02   -2.11635e+02   -4.93115e+02    1.95574e-06

           Step           Time
          20000       40.00000

   Energies (kJ/mol)
        G96Bond       G96Angle    Proper Dih.  Improper Dih.          LJ-14
    1.90833e+02    2.07210e+02    7.61214e+01    1.01202e+02    1.39648e+01
     Coulomb-14        LJ (SR)  Disper. corr.   Coulomb (SR)   Coul. recip.
    1.64255e+03    2.41496e+04   -1.04873e+03   -1.57644e+05    8.00116e+02
 Position Rest.      Potential    Kinetic En.   Total Energy  Conserved En.
    5.09282e+01   -1.31461e+05    2.03483e+04   -1.11112e+05   -1.10935e+05
    Temperature Pres. DC (bar) Pressure (bar)   Constr. rmsd
    2.99278e+02   -2.13444e+02   -5.79210e+01    1.79377e-06

           Step           Time
          20500       41.00000

   Energies (kJ/mol)
        G96Bond       G96Angle    Proper Dih.  Improper Dih.          LJ-14
    1.57947e+02    2.22394e+02    8.58239e+01    6.32469e+01    1.44484e+01
     Coulomb-14        LJ (SR)  Disper. corr.   Coulomb (SR)   Coul. recip.
    1.64857e+03    2.41527e+04   -1.04970e+03   -1.57641e+05    7.89076e+02
 Position Rest.      Potential    Kinetic En.   Total Energy  Conserved En.
    8.08076e+01   -1.31475e+05    2.02049e+04   -1.11270e+05   -1.10939e+05
    Temperature Pres. DC (bar) Pressure (bar)   Constr. rmsd
    2.97168e+02   -2.13838e+02   -1.01608e+02    1.57342e-06

           Step           Time
          21000       42.00000

   Energies (kJ/mol)
        G96Bond       G96Angle    Proper Dih.  Improper Dih.          LJ-14
    1.41365e+02    2.20503e+02    7.23132e+01    7.15381e+01    2.97098e+01
     Coulomb-14        LJ (SR)  Disper. corr.   Coulomb (SR)   Coul. recip.
    1.68246e+03    2.44507e+04   -1.05377e+03   -1.58434e+05    7.51697e+02
 Position Rest.      Potential    Kinetic En.   Total Energy  Conserved En.
    7.99356e+01   -1.31987e+05    2.01674e+04   -1.11820e+05   -1.10940e+05
    Temperature Pres. DC (bar) Pressure (bar)   Constr. rmsd
    2.96616e+02   -2.15496e+02   -2.28584e+00    2.48233e-06

           Step           Time
          21500       43.00000

   Energies (kJ/mol)
        G96Bond       G96Angle    Proper Dih.  Improper Dih.          LJ-14
    1.56303e+02    2.26305e+02    6.07841e+01    7.05705e+01    4.17403e+01
     Coulomb-14        LJ (SR)  Disper. corr.   Coulomb (SR)   Coul. recip.
    1.66229e+03    2.34455e+04   -1.04817e+03   -1.57634e+05    7.62200e+02
 Position Rest.      Potential    Kinetic En.   Total Energy  Conserved En.
    8.29661e+01   -1.32174e+05    2.05623e+04   -1.11611e+05   -1.10938e+05
    Temperature Pres. DC (bar) Pressure (bar)   Constr. rmsd
    3.02425e+02   -2.13214e+02   -6.31327e+02    3.98644e-06

           Step           Time
          22000       44.00000

   Energies (kJ/mol)
        G96Bond       G96Angle    Proper Dih.  Improper Dih.          LJ-14
    1.29741e+02    2.14900e+02    7.79629e+01    6.80683e+01    3.75145e+01
     Coulomb-14        LJ (SR)  Disper. corr.   Coulomb (SR)   Coul. recip.
    1.63440e+03    2.42290e+04   -1.04985e+03   -1.58529e+05    7.56562e+02
 Position Rest.      Potential    Kinetic En.   Total Energy  Conserved En.
    6.49643e+01   -1.32366e+05    2.01575e+04   -1.12208e+05   -1.10942e+05
    Temperature Pres. DC (bar) Pressure (bar)   Constr. rmsd
    2.96470e+02   -2.13899e+02   -1.38606e+02    1.52835e-06

           Step           Time
          22500       45.00000

   Energies (kJ/mol)
        G96Bond       G96Angle    Proper Dih.  Improper Dih.          LJ-14
    1.51296e+02    1.89433e+02    6.57429e+01    6.42590e+01    3.13017e+01
     Coulomb-14        LJ (SR)  Disper. corr.   Coulomb (SR)   Coul. recip.
    1.64593e+03    2.41150e+04   -1.05603e+03   -1.57966e+05    7.28154e+02
 Position Rest.      Potential    Kinetic En.   Total Energy  Conserved En.
    7.84644e+01   -1.31953e+05    2.03863e+04   -1.11566e+05   -1.10941e+05
    Temperature Pres. DC (bar) Pressure (bar)   Constr. rmsd
    2.99836e+02   -2.16421e+02   -1.57387e+02    2.21974e-06

           Step           Time
          23000       46.00000

   Energies (kJ/mol)
        G96Bond       G96Angle    Proper Dih.  Improper Dih.          LJ-14
    1.44819e+02    2.27653e+02    7.85514e+01    8.74704e+01    2.62026e+01
     Coulomb-14        LJ (SR)  Disper. corr.   Coulomb (SR)   Coul. recip.
    1.65917e+03    2.39805e+04   -1.05058e+03   -1.57702e+05    7.90722e+02
 Position Rest.      Potential    Kinetic En.   Total Energy  Conserved En.
    6.08746e+01   -1.31696e+05    2.11292e+04   -1.10567e+05   -1.10947e+05
    Temperature Pres. DC (bar) Pressure (bar)   Constr. rmsd
    3.10762e+02   -2.14197e+02   -1.07119e+02    1.86808e-06

           Step           Time
          23500       47.00000

   Energies (kJ/mol)
        G96Bond       G96Angle    Proper Dih.  Improper Dih.          LJ-14
    1.22185e+02    2.22283e+02    7.32335e+01    7.08286e+01    3.58788e+01
     Coulomb-14        LJ (SR)  Disper. corr.   Coulomb (SR)   Coul. recip.
    1.65271e+03    2.43192e+04   -1.05809e+03   -1.58742e+05    7.31519e+02
 Position Rest.      Potential    Kinetic En.   Total Energy  Conserved En.
    5.73002e+01   -1.32515e+05    2.02887e+04   -1.12226e+05   -1.10936e+05
    Temperature Pres. DC (bar) Pressure (bar)   Constr. rmsd
    2.98401e+02   -2.17265e+02    9.40686e+01    1.73156e-06

           Step           Time
          24000       48.00000

   Energies (kJ/mol)
        G96Bond       G96Angle    Proper Dih.  Improper Dih.          LJ-14
    1.12848e+02    1.93963e+02    7.03848e+01    6.64997e+01    2.12009e+01
     Coulomb-14        LJ (SR)  Disper. corr.   Coulomb (SR)   Coul. recip.
    1.65185e+03    2.39387e+04   -1.05172e+03   -1.57843e+05    7.64205e+02
 Position Rest.      Potential    Kinetic En.   Total Energy  Conserved En.
    7.28242e+01   -1.32002e+05    2.03512e+04   -1.11651e+05   -1.10943e+05
    Temperature Pres. DC (bar) Pressure (bar)   Constr. rmsd
    2.99320e+02   -2.14659e+02   -2.64448e+01    1.35905e-06

           Step           Time
          24500       49.00000

   Energies (kJ/mol)
        G96Bond       G96Angle    Proper Dih.  Improper Dih.          LJ-14
    1.40149e+02    2.17002e+02    7.44572e+01    8.62991e+01    1.16401e+01
     Coulomb-14        LJ (SR)  Disper. corr.   Coulomb (SR)   Coul. recip.
    1.62561e+03    2.44241e+04   -1.05033e+03   -1.58277e+05    7.41657e+02
 Position Rest.      Potential    Kinetic En.   Total Energy  Conserved En.
    8.20729e+01   -1.31924e+05    2.04938e+04   -1.11431e+05   -1.10939e+05
    Temperature Pres. DC (bar) Pressure (bar)   Constr. rmsd
    3.01417e+02   -2.14095e+02   -1.79452e+01    2.32599e-06

           Step           Time
          25000       50.00000

   Energies (kJ/mol)
        G96Bond       G96Angle    Proper Dih.  Improper Dih.          LJ-14
    1.44418e+02    2.20035e+02    7.84437e+01    1.02428e+02    2.43202e+01
     Coulomb-14        LJ (SR)  Disper. corr.   Coulomb (SR)   Coul. recip.
    1.65257e+03    2.46370e+04   -1.05531e+03   -1.58614e+05    7.08677e+02
 Position Rest.      Potential    Kinetic En.   Total Energy  Conserved En.
    7.67872e+01   -1.32025e+05    2.05579e+04   -1.11467e+05   -1.10941e+05
    Temperature Pres. DC (bar) Pressure (bar)   Constr. rmsd
    3.02360e+02   -2.16126e+02    2.72568e+02    1.72795e-06

           Step           Time
          25500       51.00000

   Energies (kJ/mol)
        G96Bond       G96Angle    Proper Dih.  Improper Dih.          LJ-14
    1.28287e+02    2.49224e+02    8.04020e+01    8.08853e+01    1.87024e+01
     Coulomb-14        LJ (SR)  Disper. corr.   Coulomb (SR)   Coul. recip.
    1.64755e+03    2.43983e+04   -1.04666e+03   -1.58375e+05    7.25622e+02
 Position Rest.      Potential    Kinetic En.   Total Energy  Conserved En.
    5.84505e+01   -1.32034e+05    2.05513e+04   -1.11483e+05   -1.10936e+05
    Temperature Pres. DC (bar) Pressure (bar)   Constr. rmsd
    3.02263e+02   -2.12602e+02    3.68677e+01    1.42618e-06

           Step           Time
          26000       52.00000

   Energies (kJ/mol)
        G96Bond       G96Angle    Proper Dih.  Improper Dih.          LJ-14
    1.47459e+02    2.32492e+02    7.08724e+01    7.73764e+01    1.44010e+01
     Coulomb-14        LJ (SR)  Disper. corr.   Coulomb (SR)   Coul. recip.
    1.64434e+03    2.43982e+04   -1.06474e+03   -1.58568e+05    7.46344e+02
 Position Rest.      Potential    Kinetic En.   Total Energy  Conserved En.
    7.56114e+01   -1.32225e+05    2.04302e+04   -1.11795e+05   -1.10935e+05
    Temperature Pres. DC (bar) Pressure (bar)   Constr. rmsd
    3.00482e+02   -2.20002e+02    1.90663e+02    1.55309e-06

           Step           Time
          26500       53.00000

   Energies (kJ/mol)
        G96Bond       G96Angle    Proper Dih.  Improper Dih.          LJ-14
    1.35871e+02    2.29283e+02    7.16520e+01    8.06664e+01    2.24153e+01
     Coulomb-14        LJ (SR)  Disper. corr.   Coulomb (SR)   Coul. recip.
    1.62594e+03    2.34916e+04   -1.05872e+03   -1.56818e+05    6.98471e+02
 Position Rest.      Potential    Kinetic En.   Total Energy  Conserved En.
    7.45537e+01   -1.31446e+05    2.05140e+04   -1.10932e+05   -1.10930e+05
    Temperature Pres. DC (bar) Pressure (bar)   Constr. rmsd
    3.01715e+02   -2.17523e+02   -3.93785e+02    5.24998e-06

           Step           Time
          27000       54.00000

   Energies (kJ/mol)
        G96Bond       G96Angle    Proper Dih.  Improper Dih.          LJ-14
    1.29143e+02    1.91293e+02    6.91582e+01    6.24068e+01    4.65228e+01
     Coulomb-14        LJ (SR)  Disper. corr.   Coulomb (SR)   Coul. recip.
    1.65051e+03    2.41905e+04   -1.05528e+03   -1.58587e+05    7.55509e+02
 Position Rest.      Potential    Kinetic En.   Total Energy  Conserved En.
    7.38056e+01   -1.32473e+05    2.03982e+04   -1.12075e+05   -1.10923e+05
    Temperature Pres. DC (bar) Pressure (bar)   Constr. rmsd
    3.00010e+02   -2.16113e+02    1.39109e+01    2.32947e-06

           Step           Time
          27500       55.00000

   Energies (kJ/mol)
        G96Bond       G96Angle    Proper Dih.  Improper Dih.          LJ-14
    1.27831e+02    2.47923e+02    6.04523e+01    8.36086e+01    4.40195e+01
     Coulomb-14        LJ (SR)  Disper. corr.   Coulomb (SR)   Coul. recip.
    1.64099e+03    2.43262e+04   -1.04945e+03   -1.57967e+05    7.46347e+02
 Position Rest.      Potential    Kinetic En.   Total Energy  Conserved En.
    8.46245e+01   -1.31654e+05    2.05290e+04   -1.11125e+05   -1.10934e+05
    Temperature Pres. DC (bar) Pressure (bar)   Constr. rmsd
    3.01935e+02   -2.13734e+02    2.60824e+02    2.58306e-06

           Step           Time
          28000       56.00000

   Energies (kJ/mol)
        G96Bond       G96Angle    Proper Dih.  Improper Dih.          LJ-14
    1.15954e+02    2.25949e+02    7.32482e+01    8.29222e+01    2.10169e+01
     Coulomb-14        LJ (SR)  Disper. corr.   Coulomb (SR)   Coul. recip.
    1.63637e+03    2.44940e+04   -1.05741e+03   -1.58721e+05    7.84020e+02
 Position Rest.      Potential    Kinetic En.   Total Energy  Conserved En.
    7.88146e+01   -1.32266e+05    1.99483e+04   -1.12318e+05   -1.10931e+05
    Temperature Pres. DC (bar) Pressure (bar)   Constr. rmsd
    2.93395e+02   -2.16985e+02    2.42007e+02    2.08305e-06

           Step           Time
          28500       57.00000

   Energies (kJ/mol)
        G96Bond       G96Angle    Proper Dih.  Improper Dih.          LJ-14
    1.57106e+02    2.33140e+02    6.90626e+01    7.07973e+01    3.44066e+01
     Coulomb-14        LJ (SR)  Disper. corr.   Coulomb (SR)   Coul. recip.
    1.64713e+03    2.42492e+04   -1.05171e+03   -1.57866e+05    7.34215e+02
 Position Rest.      Potential    Kinetic En.   Total Energy  Conserved En.
    7.37834e+01   -1.31649e+05    2.04184e+04   -1.11231e+05   -1.10935e+05
    Temperature Pres. DC (bar) Pressure (bar)   Constr. rmsd
    3.00308e+02   -2.14656e+02    2.19867e+02    2.18938e-06

           Step           Time
          29000       58.00000

   Energies (kJ/mol)
        G96Bond       G96Angle    Proper Dih.  Improper Dih.          LJ-14
    1.45079e+02    2.67152e+02    9.47341e+01    7.40760e+01    2.82848e+01
     Coulomb-14        LJ (SR)  Disper. corr.   Coulomb (SR)   Coul. recip.
    1.64519e+03    2.44467e+04   -1.05395e+03   -1.58274e+05    6.96464e+02
 Position Rest.      Potential    Kinetic En.   Total Energy  Conserved En.
    7.10093e+01   -1.31859e+05    2.05999e+04   -1.11259e+05   -1.10935e+05
    Temperature Pres. DC (bar) Pressure (bar)   Constr. rmsd
    3.02978e+02   -2.15571e+02    2.11759e+02    2.70273e-06

           Step           Time
          29500       59.00000

   Energies (kJ/mol)
        G96Bond       G96Angle    Proper Dih.  Improper Dih.          LJ-14
    1.49751e+02    2.02204e+02    8.19982e+01    6.22447e+01    1.67800e+01
     Coulomb-14        LJ (SR)  Disper. corr.   Coulomb (SR)   Coul. recip.
    1.65141e+03    2.47504e+04   -1.04980e+03   -1.58670e+05    7.77462e+02
 Position Rest.      Potential    Kinetic En.   Total Energy  Conserved En.
    5.43256e+01   -1.31973e+05    2.00413e+04   -1.11932e+05   -1.10931e+05
    Temperature Pres. DC (bar) Pressure (bar)   Constr. rmsd
    2.94762e+02   -2.13878e+02    1.86555e+02    2.18835e-06

           Step           Time
          30000       60.00000

   Energies (kJ/mol)
        G96Bond       G96Angle    Proper Dih.  Improper Dih.          LJ-14
    1.39709e+02    2.52357e+02    6.87098e+01    6.87847e+01    3.25826e+01
     Coulomb-14        LJ (SR)  Disper. corr.   Coulomb (SR)   Coul. recip.
    1.61269e+03    2.38352e+04   -1.04994e+03   -1.57302e+05    7.41917e+02
 Position Rest.      Potential    Kinetic En.   Total Energy  Conserved En.
    8.09476e+01   -1.31519e+05    2.04675e+04   -1.11051e+05   -1.10944e+05
    Temperature Pres. DC (bar) Pressure (bar)   Constr. rmsd
    3.01030e+02   -2.13933e+02   -1.31931e+02    3.29689e-06

           Step           Time
          30500       61.00000

   Energies (kJ/mol)
        G96Bond       G96Angle    Proper Dih.  Improper Dih.          LJ-14
    1.32363e+02    1.98311e+02    8.81315e+01    6.03002e+01    2.45953e+01
     Coulomb-14        LJ (SR)  Disper. corr.   Coulomb (SR)   Coul. recip.
    1.63954e+03    2.43631e+04   -1.04953e+03   -1.58386e+05    7.64626e+02
 Position Rest.      Potential    Kinetic En.   Total Energy  Conserved En.
    7.00345e+01   -1.32095e+05    2.06013e+04   -1.11494e+05   -1.10939e+05
    Temperature Pres. DC (bar) Pressure (bar)   Constr. rmsd
    3.02997e+02   -2.13770e+02    5.11148e+01    1.33690e-06

           Step           Time
          31000       62.00000

   Energies (kJ/mol)
        G96Bond       G96Angle    Proper Dih.  Improper Dih.          LJ-14
    1.45474e+02    1.78602e+02    6.31613e+01    6.85097e+01    1.77232e+01
     Coulomb-14        LJ (SR)  Disper. corr.   Coulomb (SR)   Coul. recip.
    1.64918e+03    2.48162e+04   -1.05822e+03   -1.59192e+05    7.42354e+02
 Position Rest.      Potential    Kinetic En.   Total Energy  Conserved En.
    5.24438e+01   -1.32517e+05    1.98101e+04   -1.12707e+05   -1.10938e+05
    Temperature Pres. DC (bar) Pressure (bar)   Constr. rmsd
    2.91361e+02   -2.17317e+02    1.47953e+02    1.53684e-06

           Step           Time
          31500       63.00000

   Energies (kJ/mol)
        G96Bond       G96Angle    Proper Dih.  Improper Dih.          LJ-14
    1.62856e+02    1.91326e+02    4.40420e+01    6.32417e+01    3.05642e+01
     Coulomb-14        LJ (SR)  Disper. corr.   Coulomb (SR)   Coul. recip.
    1.64663e+03    2.48388e+04   -1.05239e+03   -1.59196e+05    7.17863e+02
 Position Rest.      Potential    Kinetic En.   Total Energy  Conserved En.
    7.24411e+01   -1.32481e+05    2.03332e+04   -1.12148e+05   -1.10939e+05
    Temperature Pres. DC (bar) Pressure (bar)   Constr. rmsd
    2.99055e+02   -2.14932e+02    1.74217e+02    3.70077e-06

           Step           Time
          32000       64.00000

   Energies (kJ/mol)
        G96Bond       G96Angle    Proper Dih.  Improper Dih.          LJ-14
    2.02048e+02    2.21381e+02    6.29336e+01    9.20557e+01    1.45909e+01
     Coulomb-14        LJ (SR)  Disper. corr.   Coulomb (SR)   Coul. recip.
    1.64497e+03    2.40817e+04   -1.06280e+03   -1.57726e+05    7.10487e+02
 Position Rest.      Potential    Kinetic En.   Total Energy  Conserved En.
    6.70852e+01   -1.31691e+05    2.05772e+04   -1.11114e+05   -1.10934e+05
    Temperature Pres. DC (bar) Pressure (bar)   Constr. rmsd
    3.02644e+02   -2.19203e+02    9.26437e+01    2.70437e-06

           Step           Time
          32500       65.00000

   Energies (kJ/mol)
        G96Bond       G96Angle    Proper Dih.  Improper Dih.          LJ-14
    1.21487e+02    2.27180e+02    6.19242e+01    6.84698e+01    4.74878e+01
     Coulomb-14        LJ (SR)  Disper. corr.   Coulomb (SR)   Coul. recip.
    1.62469e+03    2.43155e+04   -1.05865e+03   -1.58547e+05    7.44648e+02
 Position Rest.      Potential    Kinetic En.   Total Energy  Conserved En.
    7.99532e+01   -1.32315e+05    2.02710e+04   -1.12044e+05   -1.10947e+05
    Temperature Pres. DC (bar) Pressure (bar)   Constr. rmsd
    2.98140e+02   -2.17493e+02    2.29562e+02    2.51661e-06

           Step           Time
          33000       66.00000

   Energies (kJ/mol)
        G96Bond       G96Angle    Proper Dih.  Improper Dih.          LJ-14
    1.25333e+02    2.14920e+02    6.47942e+01    7.06666e+01    3.18313e+01
     Coulomb-14        LJ (SR)  Disper. corr.   Coulomb (SR)   Coul. recip.
    1.66119e+03    2.39661e+04   -1.06296e+03   -1.58334e+05    7.72415e+02
 Position Rest.      Potential    Kinetic En.   Total Energy  Conserved En.
    8.19611e+01   -1.32408e+05    2.04716e+04   -1.11936e+05   -1.10942e+05
    Temperature Pres. DC (bar) Pressure (bar)   Constr. rmsd
    3.01091e+02   -2.19268e+02    1.19158e+02    1.55303e-06

           Step           Time
          33500       67.00000

   Energies (kJ/mol)
        G96Bond       G96Angle    Proper Dih.  Improper Dih.          LJ-14
    1.19415e+02    2.06398e+02    6.21029e+01    7.76768e+01    1.96565e+01
     Coulomb-14        LJ (SR)  Disper. corr.   Coulomb (SR)   Coul. recip.
    1.63181e+03    2.45579e+04   -1.04969e+03   -1.58831e+05    7.30595e+02
 Position Rest.      Potential    Kinetic En.   Total Energy  Conserved En.
    5.81495e+01   -1.32417e+05    2.01069e+04   -1.12310e+05   -1.10940e+05
    Temperature Pres. DC (bar) Pressure (bar)   Constr. rmsd
    2.95726e+02   -2.13834e+02    7.84933e+01    1.01522e-06

           Step           Time
          34000       68.00000

   Energies (kJ/mol)
        G96Bond       G96Angle    Proper Dih.  Improper Dih.          LJ-14
    1.46620e+02    2.51514e+02    6.77982e+01    9.62537e+01    1.47590e+01
     Coulomb-14        LJ (SR)  Disper. corr.   Coulomb (SR)   Coul. recip.
    1.62111e+03    2.48578e+04   -1.04557e+03   -1.58351e+05    7.63953e+02
 Position Rest.      Potential    Kinetic En.   Total Energy  Conserved En.
    5.42648e+01   -1.31522e+05    2.01151e+04   -1.11407e+05   -1.10931e+05
    Temperature Pres. DC (bar) Pressure (bar)   Constr. rmsd
    2.95846e+02   -2.12161e+02    2.37386e+02    1.04679e-06

           Step           Time
          34500       69.00000

   Energies (kJ/mol)
        G96Bond       G96Angle    Proper Dih.  Improper Dih.          LJ-14
    1.54764e+02    1.99587e+02    7.97796e+01    6.81392e+01    1.30335e+01
     Coulomb-14        LJ (SR)  Disper. corr.   Coulomb (SR)   Coul. recip.
    1.65822e+03    2.48055e+04   -1.04771e+03   -1.58683e+05    7.40498e+02
 Position Rest.      Potential    Kinetic En.   Total Energy  Conserved En.
    6.60827e+01   -1.31945e+05    2.02879e+04   -1.11658e+05   -1.10944e+05
    Temperature Pres. DC (bar) Pressure (bar)   Constr. rmsd
    2.98388e+02   -2.13026e+02    2.43535e+02    1.27796e-06

           Step           Time
          35000       70.00000

   Energies (kJ/mol)
        G96Bond       G96Angle    Proper Dih.  Improper Dih.          LJ-14
    1.46455e+02    2.09214e+02    7.00841e+01    7.77890e+01    2.93753e+01
     Coulomb-14        LJ (SR)  Disper. corr.   Coulomb (SR)   Coul. recip.
    1.64332e+03    2.41911e+04   -1.05303e+03   -1.58574e+05    7.61854e+02
 Position Rest.      Potential    Kinetic En.   Total Energy  Conserved En.
    6.26877e+01   -1.32435e+05    2.01157e+04   -1.12319e+05   -1.10938e+05
    Temperature Pres. DC (bar) Pressure (bar)   Constr. rmsd
    2.95856e+02   -2.15195e+02   -1.03695e+02    1.55105e-06

           Step           Time
          35500       71.00000

   Energies (kJ/mol)
        G96Bond       G96Angle    Proper Dih.  Improper Dih.          LJ-14
    1.25399e+02    2.20086e+02    6.85336e+01    7.44170e+01    2.15932e+01
     Coulomb-14        LJ (SR)  Disper. corr.   Coulomb (SR)   Coul. recip.
    1.64912e+03    2.37900e+04   -1.04530e+03   -1.57493e+05    7.36988e+02
 Position Rest.      Potential    Kinetic En.   Total Energy  Conserved En.
    6.74480e+01   -1.31784e+05    2.03019e+04   -1.11482e+05   -1.10944e+05
    Temperature Pres. DC (bar) Pressure (bar)   Constr. rmsd
    2.98595e+02   -2.12050e+02   -4.98978e+02    1.59494e-06

           Step           Time
          36000       72.00000

   Energies (kJ/mol)
        G96Bond       G96Angle    Proper Dih.  Improper Dih.          LJ-14
    1.46240e+02    2.07138e+02    8.17355e+01    7.08108e+01    2.14839e+01
     Coulomb-14        LJ (SR)  Disper. corr.   Coulomb (SR)   Coul. recip.
    1.64067e+03    2.36973e+04   -1.04877e+03   -1.57420e+05    7.46820e+02
 Position Rest.      Potential    Kinetic En.   Total Energy  Conserved En.
    6.25234e+01   -1.31794e+05    1.99812e+04   -1.11813e+05   -1.10931e+05
    Temperature Pres. DC (bar) Pressure (bar)   Constr. rmsd
    2.93879e+02   -2.13458e+02   -4.81217e+02    2.02065e-06

           Step           Time
          36500       73.00000

   Energies (kJ/mol)
        G96Bond       G96Angle    Proper Dih.  Improper Dih.          LJ-14
    1.28609e+02    2.13155e+02    7.57349e+01    5.44695e+01    3.21661e+01
     Coulomb-14        LJ (SR)  Disper. corr.   Coulomb (SR)   Coul. recip.
    1.64696e+03    2.48687e+04   -1.05806e+03   -1.59133e+05    6.93198e+02
 Position Rest.      Potential    Kinetic En.   Total Energy  Conserved En.
    5.48609e+01   -1.32423e+05    2.05230e+04   -1.11900e+05   -1.10933e+05
    Temperature Pres. DC (bar) Pressure (bar)   Constr. rmsd
    3.01846e+02   -2.17251e+02    5.48029e+02    2.00182e-06

           Step           Time
          37000       74.00000

   Energies (kJ/mol)
        G96Bond       G96Angle    Proper Dih.  Improper Dih.          LJ-14
    1.72383e+02    2.18573e+02    6.25229e+01    7.80215e+01    1.40564e+01
     Coulomb-14        LJ (SR)  Disper. corr.   Coulomb (SR)   Coul. recip.
    1.64927e+03    2.33631e+04   -1.04514e+03   -1.57067e+05    7.04009e+02
 Position Rest.      Potential    Kinetic En.   Total Energy  Conserved En.
    6.34674e+01   -1.31786e+05    2.02715e+04   -1.11515e+05   -1.10938e+05
    Temperature Pres. DC (bar) Pressure (bar)   Constr. rmsd
    2.98147e+02   -2.11987e+02   -6.20219e+02    1.49121e-06

           Step           Time
          37500       75.00000

   Energies (kJ/mol)
        G96Bond       G96Angle    Proper Dih.  Improper Dih.          LJ-14
    1.34645e+02    1.96167e+02    7.18642e+01    7.53676e+01    4.15172e+01
     Coulomb-14        LJ (SR)  Disper. corr.   Coulomb (SR)   Coul. recip.
    1.65487e+03    2.51742e+04   -1.04720e+03   -1.59534e+05    7.24179e+02
 Position Rest.      Potential    Kinetic En.   Total Energy  Conserved En.
    6.35109e+01   -1.32445e+05    1.99870e+04   -1.12458e+05   -1.10932e+05
    Temperature Pres. DC (bar) Pressure (bar)   Constr. rmsd
    2.93963e+02   -2.12820e+02    4.60136e+02    2.11312e-06

           Step           Time
          38000       76.00000

   Energies (kJ/mol)
        G96Bond       G96Angle    Proper Dih.  Improper Dih.          LJ-14
    1.36471e+02    2.29819e+02    6.28921e+01    6.84349e+01    4.45035e+01
     Coulomb-14        LJ (SR)  Disper. corr.   Coulomb (SR)   Coul. recip.
    1.65364e+03    2.47056e+04   -1.05579e+03   -1.59064e+05    7.46246e+02
 Position Rest.      Potential    Kinetic En.   Total Energy  Conserved En.
    7.35499e+01   -1.32398e+05    2.03325e+04   -1.12066e+05   -1.10931e+05
    Temperature Pres. DC (bar) Pressure (bar)   Constr. rmsd
    2.99045e+02   -2.16322e+02    4.62145e+02    3.67152e-06

           Step           Time
          38500       77.00000

   Energies (kJ/mol)
        G96Bond       G96Angle    Proper Dih.  Improper Dih.          LJ-14
    1.61993e+02    2.43612e+02    7.60107e+01    7.25019e+01    3.57232e+01
     Coulomb-14        LJ (SR)  Disper. corr.   Coulomb (SR)   Coul. recip.
    1.65558e+03    2.45891e+04   -1.05220e+03   -1.58611e+05    7.50400e+02
 Position Rest.      Potential    Kinetic En.   Total Energy  Conserved En.
    6.59603e+01   -1.32012e+05    2.08054e+04   -1.11207e+05   -1.10928e+05
    Temperature Pres. DC (bar) Pressure (bar)   Constr. rmsd
    3.06000e+02   -2.14854e+02    1.91135e+02    1.73378e-06

           Step           Time
          39000       78.00000

   Energies (kJ/mol)
        G96Bond       G96Angle    Proper Dih.  Improper Dih.          LJ-14
    1.21659e+02    2.23085e+02    7.72543e+01    6.71725e+01    4.04529e+01
     Coulomb-14        LJ (SR)  Disper. corr.   Coulomb (SR)   Coul. recip.
    1.65269e+03    2.42388e+04   -1.05303e+03   -1.58145e+05    7.56152e+02
 Position Rest.      Potential    Kinetic En.   Total Energy  Conserved En.
    5.36128e+01   -1.31967e+05    2.03835e+04   -1.11583e+05   -1.10929e+05
    Temperature Pres. DC (bar) Pressure (bar)   Constr. rmsd
    2.99795e+02   -2.15195e+02   -7.38107e+01    1.94078e-06

           Step           Time
          39500       79.00000

   Energies (kJ/mol)
        G96Bond       G96Angle    Proper Dih.  Improper Dih.          LJ-14
    1.38509e+02    1.81931e+02    6.29869e+01    8.37340e+01    3.52064e+01
     Coulomb-14        LJ (SR)  Disper. corr.   Coulomb (SR)   Coul. recip.
    1.67321e+03    2.51285e+04   -1.06111e+03   -1.59837e+05    7.78584e+02
 Position Rest.      Potential    Kinetic En.   Total Energy  Conserved En.
    6.82952e+01   -1.32747e+05    2.05797e+04   -1.12168e+05   -1.10934e+05
    Temperature Pres. DC (bar) Pressure (bar)   Constr. rmsd
    3.02680e+02   -2.18504e+02    7.51110e+02    1.53293e-06

           Step           Time
          40000       80.00000

   Energies (kJ/mol)
        G96Bond       G96Angle    Proper Dih.  Improper Dih.          LJ-14
    1.20370e+02    2.24485e+02    6.93723e+01    7.24508e+01    2.38427e+01
     Coulomb-14        LJ (SR)  Disper. corr.   Coulomb (SR)   Coul. recip.
    1.64195e+03    2.38163e+04   -1.05649e+03   -1.57953e+05    6.91791e+02
 Position Rest.      Potential    Kinetic En.   Total Energy  Conserved En.
    6.95356e+01   -1.32280e+05    2.04561e+04   -1.11824e+05   -1.10936e+05
    Temperature Pres. DC (bar) Pressure (bar)   Constr. rmsd
    3.00862e+02   -2.16608e+02   -9.53441e+01    1.17158e-06

           Step           Time
          40500       81.00000

   Energies (kJ/mol)
        G96Bond       G96Angle    Proper Dih.  Improper Dih.          LJ-14
    1.40172e+02    2.17062e+02    6.56079e+01    6.75174e+01    3.02842e+01
     Coulomb-14        LJ (SR)  Disper. corr.   Coulomb (SR)   Coul. recip.
    1.62141e+03    2.39156e+04   -1.05061e+03   -1.58231e+05    7.22356e+02
 Position Rest.      Potential    Kinetic En.   Total Energy  Conserved En.
    6.67929e+01   -1.32434e+05    2.02487e+04   -1.12186e+05   -1.10937e+05
    Temperature Pres. DC (bar) Pressure (bar)   Constr. rmsd
    2.97812e+02   -2.14209e+02   -3.82388e+02    1.58909e-06

           Step           Time
          41000       82.00000

   Energies (kJ/mol)
        G96Bond       G96Angle    Proper Dih.  Improper Dih.          LJ-14
    1.62796e+02    2.15310e+02    8.53327e+01    7.30701e+01    1.38733e+01
     Coulomb-14        LJ (SR)  Disper. corr.   Coulomb (SR)   Coul. recip.
    1.66156e+03    2.38683e+04   -1.04706e+03   -1.58109e+05    7.46222e+02
 Position Rest.      Potential    Kinetic En.   Total Energy  Conserved En.
    8.42287e+01   -1.32246e+05    2.09593e+04   -1.11286e+05   -1.10941e+05
    Temperature Pres. DC (bar) Pressure (bar)   Constr. rmsd
    3.08264e+02   -2.12765e+02   -5.13262e+02    1.18056e-06

           Step           Time
          41500       83.00000

   Energies (kJ/mol)
        G96Bond       G96Angle    Proper Dih.  Improper Dih.          LJ-14
    1.36058e+02    1.83828e+02    7.46443e+01    6.20309e+01    1.73957e+00
     Coulomb-14        LJ (SR)  Disper. corr.   Coulomb (SR)   Coul. recip.
    1.64784e+03    2.38279e+04   -1.04926e+03   -1.58729e+05    7.14322e+02
 Position Rest.      Potential    Kinetic En.   Total Energy  Conserved En.
    6.93171e+01   -1.33061e+05    2.00973e+04   -1.12964e+05   -1.10933e+05
    Temperature Pres. DC (bar) Pressure (bar)   Constr. rmsd
    2.95585e+02   -2.13657e+02   -7.61222e+02    1.56043e-06

           Step           Time
          42000       84.00000

   Energies (kJ/mol)
        G96Bond       G96Angle    Proper Dih.  Improper Dih.          LJ-14
    1.94668e+02    2.18962e+02    7.30015e+01    8.36913e+01    2.03285e+01
     Coulomb-14        LJ (SR)  Disper. corr.   Coulomb (SR)   Coul. recip.
    1.61980e+03    2.47952e+04   -1.05589e+03   -1.58595e+05    7.47598e+02
 Position Rest.      Potential    Kinetic En.   Total Energy  Conserved En.
    8.49668e+01   -1.31813e+05    2.03849e+04   -1.11428e+05   -1.10922e+05
    Temperature Pres. DC (bar) Pressure (bar)   Constr. rmsd
    2.99815e+02   -2.16362e+02    2.92864e+02    2.98897e-06

           Step           Time
          42500       85.00000

   Energies (kJ/mol)
        G96Bond       G96Angle    Proper Dih.  Improper Dih.          LJ-14
    1.85277e+02    1.81177e+02    6.42454e+01    7.09272e+01    4.77893e+01
     Coulomb-14        LJ (SR)  Disper. corr.   Coulomb (SR)   Coul. recip.
    1.64629e+03    2.44789e+04   -1.05238e+03   -1.58646e+05    7.40992e+02
 Position Rest.      Potential    Kinetic En.   Total Energy  Conserved En.
    1.00797e+02   -1.32182e+05    2.05898e+04   -1.11592e+05   -1.10935e+05
    Temperature Pres. DC (bar) Pressure (bar)   Constr. rmsd
    3.02829e+02   -2.14931e+02    4.83994e+00    2.92239e-06

           Step           Time
          43000       86.00000

   Energies (kJ/mol)
        G96Bond       G96Angle    Proper Dih.  Improper Dih.          LJ-14
    1.18968e+02    2.04837e+02    8.61707e+01    7.13191e+01    3.88548e+01
     Coulomb-14        LJ (SR)  Disper. corr.   Coulomb (SR)   Coul. recip.
    1.64640e+03    2.45905e+04   -1.04612e+03   -1.58416e+05    7.47262e+02
 Position Rest.      Potential    Kinetic En.   Total Energy  Conserved En.
    6.74639e+01   -1.31890e+05    2.04127e+04   -1.11478e+05   -1.10942e+05
    Temperature Pres. DC (bar) Pressure (bar)   Constr. rmsd
    3.00224e+02   -2.12382e+02    1.95882e+02    4.21605e-06

           Step           Time
          43500       87.00000

   Energies (kJ/mol)
        G96Bond       G96Angle    Proper Dih.  Improper Dih.          LJ-14
    1.65714e+02    1.98986e+02    6.99937e+01    1.05032e+02    1.40598e+01
     Coulomb-14        LJ (SR)  Disper. corr.   Coulomb (SR)   Coul. recip.
    1.64867e+03    2.46945e+04   -1.05058e+03   -1.58614e+05    7.19154e+02
 Position Rest.      Potential    Kinetic En.   Total Energy  Conserved En.
    6.39644e+01   -1.31985e+05    2.08677e+04   -1.11117e+05   -1.10937e+05
    Temperature Pres. DC (bar) Pressure (bar)   Constr. rmsd
    3.06915e+02   -2.14195e+02    1.47295e+02    2.80400e-06

           Step           Time
          44000       88.00000

   Energies (kJ/mol)
        G96Bond       G96Angle    Proper Dih.  Improper Dih.          LJ-14
    1.25041e+02    2.05793e+02    7.13411e+01    6.01175e+01    2.48728e+01
     Coulomb-14        LJ (SR)  Disper. corr.   Coulomb (SR)   Coul. recip.
    1.64934e+03    2.44464e+04   -1.04843e+03   -1.58546e+05    7.24197e+02
 Position Rest.      Potential    Kinetic En.   Total Energy  Conserved En.
    7.71786e+01   -1.32210e+05    1.99568e+04   -1.12253e+05   -1.10932e+05
    Temperature Pres. DC (bar) Pressure (bar)   Constr. rmsd
    2.93519e+02   -2.13319e+02   -9.04678e+01    1.22185e-06

           Step           Time
          44500       89.00000

   Energies (kJ/mol)
        G96Bond       G96Angle    Proper Dih.  Improper Dih.          LJ-14
    1.41396e+02    1.79954e+02    6.74535e+01    7.78798e+01    3.53071e+01
     Coulomb-14        LJ (SR)  Disper. corr.   Coulomb (SR)   Coul. recip.
    1.63758e+03    2.46089e+04   -1.05839e+03   -1.59259e+05    7.55863e+02
 Position Rest.      Potential    Kinetic En.   Total Energy  Conserved En.
    9.11615e+01   -1.32722e+05    2.04506e+04   -1.12271e+05   -1.10939e+05
    Temperature Pres. DC (bar) Pressure (bar)   Constr. rmsd
    3.00782e+02   -2.17386e+02    1.91117e+02    2.21432e-06

           Step           Time
          45000       90.00000

   Energies (kJ/mol)
        G96Bond       G96Angle    Proper Dih.  Improper Dih.          LJ-14
    1.54236e+02    1.96220e+02    8.47927e+01    7.56894e+01    1.68025e+01
     Coulomb-14        LJ (SR)  Disper. corr.   Coulomb (SR)   Coul. recip.
    1.62550e+03    2.40325e+04   -1.05637e+03   -1.58676e+05    7.22518e+02
 Position Rest.      Potential    Kinetic En.   Total Energy  Conserved En.
    7.29613e+01   -1.32751e+05    2.05831e+04   -1.12168e+05   -1.10935e+05
    Temperature Pres. DC (bar) Pressure (bar)   Constr. rmsd
    3.02731e+02   -2.16559e+02   -3.70968e+02    1.77071e-06

           Step           Time
          45500       91.00000

   Energies (kJ/mol)
        G96Bond       G96Angle    Proper Dih.  Improper Dih.          LJ-14
    1.28907e+02    2.27640e+02    7.00582e+01    7.48874e+01    3.38586e+01
     Coulomb-14        LJ (SR)  Disper. corr.   Coulomb (SR)   Coul. recip.
    1.63405e+03    2.43868e+04   -1.05420e+03   -1.59335e+05    7.39662e+02
 Position Rest.      Potential    Kinetic En.   Total Energy  Conserved En.
    8.23478e+01   -1.33011e+05    2.04303e+04   -1.12581e+05   -1.10937e+05
    Temperature Pres. DC (bar) Pressure (bar)   Constr. rmsd
    3.00483e+02   -2.15671e+02   -9.77765e+01    1.74416e-06

           Step           Time
          46000       92.00000

   Energies (kJ/mol)
        G96Bond       G96Angle    Proper Dih.  Improper Dih.          LJ-14
    1.05180e+02    2.32623e+02    6.81871e+01    8.50550e+01    3.54394e+01
     Coulomb-14        LJ (SR)  Disper. corr.   Coulomb (SR)   Coul. recip.
    1.64151e+03    2.41822e+04   -1.06436e+03   -1.58570e+05    7.79993e+02
 Position Rest.      Potential    Kinetic En.   Total Energy  Conserved En.
    7.19987e+01   -1.32432e+05    2.02567e+04   -1.12176e+05   -1.10931e+05
    Temperature Pres. DC (bar) Pressure (bar)   Constr. rmsd
    2.97929e+02   -2.19844e+02    3.92115e+01    1.73120e-06

           Step           Time
          46500       93.00000

   Energies (kJ/mol)
        G96Bond       G96Angle    Proper Dih.  Improper Dih.          LJ-14
    1.52221e+02    2.31619e+02    7.21473e+01    5.86147e+01    2.67753e+01
     Coulomb-14        LJ (SR)  Disper. corr.   Coulomb (SR)   Coul. recip.
    1.64109e+03    2.36170e+04   -1.06239e+03   -1.57726e+05    7.31717e+02
 Position Rest.      Potential    Kinetic En.   Total Energy  Conserved En.
    7.93180e+01   -1.32178e+05    2.06333e+04   -1.11545e+05   -1.10941e+05
    Temperature Pres. DC (bar) Pressure (bar)   Constr. rmsd
    3.03468e+02   -2.19034e+02   -3.30571e+02    2.73297e-06

           Step           Time
          47000       94.00000

   Energies (kJ/mol)
        G96Bond       G96Angle    Proper Dih.  Improper Dih.          LJ-14
    1.39536e+02    1.78116e+02    8.59014e+01    6.66112e+01    5.41457e+01
     Coulomb-14        LJ (SR)  Disper. corr.   Coulomb (SR)   Coul. recip.
    1.65265e+03    2.41667e+04   -1.07003e+03   -1.58452e+05    7.24152e+02
 Position Rest.      Potential    Kinetic En.   Total Energy  Conserved En.
    7.41547e+01   -1.32380e+05    2.01040e+04   -1.12276e+05   -1.10936e+05
    Temperature Pres. DC (bar) Pressure (bar)   Constr. rmsd
    2.95683e+02   -2.22191e+02    3.31584e+02    1.18040e-06

           Step           Time
          47500       95.00000

   Energies (kJ/mol)
        G96Bond       G96Angle    Proper Dih.  Improper Dih.          LJ-14
    1.38187e+02    2.05629e+02    7.90596e+01    7.87063e+01    2.69468e+01
     Coulomb-14        LJ (SR)  Disper. corr.   Coulomb (SR)   Coul. recip.
    1.63361e+03    2.38953e+04   -1.05856e+03   -1.57900e+05    7.37141e+02
 Position Rest.      Potential    Kinetic En.   Total Energy  Conserved En.
    6.99193e+01   -1.32094e+05    2.06067e+04   -1.11487e+05   -1.10934e+05
    Temperature Pres. DC (bar) Pressure (bar)   Constr. rmsd
    3.03078e+02   -2.17457e+02   -2.85283e+02    1.09204e-06

           Step           Time
          48000       96.00000

   Energies (kJ/mol)
        G96Bond       G96Angle    Proper Dih.  Improper Dih.          LJ-14
    1.50815e+02    1.68568e+02    7.34418e+01    7.59964e+01    2.62733e+01
     Coulomb-14        LJ (SR)  Disper. corr.   Coulomb (SR)   Coul. recip.
    1.64958e+03    2.40320e+04   -1.05897e+03   -1.58654e+05    7.16681e+02
 Position Rest.      Potential    Kinetic En.   Total Energy  Conserved En.
    7.59035e+01   -1.32744e+05    2.02793e+04   -1.12465e+05   -1.10933e+05
    Temperature Pres. DC (bar) Pressure (bar)   Constr. rmsd
    2.98263e+02   -2.17624e+02   -3.64734e+02    1.80569e-06

           Step           Time
          48500       97.00000

   Energies (kJ/mol)
        G96Bond       G96Angle    Proper Dih.  Improper Dih.          LJ-14
    1.43070e+02    2.47729e+02    7.16509e+01    7.55741e+01    3.16712e+01
     Coulomb-14        LJ (SR)  Disper. corr.   Coulomb (SR)   Coul. recip.
    1.66322e+03    2.38092e+04   -1.04871e+03   -1.57508e+05    7.40719e+02
 Position Rest.      Potential    Kinetic En.   Total Energy  Conserved En.
    8.32045e+01   -1.31691e+05    2.02903e+04   -1.11401e+05   -1.10936e+05
    Temperature Pres. DC (bar) Pressure (bar)   Constr. rmsd
    2.98424e+02   -2.13432e+02   -4.14968e+02    1.96571e-06

           Step           Time
          49000       98.00000

   Energies (kJ/mol)
        G96Bond       G96Angle    Proper Dih.  Improper Dih.          LJ-14
    1.44189e+02    2.33611e+02    5.87555e+01    7.04346e+01    8.68272e+00
     Coulomb-14        LJ (SR)  Disper. corr.   Coulomb (SR)   Coul. recip.
    1.65717e+03    2.45199e+04   -1.05314e+03   -1.58353e+05    7.30802e+02
 Position Rest.      Potential    Kinetic En.   Total Energy  Conserved En.
    6.17638e+01   -1.31921e+05    2.00379e+04   -1.11883e+05   -1.10931e+05
    Temperature Pres. DC (bar) Pressure (bar)   Constr. rmsd
    2.94711e+02   -2.15240e+02   -2.32905e+01    3.07150e-06

           Step           Time
          49500       99.00000

   Energies (kJ/mol)
        G96Bond       G96Angle    Proper Dih.  Improper Dih.          LJ-14
    1.31140e+02    2.34654e+02    6.58148e+01    7.52077e+01    3.00707e+01
     Coulomb-14        LJ (SR)  Disper. corr.   Coulomb (SR)   Coul. recip.
    1.67534e+03    2.38794e+04   -1.03947e+03   -1.57586e+05    7.19329e+02
 Position Rest.      Potential    Kinetic En.   Total Energy  Conserved En.
    7.89134e+01   -1.31735e+05    2.06072e+04   -1.11128e+05   -1.10941e+05
    Temperature Pres. DC (bar) Pressure (bar)   Constr. rmsd
    3.03085e+02   -2.09695e+02   -4.80264e+02    1.74341e-06

           Step           Time
          50000      100.00000

Writing checkpoint, step 50000 at Wed Apr  3 18:39:24 2024


   Energies (kJ/mol)
        G96Bond       G96Angle    Proper Dih.  Improper Dih.          LJ-14
    1.25808e+02    1.95126e+02    6.39606e+01    6.45895e+01    4.58248e+01
     Coulomb-14        LJ (SR)  Disper. corr.   Coulomb (SR)   Coul. recip.
    1.66181e+03    2.36964e+04   -1.05024e+03   -1.57868e+05    7.26768e+02
 Position Rest.      Potential    Kinetic En.   Total Energy  Conserved En.
    7.07249e+01   -1.32267e+05    2.02429e+04   -1.12024e+05   -1.10936e+05
    Temperature Pres. DC (bar) Pressure (bar)   Constr. rmsd
    2.97727e+02   -2.14057e+02   -3.14675e+02    9.81901e-07


Energy conservation over simulation part #1 of length 100 ns, time 0 to 100 ns
  Conserved energy drift: 2.51e-05 kJ/mol/ps per atom


	<======  ###############  ==>
	<====  A V E R A G E S  ====>
	<==  ###############  ======>

	Statistics over 50001 steps using 501 frames

   Energies (kJ/mol)
        G96Bond       G96Angle    Proper Dih.  Improper Dih.          LJ-14
    1.45823e+02    2.20569e+02    7.38404e+01    7.25768e+01    2.65206e+01
     Coulomb-14        LJ (SR)  Disper. corr.   Coulomb (SR)   Coul. recip.
    1.64378e+03    2.42780e+04   -1.05292e+03   -1.58292e+05    7.44440e+02
 Position Rest.      Potential    Kinetic En.   Total Energy  Conserved En.
    6.95812e+01   -1.32070e+05    2.04049e+04   -1.11665e+05   -1.10941e+05
    Temperature Pres. DC (bar) Pressure (bar)   Constr. rmsd
    3.00109e+02   -2.15158e+02    9.84295e+00    0.00000e+00

          Box-X          Box-Y          Box-Z
    4.33322e+00    4.33322e+00    4.33322e+00

   Total Virial (kJ/mol)
    6.76287e+03    1.88617e+01    9.90093e+01
    1.88745e+01    6.80944e+03   -4.02519e-01
    9.90587e+01   -3.62045e-01    6.76438e+03

   Pressure (bar)
    1.76342e+01   -1.01522e+01   -4.22718e+01
   -1.01573e+01   -8.06416e-01   -2.83566e+00
   -4.22920e+01   -2.85220e+00    1.27011e+01

      T-Protein  T-non-Protein
    3.00623e+02    3.00096e+02


	M E G A - F L O P S   A C C O U N T I N G

 NB=Group-cutoff nonbonded kernels    NxN=N-by-N cluster Verlet kernels
 RF=Reaction-Field  VdW=Van der Waals  QSTab=quadratic-spline table
 W3=SPC/TIP3p  W4=TIP4p (single or pairs)
 V&F=Potential and force  V=Potential only  F=Force only

 Computing:                               M-Number         M-Flops  % Flops
-----------------------------------------------------------------------------
 Pair Search distance check            3184.291082       28658.620     0.4
 NxN QSTab Elec. + LJ [F]            101067.294624     4143759.080    51.0
 NxN QSTab Elec. + LJ [V&F]            1023.082256       60361.853     0.7
 NxN LJ [F]                              29.081424         959.687     0.0
 NxN LJ [V&F]                             0.294576          12.667     0.0
 NxN QSTab Elec. [F]                  96511.054448     3281375.851    40.4
 NxN QSTab Elec. [V&F]                  976.870400       40051.686     0.5
 1,4 nonbonded interactions              11.400228        1026.021     0.0
 Calc Weights                          1217.574351       43832.677     0.5
 Spread Q Bspline                     25974.919488       51949.839     0.6
 Gather F Bspline                     25974.919488      155849.517     1.9
 3D-FFT                               31659.933186      253279.465     3.1
 Solve PME                               39.200784        2508.850     0.0
 Shift-X                                 10.154367          60.926     0.0
 Bonds                                    5.550111         327.457     0.0
 Angles                                  10.950219        1839.637     0.0
 Propers                                  3.550071         812.966     0.0
 Impropers                                3.650073         759.215     0.0
 Pos. Restr.                              5.500110         275.005     0.0
 Virial                                  40.818162         734.727     0.0
 Stop-CM                                  4.066617          40.666     0.0
 Calc-Ekin                               81.186234        2192.028     0.0
 Lincs                                    1.850037         111.002     0.0
 Lincs-Mat                                6.600132          26.401     0.0
 Constraint-V                           401.508030        3613.572     0.0
 Constraint-Vir                          39.972993         959.352     0.0
 Settle                                 132.602652       49062.981     0.6
-----------------------------------------------------------------------------
 Total                                                 8124441.749   100.0
-----------------------------------------------------------------------------


     R E A L   C Y C L E   A N D   T I M E   A C C O U N T I N G

On 1 MPI rank, each using 8 OpenMP threads

 Computing:          Num   Num      Call    Wall time         Giga-Cycles
                     Ranks Threads  Count      (s)         total sum    %
-----------------------------------------------------------------------------
 Neighbor search        1    8       1251       4.766        106.876   2.1
 Force                  1    8      50001     131.979       2959.707  59.2
 PME mesh               1    8      50001      46.045       1032.580  20.7
 NB X/F buffer ops.     1    8      98751      19.234        431.343   8.6
 Write traj.            1    8        101       5.429        121.756   2.4
 Update                 1    8      50001       6.277        140.772   2.8
 Constraints            1    8      50001       6.676        149.716   3.0
 Rest                                           2.394         53.677   1.1
-----------------------------------------------------------------------------
 Total                                        222.800       4996.426 100.0
-----------------------------------------------------------------------------
 Breakdown of PME mesh computation
-----------------------------------------------------------------------------
 PME spread             1    8      50001      17.023        381.747   7.6
 PME gather             1    8      50001      16.771        376.094   7.5
 PME 3D-FFT             1    8     100002       9.844        220.766   4.4
 PME solve Elec         1    8      50001       0.656         14.705   0.3
-----------------------------------------------------------------------------

               Core t (s)   Wall t (s)        (%)
       Time:     1782.351      222.800      800.0
                 (ns/day)    (hour/ns)
Performance:       38.780        0.619
Finished mdrun on rank 0 Wed Apr  3 18:39:25 2024

