              :-) GROMACS - gmx mdrun, 2021.4-Ubuntu-2021.4-2 (-:

                            GROMACS is written by:
     Andrey Alekseenko              Emile Apol              Rossen Apostolov     
         Paul Bauer           Herman J.C. Berendsen           Par Bjelkmar       
       Christian Blau           Viacheslav Bolnykh             Kevin Boyd        
     Aldert van Buuren           Rudi van Drunen             Anton Feenstra      
    Gilles Gouaillardet             Alan Gray               Gerrit Groenhof      
       Anca Hamuraru            Vincent Hindriksen          M. Eric Irrgang      
      Aleksei Iupinov           Christoph Junghans             Joe Jordan        
    Dimitrios Karkoulis            Peter Kasson                Jiri Kraus        
      Carsten Kutzner              Per Larsson              Justin A. Lemkul     
       Viveca Lindahl            Magnus Lundborg             Erik Marklund       
        Pascal Merz             Pieter Meulenhoff            Teemu Murtola       
        Szilard Pall               Sander Pronk              Roland Schulz       
       Michael Shirts            Alexey Shvetsov             Alfons Sijbers      
       Peter Tieleman              Jon Vincent              Teemu Virolainen     
     Christian Wennberg            Maarten Wolf              Artem Zhmurov       
                           and the project leaders:
        Mark Abraham, Berk Hess, Erik Lindahl, and David van der Spoel

Copyright (c) 1991-2000, University of Groningen, The Netherlands.
Copyright (c) 2001-2019, The GROMACS development team at
Uppsala University, Stockholm University and
the Royal Institute of Technology, Sweden.
check out http://www.gromacs.org for more information.

GROMACS is free software; you can redistribute it and/or modify it
under the terms of the GNU Lesser General Public License
as published by the Free Software Foundation; either version 2.1
of the License, or (at your option) any later version.

GROMACS:      gmx mdrun, version 2021.4-Ubuntu-2021.4-2
Executable:   /usr/bin/gmx
Data prefix:  /usr
Working dir:  /mnt/c/Users/Mr Nobody/Desktop/Study Material/BT305-Lab/Lab7/PGB
Process ID:   10537
Command line:
  gmx mdrun -deffnm npt

GROMACS version:    2021.4-Ubuntu-2021.4-2
Precision:          mixed
Memory model:       64 bit
MPI library:        thread_mpi
OpenMP support:     enabled (GMX_OPENMP_MAX_THREADS = 64)
GPU support:        disabled
SIMD instructions:  SSE4.1
FFT library:        fftw-3.3.8-sse2-avx
RDTSCP usage:       enabled
TNG support:        enabled
Hwloc support:      hwloc-2.5.0
Tracing support:    disabled
C compiler:         /usr/bin/cc GNU 11.2.0
C compiler flags:   -msse4.1 -Wno-missing-field-initializers -fexcess-precision=fast -funroll-all-loops -O3 -DNDEBUG
C++ compiler:       /usr/bin/c++ GNU 11.2.0
C++ compiler flags: -msse4.1 -Wno-missing-field-initializers -fexcess-precision=fast -funroll-all-loops -fopenmp -O3 -DNDEBUG


Running on 1 node with total 4 cores, 8 logical cores
Hardware detected:
  CPU info:
    Vendor: Intel
    Brand:  11th Gen Intel(R) Core(TM) i7-1165G7 @ 2.80GHz
    Family: 6   Model: 140   Stepping: 1
    Features: aes apic avx avx2 avx512f avx512cd avx512bw avx512vl avx512secondFMA clfsh cmov cx8 cx16 f16c fma htt intel lahf mmx msr nonstop_tsc pcid pclmuldq pdcm pdpe1gb popcnt pse rdrnd rdtscp sha sse2 sse3 sse4.1 sse4.2 ssse3 tdt x2apic
    Number of AVX-512 FMA units: Cannot run AVX-512 detection - assuming 2
  Hardware topology: Full, with devices
    Sockets, cores, and logical processors:
      Socket  0: [   0   1] [   2   3] [   4   5] [   6   7]
    Numa nodes:
      Node  0 (8208326656 bytes mem):   0   1   2   3   4   5   6   7
      Latency:
               0
         0  1.00
    Caches:
      L1: 49152 bytes, linesize 64 bytes, assoc. 12, shared 2 ways
      L2: 1310720 bytes, linesize 64 bytes, assoc. 20, shared 2 ways
      L3: 12582912 bytes, linesize 64 bytes, assoc. 12, shared 8 ways
    PCI devices:
      1ecc:00:00.0  Id: 1af4:1043  Class: 0x0100  Numa: 0
      2dec:00:00.0  Id: 1414:008e  Class: 0x0302  Numa: 0

Highest SIMD level supported by all nodes in run: AVX_512
SIMD instructions selected at compile time:       SSE4.1
This program was compiled for different hardware than you are running on,
which could influence performance.

++++ PLEASE READ AND CITE THE FOLLOWING REFERENCE ++++
M. J. Abraham, T. Murtola, R. Schulz, S. Páll, J. C. Smith, B. Hess, E.
Lindahl
GROMACS: High performance molecular simulations through multi-level
parallelism from laptops to supercomputers
SoftwareX 1 (2015) pp. 19-25
-------- -------- --- Thank You --- -------- --------


++++ PLEASE READ AND CITE THE FOLLOWING REFERENCE ++++
S. Páll, M. J. Abraham, C. Kutzner, B. Hess, E. Lindahl
Tackling Exascale Software Challenges in Molecular Dynamics Simulations with
GROMACS
In S. Markidis & E. Laure (Eds.), Solving Software Challenges for Exascale 8759 (2015) pp. 3-27
-------- -------- --- Thank You --- -------- --------


++++ PLEASE READ AND CITE THE FOLLOWING REFERENCE ++++
S. Pronk, S. Páll, R. Schulz, P. Larsson, P. Bjelkmar, R. Apostolov, M. R.
Shirts, J. C. Smith, P. M. Kasson, D. van der Spoel, B. Hess, and E. Lindahl
GROMACS 4.5: a high-throughput and highly parallel open source molecular
simulation toolkit
Bioinformatics 29 (2013) pp. 845-54
-------- -------- --- Thank You --- -------- --------


++++ PLEASE READ AND CITE THE FOLLOWING REFERENCE ++++
B. Hess and C. Kutzner and D. van der Spoel and E. Lindahl
GROMACS 4: Algorithms for highly efficient, load-balanced, and scalable
molecular simulation
J. Chem. Theory Comput. 4 (2008) pp. 435-447
-------- -------- --- Thank You --- -------- --------


++++ PLEASE READ AND CITE THE FOLLOWING REFERENCE ++++
D. van der Spoel, E. Lindahl, B. Hess, G. Groenhof, A. E. Mark and H. J. C.
Berendsen
GROMACS: Fast, Flexible and Free
J. Comp. Chem. 26 (2005) pp. 1701-1719
-------- -------- --- Thank You --- -------- --------


++++ PLEASE READ AND CITE THE FOLLOWING REFERENCE ++++
E. Lindahl and B. Hess and D. van der Spoel
GROMACS 3.0: A package for molecular simulation and trajectory analysis
J. Mol. Mod. 7 (2001) pp. 306-317
-------- -------- --- Thank You --- -------- --------


++++ PLEASE READ AND CITE THE FOLLOWING REFERENCE ++++
H. J. C. Berendsen, D. van der Spoel and R. van Drunen
GROMACS: A message-passing parallel molecular dynamics implementation
Comp. Phys. Comm. 91 (1995) pp. 43-56
-------- -------- --- Thank You --- -------- --------

Input Parameters:
   integrator                     = md
   tinit                          = 0
   dt                             = 0.002
   nsteps                         = 50000
   init-step                      = 0
   simulation-part                = 1
   mts                            = false
   comm-mode                      = Linear
   nstcomm                        = 100
   bd-fric                        = 0
   ld-seed                        = -1109527555
   emtol                          = 10
   emstep                         = 0.01
   niter                          = 20
   fcstep                         = 0
   nstcgsteep                     = 1000
   nbfgscorr                      = 10
   rtpi                           = 0.05
   nstxout                        = 500
   nstvout                        = 500
   nstfout                        = 0
   nstlog                         = 500
   nstcalcenergy                  = 100
   nstenergy                      = 500
   nstxout-compressed             = 0
   compressed-x-precision         = 1000
   cutoff-scheme                  = Verlet
   nstlist                        = 10
   pbc                            = xyz
   periodic-molecules             = false
   verlet-buffer-tolerance        = 0.005
   rlist                          = 1
   coulombtype                    = PME
   coulomb-modifier               = Potential-shift
   rcoulomb-switch                = 0
   rcoulomb                       = 1
   epsilon-r                      = 1
   epsilon-rf                     = inf
   vdw-type                       = Cut-off
   vdw-modifier                   = Potential-shift
   rvdw-switch                    = 0
   rvdw                           = 1
   DispCorr                       = EnerPres
   table-extension                = 1
   fourierspacing                 = 0.16
   fourier-nx                     = 36
   fourier-ny                     = 36
   fourier-nz                     = 36
   pme-order                      = 4
   ewald-rtol                     = 1e-05
   ewald-rtol-lj                  = 0.001
   lj-pme-comb-rule               = Geometric
   ewald-geometry                 = 0
   epsilon-surface                = 0
   tcoupl                         = V-rescale
   nsttcouple                     = 10
   nh-chain-length                = 0
   print-nose-hoover-chain-variables = false
   pcoupl                         = Parrinello-Rahman
   pcoupltype                     = Isotropic
   nstpcouple                     = 10
   tau-p                          = 2
   compressibility (3x3):
      compressibility[    0]={ 4.50000e-05,  0.00000e+00,  0.00000e+00}
      compressibility[    1]={ 0.00000e+00,  4.50000e-05,  0.00000e+00}
      compressibility[    2]={ 0.00000e+00,  0.00000e+00,  4.50000e-05}
   ref-p (3x3):
      ref-p[    0]={ 1.00000e+00,  0.00000e+00,  0.00000e+00}
      ref-p[    1]={ 0.00000e+00,  1.00000e+00,  0.00000e+00}
      ref-p[    2]={ 0.00000e+00,  0.00000e+00,  1.00000e+00}
   refcoord-scaling               = COM
   posres-com (3):
      posres-com[0]= 4.97507e-01
      posres-com[1]= 5.01819e-01
      posres-com[2]= 4.98731e-01
   posres-comB (3):
      posres-comB[0]= 4.97507e-01
      posres-comB[1]= 5.01819e-01
      posres-comB[2]= 4.98731e-01
   QMMM                           = false
qm-opts:
   ngQM                           = 0
   constraint-algorithm           = Lincs
   continuation                   = true
   Shake-SOR                      = false
   shake-tol                      = 0.0001
   lincs-order                    = 4
   lincs-iter                     = 1
   lincs-warnangle                = 30
   nwall                          = 0
   wall-type                      = 9-3
   wall-r-linpot                  = -1
   wall-atomtype[0]               = -1
   wall-atomtype[1]               = -1
   wall-density[0]                = 0
   wall-density[1]                = 0
   wall-ewald-zfac                = 3
   pull                           = false
   awh                            = false
   rotation                       = false
   interactiveMD                  = false
   disre                          = No
   disre-weighting                = Conservative
   disre-mixed                    = false
   dr-fc                          = 1000
   dr-tau                         = 0
   nstdisreout                    = 100
   orire-fc                       = 0
   orire-tau                      = 0
   nstorireout                    = 100
   free-energy                    = no
   cos-acceleration               = 0
   deform (3x3):
      deform[    0]={ 0.00000e+00,  0.00000e+00,  0.00000e+00}
      deform[    1]={ 0.00000e+00,  0.00000e+00,  0.00000e+00}
      deform[    2]={ 0.00000e+00,  0.00000e+00,  0.00000e+00}
   simulated-tempering            = false
   swapcoords                     = no
   userint1                       = 0
   userint2                       = 0
   userint3                       = 0
   userint4                       = 0
   userreal1                      = 0
   userreal2                      = 0
   userreal3                      = 0
   userreal4                      = 0
   applied-forces:
     electric-field:
       x:
         E0                       = 0
         omega                    = 0
         t0                       = 0
         sigma                    = 0
       y:
         E0                       = 0
         omega                    = 0
         t0                       = 0
         sigma                    = 0
       z:
         E0                       = 0
         omega                    = 0
         t0                       = 0
         sigma                    = 0
     density-guided-simulation:
       active                     = false
       group                      = protein
       similarity-measure         = inner-product
       atom-spreading-weight      = unity
       force-constant             = 1e+09
       gaussian-transform-spreading-width = 0.2
       gaussian-transform-spreading-range-in-multiples-of-width = 4
       reference-density-filename = reference.mrc
       nst                        = 1
       normalize-densities        = true
       adaptive-force-scaling     = false
       adaptive-force-scaling-time-constant = 4
       shift-vector               = 
       transformation-matrix      = 
grpopts:
   nrdf:     1559.86     33039.1
   ref-t:         300         300
   tau-t:         0.1         0.1
annealing:          No          No
annealing-npoints:           0           0
   acc:	           0           0           0
   nfreeze:           N           N           N
   energygrp-flags[  0]: 0

Changing nstlist from 10 to 50, rlist from 1 to 1.112

Using 1 MPI thread
Using 8 OpenMP threads 

Pinning threads with an auto-selected logical core stride of 1
System total charge: 0.000
Will do PME sum in reciprocal space for electrostatic interactions.

++++ PLEASE READ AND CITE THE FOLLOWING REFERENCE ++++
U. Essmann, L. Perera, M. L. Berkowitz, T. Darden, H. Lee and L. G. Pedersen 
A smooth particle mesh Ewald method
J. Chem. Phys. 103 (1995) pp. 8577-8592
-------- -------- --- Thank You --- -------- --------

Using a Gaussian width (1/beta) of 0.320163 nm for Ewald
Potential shift: LJ r^-12: -1.000e+00 r^-6: -1.000e+00, Ewald -1.000e-05
Initialized non-bonded Ewald tables, spacing: 9.33e-04 size: 1073

Generated table with 1056 data points for 1-4 COUL.
Tabscale = 500 points/nm
Generated table with 1056 data points for 1-4 LJ6.
Tabscale = 500 points/nm
Generated table with 1056 data points for 1-4 LJ12.
Tabscale = 500 points/nm
Long Range LJ corr.: <C6> 3.2819e-04


Using SIMD 4x4 nonbonded short-range kernels

Using a dual 4x4 pair-list setup updated with dynamic pruning:
  outer list: updated every 50 steps, buffer 0.112 nm, rlist 1.112 nm
  inner list: updated every 12 steps, buffer 0.001 nm, rlist 1.001 nm
At tolerance 0.005 kJ/mol/ps per atom, equivalent classical 1x1 list would be:
  outer list: updated every 50 steps, buffer 0.241 nm, rlist 1.241 nm
  inner list: updated every 12 steps, buffer 0.046 nm, rlist 1.046 nm

Using full Lennard-Jones parameter combination matrix

Initializing LINear Constraint Solver

++++ PLEASE READ AND CITE THE FOLLOWING REFERENCE ++++
B. Hess and H. Bekker and H. J. C. Berendsen and J. G. E. M. Fraaije
LINCS: A Linear Constraint Solver for molecular simulations
J. Comp. Chem. 18 (1997) pp. 1463-1472
-------- -------- --- Thank You --- -------- --------

The number of constraints is 126

++++ PLEASE READ AND CITE THE FOLLOWING REFERENCE ++++
S. Miyamoto and P. A. Kollman
SETTLE: An Analytical Version of the SHAKE and RATTLE Algorithms for Rigid
Water Models
J. Comp. Chem. 13 (1992) pp. 952-962
-------- -------- --- Thank You --- -------- --------


++++ PLEASE READ AND CITE THE FOLLOWING REFERENCE ++++
G. Bussi, D. Donadio and M. Parrinello
Canonical sampling through velocity rescaling
J. Chem. Phys. 126 (2007) pp. 014101
-------- -------- --- Thank You --- -------- --------

There are: 17064 Atoms
Center of mass motion removal mode is Linear
We have the following groups for center of mass motion removal:
  0:  rest

Started mdrun on rank 0 Wed Apr  3 10:49:40 2024

           Step           Time
              0        0.00000

   Energies (kJ/mol)
        G96Bond       G96Angle    Proper Dih.  Improper Dih.          LJ-14
    6.16710e+02    8.93581e+02    3.45622e+02    2.88125e+02    1.24185e+02
     Coulomb-14        LJ (SR)  Disper. corr.   Coulomb (SR)   Coul. recip.
    7.28690e+03    4.61698e+04   -2.13499e+03   -3.31455e+05    1.77327e+03
 Position Rest.      Potential    Kinetic En.   Total Energy  Conserved En.
    5.32062e-02   -2.76092e+05    4.25663e+04   -2.33526e+05   -2.33514e+05
    Temperature Pres. DC (bar) Pressure (bar)   Constr. rmsd
    2.95937e+02   -1.89585e+02   -1.55789e+03    2.21761e-06

           Step           Time
            500        1.00000

   Energies (kJ/mol)
        G96Bond       G96Angle    Proper Dih.  Improper Dih.          LJ-14
    5.82105e+02    7.56870e+02    3.46778e+02    2.40863e+02    1.15112e+02
     Coulomb-14        LJ (SR)  Disper. corr.   Coulomb (SR)   Coul. recip.
    7.29623e+03    5.07569e+04   -2.30093e+03   -3.39852e+05    1.60250e+03
 Position Rest.      Potential    Kinetic En.   Total Energy  Conserved En.
    2.19216e+02   -2.80237e+05    4.26122e+04   -2.37624e+05   -2.33408e+05
    Temperature Pres. DC (bar) Pressure (bar)   Constr. rmsd
    2.96255e+02   -2.20158e+02    2.27860e+02    1.68459e-06

           Step           Time
           1000        2.00000

   Energies (kJ/mol)
        G96Bond       G96Angle    Proper Dih.  Improper Dih.          LJ-14
    6.45671e+02    7.80903e+02    3.25046e+02    2.55723e+02    1.00796e+02
     Coulomb-14        LJ (SR)  Disper. corr.   Coulomb (SR)   Coul. recip.
    7.26180e+03    4.97795e+04   -2.30989e+03   -3.38331e+05    1.59908e+03
 Position Rest.      Potential    Kinetic En.   Total Energy  Conserved En.
    2.80215e+02   -2.79612e+05    4.33845e+04   -2.36228e+05   -2.33405e+05
    Temperature Pres. DC (bar) Pressure (bar)   Constr. rmsd
    3.01625e+02   -2.21873e+02    8.20146e+01    1.39508e-06

           Step           Time
           1500        3.00000

   Energies (kJ/mol)
        G96Bond       G96Angle    Proper Dih.  Improper Dih.          LJ-14
    5.83235e+02    8.43167e+02    3.40403e+02    2.54243e+02    1.01662e+02
     Coulomb-14        LJ (SR)  Disper. corr.   Coulomb (SR)   Coul. recip.
    7.28452e+03    5.00239e+04   -2.32641e+03   -3.38329e+05    1.63490e+03
 Position Rest.      Potential    Kinetic En.   Total Energy  Conserved En.
    2.70814e+02   -2.79319e+05    4.38647e+04   -2.35454e+05   -2.33416e+05
    Temperature Pres. DC (bar) Pressure (bar)   Constr. rmsd
    3.04963e+02   -2.25055e+02    2.86737e+02    4.03633e-06

           Step           Time
           2000        4.00000

   Energies (kJ/mol)
        G96Bond       G96Angle    Proper Dih.  Improper Dih.          LJ-14
    6.56108e+02    8.30202e+02    3.11744e+02    2.07571e+02    7.70826e+01
     Coulomb-14        LJ (SR)  Disper. corr.   Coulomb (SR)   Coul. recip.
    7.27785e+03    4.85881e+04   -2.31832e+03   -3.36967e+05    1.57838e+03
 Position Rest.      Potential    Kinetic En.   Total Energy  Conserved En.
    2.54794e+02   -2.79503e+05    4.30865e+04   -2.36417e+05   -2.33416e+05
    Temperature Pres. DC (bar) Pressure (bar)   Constr. rmsd
    2.99553e+02   -2.23494e+02   -4.20373e+02    1.35210e-06

           Step           Time
           2500        5.00000

   Energies (kJ/mol)
        G96Bond       G96Angle    Proper Dih.  Improper Dih.          LJ-14
    5.33819e+02    7.49670e+02    3.20690e+02    2.91368e+02    8.57316e+01
     Coulomb-14        LJ (SR)  Disper. corr.   Coulomb (SR)   Coul. recip.
    7.33057e+03    4.94823e+04   -2.33047e+03   -3.38984e+05    1.51398e+03
 Position Rest.      Potential    Kinetic En.   Total Energy  Conserved En.
    2.48352e+02   -2.80758e+05    4.27495e+04   -2.38009e+05   -2.33408e+05
    Temperature Pres. DC (bar) Pressure (bar)   Constr. rmsd
    2.97210e+02   -2.25841e+02    1.29780e+01    1.31994e-06

           Step           Time
           3000        6.00000

   Energies (kJ/mol)
        G96Bond       G96Angle    Proper Dih.  Improper Dih.          LJ-14
    5.71291e+02    9.21992e+02    3.16674e+02    3.00831e+02    9.10530e+01
     Coulomb-14        LJ (SR)  Disper. corr.   Coulomb (SR)   Coul. recip.
    7.24101e+03    4.96429e+04   -2.32505e+03   -3.38854e+05    1.52549e+03
 Position Rest.      Potential    Kinetic En.   Total Energy  Conserved En.
    2.61463e+02   -2.80307e+05    4.32121e+04   -2.37095e+05   -2.33400e+05
    Temperature Pres. DC (bar) Pressure (bar)   Constr. rmsd
    3.00426e+02   -2.24793e+02    1.10702e+02    3.60934e-06

           Step           Time
           3500        7.00000

   Energies (kJ/mol)
        G96Bond       G96Angle    Proper Dih.  Improper Dih.          LJ-14
    5.91997e+02    8.11766e+02    3.40446e+02    2.71997e+02    9.24088e+01
     Coulomb-14        LJ (SR)  Disper. corr.   Coulomb (SR)   Coul. recip.
    7.25182e+03    4.89232e+04   -2.32550e+03   -3.38239e+05    1.60608e+03
 Position Rest.      Potential    Kinetic En.   Total Energy  Conserved En.
    2.42150e+02   -2.80432e+05    4.28234e+04   -2.37609e+05   -2.33410e+05
    Temperature Pres. DC (bar) Pressure (bar)   Constr. rmsd
    2.97724e+02   -2.24879e+02   -3.08257e+02    1.83788e-06

           Step           Time
           4000        8.00000

   Energies (kJ/mol)
        G96Bond       G96Angle    Proper Dih.  Improper Dih.          LJ-14
    5.45366e+02    7.58978e+02    3.68187e+02    2.28551e+02    9.00922e+01
     Coulomb-14        LJ (SR)  Disper. corr.   Coulomb (SR)   Coul. recip.
    7.30517e+03    5.03664e+04   -2.31960e+03   -3.40132e+05    1.66279e+03
 Position Rest.      Potential    Kinetic En.   Total Energy  Conserved En.
    2.26182e+02   -2.80900e+05    4.27998e+04   -2.38100e+05   -2.33407e+05
    Temperature Pres. DC (bar) Pressure (bar)   Constr. rmsd
    2.97560e+02   -2.23741e+02    1.03347e+02    1.70231e-06

           Step           Time
           4500        9.00000

   Energies (kJ/mol)
        G96Bond       G96Angle    Proper Dih.  Improper Dih.          LJ-14
    5.61478e+02    8.60366e+02    3.33560e+02    2.52776e+02    1.16028e+02
     Coulomb-14        LJ (SR)  Disper. corr.   Coulomb (SR)   Coul. recip.
    7.31580e+03    4.96376e+04   -2.31622e+03   -3.38604e+05    1.56534e+03
 Position Rest.      Potential    Kinetic En.   Total Energy  Conserved En.
    2.36418e+02   -2.80041e+05    4.31385e+04   -2.36902e+05   -2.33404e+05
    Temperature Pres. DC (bar) Pressure (bar)   Constr. rmsd
    2.99915e+02   -2.23090e+02    8.68259e+01    1.57792e-06

           Step           Time
           5000       10.00000

   Energies (kJ/mol)
        G96Bond       G96Angle    Proper Dih.  Improper Dih.          LJ-14
    5.48893e+02    8.89107e+02    3.36639e+02    2.48939e+02    1.04987e+02
     Coulomb-14        LJ (SR)  Disper. corr.   Coulomb (SR)   Coul. recip.
    7.23144e+03    5.01001e+04   -2.32000e+03   -3.38490e+05    1.62460e+03
 Position Rest.      Potential    Kinetic En.   Total Energy  Conserved En.
    2.24533e+02   -2.79501e+05    4.30608e+04   -2.36440e+05   -2.33409e+05
    Temperature Pres. DC (bar) Pressure (bar)   Constr. rmsd
    2.99374e+02   -2.23818e+02    6.28687e+01    1.66925e-06

           Step           Time
           5500       11.00000

   Energies (kJ/mol)
        G96Bond       G96Angle    Proper Dih.  Improper Dih.          LJ-14
    5.44787e+02    7.75995e+02    3.09602e+02    2.48219e+02    7.30968e+01
     Coulomb-14        LJ (SR)  Disper. corr.   Coulomb (SR)   Coul. recip.
    7.28514e+03    4.91844e+04   -2.32629e+03   -3.38631e+05    1.51238e+03
 Position Rest.      Potential    Kinetic En.   Total Energy  Conserved En.
    2.30340e+02   -2.80793e+05    4.29919e+04   -2.37801e+05   -2.33410e+05
    Temperature Pres. DC (bar) Pressure (bar)   Constr. rmsd
    2.98895e+02   -2.25032e+02   -2.13972e+02    2.28526e-06

           Step           Time
           6000       12.00000

   Energies (kJ/mol)
        G96Bond       G96Angle    Proper Dih.  Improper Dih.          LJ-14
    5.57336e+02    8.99297e+02    3.08482e+02    2.65595e+02    1.03134e+02
     Coulomb-14        LJ (SR)  Disper. corr.   Coulomb (SR)   Coul. recip.
    7.30831e+03    4.88303e+04   -2.32060e+03   -3.37854e+05    1.60694e+03
 Position Rest.      Potential    Kinetic En.   Total Energy  Conserved En.
    2.31684e+02   -2.80064e+05    4.25263e+04   -2.37537e+05   -2.33407e+05
    Temperature Pres. DC (bar) Pressure (bar)   Constr. rmsd
    2.95658e+02   -2.23935e+02   -2.68746e+02    2.47512e-06

           Step           Time
           6500       13.00000

   Energies (kJ/mol)
        G96Bond       G96Angle    Proper Dih.  Improper Dih.          LJ-14
    5.82366e+02    8.43714e+02    2.74336e+02    2.58067e+02    9.39783e+01
     Coulomb-14        LJ (SR)  Disper. corr.   Coulomb (SR)   Coul. recip.
    7.32918e+03    4.94444e+04   -2.33019e+03   -3.38278e+05    1.48057e+03
 Position Rest.      Potential    Kinetic En.   Total Energy  Conserved En.
    2.60588e+02   -2.80041e+05    4.31824e+04   -2.36859e+05   -2.33427e+05
    Temperature Pres. DC (bar) Pressure (bar)   Constr. rmsd
    3.00220e+02   -2.25786e+02    5.48566e+01    1.42668e-06

           Step           Time
           7000       14.00000

   Energies (kJ/mol)
        G96Bond       G96Angle    Proper Dih.  Improper Dih.          LJ-14
    5.23415e+02    7.90858e+02    2.83345e+02    2.53188e+02    1.01919e+02
     Coulomb-14        LJ (SR)  Disper. corr.   Coulomb (SR)   Coul. recip.
    7.28563e+03    4.98379e+04   -2.31964e+03   -3.38850e+05    1.54645e+03
 Position Rest.      Potential    Kinetic En.   Total Energy  Conserved En.
    2.26546e+02   -2.80320e+05    4.29073e+04   -2.37413e+05   -2.33414e+05
    Temperature Pres. DC (bar) Pressure (bar)   Constr. rmsd
    2.98307e+02   -2.23749e+02    6.64057e+01    3.95615e-06

           Step           Time
           7500       15.00000

   Energies (kJ/mol)
        G96Bond       G96Angle    Proper Dih.  Improper Dih.          LJ-14
    5.72162e+02    8.19355e+02    3.20327e+02    2.15773e+02    1.16902e+02
     Coulomb-14        LJ (SR)  Disper. corr.   Coulomb (SR)   Coul. recip.
    7.24254e+03    4.88053e+04   -2.32228e+03   -3.37646e+05    1.63409e+03
 Position Rest.      Potential    Kinetic En.   Total Energy  Conserved En.
    2.47222e+02   -2.79994e+05    4.35334e+04   -2.36461e+05   -2.33421e+05
    Temperature Pres. DC (bar) Pressure (bar)   Constr. rmsd
    3.02660e+02   -2.24257e+02   -2.87249e+02    1.70350e-06

           Step           Time
           8000       16.00000

   Energies (kJ/mol)
        G96Bond       G96Angle    Proper Dih.  Improper Dih.          LJ-14
    5.72963e+02    8.08670e+02    3.32459e+02    2.36481e+02    1.24409e+02
     Coulomb-14        LJ (SR)  Disper. corr.   Coulomb (SR)   Coul. recip.
    7.32756e+03    4.95876e+04   -2.33246e+03   -3.38581e+05    1.53332e+03
 Position Rest.      Potential    Kinetic En.   Total Energy  Conserved En.
    2.39149e+02   -2.80151e+05    4.32418e+04   -2.36909e+05   -2.33428e+05
    Temperature Pres. DC (bar) Pressure (bar)   Constr. rmsd
    3.00633e+02   -2.26225e+02    1.74542e+02    1.84477e-06

           Step           Time
           8500       17.00000

   Energies (kJ/mol)
        G96Bond       G96Angle    Proper Dih.  Improper Dih.          LJ-14
    5.69197e+02    8.67733e+02    3.28526e+02    2.41180e+02    9.75342e+01
     Coulomb-14        LJ (SR)  Disper. corr.   Coulomb (SR)   Coul. recip.
    7.26339e+03    4.91640e+04   -2.32629e+03   -3.37843e+05    1.55588e+03
 Position Rest.      Potential    Kinetic En.   Total Energy  Conserved En.
    2.90098e+02   -2.79791e+05    4.27000e+04   -2.37091e+05   -2.33422e+05
    Temperature Pres. DC (bar) Pressure (bar)   Constr. rmsd
    2.96866e+02   -2.25032e+02   -5.69007e+01    1.56941e-06

           Step           Time
           9000       18.00000

   Energies (kJ/mol)
        G96Bond       G96Angle    Proper Dih.  Improper Dih.          LJ-14
    5.71761e+02    7.96263e+02    3.27447e+02    2.18041e+02    8.84798e+01
     Coulomb-14        LJ (SR)  Disper. corr.   Coulomb (SR)   Coul. recip.
    7.30630e+03    4.94301e+04   -2.32115e+03   -3.39003e+05    1.65992e+03
 Position Rest.      Potential    Kinetic En.   Total Energy  Conserved En.
    2.74474e+02   -2.80652e+05    4.33240e+04   -2.37328e+05   -2.33433e+05
    Temperature Pres. DC (bar) Pressure (bar)   Constr. rmsd
    3.01204e+02   -2.24039e+02   -1.38409e+02    2.49607e-06

           Step           Time
           9500       19.00000

   Energies (kJ/mol)
        G96Bond       G96Angle    Proper Dih.  Improper Dih.          LJ-14
    5.66961e+02    7.41126e+02    3.48918e+02    2.14133e+02    7.50602e+01
     Coulomb-14        LJ (SR)  Disper. corr.   Coulomb (SR)   Coul. recip.
    7.30271e+03    4.93703e+04   -2.32090e+03   -3.39338e+05    1.65698e+03
 Position Rest.      Potential    Kinetic En.   Total Energy  Conserved En.
    2.53736e+02   -2.81129e+05    4.27915e+04   -2.38337e+05   -2.33429e+05
    Temperature Pres. DC (bar) Pressure (bar)   Constr. rmsd
    2.97502e+02   -2.23991e+02   -1.58375e+02    2.20601e-06

           Step           Time
          10000       20.00000

   Energies (kJ/mol)
        G96Bond       G96Angle    Proper Dih.  Improper Dih.          LJ-14
    6.12792e+02    8.23559e+02    2.89652e+02    2.63474e+02    9.74562e+01
     Coulomb-14        LJ (SR)  Disper. corr.   Coulomb (SR)   Coul. recip.
    7.28508e+03    4.99223e+04   -2.31793e+03   -3.39587e+05    1.53578e+03
 Position Rest.      Potential    Kinetic En.   Total Energy  Conserved En.
    2.46749e+02   -2.80828e+05    4.24015e+04   -2.38427e+05   -2.33416e+05
    Temperature Pres. DC (bar) Pressure (bar)   Constr. rmsd
    2.94791e+02   -2.23420e+02    8.01395e+01    2.34196e-06

           Step           Time
          10500       21.00000

   Energies (kJ/mol)
        G96Bond       G96Angle    Proper Dih.  Improper Dih.          LJ-14
    6.23913e+02    7.70406e+02    3.27164e+02    2.49375e+02    1.01616e+02
     Coulomb-14        LJ (SR)  Disper. corr.   Coulomb (SR)   Coul. recip.
    7.26210e+03    4.90372e+04   -2.31471e+03   -3.37433e+05    1.62219e+03
 Position Rest.      Potential    Kinetic En.   Total Energy  Conserved En.
    2.06287e+02   -2.79548e+05    4.34022e+04   -2.36146e+05   -2.33433e+05
    Temperature Pres. DC (bar) Pressure (bar)   Constr. rmsd
    3.01748e+02   -2.22801e+02   -1.15944e+02    2.45528e-06

           Step           Time
          11000       22.00000

   Energies (kJ/mol)
        G96Bond       G96Angle    Proper Dih.  Improper Dih.          LJ-14
    5.86571e+02    8.65513e+02    3.36592e+02    2.32507e+02    6.41715e+01
     Coulomb-14        LJ (SR)  Disper. corr.   Coulomb (SR)   Coul. recip.
    7.31240e+03    5.01339e+04   -2.32864e+03   -3.39882e+05    1.51603e+03
 Position Rest.      Potential    Kinetic En.   Total Energy  Conserved En.
    2.25859e+02   -2.80937e+05    4.35142e+04   -2.37423e+05   -2.33431e+05
    Temperature Pres. DC (bar) Pressure (bar)   Constr. rmsd
    3.02527e+02   -2.25487e+02   -1.69939e+01    2.38937e-06

           Step           Time
          11500       23.00000

   Energies (kJ/mol)
        G96Bond       G96Angle    Proper Dih.  Improper Dih.          LJ-14
    6.05338e+02    9.39237e+02    3.10773e+02    2.46871e+02    8.91857e+01
     Coulomb-14        LJ (SR)  Disper. corr.   Coulomb (SR)   Coul. recip.
    7.27584e+03    4.93805e+04   -2.31054e+03   -3.38898e+05    1.65478e+03
 Position Rest.      Potential    Kinetic En.   Total Energy  Conserved En.
    2.62594e+02   -2.80443e+05    4.37490e+04   -2.36694e+05   -2.33430e+05
    Temperature Pres. DC (bar) Pressure (bar)   Constr. rmsd
    3.04159e+02   -2.21998e+02   -1.72767e+02    2.27862e-06

           Step           Time
          12000       24.00000

   Energies (kJ/mol)
        G96Bond       G96Angle    Proper Dih.  Improper Dih.          LJ-14
    6.14585e+02    8.68285e+02    3.17181e+02    2.38837e+02    8.56463e+01
     Coulomb-14        LJ (SR)  Disper. corr.   Coulomb (SR)   Coul. recip.
    7.32703e+03    4.91913e+04   -2.31081e+03   -3.38324e+05    1.60254e+03
 Position Rest.      Potential    Kinetic En.   Total Energy  Conserved En.
    2.72945e+02   -2.80117e+05    4.27136e+04   -2.37403e+05   -2.33434e+05
    Temperature Pres. DC (bar) Pressure (bar)   Constr. rmsd
    2.96961e+02   -2.22050e+02   -3.24594e+02    2.05693e-06

           Step           Time
          12500       25.00000

   Energies (kJ/mol)
        G96Bond       G96Angle    Proper Dih.  Improper Dih.          LJ-14
    6.31946e+02    8.78294e+02    2.89612e+02    2.73817e+02    1.04213e+02
     Coulomb-14        LJ (SR)  Disper. corr.   Coulomb (SR)   Coul. recip.
    7.30845e+03    4.92197e+04   -2.32224e+03   -3.37829e+05    1.60969e+03
 Position Rest.      Potential    Kinetic En.   Total Energy  Conserved En.
    2.41699e+02   -2.79594e+05    4.29400e+04   -2.36654e+05   -2.33437e+05
    Temperature Pres. DC (bar) Pressure (bar)   Constr. rmsd
    2.98534e+02   -2.24251e+02   -6.87076e+01    2.06498e-06

           Step           Time
          13000       26.00000

   Energies (kJ/mol)
        G96Bond       G96Angle    Proper Dih.  Improper Dih.          LJ-14
    5.74628e+02    8.62004e+02    3.05043e+02    2.71957e+02    7.27091e+01
     Coulomb-14        LJ (SR)  Disper. corr.   Coulomb (SR)   Coul. recip.
    7.30841e+03    5.00907e+04   -2.30906e+03   -3.38760e+05    1.62142e+03
 Position Rest.      Potential    Kinetic En.   Total Energy  Conserved En.
    2.31451e+02   -2.79731e+05    4.33666e+04   -2.36365e+05   -2.33431e+05
    Temperature Pres. DC (bar) Pressure (bar)   Constr. rmsd
    3.01500e+02   -2.21714e+02    8.37433e+01    2.04248e-06

           Step           Time
          13500       27.00000

   Energies (kJ/mol)
        G96Bond       G96Angle    Proper Dih.  Improper Dih.          LJ-14
    5.50590e+02    8.11502e+02    2.99124e+02    2.91236e+02    1.02852e+02
     Coulomb-14        LJ (SR)  Disper. corr.   Coulomb (SR)   Coul. recip.
    7.24776e+03    5.03446e+04   -2.33739e+03   -3.39245e+05    1.59033e+03
 Position Rest.      Potential    Kinetic En.   Total Energy  Conserved En.
    2.50037e+02   -2.80094e+05    4.28691e+04   -2.37225e+05   -2.33434e+05
    Temperature Pres. DC (bar) Pressure (bar)   Constr. rmsd
    2.98042e+02   -2.27182e+02    2.52375e+02    2.02700e-06

           Step           Time
          14000       28.00000

   Energies (kJ/mol)
        G96Bond       G96Angle    Proper Dih.  Improper Dih.          LJ-14
    5.19696e+02    8.43766e+02    3.29844e+02    2.64146e+02    9.00470e+01
     Coulomb-14        LJ (SR)  Disper. corr.   Coulomb (SR)   Coul. recip.
    7.23559e+03    4.95029e+04   -2.31727e+03   -3.38850e+05    1.55583e+03
 Position Rest.      Potential    Kinetic En.   Total Energy  Conserved En.
    2.68691e+02   -2.80557e+05    4.35498e+04   -2.37007e+05   -2.33438e+05
    Temperature Pres. DC (bar) Pressure (bar)   Constr. rmsd
    3.02774e+02   -2.23293e+02   -5.05374e+01    2.09591e-06

           Step           Time
          14500       29.00000

   Energies (kJ/mol)
        G96Bond       G96Angle    Proper Dih.  Improper Dih.          LJ-14
    4.83904e+02    8.79369e+02    3.28178e+02    2.27590e+02    1.16419e+02
     Coulomb-14        LJ (SR)  Disper. corr.   Coulomb (SR)   Coul. recip.
    7.29145e+03    4.90195e+04   -2.31183e+03   -3.37914e+05    1.58061e+03
 Position Rest.      Potential    Kinetic En.   Total Energy  Conserved En.
    2.75976e+02   -2.80023e+05    4.20500e+04   -2.37973e+05   -2.33421e+05
    Temperature Pres. DC (bar) Pressure (bar)   Constr. rmsd
    2.92347e+02   -2.22247e+02   -6.04898e+01    1.70425e-06

           Step           Time
          15000       30.00000

   Energies (kJ/mol)
        G96Bond       G96Angle    Proper Dih.  Improper Dih.          LJ-14
    6.26612e+02    8.44452e+02    2.97759e+02    3.06822e+02    1.08119e+02
     Coulomb-14        LJ (SR)  Disper. corr.   Coulomb (SR)   Coul. recip.
    7.29728e+03    4.96592e+04   -2.32772e+03   -3.37637e+05    1.63642e+03
 Position Rest.      Potential    Kinetic En.   Total Energy  Conserved En.
    2.63165e+02   -2.78925e+05    4.31739e+04   -2.35751e+05   -2.33423e+05
    Temperature Pres. DC (bar) Pressure (bar)   Constr. rmsd
    3.00160e+02   -2.25309e+02    1.52857e+02    2.45002e-06

           Step           Time
          15500       31.00000

   Energies (kJ/mol)
        G96Bond       G96Angle    Proper Dih.  Improper Dih.          LJ-14
    5.77910e+02    7.95281e+02    3.03447e+02    2.32617e+02    1.17640e+02
     Coulomb-14        LJ (SR)  Disper. corr.   Coulomb (SR)   Coul. recip.
    7.31000e+03    4.93450e+04   -2.31358e+03   -3.38631e+05    1.61609e+03
 Position Rest.      Potential    Kinetic En.   Total Energy  Conserved En.
    2.85262e+02   -2.80361e+05    4.30018e+04   -2.37359e+05   -2.33433e+05
    Temperature Pres. DC (bar) Pressure (bar)   Constr. rmsd
    2.98964e+02   -2.22583e+02   -2.69110e+00    2.62855e-06

           Step           Time
          16000       32.00000

   Energies (kJ/mol)
        G96Bond       G96Angle    Proper Dih.  Improper Dih.          LJ-14
    5.91961e+02    8.07590e+02    3.08708e+02    2.58069e+02    1.37002e+02
     Coulomb-14        LJ (SR)  Disper. corr.   Coulomb (SR)   Coul. recip.
    7.30199e+03    4.96642e+04   -2.32675e+03   -3.39335e+05    1.69575e+03
 Position Rest.      Potential    Kinetic En.   Total Energy  Conserved En.
    2.64629e+02   -2.80632e+05    4.35070e+04   -2.37125e+05   -2.33427e+05
    Temperature Pres. DC (bar) Pressure (bar)   Constr. rmsd
    3.02477e+02   -2.25120e+02   -1.70244e+01    1.55637e-06

           Step           Time
          16500       33.00000

   Energies (kJ/mol)
        G96Bond       G96Angle    Proper Dih.  Improper Dih.          LJ-14
    6.18932e+02    8.50948e+02    3.13745e+02    2.89682e+02    9.41672e+01
     Coulomb-14        LJ (SR)  Disper. corr.   Coulomb (SR)   Coul. recip.
    7.25611e+03    4.95149e+04   -2.31436e+03   -3.38832e+05    1.58998e+03
 Position Rest.      Potential    Kinetic En.   Total Energy  Conserved En.
    2.76894e+02   -2.80341e+05    4.34424e+04   -2.36898e+05   -2.33435e+05
    Temperature Pres. DC (bar) Pressure (bar)   Constr. rmsd
    3.02027e+02   -2.22734e+02   -2.51358e+02    2.07661e-06

           Step           Time
          17000       34.00000

   Energies (kJ/mol)
        G96Bond       G96Angle    Proper Dih.  Improper Dih.          LJ-14
    5.80186e+02    8.06163e+02    3.30170e+02    2.09979e+02    7.57473e+01
     Coulomb-14        LJ (SR)  Disper. corr.   Coulomb (SR)   Coul. recip.
    7.30513e+03    4.92902e+04   -2.32727e+03   -3.38129e+05    1.51949e+03
 Position Rest.      Potential    Kinetic En.   Total Energy  Conserved En.
    2.84703e+02   -2.80054e+05    4.29110e+04   -2.37143e+05   -2.33441e+05
    Temperature Pres. DC (bar) Pressure (bar)   Constr. rmsd
    2.98333e+02   -2.25222e+02   -1.78894e+01    2.46130e-06

           Step           Time
          17500       35.00000

   Energies (kJ/mol)
        G96Bond       G96Angle    Proper Dih.  Improper Dih.          LJ-14
    5.44753e+02    7.92004e+02    3.27348e+02    2.42213e+02    8.91027e+01
     Coulomb-14        LJ (SR)  Disper. corr.   Coulomb (SR)   Coul. recip.
    7.29286e+03    4.89238e+04   -2.33751e+03   -3.37760e+05    1.52914e+03
 Position Rest.      Potential    Kinetic En.   Total Energy  Conserved En.
    2.26346e+02   -2.80130e+05    4.32573e+04   -2.36872e+05   -2.33437e+05
    Temperature Pres. DC (bar) Pressure (bar)   Constr. rmsd
    3.00740e+02   -2.27205e+02   -1.85041e+02    1.83988e-06

           Step           Time
          18000       36.00000

   Energies (kJ/mol)
        G96Bond       G96Angle    Proper Dih.  Improper Dih.          LJ-14
    5.77519e+02    8.14666e+02    3.34912e+02    2.54645e+02    8.67401e+01
     Coulomb-14        LJ (SR)  Disper. corr.   Coulomb (SR)   Coul. recip.
    7.29423e+03    4.85364e+04   -2.32462e+03   -3.37398e+05    1.54045e+03
 Position Rest.      Potential    Kinetic En.   Total Energy  Conserved En.
    2.55315e+02   -2.80028e+05    4.38248e+04   -2.36203e+05   -2.33449e+05
    Temperature Pres. DC (bar) Pressure (bar)   Constr. rmsd
    3.04686e+02   -2.24711e+02   -2.74753e+02    2.02763e-06

           Step           Time
          18500       37.00000

   Energies (kJ/mol)
        G96Bond       G96Angle    Proper Dih.  Improper Dih.          LJ-14
    5.52712e+02    7.84373e+02    3.31864e+02    2.50136e+02    9.53736e+01
     Coulomb-14        LJ (SR)  Disper. corr.   Coulomb (SR)   Coul. recip.
    7.32573e+03    4.92116e+04   -2.32618e+03   -3.37619e+05    1.56367e+03
 Position Rest.      Potential    Kinetic En.   Total Energy  Conserved En.
    2.75253e+02   -2.79554e+05    4.30958e+04   -2.36458e+05   -2.33449e+05
    Temperature Pres. DC (bar) Pressure (bar)   Constr. rmsd
    2.99617e+02   -2.25010e+02   -1.96058e+02    2.22255e-06

           Step           Time
          19000       38.00000

   Energies (kJ/mol)
        G96Bond       G96Angle    Proper Dih.  Improper Dih.          LJ-14
    5.85291e+02    9.00596e+02    3.24852e+02    2.27554e+02    1.04497e+02
     Coulomb-14        LJ (SR)  Disper. corr.   Coulomb (SR)   Coul. recip.
    7.32149e+03    4.97179e+04   -2.33305e+03   -3.38540e+05    1.61832e+03
 Position Rest.      Potential    Kinetic En.   Total Energy  Conserved En.
    2.92037e+02   -2.79781e+05    4.32139e+04   -2.36567e+05   -2.33428e+05
    Temperature Pres. DC (bar) Pressure (bar)   Constr. rmsd
    3.00438e+02   -2.26340e+02    2.13441e+02    2.49476e-06

           Step           Time
          19500       39.00000

   Energies (kJ/mol)
        G96Bond       G96Angle    Proper Dih.  Improper Dih.          LJ-14
    5.95561e+02    8.34109e+02    3.17587e+02    2.15348e+02    1.25588e+02
     Coulomb-14        LJ (SR)  Disper. corr.   Coulomb (SR)   Coul. recip.
    7.31237e+03    5.04538e+04   -2.32714e+03   -3.40355e+05    1.59898e+03
 Position Rest.      Potential    Kinetic En.   Total Energy  Conserved En.
    2.56667e+02   -2.80972e+05    4.36029e+04   -2.37369e+05   -2.33429e+05
    Temperature Pres. DC (bar) Pressure (bar)   Constr. rmsd
    3.03143e+02   -2.25197e+02    2.09199e+02    1.47715e-06

           Step           Time
          20000       40.00000

   Energies (kJ/mol)
        G96Bond       G96Angle    Proper Dih.  Improper Dih.          LJ-14
    5.94766e+02    8.34730e+02    3.28531e+02    2.70896e+02    6.56187e+01
     Coulomb-14        LJ (SR)  Disper. corr.   Coulomb (SR)   Coul. recip.
    7.25535e+03    4.90112e+04   -2.33786e+03   -3.37603e+05    1.63040e+03
 Position Rest.      Potential    Kinetic En.   Total Energy  Conserved En.
    2.40764e+02   -2.79708e+05    4.31383e+04   -2.36570e+05   -2.33445e+05
    Temperature Pres. DC (bar) Pressure (bar)   Constr. rmsd
    2.99913e+02   -2.27274e+02    1.50483e+02    1.70680e-06

           Step           Time
          20500       41.00000

   Energies (kJ/mol)
        G96Bond       G96Angle    Proper Dih.  Improper Dih.          LJ-14
    5.66806e+02    7.78082e+02    2.73899e+02    2.60179e+02    1.39252e+02
     Coulomb-14        LJ (SR)  Disper. corr.   Coulomb (SR)   Coul. recip.
    7.31288e+03    4.99129e+04   -2.33497e+03   -3.39123e+05    1.62149e+03
 Position Rest.      Potential    Kinetic En.   Total Energy  Conserved En.
    2.31853e+02   -2.80361e+05    4.40502e+04   -2.36311e+05   -2.33438e+05
    Temperature Pres. DC (bar) Pressure (bar)   Constr. rmsd
    3.06253e+02   -2.26713e+02    3.17269e+02    2.53131e-06

           Step           Time
          21000       42.00000

   Energies (kJ/mol)
        G96Bond       G96Angle    Proper Dih.  Improper Dih.          LJ-14
    6.19518e+02    8.56938e+02    2.86836e+02    2.60480e+02    1.13412e+02
     Coulomb-14        LJ (SR)  Disper. corr.   Coulomb (SR)   Coul. recip.
    7.40117e+03    4.92999e+04   -2.32537e+03   -3.37854e+05    1.54528e+03
 Position Rest.      Potential    Kinetic En.   Total Energy  Conserved En.
    2.53283e+02   -2.79542e+05    4.30214e+04   -2.36521e+05   -2.33419e+05
    Temperature Pres. DC (bar) Pressure (bar)   Constr. rmsd
    2.99100e+02   -2.24854e+02    1.17559e+02    1.83027e-06

           Step           Time
          21500       43.00000

   Energies (kJ/mol)
        G96Bond       G96Angle    Proper Dih.  Improper Dih.          LJ-14
    5.92373e+02    8.27572e+02    2.91216e+02    2.53516e+02    1.05365e+02
     Coulomb-14        LJ (SR)  Disper. corr.   Coulomb (SR)   Coul. recip.
    7.30443e+03    4.88652e+04   -2.32181e+03   -3.38118e+05    1.56755e+03
 Position Rest.      Potential    Kinetic En.   Total Energy  Conserved En.
    2.39916e+02   -2.80393e+05    4.34774e+04   -2.36916e+05   -2.33438e+05
    Temperature Pres. DC (bar) Pressure (bar)   Constr. rmsd
    3.02271e+02   -2.24167e+02   -1.52964e+02    2.37730e-06

           Step           Time
          22000       44.00000

   Energies (kJ/mol)
        G96Bond       G96Angle    Proper Dih.  Improper Dih.          LJ-14
    6.10480e+02    8.54953e+02    3.07994e+02    2.12739e+02    1.01903e+02
     Coulomb-14        LJ (SR)  Disper. corr.   Coulomb (SR)   Coul. recip.
    7.30151e+03    4.91518e+04   -2.31821e+03   -3.37634e+05    1.57874e+03
 Position Rest.      Potential    Kinetic En.   Total Energy  Conserved En.
    2.83496e+02   -2.79548e+05    4.29283e+04   -2.36620e+05   -2.33435e+05
    Temperature Pres. DC (bar) Pressure (bar)   Constr. rmsd
    2.98453e+02   -2.23474e+02    1.05189e+02    2.19374e-06

           Step           Time
          22500       45.00000

   Energies (kJ/mol)
        G96Bond       G96Angle    Proper Dih.  Improper Dih.          LJ-14
    5.55250e+02    8.30586e+02    3.25188e+02    2.59319e+02    9.57626e+01
     Coulomb-14        LJ (SR)  Disper. corr.   Coulomb (SR)   Coul. recip.
    7.29370e+03    4.91409e+04   -2.32844e+03   -3.38204e+05    1.58052e+03
 Position Rest.      Potential    Kinetic En.   Total Energy  Conserved En.
    2.60648e+02   -2.80191e+05    4.27505e+04   -2.37440e+05   -2.33443e+05
    Temperature Pres. DC (bar) Pressure (bar)   Constr. rmsd
    2.97217e+02   -2.25448e+02   -1.41153e+02    2.85675e-06

           Step           Time
          23000       46.00000

   Energies (kJ/mol)
        G96Bond       G96Angle    Proper Dih.  Improper Dih.          LJ-14
    5.41593e+02    7.61981e+02    2.52514e+02    2.34752e+02    1.25773e+02
     Coulomb-14        LJ (SR)  Disper. corr.   Coulomb (SR)   Coul. recip.
    7.32913e+03    4.89153e+04   -2.32544e+03   -3.37926e+05    1.56633e+03
 Position Rest.      Potential    Kinetic En.   Total Energy  Conserved En.
    2.38525e+02   -2.80286e+05    4.23539e+04   -2.37932e+05   -2.33431e+05
    Temperature Pres. DC (bar) Pressure (bar)   Constr. rmsd
    2.94460e+02   -2.24868e+02   -9.88404e+01    1.20969e-06

           Step           Time
          23500       47.00000

   Energies (kJ/mol)
        G96Bond       G96Angle    Proper Dih.  Improper Dih.          LJ-14
    5.49650e+02    8.01506e+02    3.08749e+02    2.78989e+02    1.19953e+02
     Coulomb-14        LJ (SR)  Disper. corr.   Coulomb (SR)   Coul. recip.
    7.30602e+03    4.94242e+04   -2.32489e+03   -3.38648e+05    1.58064e+03
 Position Rest.      Potential    Kinetic En.   Total Energy  Conserved En.
    2.32940e+02   -2.80370e+05    4.31036e+04   -2.37267e+05   -2.33434e+05
    Temperature Pres. DC (bar) Pressure (bar)   Constr. rmsd
    2.99672e+02   -2.24761e+02    1.98188e+01    1.56709e-06

           Step           Time
          24000       48.00000

   Energies (kJ/mol)
        G96Bond       G96Angle    Proper Dih.  Improper Dih.          LJ-14
    6.17383e+02    8.50712e+02    3.00502e+02    2.70314e+02    3.19290e+01
     Coulomb-14        LJ (SR)  Disper. corr.   Coulomb (SR)   Coul. recip.
    7.26167e+03    4.98406e+04   -2.32084e+03   -3.39068e+05    1.61966e+03
 Position Rest.      Potential    Kinetic En.   Total Energy  Conserved En.
    2.60290e+02   -2.80336e+05    4.30316e+04   -2.37304e+05   -2.33437e+05
    Temperature Pres. DC (bar) Pressure (bar)   Constr. rmsd
    2.99171e+02   -2.23979e+02   -1.11239e+02    1.38195e-06

           Step           Time
          24500       49.00000

   Energies (kJ/mol)
        G96Bond       G96Angle    Proper Dih.  Improper Dih.          LJ-14
    5.29948e+02    8.95097e+02    3.23159e+02    2.39519e+02    1.00729e+02
     Coulomb-14        LJ (SR)  Disper. corr.   Coulomb (SR)   Coul. recip.
    7.25674e+03    4.98622e+04   -2.32447e+03   -3.38614e+05    1.61301e+03
 Position Rest.      Potential    Kinetic En.   Total Energy  Conserved En.
    2.52563e+02   -2.79865e+05    4.20124e+04   -2.37853e+05   -2.33436e+05
    Temperature Pres. DC (bar) Pressure (bar)   Constr. rmsd
    2.92085e+02   -2.24680e+02    1.85291e+02    1.90646e-06

           Step           Time
          25000       50.00000

   Energies (kJ/mol)
        G96Bond       G96Angle    Proper Dih.  Improper Dih.          LJ-14
    5.95724e+02    8.64645e+02    3.25761e+02    2.42100e+02    7.18744e+01
     Coulomb-14        LJ (SR)  Disper. corr.   Coulomb (SR)   Coul. recip.
    7.32384e+03    4.91984e+04   -2.31781e+03   -3.38727e+05    1.63814e+03
 Position Rest.      Potential    Kinetic En.   Total Energy  Conserved En.
    2.48297e+02   -2.80536e+05    4.31743e+04   -2.37362e+05   -2.33447e+05
    Temperature Pres. DC (bar) Pressure (bar)   Constr. rmsd
    3.00163e+02   -2.23396e+02   -1.62044e+02    1.65678e-06

           Step           Time
          25500       51.00000

   Energies (kJ/mol)
        G96Bond       G96Angle    Proper Dih.  Improper Dih.          LJ-14
    6.62037e+02    8.99870e+02    3.40843e+02    3.06687e+02    7.44489e+01
     Coulomb-14        LJ (SR)  Disper. corr.   Coulomb (SR)   Coul. recip.
    7.31598e+03    4.94263e+04   -2.32073e+03   -3.37491e+05    1.57778e+03
 Position Rest.      Potential    Kinetic En.   Total Energy  Conserved En.
    2.88138e+02   -2.78920e+05    4.36873e+04   -2.35232e+05   -2.33428e+05
    Temperature Pres. DC (bar) Pressure (bar)   Constr. rmsd
    3.03730e+02   -2.23959e+02    1.26328e+01    1.79946e-06

           Step           Time
          26000       52.00000

   Energies (kJ/mol)
        G96Bond       G96Angle    Proper Dih.  Improper Dih.          LJ-14
    5.54717e+02    7.85777e+02    3.05889e+02    2.23441e+02    1.00649e+02
     Coulomb-14        LJ (SR)  Disper. corr.   Coulomb (SR)   Coul. recip.
    7.29756e+03    5.13004e+04   -2.32610e+03   -3.41006e+05    1.54271e+03
 Position Rest.      Potential    Kinetic En.   Total Energy  Conserved En.
    2.79496e+02   -2.80942e+05    4.37143e+04   -2.37227e+05   -2.33438e+05
    Temperature Pres. DC (bar) Pressure (bar)   Constr. rmsd
    3.03918e+02   -2.24995e+02    5.43210e+02    1.22875e-06

           Step           Time
          26500       53.00000

   Energies (kJ/mol)
        G96Bond       G96Angle    Proper Dih.  Improper Dih.          LJ-14
    5.49317e+02    7.74719e+02    3.20797e+02    2.62592e+02    1.12171e+02
     Coulomb-14        LJ (SR)  Disper. corr.   Coulomb (SR)   Coul. recip.
    7.26213e+03    4.89116e+04   -2.31557e+03   -3.37502e+05    1.65022e+03
 Position Rest.      Potential    Kinetic En.   Total Energy  Conserved En.
    2.47862e+02   -2.79727e+05    4.26435e+04   -2.37083e+05   -2.33441e+05
    Temperature Pres. DC (bar) Pressure (bar)   Constr. rmsd
    2.96473e+02   -2.22965e+02   -1.88739e+02    1.42968e-06

           Step           Time
          27000       54.00000

   Energies (kJ/mol)
        G96Bond       G96Angle    Proper Dih.  Improper Dih.          LJ-14
    5.30146e+02    8.35622e+02    2.97882e+02    2.60122e+02    7.01318e+01
     Coulomb-14        LJ (SR)  Disper. corr.   Coulomb (SR)   Coul. recip.
    7.28925e+03    4.97124e+04   -2.32673e+03   -3.39056e+05    1.51687e+03
 Position Rest.      Potential    Kinetic En.   Total Energy  Conserved En.
    2.49099e+02   -2.80621e+05    4.34011e+04   -2.37220e+05   -2.33443e+05
    Temperature Pres. DC (bar) Pressure (bar)   Constr. rmsd
    3.01740e+02   -2.25118e+02    5.79165e+01    1.92137e-06

           Step           Time
          27500       55.00000

   Energies (kJ/mol)
        G96Bond       G96Angle    Proper Dih.  Improper Dih.          LJ-14
    5.77436e+02    8.63546e+02    3.15259e+02    2.33400e+02    1.34900e+02
     Coulomb-14        LJ (SR)  Disper. corr.   Coulomb (SR)   Coul. recip.
    7.34557e+03    5.02030e+04   -2.34071e+03   -3.38747e+05    1.52652e+03
 Position Rest.      Potential    Kinetic En.   Total Energy  Conserved En.
    2.78735e+02   -2.79610e+05    4.26940e+04   -2.36916e+05   -2.33420e+05
    Temperature Pres. DC (bar) Pressure (bar)   Constr. rmsd
    2.96824e+02   -2.27828e+02    4.60301e+02    1.59093e-06

           Step           Time
          28000       56.00000

   Energies (kJ/mol)
        G96Bond       G96Angle    Proper Dih.  Improper Dih.          LJ-14
    5.66673e+02    8.76633e+02    3.60443e+02    2.44953e+02    1.11745e+02
     Coulomb-14        LJ (SR)  Disper. corr.   Coulomb (SR)   Coul. recip.
    7.22327e+03    5.01070e+04   -2.33099e+03   -3.39704e+05    1.64004e+03
 Position Rest.      Potential    Kinetic En.   Total Energy  Conserved En.
    2.45332e+02   -2.80659e+05    4.33665e+04   -2.37292e+05   -2.33434e+05
    Temperature Pres. DC (bar) Pressure (bar)   Constr. rmsd
    3.01500e+02   -2.25942e+02    2.51866e+02    1.94991e-06

           Step           Time
          28500       57.00000

   Energies (kJ/mol)
        G96Bond       G96Angle    Proper Dih.  Improper Dih.          LJ-14
    6.32602e+02    8.65905e+02    2.84167e+02    2.64745e+02    1.05628e+02
     Coulomb-14        LJ (SR)  Disper. corr.   Coulomb (SR)   Coul. recip.
    7.27897e+03    5.02095e+04   -2.31273e+03   -3.39075e+05    1.63668e+03
 Position Rest.      Potential    Kinetic En.   Total Energy  Conserved En.
    2.90833e+02   -2.79819e+05    4.32111e+04   -2.36608e+05   -2.33423e+05
    Temperature Pres. DC (bar) Pressure (bar)   Constr. rmsd
    3.00419e+02   -2.22419e+02   -5.53231e+00    2.27365e-06

           Step           Time
          29000       58.00000

   Energies (kJ/mol)
        G96Bond       G96Angle    Proper Dih.  Improper Dih.          LJ-14
    5.54890e+02    8.07893e+02    3.55005e+02    2.52134e+02    1.15819e+02
     Coulomb-14        LJ (SR)  Disper. corr.   Coulomb (SR)   Coul. recip.
    7.33092e+03    4.92643e+04   -2.31720e+03   -3.38607e+05    1.55910e+03
 Position Rest.      Potential    Kinetic En.   Total Energy  Conserved En.
    2.21154e+02   -2.80463e+05    4.31347e+04   -2.37329e+05   -2.33435e+05
    Temperature Pres. DC (bar) Pressure (bar)   Constr. rmsd
    2.99888e+02   -2.23278e+02   -1.10858e+02    1.69110e-06

           Step           Time
          29500       59.00000

   Energies (kJ/mol)
        G96Bond       G96Angle    Proper Dih.  Improper Dih.          LJ-14
    5.80493e+02    8.10235e+02    2.90245e+02    2.39096e+02    1.43675e+02
     Coulomb-14        LJ (SR)  Disper. corr.   Coulomb (SR)   Coul. recip.
    7.30727e+03    4.93757e+04   -2.30857e+03   -3.38186e+05    1.60339e+03
 Position Rest.      Potential    Kinetic En.   Total Energy  Conserved En.
    2.29647e+02   -2.79915e+05    4.27136e+04   -2.37201e+05   -2.33432e+05
    Temperature Pres. DC (bar) Pressure (bar)   Constr. rmsd
    2.96960e+02   -2.21622e+02   -1.39178e+02    2.21203e-06

           Step           Time
          30000       60.00000

   Energies (kJ/mol)
        G96Bond       G96Angle    Proper Dih.  Improper Dih.          LJ-14
    5.99470e+02    7.60376e+02    3.27371e+02    2.53859e+02    8.13698e+01
     Coulomb-14        LJ (SR)  Disper. corr.   Coulomb (SR)   Coul. recip.
    7.24743e+03    4.82155e+04   -2.31033e+03   -3.35595e+05    1.59332e+03
 Position Rest.      Potential    Kinetic En.   Total Energy  Conserved En.
    2.81569e+02   -2.78545e+05    4.27785e+04   -2.35766e+05   -2.33431e+05
    Temperature Pres. DC (bar) Pressure (bar)   Constr. rmsd
    2.97411e+02   -2.21959e+02   -4.49735e+02    2.17137e-06

           Step           Time
          30500       61.00000

   Energies (kJ/mol)
        G96Bond       G96Angle    Proper Dih.  Improper Dih.          LJ-14
    5.37635e+02    8.44867e+02    3.00235e+02    2.48676e+02    1.11911e+02
     Coulomb-14        LJ (SR)  Disper. corr.   Coulomb (SR)   Coul. recip.
    7.22767e+03    4.92494e+04   -2.33068e+03   -3.38684e+05    1.56567e+03
 Position Rest.      Potential    Kinetic En.   Total Energy  Conserved En.
    2.59069e+02   -2.80669e+05    4.29405e+04   -2.37729e+05   -2.33438e+05
    Temperature Pres. DC (bar) Pressure (bar)   Constr. rmsd
    2.98538e+02   -2.25880e+02   -1.76452e+02    3.55228e-06

           Step           Time
          31000       62.00000

   Energies (kJ/mol)
        G96Bond       G96Angle    Proper Dih.  Improper Dih.          LJ-14
    6.39899e+02    6.65885e+02    3.50399e+02    2.70392e+02    1.45605e+02
     Coulomb-14        LJ (SR)  Disper. corr.   Coulomb (SR)   Coul. recip.
    7.28203e+03    5.00765e+04   -2.31669e+03   -3.39433e+05    1.56675e+03
 Position Rest.      Potential    Kinetic En.   Total Energy  Conserved En.
    2.56384e+02   -2.80496e+05    4.34457e+04   -2.37050e+05   -2.33433e+05
    Temperature Pres. DC (bar) Pressure (bar)   Constr. rmsd
    3.02050e+02   -2.23181e+02    1.71679e+02    2.73106e-06

           Step           Time
          31500       63.00000

   Energies (kJ/mol)
        G96Bond       G96Angle    Proper Dih.  Improper Dih.          LJ-14
    6.14569e+02    8.21958e+02    3.18510e+02    2.74566e+02    9.06145e+01
     Coulomb-14        LJ (SR)  Disper. corr.   Coulomb (SR)   Coul. recip.
    7.28654e+03    4.98554e+04   -2.32039e+03   -3.38763e+05    1.58948e+03
 Position Rest.      Potential    Kinetic En.   Total Energy  Conserved En.
    3.10796e+02   -2.79921e+05    4.31511e+04   -2.36770e+05   -2.33437e+05
    Temperature Pres. DC (bar) Pressure (bar)   Constr. rmsd
    3.00002e+02   -2.23894e+02    1.03994e+02    1.36874e-06

           Step           Time
          32000       64.00000

   Energies (kJ/mol)
        G96Bond       G96Angle    Proper Dih.  Improper Dih.          LJ-14
    5.26805e+02    7.99337e+02    3.35105e+02    2.31862e+02    8.05617e+01
     Coulomb-14        LJ (SR)  Disper. corr.   Coulomb (SR)   Coul. recip.
    7.26303e+03    5.01573e+04   -2.33061e+03   -3.40378e+05    1.57179e+03
 Position Rest.      Potential    Kinetic En.   Total Energy  Conserved En.
    2.42500e+02   -2.81500e+05    4.27312e+04   -2.38769e+05   -2.33446e+05
    Temperature Pres. DC (bar) Pressure (bar)   Constr. rmsd
    2.97083e+02   -2.25867e+02    2.52403e+02    1.87279e-06

           Step           Time
          32500       65.00000

   Energies (kJ/mol)
        G96Bond       G96Angle    Proper Dih.  Improper Dih.          LJ-14
    5.32404e+02    7.75249e+02    3.30452e+02    2.71123e+02    9.86341e+01
     Coulomb-14        LJ (SR)  Disper. corr.   Coulomb (SR)   Coul. recip.
    7.30313e+03    4.97800e+04   -2.32485e+03   -3.38743e+05    1.54502e+03
 Position Rest.      Potential    Kinetic En.   Total Energy  Conserved En.
    2.89744e+02   -2.80142e+05    4.30604e+04   -2.37081e+05   -2.33435e+05
    Temperature Pres. DC (bar) Pressure (bar)   Constr. rmsd
    2.99372e+02   -2.24754e+02    1.71339e+02    2.21581e-06

           Step           Time
          33000       66.00000

   Energies (kJ/mol)
        G96Bond       G96Angle    Proper Dih.  Improper Dih.          LJ-14
    5.85392e+02    7.81371e+02    3.11245e+02    2.53367e+02    9.28901e+01
     Coulomb-14        LJ (SR)  Disper. corr.   Coulomb (SR)   Coul. recip.
    7.27526e+03    4.97459e+04   -2.32489e+03   -3.39632e+05    1.57888e+03
 Position Rest.      Potential    Kinetic En.   Total Energy  Conserved En.
    2.46471e+02   -2.81086e+05    4.33646e+04   -2.37721e+05   -2.33449e+05
    Temperature Pres. DC (bar) Pressure (bar)   Constr. rmsd
    3.01487e+02   -2.24762e+02   -1.22636e+01    1.29642e-06

           Step           Time
          33500       67.00000

   Energies (kJ/mol)
        G96Bond       G96Angle    Proper Dih.  Improper Dih.          LJ-14
    5.56127e+02    7.87388e+02    3.16332e+02    2.25864e+02    1.19373e+02
     Coulomb-14        LJ (SR)  Disper. corr.   Coulomb (SR)   Coul. recip.
    7.26207e+03    4.89560e+04   -2.33322e+03   -3.38225e+05    1.54796e+03
 Position Rest.      Potential    Kinetic En.   Total Energy  Conserved En.
    2.46716e+02   -2.80540e+05    4.32372e+04   -2.37303e+05   -2.33443e+05
    Temperature Pres. DC (bar) Pressure (bar)   Constr. rmsd
    3.00601e+02   -2.26373e+02   -9.87044e+01    2.31462e-06

           Step           Time
          34000       68.00000

   Energies (kJ/mol)
        G96Bond       G96Angle    Proper Dih.  Improper Dih.          LJ-14
    5.87570e+02    7.63214e+02    3.24154e+02    2.57220e+02    1.06000e+02
     Coulomb-14        LJ (SR)  Disper. corr.   Coulomb (SR)   Coul. recip.
    7.23433e+03    4.88809e+04   -2.31952e+03   -3.38062e+05    1.60927e+03
 Position Rest.      Potential    Kinetic En.   Total Energy  Conserved En.
    2.74012e+02   -2.80345e+05    4.31216e+04   -2.37223e+05   -2.33445e+05
    Temperature Pres. DC (bar) Pressure (bar)   Constr. rmsd
    2.99797e+02   -2.23726e+02   -9.08850e+01    1.62746e-06

           Step           Time
          34500       69.00000

   Energies (kJ/mol)
        G96Bond       G96Angle    Proper Dih.  Improper Dih.          LJ-14
    5.69742e+02    7.83260e+02    3.00532e+02    2.80434e+02    1.26387e+02
     Coulomb-14        LJ (SR)  Disper. corr.   Coulomb (SR)   Coul. recip.
    7.29143e+03    4.83788e+04   -2.31828e+03   -3.37102e+05    1.60555e+03
 Position Rest.      Potential    Kinetic En.   Total Energy  Conserved En.
    2.73872e+02   -2.79810e+05    4.32592e+04   -2.36551e+05   -2.33452e+05
    Temperature Pres. DC (bar) Pressure (bar)   Constr. rmsd
    3.00754e+02   -2.23486e+02   -3.22425e+02    1.99186e-06

           Step           Time
          35000       70.00000

   Energies (kJ/mol)
        G96Bond       G96Angle    Proper Dih.  Improper Dih.          LJ-14
    5.23431e+02    8.16261e+02    3.37109e+02    2.65127e+02    1.03844e+02
     Coulomb-14        LJ (SR)  Disper. corr.   Coulomb (SR)   Coul. recip.
    7.26293e+03    5.00261e+04   -2.33396e+03   -3.38982e+05    1.63911e+03
 Position Rest.      Potential    Kinetic En.   Total Energy  Conserved En.
    2.69314e+02   -2.80073e+05    4.35255e+04   -2.36547e+05   -2.33458e+05
    Temperature Pres. DC (bar) Pressure (bar)   Constr. rmsd
    3.02605e+02   -2.26517e+02    3.17309e+02    1.80834e-06

           Step           Time
          35500       71.00000

   Energies (kJ/mol)
        G96Bond       G96Angle    Proper Dih.  Improper Dih.          LJ-14
    6.02292e+02    8.38169e+02    3.12259e+02    2.56817e+02    6.07875e+01
     Coulomb-14        LJ (SR)  Disper. corr.   Coulomb (SR)   Coul. recip.
    7.23114e+03    4.99492e+04   -2.32080e+03   -3.38510e+05    1.59805e+03
 Position Rest.      Potential    Kinetic En.   Total Energy  Conserved En.
    2.66115e+02   -2.79716e+05    4.36377e+04   -2.36079e+05   -2.33446e+05
    Temperature Pres. DC (bar) Pressure (bar)   Constr. rmsd
    3.03385e+02   -2.23973e+02   -3.42173e+01    2.23658e-06

           Step           Time
          36000       72.00000

   Energies (kJ/mol)
        G96Bond       G96Angle    Proper Dih.  Improper Dih.          LJ-14
    5.04303e+02    7.91357e+02    3.33810e+02    2.97454e+02    8.88345e+01
     Coulomb-14        LJ (SR)  Disper. corr.   Coulomb (SR)   Coul. recip.
    7.23623e+03    4.95159e+04   -2.31648e+03   -3.37570e+05    1.68878e+03
 Position Rest.      Potential    Kinetic En.   Total Energy  Conserved En.
    2.83111e+02   -2.79147e+05    4.31698e+04   -2.35977e+05   -2.33452e+05
    Temperature Pres. DC (bar) Pressure (bar)   Constr. rmsd
    3.00132e+02   -2.23141e+02    1.46667e+02    2.14240e-06

           Step           Time
          36500       73.00000

   Energies (kJ/mol)
        G96Bond       G96Angle    Proper Dih.  Improper Dih.          LJ-14
    5.40687e+02    8.11578e+02    3.20801e+02    2.87383e+02    1.11008e+02
     Coulomb-14        LJ (SR)  Disper. corr.   Coulomb (SR)   Coul. recip.
    7.25527e+03    4.96289e+04   -2.32552e+03   -3.39112e+05    1.64330e+03
 Position Rest.      Potential    Kinetic En.   Total Energy  Conserved En.
    2.59043e+02   -2.80579e+05    4.29615e+04   -2.37618e+05   -2.33449e+05
    Temperature Pres. DC (bar) Pressure (bar)   Constr. rmsd
    2.98684e+02   -2.24883e+02   -1.73602e+01    1.59753e-06

           Step           Time
          37000       74.00000

   Energies (kJ/mol)
        G96Bond       G96Angle    Proper Dih.  Improper Dih.          LJ-14
    5.63620e+02    8.49872e+02    3.24973e+02    2.79144e+02    7.45703e+01
     Coulomb-14        LJ (SR)  Disper. corr.   Coulomb (SR)   Coul. recip.
    7.19329e+03    5.08822e+04   -2.34194e+03   -3.40230e+05    1.58438e+03
 Position Rest.      Potential    Kinetic En.   Total Energy  Conserved En.
    2.88986e+02   -2.80531e+05    4.33951e+04   -2.37136e+05   -2.33448e+05
    Temperature Pres. DC (bar) Pressure (bar)   Constr. rmsd
    3.01698e+02   -2.28066e+02    3.91951e+02    1.57996e-06

           Step           Time
          37500       75.00000

   Energies (kJ/mol)
        G96Bond       G96Angle    Proper Dih.  Improper Dih.          LJ-14
    5.41766e+02    8.32588e+02    3.12474e+02    2.71670e+02    1.14040e+02
     Coulomb-14        LJ (SR)  Disper. corr.   Coulomb (SR)   Coul. recip.
    7.24919e+03    4.90132e+04   -2.32176e+03   -3.37746e+05    1.58322e+03
 Position Rest.      Potential    Kinetic En.   Total Energy  Conserved En.
    2.52133e+02   -2.79898e+05    4.32249e+04   -2.36673e+05   -2.33452e+05
    Temperature Pres. DC (bar) Pressure (bar)   Constr. rmsd
    3.00515e+02   -2.24158e+02   -1.93510e+02    1.84841e-06

           Step           Time
          38000       76.00000

   Energies (kJ/mol)
        G96Bond       G96Angle    Proper Dih.  Improper Dih.          LJ-14
    5.26481e+02    8.66493e+02    3.43971e+02    2.83528e+02    8.81941e+01
     Coulomb-14        LJ (SR)  Disper. corr.   Coulomb (SR)   Coul. recip.
    7.20723e+03    4.82598e+04   -2.33296e+03   -3.36918e+05    1.57448e+03
 Position Rest.      Potential    Kinetic En.   Total Energy  Conserved En.
    2.69480e+02   -2.79831e+05    4.29162e+04   -2.36915e+05   -2.33454e+05
    Temperature Pres. DC (bar) Pressure (bar)   Constr. rmsd
    2.98369e+02   -2.26324e+02   -3.40757e+02    1.38990e-06

           Step           Time
          38500       77.00000

   Energies (kJ/mol)
        G96Bond       G96Angle    Proper Dih.  Improper Dih.          LJ-14
    5.50742e+02    7.56636e+02    3.50202e+02    2.31398e+02    1.15673e+02
     Coulomb-14        LJ (SR)  Disper. corr.   Coulomb (SR)   Coul. recip.
    7.34329e+03    4.92966e+04   -2.31461e+03   -3.38135e+05    1.61854e+03
 Position Rest.      Potential    Kinetic En.   Total Energy  Conserved En.
    2.67158e+02   -2.79919e+05    4.34212e+04   -2.36498e+05   -2.33463e+05
    Temperature Pres. DC (bar) Pressure (bar)   Constr. rmsd
    3.01880e+02   -2.22781e+02   -6.65009e+01    2.71506e-06

           Step           Time
          39000       78.00000

   Energies (kJ/mol)
        G96Bond       G96Angle    Proper Dih.  Improper Dih.          LJ-14
    5.79231e+02    8.54557e+02    2.71824e+02    2.29711e+02    1.22791e+02
     Coulomb-14        LJ (SR)  Disper. corr.   Coulomb (SR)   Coul. recip.
    7.21652e+03    4.99685e+04   -2.33181e+03   -3.39712e+05    1.56018e+03
 Position Rest.      Potential    Kinetic En.   Total Energy  Conserved En.
    2.59175e+02   -2.80982e+05    4.31200e+04   -2.37862e+05   -2.33445e+05
    Temperature Pres. DC (bar) Pressure (bar)   Constr. rmsd
    2.99786e+02   -2.26101e+02    9.17539e+00    1.70622e-06

           Step           Time
          39500       79.00000

   Energies (kJ/mol)
        G96Bond       G96Angle    Proper Dih.  Improper Dih.          LJ-14
    5.70278e+02    8.09062e+02    3.02578e+02    2.62747e+02    1.42024e+02
     Coulomb-14        LJ (SR)  Disper. corr.   Coulomb (SR)   Coul. recip.
    7.27523e+03    4.89833e+04   -2.32050e+03   -3.37883e+05    1.63480e+03
 Position Rest.      Potential    Kinetic En.   Total Energy  Conserved En.
    2.49497e+02   -2.79974e+05    4.30734e+04   -2.36900e+05   -2.33460e+05
    Temperature Pres. DC (bar) Pressure (bar)   Constr. rmsd
    2.99462e+02   -2.23915e+02   -3.86038e+01    2.82230e-06

           Step           Time
          40000       80.00000

   Energies (kJ/mol)
        G96Bond       G96Angle    Proper Dih.  Improper Dih.          LJ-14
    5.35218e+02    8.07011e+02    3.13633e+02    2.38137e+02    1.11417e+02
     Coulomb-14        LJ (SR)  Disper. corr.   Coulomb (SR)   Coul. recip.
    7.28235e+03    4.98134e+04   -2.33322e+03   -3.38847e+05    1.58393e+03
 Position Rest.      Potential    Kinetic En.   Total Energy  Conserved En.
    2.42573e+02   -2.80253e+05    4.21362e+04   -2.38117e+05   -2.33455e+05
    Temperature Pres. DC (bar) Pressure (bar)   Constr. rmsd
    2.92946e+02   -2.26373e+02    2.72471e+02    1.79546e-06

           Step           Time
          40500       81.00000

   Energies (kJ/mol)
        G96Bond       G96Angle    Proper Dih.  Improper Dih.          LJ-14
    5.68089e+02    8.41988e+02    3.17819e+02    2.16580e+02    1.21568e+02
     Coulomb-14        LJ (SR)  Disper. corr.   Coulomb (SR)   Coul. recip.
    7.25431e+03    4.87192e+04   -2.32386e+03   -3.37531e+05    1.52759e+03
 Position Rest.      Potential    Kinetic En.   Total Energy  Conserved En.
    2.82301e+02   -2.80006e+05    4.27790e+04   -2.37227e+05   -2.33456e+05
    Temperature Pres. DC (bar) Pressure (bar)   Constr. rmsd
    2.97415e+02   -2.24563e+02   -2.91388e+02    1.94640e-06

           Step           Time
          41000       82.00000

   Energies (kJ/mol)
        G96Bond       G96Angle    Proper Dih.  Improper Dih.          LJ-14
    6.15922e+02    8.31103e+02    2.64699e+02    2.83312e+02    1.20024e+02
     Coulomb-14        LJ (SR)  Disper. corr.   Coulomb (SR)   Coul. recip.
    7.30032e+03    4.82405e+04   -2.31757e+03   -3.36925e+05    1.58634e+03
 Position Rest.      Potential    Kinetic En.   Total Energy  Conserved En.
    2.84136e+02   -2.79716e+05    4.31682e+04   -2.36548e+05   -2.33453e+05
    Temperature Pres. DC (bar) Pressure (bar)   Constr. rmsd
    3.00121e+02   -2.23351e+02   -4.41530e+02    2.66736e-06

           Step           Time
          41500       83.00000

   Energies (kJ/mol)
        G96Bond       G96Angle    Proper Dih.  Improper Dih.          LJ-14
    5.32803e+02    8.60152e+02    3.34942e+02    2.71319e+02    1.14355e+02
     Coulomb-14        LJ (SR)  Disper. corr.   Coulomb (SR)   Coul. recip.
    7.28341e+03    4.93934e+04   -2.32429e+03   -3.38009e+05    1.60028e+03
 Position Rest.      Potential    Kinetic En.   Total Energy  Conserved En.
    2.83273e+02   -2.79659e+05    4.28925e+04   -2.36766e+05   -2.33458e+05
    Temperature Pres. DC (bar) Pressure (bar)   Constr. rmsd
    2.98204e+02   -2.24646e+02    1.00383e+02    1.81530e-06

           Step           Time
          42000       84.00000

   Energies (kJ/mol)
        G96Bond       G96Angle    Proper Dih.  Improper Dih.          LJ-14
    6.08301e+02    8.78346e+02    3.11150e+02    2.66337e+02    1.10300e+02
     Coulomb-14        LJ (SR)  Disper. corr.   Coulomb (SR)   Coul. recip.
    7.27520e+03    4.97201e+04   -2.32249e+03   -3.38481e+05    1.58227e+03
 Position Rest.      Potential    Kinetic En.   Total Energy  Conserved En.
    2.65497e+02   -2.79786e+05    4.33386e+04   -2.36448e+05   -2.33444e+05
    Temperature Pres. DC (bar) Pressure (bar)   Constr. rmsd
    3.01305e+02   -2.24298e+02    1.38395e+02    2.93823e-06

           Step           Time
          42500       85.00000

   Energies (kJ/mol)
        G96Bond       G96Angle    Proper Dih.  Improper Dih.          LJ-14
    5.65758e+02    8.87925e+02    3.42754e+02    2.17073e+02    1.45320e+02
     Coulomb-14        LJ (SR)  Disper. corr.   Coulomb (SR)   Coul. recip.
    7.24542e+03    4.87657e+04   -2.32678e+03   -3.37643e+05    1.62071e+03
 Position Rest.      Potential    Kinetic En.   Total Energy  Conserved En.
    2.89448e+02   -2.79890e+05    4.37373e+04   -2.36152e+05   -2.33461e+05
    Temperature Pres. DC (bar) Pressure (bar)   Constr. rmsd
    3.04077e+02   -2.25127e+02   -6.16621e+01    1.86719e-06

           Step           Time
          43000       86.00000

   Energies (kJ/mol)
        G96Bond       G96Angle    Proper Dih.  Improper Dih.          LJ-14
    5.62147e+02    8.58726e+02    3.21875e+02    2.47270e+02    5.75393e+01
     Coulomb-14        LJ (SR)  Disper. corr.   Coulomb (SR)   Coul. recip.
    7.28710e+03    4.84724e+04   -2.32611e+03   -3.37947e+05    1.61996e+03
 Position Rest.      Potential    Kinetic En.   Total Energy  Conserved En.
    2.55858e+02   -2.80590e+05    4.31785e+04   -2.37411e+05   -2.33459e+05
    Temperature Pres. DC (bar) Pressure (bar)   Constr. rmsd
    3.00193e+02   -2.24997e+02   -4.11623e+02    1.54633e-06

           Step           Time
          43500       87.00000

   Energies (kJ/mol)
        G96Bond       G96Angle    Proper Dih.  Improper Dih.          LJ-14
    5.60009e+02    7.43320e+02    3.62495e+02    2.62049e+02    1.11057e+02
     Coulomb-14        LJ (SR)  Disper. corr.   Coulomb (SR)   Coul. recip.
    7.28669e+03    4.94179e+04   -2.32980e+03   -3.39071e+05    1.57690e+03
 Position Rest.      Potential    Kinetic En.   Total Energy  Conserved En.
    2.52664e+02   -2.80827e+05    4.28675e+04   -2.37960e+05   -2.33463e+05
    Temperature Pres. DC (bar) Pressure (bar)   Constr. rmsd
    2.98030e+02   -2.25711e+02   -5.65930e+01    1.54223e-06

           Step           Time
          44000       88.00000

   Energies (kJ/mol)
        G96Bond       G96Angle    Proper Dih.  Improper Dih.          LJ-14
    5.55183e+02    7.67751e+02    3.11012e+02    2.37361e+02    8.61623e+01
     Coulomb-14        LJ (SR)  Disper. corr.   Coulomb (SR)   Coul. recip.
    7.24073e+03    5.00332e+04   -2.33279e+03   -3.39645e+05    1.58616e+03
 Position Rest.      Potential    Kinetic En.   Total Energy  Conserved En.
    3.03863e+02   -2.80857e+05    4.29973e+04   -2.37859e+05   -2.33448e+05
    Temperature Pres. DC (bar) Pressure (bar)   Constr. rmsd
    2.98933e+02   -2.26290e+02    2.06808e+02    2.22427e-06

           Step           Time
          44500       89.00000

   Energies (kJ/mol)
        G96Bond       G96Angle    Proper Dih.  Improper Dih.          LJ-14
    5.20224e+02    8.20121e+02    2.67460e+02    2.32392e+02    1.07281e+02
     Coulomb-14        LJ (SR)  Disper. corr.   Coulomb (SR)   Coul. recip.
    7.35029e+03    4.93375e+04   -2.32127e+03   -3.37403e+05    1.60659e+03
 Position Rest.      Potential    Kinetic En.   Total Energy  Conserved En.
    2.36529e+02   -2.79246e+05    4.26947e+04   -2.36551e+05   -2.33457e+05
    Temperature Pres. DC (bar) Pressure (bar)   Constr. rmsd
    2.96829e+02   -2.24063e+02   -7.04805e+01    2.09767e-06

           Step           Time
          45000       90.00000

   Energies (kJ/mol)
        G96Bond       G96Angle    Proper Dih.  Improper Dih.          LJ-14
    5.79284e+02    8.61239e+02    3.50238e+02    2.80664e+02    6.01582e+01
     Coulomb-14        LJ (SR)  Disper. corr.   Coulomb (SR)   Coul. recip.
    7.27996e+03    5.00285e+04   -2.33385e+03   -3.39105e+05    1.57217e+03
 Position Rest.      Potential    Kinetic En.   Total Energy  Conserved En.
    2.95259e+02   -2.80131e+05    4.34316e+04   -2.36700e+05   -2.33457e+05
    Temperature Pres. DC (bar) Pressure (bar)   Constr. rmsd
    3.01952e+02   -2.26495e+02    3.21964e+02    1.70064e-06

           Step           Time
          45500       91.00000

   Energies (kJ/mol)
        G96Bond       G96Angle    Proper Dih.  Improper Dih.          LJ-14
    5.58418e+02    8.23840e+02    3.32726e+02    2.54974e+02    1.17471e+02
     Coulomb-14        LJ (SR)  Disper. corr.   Coulomb (SR)   Coul. recip.
    7.33757e+03    4.90463e+04   -2.33003e+03   -3.37922e+05    1.52063e+03
 Position Rest.      Potential    Kinetic En.   Total Energy  Conserved En.
    2.42754e+02   -2.80018e+05    4.30933e+04   -2.36924e+05   -2.33462e+05
    Temperature Pres. DC (bar) Pressure (bar)   Constr. rmsd
    2.99600e+02   -2.25755e+02   -1.56653e+02    1.43478e-06

           Step           Time
          46000       92.00000

   Energies (kJ/mol)
        G96Bond       G96Angle    Proper Dih.  Improper Dih.          LJ-14
    5.80038e+02    8.25386e+02    3.07683e+02    2.35826e+02    8.03875e+01
     Coulomb-14        LJ (SR)  Disper. corr.   Coulomb (SR)   Coul. recip.
    7.29253e+03    4.86222e+04   -2.33165e+03   -3.37387e+05    1.61502e+03
 Position Rest.      Potential    Kinetic En.   Total Energy  Conserved En.
    2.75115e+02   -2.79884e+05    4.30630e+04   -2.36821e+05   -2.33456e+05
    Temperature Pres. DC (bar) Pressure (bar)   Constr. rmsd
    2.99390e+02   -2.26070e+02   -2.75913e+02    2.44015e-06

           Step           Time
          46500       93.00000

   Energies (kJ/mol)
        G96Bond       G96Angle    Proper Dih.  Improper Dih.          LJ-14
    7.06449e+02    8.44851e+02    3.01051e+02    2.39211e+02    9.70258e+01
     Coulomb-14        LJ (SR)  Disper. corr.   Coulomb (SR)   Coul. recip.
    7.29824e+03    5.00367e+04   -2.32493e+03   -3.39304e+05    1.56680e+03
 Position Rest.      Potential    Kinetic En.   Total Energy  Conserved En.
    2.69598e+02   -2.80269e+05    4.43303e+04   -2.35939e+05   -2.33462e+05
    Temperature Pres. DC (bar) Pressure (bar)   Constr. rmsd
    3.08200e+02   -2.24769e+02    1.07614e+02    2.41272e-06

           Step           Time
          47000       94.00000

   Energies (kJ/mol)
        G96Bond       G96Angle    Proper Dih.  Improper Dih.          LJ-14
    5.05891e+02    8.65721e+02    3.57510e+02    2.37898e+02    9.59295e+01
     Coulomb-14        LJ (SR)  Disper. corr.   Coulomb (SR)   Coul. recip.
    7.34293e+03    4.89200e+04   -2.33201e+03   -3.37795e+05    1.54267e+03
 Position Rest.      Potential    Kinetic En.   Total Energy  Conserved En.
    2.65861e+02   -2.79992e+05    4.32265e+04   -2.36766e+05   -2.33463e+05
    Temperature Pres. DC (bar) Pressure (bar)   Constr. rmsd
    3.00526e+02   -2.26139e+02    8.72389e+01    2.25743e-06

           Step           Time
          47500       95.00000

   Energies (kJ/mol)
        G96Bond       G96Angle    Proper Dih.  Improper Dih.          LJ-14
    5.64499e+02    8.85078e+02    2.60398e+02    2.51531e+02    8.63320e+01
     Coulomb-14        LJ (SR)  Disper. corr.   Coulomb (SR)   Coul. recip.
    7.35002e+03    4.99900e+04   -2.32205e+03   -3.38698e+05    1.62275e+03
 Position Rest.      Potential    Kinetic En.   Total Energy  Conserved En.
    2.41046e+02   -2.79768e+05    4.29215e+04   -2.36847e+05   -2.33451e+05
    Temperature Pres. DC (bar) Pressure (bar)   Constr. rmsd
    2.98406e+02   -2.24214e+02    1.72943e+02    3.24585e-06

           Step           Time
          48000       96.00000

   Energies (kJ/mol)
        G96Bond       G96Angle    Proper Dih.  Improper Dih.          LJ-14
    5.81407e+02    8.66744e+02    3.42743e+02    2.71468e+02    9.80294e+01
     Coulomb-14        LJ (SR)  Disper. corr.   Coulomb (SR)   Coul. recip.
    7.29197e+03    4.92419e+04   -2.31999e+03   -3.37806e+05    1.65092e+03
 Position Rest.      Potential    Kinetic En.   Total Energy  Conserved En.
    2.64870e+02   -2.79516e+05    4.40622e+04   -2.35454e+05   -2.33460e+05
    Temperature Pres. DC (bar) Pressure (bar)   Constr. rmsd
    3.06336e+02   -2.23817e+02   -1.51428e+02    1.62120e-06

           Step           Time
          48500       97.00000

   Energies (kJ/mol)
        G96Bond       G96Angle    Proper Dih.  Improper Dih.          LJ-14
    5.73604e+02    9.37351e+02    3.31373e+02    2.71788e+02    1.01074e+02
     Coulomb-14        LJ (SR)  Disper. corr.   Coulomb (SR)   Coul. recip.
    7.29853e+03    5.05456e+04   -2.32698e+03   -3.38586e+05    1.63293e+03
 Position Rest.      Potential    Kinetic En.   Total Energy  Conserved En.
    2.79660e+02   -2.78941e+05    4.34496e+04   -2.35491e+05   -2.33447e+05
    Temperature Pres. DC (bar) Pressure (bar)   Constr. rmsd
    3.02077e+02   -2.25166e+02    5.70253e+02    4.05173e-06

           Step           Time
          49000       98.00000

   Energies (kJ/mol)
        G96Bond       G96Angle    Proper Dih.  Improper Dih.          LJ-14
    5.66809e+02    9.42688e+02    3.58542e+02    2.44906e+02    1.02226e+02
     Coulomb-14        LJ (SR)  Disper. corr.   Coulomb (SR)   Coul. recip.
    7.29230e+03    4.97971e+04   -2.31984e+03   -3.38434e+05    1.51799e+03
 Position Rest.      Potential    Kinetic En.   Total Energy  Conserved En.
    2.47343e+02   -2.79684e+05    4.34717e+04   -2.36212e+05   -2.33465e+05
    Temperature Pres. DC (bar) Pressure (bar)   Constr. rmsd
    3.02231e+02   -2.23787e+02    8.70170e+01    2.54503e-06

           Step           Time
          49500       99.00000

   Energies (kJ/mol)
        G96Bond       G96Angle    Proper Dih.  Improper Dih.          LJ-14
    5.72265e+02    8.71285e+02    3.03530e+02    2.35337e+02    8.07621e+01
     Coulomb-14        LJ (SR)  Disper. corr.   Coulomb (SR)   Coul. recip.
    7.28201e+03    4.85294e+04   -2.30615e+03   -3.36411e+05    1.56986e+03
 Position Rest.      Potential    Kinetic En.   Total Energy  Conserved En.
    2.63446e+02   -2.79010e+05    4.27520e+04   -2.36258e+05   -2.33472e+05
    Temperature Pres. DC (bar) Pressure (bar)   Constr. rmsd
    2.97227e+02   -2.21157e+02   -1.53754e+02    4.15800e-06

           Step           Time
          50000      100.00000

Writing checkpoint, step 50000 at Wed Apr  3 10:56:17 2024


   Energies (kJ/mol)
        G96Bond       G96Angle    Proper Dih.  Improper Dih.          LJ-14
    5.80297e+02    8.92914e+02    3.02965e+02    3.01576e+02    9.49677e+01
     Coulomb-14        LJ (SR)  Disper. corr.   Coulomb (SR)   Coul. recip.
    7.27143e+03    4.92572e+04   -2.31979e+03   -3.37523e+05    1.64852e+03
 Position Rest.      Potential    Kinetic En.   Total Energy  Conserved En.
    2.74024e+02   -2.79219e+05    4.34479e+04   -2.35771e+05   -2.33471e+05
    Temperature Pres. DC (bar) Pressure (bar)   Constr. rmsd
    3.02066e+02   -2.23778e+02    4.25972e+01    2.14056e-06


Energy conservation over simulation part #1 of length 100 ns, time 0 to 100 ns
  Conserved energy drift: 2.57e-05 kJ/mol/ps per atom


	<======  ###############  ==>
	<====  A V E R A G E S  ====>
	<==  ###############  ======>

	Statistics over 50001 steps using 501 frames

   Energies (kJ/mol)
        G96Bond       G96Angle    Proper Dih.  Improper Dih.          LJ-14
    5.74058e+02    8.28283e+02    3.21424e+02    2.54148e+02    1.00985e+02
     Coulomb-14        LJ (SR)  Disper. corr.   Coulomb (SR)   Coul. recip.
    7.28728e+03    4.94534e+04   -2.32239e+03   -3.38414e+05    1.59296e+03
 Position Rest.      Potential    Kinetic En.   Total Energy  Conserved En.
    2.59430e+02   -2.80064e+05    4.31366e+04   -2.36927e+05   -2.33439e+05
    Temperature Pres. DC (bar) Pressure (bar)   Constr. rmsd
    2.99901e+02   -2.24288e+02   -7.08830e+00    0.00000e+00

          Box-X          Box-Y          Box-Z
    5.56301e+00    5.56301e+00    5.56301e+00

   Total Virial (kJ/mol)
    1.44653e+04    2.07017e+01    7.46213e+01
    2.07424e+01    1.43656e+04    7.60848e+01
    7.46739e+01    7.61319e+01    1.44253e+04

   Pressure (bar)
   -1.80864e+01   -7.21231e-01   -1.39828e+01
   -7.29113e-01    4.04350e+00   -1.24666e+01
   -1.39929e+01   -1.24757e+01   -7.22204e+00

      T-Protein  T-non-Protein
    2.99675e+02    2.99912e+02


	M E G A - F L O P S   A C C O U N T I N G

 NB=Group-cutoff nonbonded kernels    NxN=N-by-N cluster Verlet kernels
 RF=Reaction-Field  VdW=Van der Waals  QSTab=quadratic-spline table
 W3=SPC/TIP3p  W4=TIP4p (single or pairs)
 V&F=Potential and force  V=Potential only  F=Force only

 Computing:                               M-Number         M-Flops  % Flops
-----------------------------------------------------------------------------
 Pair Search distance check            5521.696164       49695.265     0.3
 NxN QSTab Elec. + LJ [F]            218725.351184     8967739.399    51.5
 NxN QSTab Elec. + LJ [V&F]            2213.657016      130605.764     0.7
 NxN LJ [F]                             248.993344        8216.780     0.0
 NxN LJ [V&F]                             2.510160         107.937     0.0
 NxN QSTab Elec. [F]                 204091.168720     6939099.736    39.8
 NxN QSTab Elec. [V&F]                 2065.527432       84686.625     0.5
 1,4 nonbonded interactions              45.700914        4113.082     0.0
 Calc Weights                          2559.651192       92147.443     0.5
 Spread Q Bspline                     54605.892096      109211.784     0.6
 Gather F Bspline                     54605.892096      327635.353     1.9
 3D-FFT                               72363.847248      578910.778     3.3
 Solve PME                               64.801296        4147.283     0.0
 Shift-X                                 17.081064         102.486     0.0
 Bonds                                   22.100442        1303.926     0.0
 Angles                                  41.700834        7005.740     0.0
 Propers                                 14.350287        3286.216     0.0
 Impropers                               14.000280        2912.058     0.0
 Pos. Restr.                             21.800436        1090.022     0.0
 Virial                                  85.562109        1540.118     0.0
 Stop-CM                                  8.549064          85.491     0.0
 Calc-Ekin                              170.674128        4608.201     0.0
 Lincs                                    6.300126         378.008     0.0
 Lincs-Mat                               15.000300          60.001     0.0
 Constraint-V                           835.816716        7522.350     0.0
 Constraint-Vir                          82.966590        1991.198     0.0
 Settle                                 274.405488      101530.031     0.6
-----------------------------------------------------------------------------
 Total                                                17429733.076   100.0
-----------------------------------------------------------------------------


     R E A L   C Y C L E   A N D   T I M E   A C C O U N T I N G

On 1 MPI rank, each using 8 OpenMP threads

 Computing:          Num   Num      Call    Wall time         Giga-Cycles
                     Ranks Threads  Count      (s)         total sum    %
-----------------------------------------------------------------------------
 Neighbor search        1    8       1001       7.375        165.388   1.9
 Force                  1    8      50001     266.014       5965.520  67.0
 PME mesh               1    8      50001      67.840       1521.348  17.1
 NB X/F buffer ops.     1    8      99001      21.271        477.021   5.4
 Write traj.            1    8        101      16.513        370.319   4.2
 Update                 1    8      50001       7.269        163.018   1.8
 Constraints            1    8      50001       8.040        180.304   2.0
 Rest                                           2.655         59.547   0.7
-----------------------------------------------------------------------------
 Total                                        396.978       8902.466 100.0
-----------------------------------------------------------------------------
 Breakdown of PME mesh computation
-----------------------------------------------------------------------------
 PME spread             1    8      50001      25.532        572.572   6.4
 PME gather             1    8      50001      25.435        570.393   6.4
 PME 3D-FFT             1    8     100002      13.800        309.467   3.5
 PME solve Elec         1    8      50001       1.395         31.294   0.4
-----------------------------------------------------------------------------

               Core t (s)   Wall t (s)        (%)
       Time:     3175.813      396.978      800.0
                 (ns/day)    (hour/ns)
Performance:       21.765        1.103
Finished mdrun on rank 0 Wed Apr  3 10:56:17 2024

