              :-) GROMACS - gmx mdrun, 2021.4-Ubuntu-2021.4-2 (-:

                            GROMACS is written by:
     Andrey Alekseenko              Emile Apol              Rossen Apostolov     
         Paul Bauer           Herman J.C. Berendsen           Par Bjelkmar       
       Christian Blau           Viacheslav Bolnykh             Kevin Boyd        
     Aldert van Buuren           Rudi van Drunen             Anton Feenstra      
    Gilles Gouaillardet             Alan Gray               Gerrit Groenhof      
       Anca Hamuraru            Vincent Hindriksen          M. Eric Irrgang      
      Aleksei Iupinov           Christoph Junghans             Joe Jordan        
    Dimitrios Karkoulis            Peter Kasson                Jiri Kraus        
      Carsten Kutzner              Per Larsson              Justin A. Lemkul     
       Viveca Lindahl            Magnus Lundborg             Erik Marklund       
        Pascal Merz             Pieter Meulenhoff            Teemu Murtola       
        Szilard Pall               Sander Pronk              Roland Schulz       
       Michael Shirts            Alexey Shvetsov             Alfons Sijbers      
       Peter Tieleman              Jon Vincent              Teemu Virolainen     
     Christian Wennberg            Maarten Wolf              Artem Zhmurov       
                           and the project leaders:
        Mark Abraham, Berk Hess, Erik Lindahl, and David van der Spoel

Copyright (c) 1991-2000, University of Groningen, The Netherlands.
Copyright (c) 2001-2019, The GROMACS development team at
Uppsala University, Stockholm University and
the Royal Institute of Technology, Sweden.
check out http://www.gromacs.org for more information.

GROMACS is free software; you can redistribute it and/or modify it
under the terms of the GNU Lesser General Public License
as published by the Free Software Foundation; either version 2.1
of the License, or (at your option) any later version.

GROMACS:      gmx mdrun, version 2021.4-Ubuntu-2021.4-2
Executable:   /usr/bin/gmx
Data prefix:  /usr
Working dir:  /mnt/c/Users/Mr Nobody/Desktop/Study Material/BT305-Lab/Lab7/BetaSheet
Process ID:   43930
Command line:
  gmx mdrun -v -deffnm md_1

GROMACS version:    2021.4-Ubuntu-2021.4-2
Precision:          mixed
Memory model:       64 bit
MPI library:        thread_mpi
OpenMP support:     enabled (GMX_OPENMP_MAX_THREADS = 64)
GPU support:        disabled
SIMD instructions:  SSE4.1
FFT library:        fftw-3.3.8-sse2-avx
RDTSCP usage:       enabled
TNG support:        enabled
Hwloc support:      hwloc-2.5.0
Tracing support:    disabled
C compiler:         /usr/bin/cc GNU 11.2.0
C compiler flags:   -msse4.1 -Wno-missing-field-initializers -fexcess-precision=fast -funroll-all-loops -O3 -DNDEBUG
C++ compiler:       /usr/bin/c++ GNU 11.2.0
C++ compiler flags: -msse4.1 -Wno-missing-field-initializers -fexcess-precision=fast -funroll-all-loops -fopenmp -O3 -DNDEBUG


Running on 1 node with total 4 cores, 8 logical cores
Hardware detected:
  CPU info:
    Vendor: Intel
    Brand:  11th Gen Intel(R) Core(TM) i7-1165G7 @ 2.80GHz
    Family: 6   Model: 140   Stepping: 1
    Features: aes apic avx avx2 avx512f avx512cd avx512bw avx512vl avx512secondFMA clfsh cmov cx8 cx16 f16c fma htt intel lahf mmx msr nonstop_tsc pcid pclmuldq pdcm pdpe1gb popcnt pse rdrnd rdtscp sha sse2 sse3 sse4.1 sse4.2 ssse3 tdt x2apic
    Number of AVX-512 FMA units: Cannot run AVX-512 detection - assuming 2
  Hardware topology: Full, with devices
    Sockets, cores, and logical processors:
      Socket  0: [   0   1] [   2   3] [   4   5] [   6   7]
    Numa nodes:
      Node  0 (8208326656 bytes mem):   0   1   2   3   4   5   6   7
      Latency:
               0
         0  1.00
    Caches:
      L1: 49152 bytes, linesize 64 bytes, assoc. 12, shared 2 ways
      L2: 1310720 bytes, linesize 64 bytes, assoc. 20, shared 2 ways
      L3: 12582912 bytes, linesize 64 bytes, assoc. 12, shared 8 ways
    PCI devices:
      1ecc:00:00.0  Id: 1af4:1043  Class: 0x0100  Numa: 0
      2dec:00:00.0  Id: 1414:008e  Class: 0x0302  Numa: 0

Highest SIMD level supported by all nodes in run: AVX_512
SIMD instructions selected at compile time:       SSE4.1
This program was compiled for different hardware than you are running on,
which could influence performance.

++++ PLEASE READ AND CITE THE FOLLOWING REFERENCE ++++
M. J. Abraham, T. Murtola, R. Schulz, S. Páll, J. C. Smith, B. Hess, E.
Lindahl
GROMACS: High performance molecular simulations through multi-level
parallelism from laptops to supercomputers
SoftwareX 1 (2015) pp. 19-25
-------- -------- --- Thank You --- -------- --------


++++ PLEASE READ AND CITE THE FOLLOWING REFERENCE ++++
S. Páll, M. J. Abraham, C. Kutzner, B. Hess, E. Lindahl
Tackling Exascale Software Challenges in Molecular Dynamics Simulations with
GROMACS
In S. Markidis & E. Laure (Eds.), Solving Software Challenges for Exascale 8759 (2015) pp. 3-27
-------- -------- --- Thank You --- -------- --------


++++ PLEASE READ AND CITE THE FOLLOWING REFERENCE ++++
S. Pronk, S. Páll, R. Schulz, P. Larsson, P. Bjelkmar, R. Apostolov, M. R.
Shirts, J. C. Smith, P. M. Kasson, D. van der Spoel, B. Hess, and E. Lindahl
GROMACS 4.5: a high-throughput and highly parallel open source molecular
simulation toolkit
Bioinformatics 29 (2013) pp. 845-54
-------- -------- --- Thank You --- -------- --------


++++ PLEASE READ AND CITE THE FOLLOWING REFERENCE ++++
B. Hess and C. Kutzner and D. van der Spoel and E. Lindahl
GROMACS 4: Algorithms for highly efficient, load-balanced, and scalable
molecular simulation
J. Chem. Theory Comput. 4 (2008) pp. 435-447
-------- -------- --- Thank You --- -------- --------


++++ PLEASE READ AND CITE THE FOLLOWING REFERENCE ++++
D. van der Spoel, E. Lindahl, B. Hess, G. Groenhof, A. E. Mark and H. J. C.
Berendsen
GROMACS: Fast, Flexible and Free
J. Comp. Chem. 26 (2005) pp. 1701-1719
-------- -------- --- Thank You --- -------- --------


++++ PLEASE READ AND CITE THE FOLLOWING REFERENCE ++++
E. Lindahl and B. Hess and D. van der Spoel
GROMACS 3.0: A package for molecular simulation and trajectory analysis
J. Mol. Mod. 7 (2001) pp. 306-317
-------- -------- --- Thank You --- -------- --------


++++ PLEASE READ AND CITE THE FOLLOWING REFERENCE ++++
H. J. C. Berendsen, D. van der Spoel and R. van Drunen
GROMACS: A message-passing parallel molecular dynamics implementation
Comp. Phys. Comm. 91 (1995) pp. 43-56
-------- -------- --- Thank You --- -------- --------

Input Parameters:
   integrator                     = md
   tinit                          = 0
   dt                             = 0.002
   nsteps                         = 500000
   init-step                      = 0
   simulation-part                = 1
   mts                            = false
   comm-mode                      = Linear
   nstcomm                        = 100
   bd-fric                        = 0
   ld-seed                        = -578838611
   emtol                          = 10
   emstep                         = 0.01
   niter                          = 20
   fcstep                         = 0
   nstcgsteep                     = 1000
   nbfgscorr                      = 10
   rtpi                           = 0.05
   nstxout                        = 0
   nstvout                        = 0
   nstfout                        = 0
   nstlog                         = 5000
   nstcalcenergy                  = 100
   nstenergy                      = 5000
   nstxout-compressed             = 5000
   compressed-x-precision         = 1000
   cutoff-scheme                  = Verlet
   nstlist                        = 10
   pbc                            = xyz
   periodic-molecules             = false
   verlet-buffer-tolerance        = 0.005
   rlist                          = 1.002
   coulombtype                    = PME
   coulomb-modifier               = Potential-shift
   rcoulomb-switch                = 0
   rcoulomb                       = 1
   epsilon-r                      = 1
   epsilon-rf                     = inf
   vdw-type                       = Cut-off
   vdw-modifier                   = Potential-shift
   rvdw-switch                    = 0
   rvdw                           = 1
   DispCorr                       = EnerPres
   table-extension                = 1
   fourierspacing                 = 0.16
   fourier-nx                     = 40
   fourier-ny                     = 40
   fourier-nz                     = 40
   pme-order                      = 4
   ewald-rtol                     = 1e-05
   ewald-rtol-lj                  = 0.001
   lj-pme-comb-rule               = Geometric
   ewald-geometry                 = 0
   epsilon-surface                = 0
   tcoupl                         = V-rescale
   nsttcouple                     = 10
   nh-chain-length                = 0
   print-nose-hoover-chain-variables = false
   pcoupl                         = Parrinello-Rahman
   pcoupltype                     = Isotropic
   nstpcouple                     = 10
   tau-p                          = 2
   compressibility (3x3):
      compressibility[    0]={ 4.50000e-05,  0.00000e+00,  0.00000e+00}
      compressibility[    1]={ 0.00000e+00,  4.50000e-05,  0.00000e+00}
      compressibility[    2]={ 0.00000e+00,  0.00000e+00,  4.50000e-05}
   ref-p (3x3):
      ref-p[    0]={ 1.00000e+00,  0.00000e+00,  0.00000e+00}
      ref-p[    1]={ 0.00000e+00,  1.00000e+00,  0.00000e+00}
      ref-p[    2]={ 0.00000e+00,  0.00000e+00,  1.00000e+00}
   refcoord-scaling               = No
   posres-com (3):
      posres-com[0]= 0.00000e+00
      posres-com[1]= 0.00000e+00
      posres-com[2]= 0.00000e+00
   posres-comB (3):
      posres-comB[0]= 0.00000e+00
      posres-comB[1]= 0.00000e+00
      posres-comB[2]= 0.00000e+00
   QMMM                           = false
qm-opts:
   ngQM                           = 0
   constraint-algorithm           = Lincs
   continuation                   = true
   Shake-SOR                      = false
   shake-tol                      = 0.0001
   lincs-order                    = 4
   lincs-iter                     = 1
   lincs-warnangle                = 30
   nwall                          = 0
   wall-type                      = 9-3
   wall-r-linpot                  = -1
   wall-atomtype[0]               = -1
   wall-atomtype[1]               = -1
   wall-density[0]                = 0
   wall-density[1]                = 0
   wall-ewald-zfac                = 3
   pull                           = false
   awh                            = false
   rotation                       = false
   interactiveMD                  = false
   disre                          = No
   disre-weighting                = Conservative
   disre-mixed                    = false
   dr-fc                          = 1000
   dr-tau                         = 0
   nstdisreout                    = 100
   orire-fc                       = 0
   orire-tau                      = 0
   nstorireout                    = 100
   free-energy                    = no
   cos-acceleration               = 0
   deform (3x3):
      deform[    0]={ 0.00000e+00,  0.00000e+00,  0.00000e+00}
      deform[    1]={ 0.00000e+00,  0.00000e+00,  0.00000e+00}
      deform[    2]={ 0.00000e+00,  0.00000e+00,  0.00000e+00}
   simulated-tempering            = false
   swapcoords                     = no
   userint1                       = 0
   userint2                       = 0
   userint3                       = 0
   userint4                       = 0
   userreal1                      = 0
   userreal2                      = 0
   userreal3                      = 0
   userreal4                      = 0
   applied-forces:
     electric-field:
       x:
         E0                       = 0
         omega                    = 0
         t0                       = 0
         sigma                    = 0
       y:
         E0                       = 0
         omega                    = 0
         t0                       = 0
         sigma                    = 0
       z:
         E0                       = 0
         omega                    = 0
         t0                       = 0
         sigma                    = 0
     density-guided-simulation:
       active                     = false
       group                      = protein
       similarity-measure         = inner-product
       atom-spreading-weight      = unity
       force-constant             = 1e+09
       gaussian-transform-spreading-width = 0.2
       gaussian-transform-spreading-range-in-multiples-of-width = 4
       reference-density-filename = reference.mrc
       nst                        = 1
       normalize-densities        = true
       adaptive-force-scaling     = false
       adaptive-force-scaling-time-constant = 4
       shift-vector               = 
       transformation-matrix      = 
grpopts:
   nrdf:     596.956       40269
   ref-t:         363         363
   tau-t:         0.1         0.1
annealing:          No          No
annealing-npoints:           0           0
   acc:	           0           0           0
   nfreeze:           N           N           N
   energygrp-flags[  0]: 0

Changing nstlist from 10 to 40, rlist from 1.002 to 1.112

Using 1 MPI thread
Using 8 OpenMP threads 

Pinning threads with an auto-selected logical core stride of 1
System total charge: 0.000
Will do PME sum in reciprocal space for electrostatic interactions.

++++ PLEASE READ AND CITE THE FOLLOWING REFERENCE ++++
U. Essmann, L. Perera, M. L. Berkowitz, T. Darden, H. Lee and L. G. Pedersen 
A smooth particle mesh Ewald method
J. Chem. Phys. 103 (1995) pp. 8577-8592
-------- -------- --- Thank You --- -------- --------

Using a Gaussian width (1/beta) of 0.320163 nm for Ewald
Potential shift: LJ r^-12: -1.000e+00 r^-6: -1.000e+00, Ewald -1.000e-05
Initialized non-bonded Ewald tables, spacing: 9.33e-04 size: 1073

Generated table with 1056 data points for 1-4 COUL.
Tabscale = 500 points/nm
Generated table with 1056 data points for 1-4 LJ6.
Tabscale = 500 points/nm
Generated table with 1056 data points for 1-4 LJ12.
Tabscale = 500 points/nm
Long Range LJ corr.: <C6> 3.0539e-04


Using SIMD 4x4 nonbonded short-range kernels

Using a dual 4x4 pair-list setup updated with dynamic pruning:
  outer list: updated every 40 steps, buffer 0.112 nm, rlist 1.112 nm
  inner list: updated every 10 steps, buffer 0.002 nm, rlist 1.002 nm
At tolerance 0.005 kJ/mol/ps per atom, equivalent classical 1x1 list would be:
  outer list: updated every 40 steps, buffer 0.233 nm, rlist 1.233 nm
  inner list: updated every 10 steps, buffer 0.043 nm, rlist 1.043 nm

Using full Lennard-Jones parameter combination matrix

Initializing LINear Constraint Solver

++++ PLEASE READ AND CITE THE FOLLOWING REFERENCE ++++
B. Hess and H. Bekker and H. J. C. Berendsen and J. G. E. M. Fraaije
LINCS: A Linear Constraint Solver for molecular simulations
J. Comp. Chem. 18 (1997) pp. 1463-1472
-------- -------- --- Thank You --- -------- --------

The number of constraints is 45

++++ PLEASE READ AND CITE THE FOLLOWING REFERENCE ++++
S. Miyamoto and P. A. Kollman
SETTLE: An Analytical Version of the SHAKE and RATTLE Algorithms for Rigid
Water Models
J. Comp. Chem. 13 (1992) pp. 952-962
-------- -------- --- Thank You --- -------- --------


++++ PLEASE READ AND CITE THE FOLLOWING REFERENCE ++++
G. Bussi, D. Donadio and M. Parrinello
Canonical sampling through velocity rescaling
J. Chem. Phys. 126 (2007) pp. 014101
-------- -------- --- Thank You --- -------- --------

There are: 20331 Atoms
Center of mass motion removal mode is Linear
We have the following groups for center of mass motion removal:
  0:  rest

Started mdrun on rank 0 Wed Apr  3 15:36:29 2024

           Step           Time
              0        0.00000

   Energies (kJ/mol)
        G96Bond       G96Angle    Proper Dih.  Improper Dih.          LJ-14
    2.27727e+02    3.40971e+02    1.30133e+02    1.20527e+02    2.20540e+01
     Coulomb-14        LJ (SR)  Disper. corr.   Coulomb (SR)   Coul. recip.
    2.81828e+03    6.15162e+04   -2.58830e+03   -3.95595e+05    1.75233e+03
      Potential    Kinetic En.   Total Energy  Conserved En.    Temperature
   -3.31255e+05    5.05932e+04   -2.80662e+05   -2.80649e+05    2.97801e+02
 Pres. DC (bar) Pressure (bar)   Constr. rmsd
   -2.10889e+02   -1.23667e+02    1.83172e-06

           Step           Time
           5000       10.00000

   Energies (kJ/mol)
        G96Bond       G96Angle    Proper Dih.  Improper Dih.          LJ-14
    2.84104e+02    4.27085e+02    1.51188e+02    1.17343e+02    2.24600e+01
     Coulomb-14        LJ (SR)  Disper. corr.   Coulomb (SR)   Coul. recip.
    2.81175e+03    5.31227e+04   -2.46551e+03   -3.61203e+05    2.33847e+03
      Potential    Kinetic En.   Total Energy  Conserved En.    Temperature
   -3.04393e+05    6.17742e+04   -2.42619e+05   -2.80625e+05    3.63614e+02
 Pres. DC (bar) Pressure (bar)   Constr. rmsd
   -1.91376e+02    4.41612e+01    3.80852e-06

           Step           Time
          10000       20.00000

   Energies (kJ/mol)
        G96Bond       G96Angle    Proper Dih.  Improper Dih.          LJ-14
    2.71096e+02    3.71165e+02    1.69524e+02    1.11052e+02    1.08198e+01
     Coulomb-14        LJ (SR)  Disper. corr.   Coulomb (SR)   Coul. recip.
    2.76101e+03    5.42634e+04   -2.48515e+03   -3.65274e+05    2.32937e+03
      Potential    Kinetic En.   Total Energy  Conserved En.    Temperature
   -3.07471e+05    6.16651e+04   -2.45806e+05   -2.80570e+05    3.62972e+02
 Pres. DC (bar) Pressure (bar)   Constr. rmsd
   -1.94433e+02    2.40136e+02    1.99920e-06

           Step           Time
          15000       30.00000

   Energies (kJ/mol)
        G96Bond       G96Angle    Proper Dih.  Improper Dih.          LJ-14
    2.83513e+02    4.01153e+02    1.37354e+02    1.09244e+02    3.19986e+01
     Coulomb-14        LJ (SR)  Disper. corr.   Coulomb (SR)   Coul. recip.
    2.80108e+03    5.21080e+04   -2.47386e+03   -3.60935e+05    2.31386e+03
      Potential    Kinetic En.   Total Energy  Conserved En.    Temperature
   -3.05223e+05    6.16938e+04   -2.43529e+05   -2.80544e+05    3.63141e+02
 Pres. DC (bar) Pressure (bar)   Constr. rmsd
   -1.92674e+02   -1.39208e+02    1.88493e-06

           Step           Time
          20000       40.00000

   Energies (kJ/mol)
        G96Bond       G96Angle    Proper Dih.  Improper Dih.          LJ-14
    2.68122e+02    3.97962e+02    1.59654e+02    1.17730e+02    2.75306e+01
     Coulomb-14        LJ (SR)  Disper. corr.   Coulomb (SR)   Coul. recip.
    2.75854e+03    5.24574e+04   -2.48415e+03   -3.62225e+05    2.22073e+03
      Potential    Kinetic En.   Total Energy  Conserved En.    Temperature
   -3.06302e+05    6.18728e+04   -2.44429e+05   -2.80492e+05    3.64194e+02
 Pres. DC (bar) Pressure (bar)   Constr. rmsd
   -1.94277e+02   -7.02125e+01    4.11485e-06

           Step           Time
          25000       50.00000

   Energies (kJ/mol)
        G96Bond       G96Angle    Proper Dih.  Improper Dih.          LJ-14
    2.50810e+02    4.13893e+02    1.88924e+02    1.15005e+02    3.19670e+01
     Coulomb-14        LJ (SR)  Disper. corr.   Coulomb (SR)   Coul. recip.
    2.74036e+03    5.29030e+04   -2.46793e+03   -3.63184e+05    2.29775e+03
      Potential    Kinetic En.   Total Energy  Conserved En.    Temperature
   -3.06710e+05    6.07923e+04   -2.45918e+05   -2.80436e+05    3.57834e+02
 Pres. DC (bar) Pressure (bar)   Constr. rmsd
   -1.91751e+02   -2.55289e+02    2.29097e-06

           Step           Time
          30000       60.00000

   Energies (kJ/mol)
        G96Bond       G96Angle    Proper Dih.  Improper Dih.          LJ-14
    2.37761e+02    3.34800e+02    1.81040e+02    1.05820e+02    3.49860e+01
     Coulomb-14        LJ (SR)  Disper. corr.   Coulomb (SR)   Coul. recip.
    2.76765e+03    5.35456e+04   -2.46862e+03   -3.63234e+05    2.32016e+03
      Potential    Kinetic En.   Total Energy  Conserved En.    Temperature
   -3.06174e+05    6.13758e+04   -2.44798e+05   -2.80409e+05    3.61269e+02
 Pres. DC (bar) Pressure (bar)   Constr. rmsd
   -1.91858e+02    6.86285e+01    1.50949e-06

           Step           Time
          35000       70.00000

   Energies (kJ/mol)
        G96Bond       G96Angle    Proper Dih.  Improper Dih.          LJ-14
    2.22524e+02    4.39781e+02    2.01056e+02    1.32608e+02    2.27423e+01
     Coulomb-14        LJ (SR)  Disper. corr.   Coulomb (SR)   Coul. recip.
    2.77269e+03    5.16014e+04   -2.49374e+03   -3.60722e+05    2.31418e+03
      Potential    Kinetic En.   Total Energy  Conserved En.    Temperature
   -3.05509e+05    6.09674e+04   -2.44542e+05   -2.80333e+05    3.58865e+02
 Pres. DC (bar) Pressure (bar)   Constr. rmsd
   -1.95778e+02   -1.98549e+02    2.40794e-06

           Step           Time
          40000       80.00000

   Energies (kJ/mol)
        G96Bond       G96Angle    Proper Dih.  Improper Dih.          LJ-14
    2.41813e+02    4.23374e+02    1.51441e+02    1.20618e+02    3.97312e+01
     Coulomb-14        LJ (SR)  Disper. corr.   Coulomb (SR)   Coul. recip.
    2.74117e+03    5.30004e+04   -2.46560e+03   -3.62194e+05    2.28386e+03
      Potential    Kinetic En.   Total Energy  Conserved En.    Temperature
   -3.05657e+05    6.19864e+04   -2.43671e+05   -2.80307e+05    3.64863e+02
 Pres. DC (bar) Pressure (bar)   Constr. rmsd
   -1.91390e+02    3.21161e+01    4.52828e-06

           Step           Time
          45000       90.00000

   Energies (kJ/mol)
        G96Bond       G96Angle    Proper Dih.  Improper Dih.          LJ-14
    2.80995e+02    3.72226e+02    1.91809e+02    1.25920e+02    3.60219e+01
     Coulomb-14        LJ (SR)  Disper. corr.   Coulomb (SR)   Coul. recip.
    2.74041e+03    5.36590e+04   -2.47918e+03   -3.63678e+05    2.24442e+03
      Potential    Kinetic En.   Total Energy  Conserved En.    Temperature
   -3.06506e+05    6.13773e+04   -2.45129e+05   -2.80259e+05    3.61278e+02
 Pres. DC (bar) Pressure (bar)   Constr. rmsd
   -1.93501e+02    1.92894e+02    3.27636e-06

           Step           Time
          50000      100.00000

   Energies (kJ/mol)
        G96Bond       G96Angle    Proper Dih.  Improper Dih.          LJ-14
    2.39777e+02    4.23422e+02    1.80605e+02    1.15603e+02    1.27886e+01
     Coulomb-14        LJ (SR)  Disper. corr.   Coulomb (SR)   Coul. recip.
    2.79398e+03    5.28707e+04   -2.46250e+03   -3.63221e+05    2.20319e+03
      Potential    Kinetic En.   Total Energy  Conserved En.    Temperature
   -3.06844e+05    6.10599e+04   -2.45784e+05   -2.80209e+05    3.59410e+02
 Pres. DC (bar) Pressure (bar)   Constr. rmsd
   -1.90910e+02   -1.37758e+02    1.76015e-06

           Step           Time
          55000      110.00000

   Energies (kJ/mol)
        G96Bond       G96Angle    Proper Dih.  Improper Dih.          LJ-14
    2.74663e+02    3.88665e+02    1.54595e+02    9.85569e+01    1.91751e+01
     Coulomb-14        LJ (SR)  Disper. corr.   Coulomb (SR)   Coul. recip.
    2.84085e+03    5.33828e+04   -2.46589e+03   -3.62937e+05    2.29555e+03
      Potential    Kinetic En.   Total Energy  Conserved En.    Temperature
   -3.05948e+05    6.11269e+04   -2.44821e+05   -2.80160e+05    3.59804e+02
 Pres. DC (bar) Pressure (bar)   Constr. rmsd
   -1.91436e+02   -2.40817e+01    1.62274e-06

           Step           Time
          60000      120.00000

   Energies (kJ/mol)
        G96Bond       G96Angle    Proper Dih.  Improper Dih.          LJ-14
    2.77607e+02    3.84660e+02    1.90046e+02    9.22062e+01    1.08325e+01
     Coulomb-14        LJ (SR)  Disper. corr.   Coulomb (SR)   Coul. recip.
    2.76548e+03    5.31133e+04   -2.47681e+03   -3.62577e+05    2.24241e+03
      Potential    Kinetic En.   Total Energy  Conserved En.    Temperature
   -3.05978e+05    6.14554e+04   -2.44522e+05   -2.80105e+05    3.61738e+02
 Pres. DC (bar) Pressure (bar)   Constr. rmsd
   -1.93132e+02    7.36388e+00    4.23245e-06

           Step           Time
          65000      130.00000

   Energies (kJ/mol)
        G96Bond       G96Angle    Proper Dih.  Improper Dih.          LJ-14
    2.43483e+02    3.99961e+02    1.47762e+02    1.18654e+02    1.88075e+01
     Coulomb-14        LJ (SR)  Disper. corr.   Coulomb (SR)   Coul. recip.
    2.76471e+03    5.21795e+04   -2.49404e+03   -3.62426e+05    2.19067e+03
      Potential    Kinetic En.   Total Energy  Conserved En.    Temperature
   -3.06857e+05    6.13272e+04   -2.45529e+05   -2.80062e+05    3.60983e+02
 Pres. DC (bar) Pressure (bar)   Constr. rmsd
   -1.95826e+02   -1.04986e+02    2.53632e-06

           Step           Time
          70000      140.00000

   Energies (kJ/mol)
        G96Bond       G96Angle    Proper Dih.  Improper Dih.          LJ-14
    2.47746e+02    3.76041e+02    1.53199e+02    9.46547e+01    6.52380e+00
     Coulomb-14        LJ (SR)  Disper. corr.   Coulomb (SR)   Coul. recip.
    2.75195e+03    5.36703e+04   -2.47039e+03   -3.63725e+05    2.30171e+03
      Potential    Kinetic En.   Total Energy  Conserved En.    Temperature
   -3.06594e+05    6.12662e+04   -2.45327e+05   -2.80051e+05    3.60624e+02
 Pres. DC (bar) Pressure (bar)   Constr. rmsd
   -1.92134e+02    1.40288e+02    2.14072e-06

           Step           Time
          75000      150.00000

   Energies (kJ/mol)
        G96Bond       G96Angle    Proper Dih.  Improper Dih.          LJ-14
    2.63303e+02    4.63505e+02    1.52224e+02    1.19848e+02    2.30578e+01
     Coulomb-14        LJ (SR)  Disper. corr.   Coulomb (SR)   Coul. recip.
    2.78994e+03    5.36281e+04   -2.49493e+03   -3.63391e+05    2.30235e+03
      Potential    Kinetic En.   Total Energy  Conserved En.    Temperature
   -3.06143e+05    6.23184e+04   -2.43825e+05   -2.79986e+05    3.66818e+02
 Pres. DC (bar) Pressure (bar)   Constr. rmsd
   -1.95966e+02    4.28486e+02    6.01593e-06

           Step           Time
          80000      160.00000

   Energies (kJ/mol)
        G96Bond       G96Angle    Proper Dih.  Improper Dih.          LJ-14
    2.63391e+02    3.86456e+02    1.57641e+02    7.57573e+01    2.57889e+01
     Coulomb-14        LJ (SR)  Disper. corr.   Coulomb (SR)   Coul. recip.
    2.76428e+03    5.22447e+04   -2.47538e+03   -3.61916e+05    2.26749e+03
      Potential    Kinetic En.   Total Energy  Conserved En.    Temperature
   -3.06205e+05    6.13373e+04   -2.44868e+05   -2.79950e+05    3.61042e+02
 Pres. DC (bar) Pressure (bar)   Constr. rmsd
   -1.92910e+02   -1.03203e+02    1.75694e-06

           Step           Time
          85000      170.00000

   Energies (kJ/mol)
        G96Bond       G96Angle    Proper Dih.  Improper Dih.          LJ-14
    2.74948e+02    4.39228e+02    2.05053e+02    9.49947e+01    1.77288e+01
     Coulomb-14        LJ (SR)  Disper. corr.   Coulomb (SR)   Coul. recip.
    2.78702e+03    5.41587e+04   -2.48095e+03   -3.63586e+05    2.33783e+03
      Potential    Kinetic En.   Total Energy  Conserved En.    Temperature
   -3.05752e+05    6.17346e+04   -2.44017e+05   -2.79918e+05    3.63381e+02
 Pres. DC (bar) Pressure (bar)   Constr. rmsd
   -1.93778e+02    4.31300e+02    2.29269e-06

           Step           Time
          90000      180.00000

   Energies (kJ/mol)
        G96Bond       G96Angle    Proper Dih.  Improper Dih.          LJ-14
    2.30816e+02    4.20148e+02    1.75330e+02    1.08534e+02    1.40830e+01
     Coulomb-14        LJ (SR)  Disper. corr.   Coulomb (SR)   Coul. recip.
    2.77441e+03    5.30642e+04   -2.47591e+03   -3.62635e+05    2.36486e+03
      Potential    Kinetic En.   Total Energy  Conserved En.    Temperature
   -3.05959e+05    6.13314e+04   -2.44627e+05   -2.79877e+05    3.61008e+02
 Pres. DC (bar) Pressure (bar)   Constr. rmsd
   -1.92992e+02    4.52491e+01    3.77351e-06

Writing checkpoint, step 94400 at Wed Apr  3 15:51:30 2024


           Step           Time
          95000      190.00000

   Energies (kJ/mol)
        G96Bond       G96Angle    Proper Dih.  Improper Dih.          LJ-14
    2.38172e+02    4.07227e+02    1.52487e+02    7.81392e+01    2.58391e+01
     Coulomb-14        LJ (SR)  Disper. corr.   Coulomb (SR)   Coul. recip.
    2.87831e+03    5.25257e+04   -2.48810e+03   -3.62575e+05    2.39302e+03
      Potential    Kinetic En.   Total Energy  Conserved En.    Temperature
   -3.06364e+05    6.16811e+04   -2.44683e+05   -2.79841e+05    3.63066e+02
 Pres. DC (bar) Pressure (bar)   Constr. rmsd
   -1.94896e+02   -2.77931e+01    2.96298e-06

           Step           Time
         100000      200.00000

   Energies (kJ/mol)
        G96Bond       G96Angle    Proper Dih.  Improper Dih.          LJ-14
    3.09925e+02    3.55994e+02    1.24182e+02    1.01735e+02    2.54411e+01
     Coulomb-14        LJ (SR)  Disper. corr.   Coulomb (SR)   Coul. recip.
    2.83806e+03    5.19043e+04   -2.48917e+03   -3.62275e+05    2.33206e+03
      Potential    Kinetic En.   Total Energy  Conserved En.    Temperature
   -3.06773e+05    6.11403e+04   -2.45632e+05   -2.79778e+05    3.59883e+02
 Pres. DC (bar) Pressure (bar)   Constr. rmsd
   -1.95063e+02   -2.28546e+02    1.73937e-06

           Step           Time
         105000      210.00000

   Energies (kJ/mol)
        G96Bond       G96Angle    Proper Dih.  Improper Dih.          LJ-14
    2.21503e+02    3.87287e+02    1.47686e+02    9.88300e+01    4.77194e+00
     Coulomb-14        LJ (SR)  Disper. corr.   Coulomb (SR)   Coul. recip.
    2.80776e+03    5.27339e+04   -2.46800e+03   -3.63391e+05    2.31838e+03
      Potential    Kinetic En.   Total Energy  Conserved En.    Temperature
   -3.07139e+05    6.14378e+04   -2.45701e+05   -2.79765e+05    3.61634e+02
 Pres. DC (bar) Pressure (bar)   Constr. rmsd
   -1.91763e+02   -1.30371e+02    2.66582e-06

           Step           Time
         110000      220.00000

   Energies (kJ/mol)
        G96Bond       G96Angle    Proper Dih.  Improper Dih.          LJ-14
    2.57217e+02    4.05120e+02    1.87760e+02    8.72651e+01    8.62615e-01
     Coulomb-14        LJ (SR)  Disper. corr.   Coulomb (SR)   Coul. recip.
    2.84910e+03    5.45134e+04   -2.48872e+03   -3.65659e+05    2.16285e+03
      Potential    Kinetic En.   Total Energy  Conserved En.    Temperature
   -3.07684e+05    6.16020e+04   -2.46082e+05   -2.79715e+05    3.62601e+02
 Pres. DC (bar) Pressure (bar)   Constr. rmsd
   -1.94991e+02    2.03045e+02    2.08330e-06

           Step           Time
         115000      230.00000

   Energies (kJ/mol)
        G96Bond       G96Angle    Proper Dih.  Improper Dih.          LJ-14
    2.74858e+02    3.91659e+02    1.61712e+02    1.17030e+02    1.44032e+01
     Coulomb-14        LJ (SR)  Disper. corr.   Coulomb (SR)   Coul. recip.
    2.80755e+03    5.24681e+04   -2.49467e+03   -3.62050e+05    2.25574e+03
      Potential    Kinetic En.   Total Energy  Conserved En.    Temperature
   -3.06053e+05    6.09586e+04   -2.45095e+05   -2.79671e+05    3.58814e+02
 Pres. DC (bar) Pressure (bar)   Constr. rmsd
   -1.95925e+02   -2.01841e+01    3.26873e-06

           Step           Time
         120000      240.00000

   Energies (kJ/mol)
        G96Bond       G96Angle    Proper Dih.  Improper Dih.          LJ-14
    2.33478e+02    4.62237e+02    1.38649e+02    1.30912e+02   -3.60018e+00
     Coulomb-14        LJ (SR)  Disper. corr.   Coulomb (SR)   Coul. recip.
    2.84027e+03    5.38181e+04   -2.46978e+03   -3.63685e+05    2.27008e+03
      Potential    Kinetic En.   Total Energy  Conserved En.    Temperature
   -3.06265e+05    6.20278e+04   -2.44237e+05   -2.79633e+05    3.65107e+02
 Pres. DC (bar) Pressure (bar)   Constr. rmsd
   -1.92039e+02    1.01870e+02    1.64093e-06

           Step           Time
         125000      250.00000

   Energies (kJ/mol)
        G96Bond       G96Angle    Proper Dih.  Improper Dih.          LJ-14
    2.83240e+02    3.81627e+02    1.77090e+02    1.30146e+02    1.82346e+01
     Coulomb-14        LJ (SR)  Disper. corr.   Coulomb (SR)   Coul. recip.
    2.86714e+03    5.27848e+04   -2.46416e+03   -3.61760e+05    2.34066e+03
      Potential    Kinetic En.   Total Energy  Conserved En.    Temperature
   -3.05241e+05    6.22160e+04   -2.43025e+05   -2.79596e+05    3.66214e+02
 Pres. DC (bar) Pressure (bar)   Constr. rmsd
   -1.91168e+02    1.87235e+01    2.51686e-06

           Step           Time
         130000      260.00000

   Energies (kJ/mol)
        G96Bond       G96Angle    Proper Dih.  Improper Dih.          LJ-14
    2.89702e+02    3.92985e+02    1.75966e+02    1.16047e+02    4.60237e+01
     Coulomb-14        LJ (SR)  Disper. corr.   Coulomb (SR)   Coul. recip.
    2.83209e+03    5.35795e+04   -2.47536e+03   -3.63298e+05    2.24362e+03
      Potential    Kinetic En.   Total Energy  Conserved En.    Temperature
   -3.06097e+05    6.19053e+04   -2.44192e+05   -2.79550e+05    3.64386e+02
 Pres. DC (bar) Pressure (bar)   Constr. rmsd
   -1.92907e+02    2.49026e+02    1.54446e-06

           Step           Time
         135000      270.00000

   Energies (kJ/mol)
        G96Bond       G96Angle    Proper Dih.  Improper Dih.          LJ-14
    2.86130e+02    3.74676e+02    1.75175e+02    8.81744e+01    9.66389e+00
     Coulomb-14        LJ (SR)  Disper. corr.   Coulomb (SR)   Coul. recip.
    2.84913e+03    5.32214e+04   -2.48324e+03   -3.63198e+05    2.24425e+03
      Potential    Kinetic En.   Total Energy  Conserved En.    Temperature
   -3.06433e+05    6.16476e+04   -2.44785e+05   -2.79518e+05    3.62869e+02
 Pres. DC (bar) Pressure (bar)   Constr. rmsd
   -1.94135e+02    8.25995e+01    1.59253e-06

           Step           Time
         140000      280.00000

   Energies (kJ/mol)
        G96Bond       G96Angle    Proper Dih.  Improper Dih.          LJ-14
    2.82651e+02    3.70155e+02    1.67805e+02    1.10371e+02   -1.21087e+01
     Coulomb-14        LJ (SR)  Disper. corr.   Coulomb (SR)   Coul. recip.
    2.83070e+03    5.22882e+04   -2.47302e+03   -3.63280e+05    2.37949e+03
      Potential    Kinetic En.   Total Energy  Conserved En.    Temperature
   -3.07336e+05    6.18849e+04   -2.45451e+05   -2.79472e+05    3.64266e+02
 Pres. DC (bar) Pressure (bar)   Constr. rmsd
   -1.92542e+02   -3.38546e+02    2.80985e-06

           Step           Time
         145000      290.00000

   Energies (kJ/mol)
        G96Bond       G96Angle    Proper Dih.  Improper Dih.          LJ-14
    3.06291e+02    3.38572e+02    1.60454e+02    9.26676e+01   -1.02379e+01
     Coulomb-14        LJ (SR)  Disper. corr.   Coulomb (SR)   Coul. recip.
    2.84691e+03    5.27630e+04   -2.47119e+03   -3.61878e+05    2.34478e+03
      Potential    Kinetic En.   Total Energy  Conserved En.    Temperature
   -3.05506e+05    6.10456e+04   -2.44461e+05   -2.79432e+05    3.59325e+02
 Pres. DC (bar) Pressure (bar)   Constr. rmsd
   -1.92258e+02   -1.21980e+02    5.06900e-06

           Step           Time
         150000      300.00000

   Energies (kJ/mol)
        G96Bond       G96Angle    Proper Dih.  Improper Dih.          LJ-14
    2.93208e+02    3.61227e+02    1.68623e+02    1.06277e+02    2.40832e+01
     Coulomb-14        LJ (SR)  Disper. corr.   Coulomb (SR)   Coul. recip.
    2.84332e+03    5.26748e+04   -2.48954e+03   -3.62508e+05    2.20554e+03
      Potential    Kinetic En.   Total Energy  Conserved En.    Temperature
   -3.06320e+05    6.20268e+04   -2.44293e+05   -2.79374e+05    3.65101e+02
 Pres. DC (bar) Pressure (bar)   Constr. rmsd
   -1.95121e+02   -8.31608e+00    1.83167e-06

           Step           Time
         155000      310.00000

   Energies (kJ/mol)
        G96Bond       G96Angle    Proper Dih.  Improper Dih.          LJ-14
    2.57384e+02    4.89727e+02    1.94691e+02    8.90338e+01    9.70248e+00
     Coulomb-14        LJ (SR)  Disper. corr.   Coulomb (SR)   Coul. recip.
    2.81619e+03    5.33926e+04   -2.47016e+03   -3.62864e+05    2.24925e+03
      Potential    Kinetic En.   Total Energy  Conserved En.    Temperature
   -3.05836e+05    6.18347e+04   -2.44001e+05   -2.79332e+05    3.63970e+02
 Pres. DC (bar) Pressure (bar)   Constr. rmsd
   -1.92098e+02    5.51599e+01    2.25852e-06

           Step           Time
         160000      320.00000

   Energies (kJ/mol)
        G96Bond       G96Angle    Proper Dih.  Improper Dih.          LJ-14
    2.50003e+02    3.87402e+02    1.48151e+02    9.66603e+01    4.56776e+01
     Coulomb-14        LJ (SR)  Disper. corr.   Coulomb (SR)   Coul. recip.
    2.85145e+03    5.25326e+04   -2.48107e+03   -3.63157e+05    2.28835e+03
      Potential    Kinetic En.   Total Energy  Conserved En.    Temperature
   -3.07037e+05    6.11758e+04   -2.45862e+05   -2.79303e+05    3.60092e+02
 Pres. DC (bar) Pressure (bar)   Constr. rmsd
   -1.93797e+02   -3.75196e+01    2.65301e-06

           Step           Time
         165000      330.00000

   Energies (kJ/mol)
        G96Bond       G96Angle    Proper Dih.  Improper Dih.          LJ-14
    2.45090e+02    4.47599e+02    1.46782e+02    1.02756e+02   -3.94130e+00
     Coulomb-14        LJ (SR)  Disper. corr.   Coulomb (SR)   Coul. recip.
    2.80638e+03    5.22867e+04   -2.48005e+03   -3.62438e+05    2.33456e+03
      Potential    Kinetic En.   Total Energy  Conserved En.    Temperature
   -3.06552e+05    6.17425e+04   -2.44810e+05   -2.79259e+05    3.63428e+02
 Pres. DC (bar) Pressure (bar)   Constr. rmsd
   -1.93637e+02   -2.63836e+02    7.28504e-06

           Step           Time
         170000      340.00000

   Energies (kJ/mol)
        G96Bond       G96Angle    Proper Dih.  Improper Dih.          LJ-14
    2.86114e+02    4.01420e+02    1.31522e+02    8.55062e+01    2.43271e+01
     Coulomb-14        LJ (SR)  Disper. corr.   Coulomb (SR)   Coul. recip.
    2.84779e+03    5.20281e+04   -2.49347e+03   -3.61986e+05    2.17142e+03
      Potential    Kinetic En.   Total Energy  Conserved En.    Temperature
   -3.06503e+05    6.21908e+04   -2.44312e+05   -2.79231e+05    3.66066e+02
 Pres. DC (bar) Pressure (bar)   Constr. rmsd
   -1.95736e+02   -6.53135e+01    2.22084e-06

           Step           Time
         175000      350.00000

   Energies (kJ/mol)
        G96Bond       G96Angle    Proper Dih.  Improper Dih.          LJ-14
    2.41087e+02    3.84795e+02    1.40861e+02    1.00296e+02    1.55559e+01
     Coulomb-14        LJ (SR)  Disper. corr.   Coulomb (SR)   Coul. recip.
    2.84674e+03    5.41428e+04   -2.48608e+03   -3.64507e+05    2.36762e+03
      Potential    Kinetic En.   Total Energy  Conserved En.    Temperature
   -3.06754e+05    6.18545e+04   -2.44899e+05   -2.79179e+05    3.64087e+02
 Pres. DC (bar) Pressure (bar)   Constr. rmsd
   -1.94578e+02    3.21307e+02    2.79586e-06

           Step           Time
         180000      360.00000

   Energies (kJ/mol)
        G96Bond       G96Angle    Proper Dih.  Improper Dih.          LJ-14
    2.58777e+02    4.41994e+02    1.57624e+02    1.20513e+02    1.37767e+01
     Coulomb-14        LJ (SR)  Disper. corr.   Coulomb (SR)   Coul. recip.
    2.87759e+03    5.42824e+04   -2.48196e+03   -3.64940e+05    2.34966e+03
      Potential    Kinetic En.   Total Energy  Conserved En.    Temperature
   -3.06920e+05    6.15220e+04   -2.45398e+05   -2.79119e+05    3.62130e+02
 Pres. DC (bar) Pressure (bar)   Constr. rmsd
   -1.93936e+02    3.74126e+02    1.92001e-06

           Step           Time
         185000      370.00000

   Energies (kJ/mol)
        G96Bond       G96Angle    Proper Dih.  Improper Dih.          LJ-14
    2.88631e+02    3.90745e+02    1.47740e+02    9.33116e+01    3.44961e+01
     Coulomb-14        LJ (SR)  Disper. corr.   Coulomb (SR)   Coul. recip.
    2.93071e+03    5.25365e+04   -2.46861e+03   -3.62120e+05    2.23640e+03
      Potential    Kinetic En.   Total Energy  Conserved En.    Temperature
   -3.05930e+05    6.19217e+04   -2.44009e+05   -2.79094e+05    3.64483e+02
 Pres. DC (bar) Pressure (bar)   Constr. rmsd
   -1.91858e+02   -1.01173e+02    2.27348e-06

Writing checkpoint, step 189360 at Wed Apr  3 16:06:29 2024


           Step           Time
         190000      380.00000

   Energies (kJ/mol)
        G96Bond       G96Angle    Proper Dih.  Improper Dih.          LJ-14
    2.55292e+02    4.05481e+02    1.86275e+02    1.19670e+02    1.55402e+01
     Coulomb-14        LJ (SR)  Disper. corr.   Coulomb (SR)   Coul. recip.
    2.83531e+03    5.26913e+04   -2.47237e+03   -3.61153e+05    2.29772e+03
      Potential    Kinetic En.   Total Energy  Conserved En.    Temperature
   -3.04819e+05    6.09078e+04   -2.43911e+05   -2.79050e+05    3.58515e+02
 Pres. DC (bar) Pressure (bar)   Constr. rmsd
   -1.92441e+02    1.54158e+01    3.13314e-06

           Step           Time
         195000      390.00000

   Energies (kJ/mol)
        G96Bond       G96Angle    Proper Dih.  Improper Dih.          LJ-14
    2.25014e+02    4.74414e+02    1.65718e+02    8.43702e+01    1.46945e+01
     Coulomb-14        LJ (SR)  Disper. corr.   Coulomb (SR)   Coul. recip.
    2.86271e+03    5.28980e+04   -2.46450e+03   -3.62338e+05    2.40501e+03
      Potential    Kinetic En.   Total Energy  Conserved En.    Temperature
   -3.05673e+05    6.13612e+04   -2.44312e+05   -2.79012e+05    3.61183e+02
 Pres. DC (bar) Pressure (bar)   Constr. rmsd
   -1.91219e+02    9.64372e+01    2.38009e-06

           Step           Time
         200000      400.00000

   Energies (kJ/mol)
        G96Bond       G96Angle    Proper Dih.  Improper Dih.          LJ-14
    2.19047e+02    3.92550e+02    1.45604e+02    8.82151e+01    5.12213e+01
     Coulomb-14        LJ (SR)  Disper. corr.   Coulomb (SR)   Coul. recip.
    2.89633e+03    5.42367e+04   -2.48314e+03   -3.64792e+05    2.26969e+03
      Potential    Kinetic En.   Total Energy  Conserved En.    Temperature
   -3.06976e+05    6.10157e+04   -2.45960e+05   -2.78970e+05    3.59149e+02
 Pres. DC (bar) Pressure (bar)   Constr. rmsd
   -1.94120e+02    3.47846e+02    2.21143e-06

           Step           Time
         205000      410.00000

   Energies (kJ/mol)
        G96Bond       G96Angle    Proper Dih.  Improper Dih.          LJ-14
    2.75876e+02    4.07986e+02    1.56384e+02    6.61595e+01    4.53789e+01
     Coulomb-14        LJ (SR)  Disper. corr.   Coulomb (SR)   Coul. recip.
    2.82693e+03    5.36995e+04   -2.48679e+03   -3.64045e+05    2.26417e+03
      Potential    Kinetic En.   Total Energy  Conserved En.    Temperature
   -3.06790e+05    6.24875e+04   -2.44302e+05   -2.78958e+05    3.67813e+02
 Pres. DC (bar) Pressure (bar)   Constr. rmsd
   -1.94690e+02    1.93084e+02    3.11361e-06

           Step           Time
         210000      420.00000

   Energies (kJ/mol)
        G96Bond       G96Angle    Proper Dih.  Improper Dih.          LJ-14
    2.68061e+02    3.94519e+02    1.57317e+02    8.98867e+01    2.26978e+01
     Coulomb-14        LJ (SR)  Disper. corr.   Coulomb (SR)   Coul. recip.
    2.87862e+03    5.32064e+04   -2.48059e+03   -3.63360e+05    2.33205e+03
      Potential    Kinetic En.   Total Energy  Conserved En.    Temperature
   -3.06491e+05    6.15550e+04   -2.44936e+05   -2.78912e+05    3.62324e+02
 Pres. DC (bar) Pressure (bar)   Constr. rmsd
   -1.93722e+02    1.09252e+02    2.24490e-06

           Step           Time
         215000      430.00000

   Energies (kJ/mol)
        G96Bond       G96Angle    Proper Dih.  Improper Dih.          LJ-14
    2.98959e+02    3.57647e+02    1.69605e+02    9.34583e+01    9.74699e+00
     Coulomb-14        LJ (SR)  Disper. corr.   Coulomb (SR)   Coul. recip.
    2.84435e+03    5.31133e+04   -2.47025e+03   -3.62716e+05    2.29284e+03
      Potential    Kinetic En.   Total Energy  Conserved En.    Temperature
   -3.06006e+05    6.14235e+04   -2.44583e+05   -2.78878e+05    3.61550e+02
 Pres. DC (bar) Pressure (bar)   Constr. rmsd
   -1.92112e+02   -9.89351e+01    6.37944e-06

           Step           Time
         220000      440.00000

   Energies (kJ/mol)
        G96Bond       G96Angle    Proper Dih.  Improper Dih.          LJ-14
    2.42035e+02    4.38226e+02    1.30969e+02    1.03755e+02    3.06521e+01
     Coulomb-14        LJ (SR)  Disper. corr.   Coulomb (SR)   Coul. recip.
    2.80548e+03    5.29031e+04   -2.48146e+03   -3.61957e+05    2.27719e+03
      Potential    Kinetic En.   Total Energy  Conserved En.    Temperature
   -3.05507e+05    6.15881e+04   -2.43919e+05   -2.78829e+05    3.62519e+02
 Pres. DC (bar) Pressure (bar)   Constr. rmsd
   -1.93857e+02    4.89404e+01    2.51394e-06

           Step           Time
         225000      450.00000

   Energies (kJ/mol)
        G96Bond       G96Angle    Proper Dih.  Improper Dih.          LJ-14
    2.80510e+02    3.97441e+02    1.75648e+02    1.25993e+02   -5.47386e-01
     Coulomb-14        LJ (SR)  Disper. corr.   Coulomb (SR)   Coul. recip.
    2.85202e+03    5.22837e+04   -2.48183e+03   -3.62462e+05    2.33714e+03
      Potential    Kinetic En.   Total Energy  Conserved En.    Temperature
   -3.06492e+05    6.14360e+04   -2.45056e+05   -2.78782e+05    3.61624e+02
 Pres. DC (bar) Pressure (bar)   Constr. rmsd
   -1.93915e+02   -1.70626e+02    4.05506e-06

           Step           Time
         230000      460.00000

   Energies (kJ/mol)
        G96Bond       G96Angle    Proper Dih.  Improper Dih.          LJ-14
    2.72065e+02    4.37955e+02    2.01797e+02    1.38852e+02    1.71821e+01
     Coulomb-14        LJ (SR)  Disper. corr.   Coulomb (SR)   Coul. recip.
    2.86956e+03    5.26918e+04   -2.47171e+03   -3.60801e+05    2.32877e+03
      Potential    Kinetic En.   Total Energy  Conserved En.    Temperature
   -3.04315e+05    6.16681e+04   -2.42647e+05   -2.78734e+05    3.62990e+02
 Pres. DC (bar) Pressure (bar)   Constr. rmsd
   -1.92339e+02    1.79269e+02    2.59435e-06

           Step           Time
         235000      470.00000

   Energies (kJ/mol)
        G96Bond       G96Angle    Proper Dih.  Improper Dih.          LJ-14
    2.34803e+02    4.07607e+02    1.69629e+02    1.03686e+02    9.00341e+00
     Coulomb-14        LJ (SR)  Disper. corr.   Coulomb (SR)   Coul. recip.
    2.88614e+03    5.22843e+04   -2.47948e+03   -3.61851e+05    2.28419e+03
      Potential    Kinetic En.   Total Energy  Conserved En.    Temperature
   -3.05951e+05    6.18544e+04   -2.44097e+05   -2.78696e+05    3.64087e+02
 Pres. DC (bar) Pressure (bar)   Constr. rmsd
   -1.93548e+02   -4.97714e+01    3.20682e-06

           Step           Time
         240000      480.00000

   Energies (kJ/mol)
        G96Bond       G96Angle    Proper Dih.  Improper Dih.          LJ-14
    2.63310e+02    3.95585e+02    1.43065e+02    7.13979e+01    7.19895e+00
     Coulomb-14        LJ (SR)  Disper. corr.   Coulomb (SR)   Coul. recip.
    2.85435e+03    5.33464e+04   -2.49013e+03   -3.63304e+05    2.29668e+03
      Potential    Kinetic En.   Total Energy  Conserved En.    Temperature
   -3.06416e+05    6.15897e+04   -2.44826e+05   -2.78641e+05    3.62528e+02
 Pres. DC (bar) Pressure (bar)   Constr. rmsd
   -1.95212e+02    1.13035e+02    2.72495e-06

Writing checkpoint, step 243520 at Wed Apr  3 16:31:16 2024


           Step           Time
         245000      490.00000

   Energies (kJ/mol)
        G96Bond       G96Angle    Proper Dih.  Improper Dih.          LJ-14
    2.29552e+02    3.88445e+02    2.01879e+02    1.19432e+02    4.45453e+00
     Coulomb-14        LJ (SR)  Disper. corr.   Coulomb (SR)   Coul. recip.
    2.82566e+03    5.40325e+04   -2.48770e+03   -3.64944e+05    2.25465e+03
      Potential    Kinetic En.   Total Energy  Conserved En.    Temperature
   -3.07375e+05    6.16481e+04   -2.45727e+05   -2.78603e+05    3.62872e+02
 Pres. DC (bar) Pressure (bar)   Constr. rmsd
   -1.94833e+02    2.28955e+02    2.27185e-06

           Step           Time
         250000      500.00000

   Energies (kJ/mol)
        G96Bond       G96Angle    Proper Dih.  Improper Dih.          LJ-14
    2.48549e+02    3.85738e+02    1.48835e+02    9.45778e+01    3.65121e+01
     Coulomb-14        LJ (SR)  Disper. corr.   Coulomb (SR)   Coul. recip.
    2.83474e+03    5.22568e+04   -2.48019e+03   -3.61820e+05    2.27551e+03
      Potential    Kinetic En.   Total Energy  Conserved En.    Temperature
   -3.06019e+05    6.13691e+04   -2.44650e+05   -2.78554e+05    3.61229e+02
 Pres. DC (bar) Pressure (bar)   Constr. rmsd
   -1.93659e+02   -1.32775e+02    4.24863e-06

           Step           Time
         255000      510.00000

   Energies (kJ/mol)
        G96Bond       G96Angle    Proper Dih.  Improper Dih.          LJ-14
    2.74575e+02    4.02329e+02    1.70167e+02    1.13009e+02    3.56938e+01
     Coulomb-14        LJ (SR)  Disper. corr.   Coulomb (SR)   Coul. recip.
    2.82552e+03    5.36888e+04   -2.48695e+03   -3.62930e+05    2.26465e+03
      Potential    Kinetic En.   Total Energy  Conserved En.    Temperature
   -3.05642e+05    6.11815e+04   -2.44461e+05   -2.78521e+05    3.60126e+02
 Pres. DC (bar) Pressure (bar)   Constr. rmsd
   -1.94715e+02    2.84567e+02    2.40897e-06

           Step           Time
         260000      520.00000

   Energies (kJ/mol)
        G96Bond       G96Angle    Proper Dih.  Improper Dih.          LJ-14
    2.93763e+02    4.00588e+02    1.67417e+02    1.03742e+02    1.46143e+01
     Coulomb-14        LJ (SR)  Disper. corr.   Coulomb (SR)   Coul. recip.
    2.84762e+03    5.40162e+04   -2.46130e+03   -3.63673e+05    2.34243e+03
      Potential    Kinetic En.   Total Energy  Conserved En.    Temperature
   -3.05948e+05    6.13933e+04   -2.44554e+05   -2.78479e+05    3.61372e+02
 Pres. DC (bar) Pressure (bar)   Constr. rmsd
   -1.90725e+02    1.77074e+02    3.10183e-06

           Step           Time
         265000      530.00000

   Energies (kJ/mol)
        G96Bond       G96Angle    Proper Dih.  Improper Dih.          LJ-14
    2.44700e+02    3.75092e+02    1.81177e+02    1.34637e+02    9.70903e+00
     Coulomb-14        LJ (SR)  Disper. corr.   Coulomb (SR)   Coul. recip.
    2.89687e+03    5.18892e+04   -2.48274e+03   -3.61091e+05    2.28788e+03
      Potential    Kinetic En.   Total Energy  Conserved En.    Temperature
   -3.05554e+05    6.15807e+04   -2.43974e+05   -2.78434e+05    3.62475e+02
 Pres. DC (bar) Pressure (bar)   Constr. rmsd
   -1.94057e+02   -1.39408e+02    2.50721e-06

           Step           Time
         270000      540.00000

   Energies (kJ/mol)
        G96Bond       G96Angle    Proper Dih.  Improper Dih.          LJ-14
    2.48820e+02    3.83668e+02    1.96127e+02    1.18377e+02    5.24943e+00
     Coulomb-14        LJ (SR)  Disper. corr.   Coulomb (SR)   Coul. recip.
    2.93157e+03    5.44674e+04   -2.49036e+03   -3.64942e+05    2.25334e+03
      Potential    Kinetic En.   Total Energy  Conserved En.    Temperature
   -3.06828e+05    6.24489e+04   -2.44379e+05   -2.78388e+05    3.67586e+02
 Pres. DC (bar) Pressure (bar)   Constr. rmsd
   -1.95249e+02    4.79474e+02    2.64814e-06

           Step           Time
         275000      550.00000

   Energies (kJ/mol)
        G96Bond       G96Angle    Proper Dih.  Improper Dih.          LJ-14
    2.37704e+02    4.09312e+02    1.65778e+02    1.35198e+02    3.74716e+00
     Coulomb-14        LJ (SR)  Disper. corr.   Coulomb (SR)   Coul. recip.
    2.86520e+03    5.35237e+04   -2.48406e+03   -3.64578e+05    2.18692e+03
      Potential    Kinetic En.   Total Energy  Conserved En.    Temperature
   -3.07534e+05    6.16900e+04   -2.45844e+05   -2.78350e+05    3.63118e+02
 Pres. DC (bar) Pressure (bar)   Constr. rmsd
   -1.94263e+02    8.14646e+01    3.11258e-06

           Step           Time
         280000      560.00000

   Energies (kJ/mol)
        G96Bond       G96Angle    Proper Dih.  Improper Dih.          LJ-14
    2.81049e+02    5.18395e+02    1.64188e+02    1.17409e+02    2.27231e+01
     Coulomb-14        LJ (SR)  Disper. corr.   Coulomb (SR)   Coul. recip.
    2.91024e+03    5.34858e+04   -2.48245e+03   -3.63109e+05    2.26329e+03
      Potential    Kinetic En.   Total Energy  Conserved En.    Temperature
   -3.05828e+05    6.25471e+04   -2.43281e+05   -2.78298e+05    3.68164e+02
 Pres. DC (bar) Pressure (bar)   Constr. rmsd
   -1.94012e+02    2.97977e+02    2.71336e-06

           Step           Time
         285000      570.00000

   Energies (kJ/mol)
        G96Bond       G96Angle    Proper Dih.  Improper Dih.          LJ-14
    2.85979e+02    4.14557e+02    1.59204e+02    9.83927e+01    9.17135e+00
     Coulomb-14        LJ (SR)  Disper. corr.   Coulomb (SR)   Coul. recip.
    2.84331e+03    5.29278e+04   -2.46956e+03   -3.62904e+05    2.32582e+03
      Potential    Kinetic En.   Total Energy  Conserved En.    Temperature
   -3.06309e+05    6.16745e+04   -2.44634e+05   -2.78264e+05    3.63027e+02
 Pres. DC (bar) Pressure (bar)   Constr. rmsd
   -1.92005e+02   -9.79688e+00    4.08834e-06

Writing checkpoint, step 286120 at Wed Apr  3 16:36:30 2024


           Step           Time
         290000      580.00000

   Energies (kJ/mol)
        G96Bond       G96Angle    Proper Dih.  Improper Dih.          LJ-14
    2.54984e+02    3.56040e+02    1.42745e+02    1.11647e+02    3.61921e+01
     Coulomb-14        LJ (SR)  Disper. corr.   Coulomb (SR)   Coul. recip.
    2.87172e+03    5.22701e+04   -2.46647e+03   -3.62329e+05    2.28241e+03
      Potential    Kinetic En.   Total Energy  Conserved En.    Temperature
   -3.06470e+05    6.13051e+04   -2.45165e+05   -2.78229e+05    3.60853e+02
 Pres. DC (bar) Pressure (bar)   Constr. rmsd
   -1.91526e+02   -2.01997e+02    5.37025e-06

Writing checkpoint, step 291360 at Wed Apr  3 17:01:10 2024


           Step           Time
         295000      590.00000

   Energies (kJ/mol)
        G96Bond       G96Angle    Proper Dih.  Improper Dih.          LJ-14
    1.94554e+02    3.41644e+02    1.52784e+02    1.07243e+02    2.92680e+01
     Coulomb-14        LJ (SR)  Disper. corr.   Coulomb (SR)   Coul. recip.
    2.87546e+03    5.32015e+04   -2.47439e+03   -3.63203e+05    2.24581e+03
      Potential    Kinetic En.   Total Energy  Conserved En.    Temperature
   -3.06529e+05    6.14443e+04   -2.45085e+05   -2.78187e+05    3.61672e+02
 Pres. DC (bar) Pressure (bar)   Constr. rmsd
   -1.92756e+02    7.01662e+01    6.42047e-06

           Step           Time
         300000      600.00000

   Energies (kJ/mol)
        G96Bond       G96Angle    Proper Dih.  Improper Dih.          LJ-14
    2.60874e+02    4.00625e+02    1.76710e+02    1.12857e+02    1.57905e+01
     Coulomb-14        LJ (SR)  Disper. corr.   Coulomb (SR)   Coul. recip.
    2.86551e+03    5.22858e+04   -2.48018e+03   -3.61143e+05    2.33761e+03
      Potential    Kinetic En.   Total Energy  Conserved En.    Temperature
   -3.05167e+05    6.23051e+04   -2.42862e+05   -2.78155e+05    3.66739e+02
 Pres. DC (bar) Pressure (bar)   Constr. rmsd
   -1.93657e+02   -9.11919e+01    3.15217e-06

           Step           Time
         305000      610.00000

   Energies (kJ/mol)
        G96Bond       G96Angle    Proper Dih.  Improper Dih.          LJ-14
    2.30302e+02    3.49656e+02    1.72604e+02    1.03763e+02    1.61648e+01
     Coulomb-14        LJ (SR)  Disper. corr.   Coulomb (SR)   Coul. recip.
    2.85790e+03    5.28401e+04   -2.46965e+03   -3.62512e+05    2.33254e+03
      Potential    Kinetic En.   Total Energy  Conserved En.    Temperature
   -3.06078e+05    6.12763e+04   -2.44802e+05   -2.78106e+05    3.60684e+02
 Pres. DC (bar) Pressure (bar)   Constr. rmsd
   -1.92018e+02    4.73200e-01    3.39760e-06

           Step           Time
         310000      620.00000

   Energies (kJ/mol)
        G96Bond       G96Angle    Proper Dih.  Improper Dih.          LJ-14
    2.56750e+02    3.43833e+02    1.56477e+02    9.66439e+01    3.86887e+01
     Coulomb-14        LJ (SR)  Disper. corr.   Coulomb (SR)   Coul. recip.
    2.88006e+03    5.29569e+04   -2.47461e+03   -3.62772e+05    2.28255e+03
      Potential    Kinetic En.   Total Energy  Conserved En.    Temperature
   -3.06235e+05    6.14242e+04   -2.44811e+05   -2.78062e+05    3.61554e+02
 Pres. DC (bar) Pressure (bar)   Constr. rmsd
   -1.92790e+02   -3.07891e+01    2.43492e-06

           Step           Time
         315000      630.00000

   Energies (kJ/mol)
        G96Bond       G96Angle    Proper Dih.  Improper Dih.          LJ-14
    2.57947e+02    4.12236e+02    1.82791e+02    1.27964e+02    4.10848e+01
     Coulomb-14        LJ (SR)  Disper. corr.   Coulomb (SR)   Coul. recip.
    2.78470e+03    5.15009e+04   -2.47717e+03   -3.60880e+05    2.25374e+03
      Potential    Kinetic En.   Total Energy  Conserved En.    Temperature
   -3.05796e+05    6.21038e+04   -2.43692e+05   -2.78035e+05    3.65554e+02
 Pres. DC (bar) Pressure (bar)   Constr. rmsd
   -1.93188e+02   -2.98811e+02    5.18560e-06

           Step           Time
         320000      640.00000

   Energies (kJ/mol)
        G96Bond       G96Angle    Proper Dih.  Improper Dih.          LJ-14
    2.99461e+02    3.75183e+02    1.57674e+02    9.59939e+01    1.10666e+01
     Coulomb-14        LJ (SR)  Disper. corr.   Coulomb (SR)   Coul. recip.
    2.81820e+03    5.32004e+04   -2.48405e+03   -3.63596e+05    2.27261e+03
      Potential    Kinetic En.   Total Energy  Conserved En.    Temperature
   -3.06850e+05    6.12152e+04   -2.45634e+05   -2.77966e+05    3.60324e+02
 Pres. DC (bar) Pressure (bar)   Constr. rmsd
   -1.94261e+02    2.24353e+01    2.64580e-06

Writing checkpoint, step 322440 at Wed Apr  3 17:06:30 2024


           Step           Time
         325000      650.00000

   Energies (kJ/mol)
        G96Bond       G96Angle    Proper Dih.  Improper Dih.          LJ-14
    2.54028e+02    3.42665e+02    1.49887e+02    1.04726e+02    3.39096e+01
     Coulomb-14        LJ (SR)  Disper. corr.   Coulomb (SR)   Coul. recip.
    2.79420e+03    5.33122e+04   -2.46361e+03   -3.63307e+05    2.33603e+03
      Potential    Kinetic En.   Total Energy  Conserved En.    Temperature
   -3.06443e+05    6.14840e+04   -2.44959e+05   -2.77929e+05    3.61906e+02
 Pres. DC (bar) Pressure (bar)   Constr. rmsd
   -1.91083e+02    6.28150e+01    1.96970e-06

           Step           Time
         330000      660.00000

   Energies (kJ/mol)
        G96Bond       G96Angle    Proper Dih.  Improper Dih.          LJ-14
    2.53500e+02    4.04774e+02    1.82741e+02    9.42256e+01    1.38092e+01
     Coulomb-14        LJ (SR)  Disper. corr.   Coulomb (SR)   Coul. recip.
    2.84017e+03    5.19493e+04   -2.47756e+03   -3.61438e+05    2.37181e+03
      Potential    Kinetic En.   Total Energy  Conserved En.    Temperature
   -3.05805e+05    6.14292e+04   -2.44376e+05   -2.77893e+05    3.61583e+02
 Pres. DC (bar) Pressure (bar)   Constr. rmsd
   -1.93249e+02   -1.32365e+02    4.08080e-06

           Step           Time
         335000      670.00000

   Energies (kJ/mol)
        G96Bond       G96Angle    Proper Dih.  Improper Dih.          LJ-14
    2.55053e+02    3.36866e+02    1.79574e+02    9.81226e+01    2.72561e+01
     Coulomb-14        LJ (SR)  Disper. corr.   Coulomb (SR)   Coul. recip.
    2.87900e+03    5.27158e+04   -2.46186e+03   -3.61171e+05    2.34857e+03
      Potential    Kinetic En.   Total Energy  Conserved En.    Temperature
   -3.04792e+05    6.14036e+04   -2.43389e+05   -2.77857e+05    3.61433e+02
 Pres. DC (bar) Pressure (bar)   Constr. rmsd
   -1.90811e+02   -7.64003e+01    4.21185e-06

           Step           Time
         340000      680.00000

   Energies (kJ/mol)
        G96Bond       G96Angle    Proper Dih.  Improper Dih.          LJ-14
    2.93138e+02    3.71218e+02    1.79955e+02    1.26224e+02    1.24382e+01
     Coulomb-14        LJ (SR)  Disper. corr.   Coulomb (SR)   Coul. recip.
    2.85783e+03    5.36909e+04   -2.47299e+03   -3.63820e+05    2.26628e+03
      Potential    Kinetic En.   Total Energy  Conserved En.    Temperature
   -3.06495e+05    6.21514e+04   -2.44344e+05   -2.77814e+05    3.65834e+02
 Pres. DC (bar) Pressure (bar)   Constr. rmsd
   -1.92538e+02    3.69168e+01    2.24864e-06

           Step           Time
         345000      690.00000

   Energies (kJ/mol)
        G96Bond       G96Angle    Proper Dih.  Improper Dih.          LJ-14
    2.46907e+02    4.04667e+02    1.37189e+02    1.26375e+02    2.12544e+01
     Coulomb-14        LJ (SR)  Disper. corr.   Coulomb (SR)   Coul. recip.
    2.90583e+03    5.23381e+04   -2.47068e+03   -3.61376e+05    2.25414e+03
      Potential    Kinetic En.   Total Energy  Conserved En.    Temperature
   -3.05412e+05    6.20575e+04   -2.43355e+05   -2.77769e+05    3.65281e+02
 Pres. DC (bar) Pressure (bar)   Constr. rmsd
   -1.92179e+02   -1.14769e+02    1.89957e-06

           Step           Time
         350000      700.00000

   Energies (kJ/mol)
        G96Bond       G96Angle    Proper Dih.  Improper Dih.          LJ-14
    2.13593e+02    3.27619e+02    1.51105e+02    1.27142e+02    1.47224e+01
     Coulomb-14        LJ (SR)  Disper. corr.   Coulomb (SR)   Coul. recip.
    2.85345e+03    5.20728e+04   -2.47061e+03   -3.62322e+05    2.32858e+03
      Potential    Kinetic En.   Total Energy  Conserved En.    Temperature
   -3.06704e+05    6.17427e+04   -2.44961e+05   -2.77745e+05    3.63429e+02
 Pres. DC (bar) Pressure (bar)   Constr. rmsd
   -1.92167e+02   -3.20945e+02    5.11182e-06

           Step           Time
         355000      710.00000

   Energies (kJ/mol)
        G96Bond       G96Angle    Proper Dih.  Improper Dih.          LJ-14
    2.64131e+02    3.85650e+02    1.82542e+02    8.50483e+01    3.38111e+01
     Coulomb-14        LJ (SR)  Disper. corr.   Coulomb (SR)   Coul. recip.
    2.86452e+03    5.27296e+04   -2.46555e+03   -3.62640e+05    2.26565e+03
      Potential    Kinetic En.   Total Energy  Conserved En.    Temperature
   -3.06295e+05    6.17510e+04   -2.44544e+05   -2.77698e+05    3.63478e+02
 Pres. DC (bar) Pressure (bar)   Constr. rmsd
   -1.91382e+02   -2.28464e+02    4.58111e-06

           Step           Time
         360000      720.00000

   Energies (kJ/mol)
        G96Bond       G96Angle    Proper Dih.  Improper Dih.          LJ-14
    2.49480e+02    3.62632e+02    1.62513e+02    1.06543e+02    1.45761e+01
     Coulomb-14        LJ (SR)  Disper. corr.   Coulomb (SR)   Coul. recip.
    2.87338e+03    5.33643e+04   -2.48756e+03   -3.63273e+05    2.27583e+03
      Potential    Kinetic En.   Total Energy  Conserved En.    Temperature
   -3.06351e+05    6.17518e+04   -2.44599e+05   -2.77655e+05    3.63482e+02
 Pres. DC (bar) Pressure (bar)   Constr. rmsd
   -1.94811e+02    2.28822e+02    1.67599e-06

           Step           Time
         365000      730.00000

   Energies (kJ/mol)
        G96Bond       G96Angle    Proper Dih.  Improper Dih.          LJ-14
    2.79105e+02    3.66829e+02    1.75235e+02    8.54948e+01    1.00650e+01
     Coulomb-14        LJ (SR)  Disper. corr.   Coulomb (SR)   Coul. recip.
    2.83830e+03    5.23876e+04   -2.48535e+03   -3.61921e+05    2.37684e+03
      Potential    Kinetic En.   Total Energy  Conserved En.    Temperature
   -3.05887e+05    6.21051e+04   -2.43782e+05   -2.77628e+05    3.65562e+02
 Pres. DC (bar) Pressure (bar)   Constr. rmsd
   -1.94465e+02    6.94225e+01    2.73240e-06

           Step           Time
         370000      740.00000

   Energies (kJ/mol)
        G96Bond       G96Angle    Proper Dih.  Improper Dih.          LJ-14
    2.77024e+02    3.75860e+02    1.81140e+02    8.79882e+01    3.38938e+01
     Coulomb-14        LJ (SR)  Disper. corr.   Coulomb (SR)   Coul. recip.
    2.91130e+03    5.25247e+04   -2.45958e+03   -3.61453e+05    2.32627e+03
      Potential    Kinetic En.   Total Energy  Conserved En.    Temperature
   -3.05194e+05    6.13149e+04   -2.43879e+05   -2.77568e+05    3.60911e+02
 Pres. DC (bar) Pressure (bar)   Constr. rmsd
   -1.90459e+02   -8.69104e+01    1.62478e-06

           Step           Time
         375000      750.00000

   Energies (kJ/mol)
        G96Bond       G96Angle    Proper Dih.  Improper Dih.          LJ-14
    2.28151e+02    3.87451e+02    1.70646e+02    8.11922e+01    4.13410e+01
     Coulomb-14        LJ (SR)  Disper. corr.   Coulomb (SR)   Coul. recip.
    2.89806e+03    5.20381e+04   -2.48138e+03   -3.60612e+05    2.22362e+03
      Potential    Kinetic En.   Total Energy  Conserved En.    Temperature
   -3.05025e+05    6.25168e+04   -2.42508e+05   -2.77552e+05    3.67985e+02
 Pres. DC (bar) Pressure (bar)   Constr. rmsd
   -1.93845e+02    7.16007e+01    2.82794e-06

           Step           Time
         380000      760.00000

   Energies (kJ/mol)
        G96Bond       G96Angle    Proper Dih.  Improper Dih.          LJ-14
    2.55513e+02    4.24094e+02    1.89489e+02    1.04056e+02    1.30870e+01
     Coulomb-14        LJ (SR)  Disper. corr.   Coulomb (SR)   Coul. recip.
    2.87669e+03    5.32271e+04   -2.48131e+03   -3.63460e+05    2.30222e+03
      Potential    Kinetic En.   Total Energy  Conserved En.    Temperature
   -3.06549e+05    6.20558e+04   -2.44493e+05   -2.77510e+05    3.65272e+02
 Pres. DC (bar) Pressure (bar)   Constr. rmsd
   -1.93835e+02   -1.69570e+01    6.13850e-06

           Step           Time
         385000      770.00000

   Energies (kJ/mol)
        G96Bond       G96Angle    Proper Dih.  Improper Dih.          LJ-14
    2.70137e+02    3.81358e+02    2.52332e+02    1.30550e+02    3.59366e+01
     Coulomb-14        LJ (SR)  Disper. corr.   Coulomb (SR)   Coul. recip.
    2.89388e+03    5.27954e+04   -2.46573e+03   -3.62497e+05    2.21452e+03
      Potential    Kinetic En.   Total Energy  Conserved En.    Temperature
   -3.05989e+05    6.15892e+04   -2.44400e+05   -2.77482e+05    3.62525e+02
 Pres. DC (bar) Pressure (bar)   Constr. rmsd
   -1.91411e+02   -1.65181e+02    3.21303e-06

           Step           Time
         390000      780.00000

   Energies (kJ/mol)
        G96Bond       G96Angle    Proper Dih.  Improper Dih.          LJ-14
    2.41704e+02    3.69451e+02    1.77258e+02    9.83047e+01    3.87303e+01
     Coulomb-14        LJ (SR)  Disper. corr.   Coulomb (SR)   Coul. recip.
    2.92383e+03    5.28550e+04   -2.46574e+03   -3.62647e+05    2.32501e+03
      Potential    Kinetic En.   Total Energy  Conserved En.    Temperature
   -3.06084e+05    6.12700e+04   -2.44814e+05   -2.77445e+05    3.60647e+02
 Pres. DC (bar) Pressure (bar)   Constr. rmsd
   -1.91412e+02   -5.70361e+01    2.73921e-06

           Step           Time
         395000      790.00000

   Energies (kJ/mol)
        G96Bond       G96Angle    Proper Dih.  Improper Dih.          LJ-14
    3.01106e+02    4.24822e+02    1.77727e+02    1.17323e+02    1.09637e+01
     Coulomb-14        LJ (SR)  Disper. corr.   Coulomb (SR)   Coul. recip.
    2.89001e+03    5.37912e+04   -2.48984e+03   -3.63755e+05    2.24316e+03
      Potential    Kinetic En.   Total Energy  Conserved En.    Temperature
   -3.06289e+05    6.13238e+04   -2.44965e+05   -2.77389e+05    3.60963e+02
 Pres. DC (bar) Pressure (bar)   Constr. rmsd
   -1.95167e+02    1.82733e+02    1.86128e-06

           Step           Time
         400000      800.00000

   Energies (kJ/mol)
        G96Bond       G96Angle    Proper Dih.  Improper Dih.          LJ-14
    2.93215e+02    4.20257e+02    1.70625e+02    1.24986e+02    3.06903e+01
     Coulomb-14        LJ (SR)  Disper. corr.   Coulomb (SR)   Coul. recip.
    2.86232e+03    5.22927e+04   -2.49488e+03   -3.62990e+05    2.31377e+03
      Potential    Kinetic En.   Total Energy  Conserved En.    Temperature
   -3.06977e+05    6.16133e+04   -2.45364e+05   -2.77346e+05    3.62667e+02
 Pres. DC (bar) Pressure (bar)   Constr. rmsd
   -1.95958e+02   -1.92288e+02    3.89394e-06

           Step           Time
         405000      810.00000

   Energies (kJ/mol)
        G96Bond       G96Angle    Proper Dih.  Improper Dih.          LJ-14
    2.42859e+02    4.09670e+02    1.57918e+02    1.28201e+02    1.95549e+01
     Coulomb-14        LJ (SR)  Disper. corr.   Coulomb (SR)   Coul. recip.
    2.88498e+03    5.35404e+04   -2.47744e+03   -3.62979e+05    2.29910e+03
      Potential    Kinetic En.   Total Energy  Conserved En.    Temperature
   -3.05774e+05    6.22647e+04   -2.43509e+05   -2.77315e+05    3.66501e+02
 Pres. DC (bar) Pressure (bar)   Constr. rmsd
   -1.93231e+02    2.10551e+02    3.08020e-06

           Step           Time
         410000      820.00000

   Energies (kJ/mol)
        G96Bond       G96Angle    Proper Dih.  Improper Dih.          LJ-14
    2.88403e+02    3.69596e+02    1.43888e+02    9.86441e+01    3.42075e+01
     Coulomb-14        LJ (SR)  Disper. corr.   Coulomb (SR)   Coul. recip.
    2.85100e+03    5.28044e+04   -2.48354e+03   -3.62917e+05    2.26389e+03
      Potential    Kinetic En.   Total Energy  Conserved En.    Temperature
   -3.06546e+05    6.11207e+04   -2.45425e+05   -2.77259e+05    3.59767e+02
 Pres. DC (bar) Pressure (bar)   Constr. rmsd
   -1.94182e+02   -9.72448e+01    2.28113e-06

           Step           Time
         415000      830.00000

   Energies (kJ/mol)
        G96Bond       G96Angle    Proper Dih.  Improper Dih.          LJ-14
    2.92041e+02    4.78390e+02    1.75428e+02    1.29923e+02    1.38624e+01
     Coulomb-14        LJ (SR)  Disper. corr.   Coulomb (SR)   Coul. recip.
    2.84026e+03    5.30584e+04   -2.47013e+03   -3.62123e+05    2.36221e+03
      Potential    Kinetic En.   Total Energy  Conserved En.    Temperature
   -3.05242e+05    6.14104e+04   -2.43832e+05   -2.77240e+05    3.61473e+02
 Pres. DC (bar) Pressure (bar)   Constr. rmsd
   -1.92094e+02    2.13720e+01    3.42570e-06

           Step           Time
         420000      840.00000

   Energies (kJ/mol)
        G96Bond       G96Angle    Proper Dih.  Improper Dih.          LJ-14
    2.43130e+02    4.41485e+02    1.32744e+02    9.46720e+01    2.09923e+01
     Coulomb-14        LJ (SR)  Disper. corr.   Coulomb (SR)   Coul. recip.
    2.90188e+03    5.32778e+04   -2.49385e+03   -3.64223e+05    2.28960e+03
      Potential    Kinetic En.   Total Energy  Conserved En.    Temperature
   -3.07315e+05    6.11879e+04   -2.46127e+05   -2.77179e+05    3.60163e+02
 Pres. DC (bar) Pressure (bar)   Constr. rmsd
   -1.95796e+02    4.85193e+01    3.74957e-06

Writing checkpoint, step 423360 at Wed Apr  3 17:21:29 2024


           Step           Time
         425000      850.00000

   Energies (kJ/mol)
        G96Bond       G96Angle    Proper Dih.  Improper Dih.          LJ-14
    2.74962e+02    3.93144e+02    1.75506e+02    1.38684e+02    1.23790e+01
     Coulomb-14        LJ (SR)  Disper. corr.   Coulomb (SR)   Coul. recip.
    2.84202e+03    5.25460e+04   -2.47220e+03   -3.62299e+05    2.22769e+03
      Potential    Kinetic En.   Total Energy  Conserved En.    Temperature
   -3.06161e+05    6.16696e+04   -2.44491e+05   -2.77136e+05    3.62998e+02
 Pres. DC (bar) Pressure (bar)   Constr. rmsd
   -1.92416e+02   -1.67375e+02    3.60337e-06

           Step           Time
         430000      860.00000

   Energies (kJ/mol)
        G96Bond       G96Angle    Proper Dih.  Improper Dih.          LJ-14
    3.00689e+02    4.36423e+02    1.76988e+02    8.99957e+01    1.30214e+01
     Coulomb-14        LJ (SR)  Disper. corr.   Coulomb (SR)   Coul. recip.
    2.84058e+03    5.36622e+04   -2.48837e+03   -3.63966e+05    2.23260e+03
      Potential    Kinetic En.   Total Energy  Conserved En.    Temperature
   -3.06702e+05    6.19413e+04   -2.44761e+05   -2.77091e+05    3.64598e+02
 Pres. DC (bar) Pressure (bar)   Constr. rmsd
   -1.94936e+02    2.70148e+02    4.32581e-06

           Step           Time
         435000      870.00000

   Energies (kJ/mol)
        G96Bond       G96Angle    Proper Dih.  Improper Dih.          LJ-14
    2.55113e+02    3.86824e+02    1.62149e+02    9.60453e+01    2.08611e+01
     Coulomb-14        LJ (SR)  Disper. corr.   Coulomb (SR)   Coul. recip.
    2.85200e+03    5.39987e+04   -2.48814e+03   -3.64225e+05    2.23761e+03
      Potential    Kinetic En.   Total Energy  Conserved En.    Temperature
   -3.06704e+05    6.11530e+04   -2.45551e+05   -2.77040e+05    3.59958e+02
 Pres. DC (bar) Pressure (bar)   Constr. rmsd
   -1.94900e+02    2.82065e+02    2.69677e-06

           Step           Time
         440000      880.00000

   Energies (kJ/mol)
        G96Bond       G96Angle    Proper Dih.  Improper Dih.          LJ-14
    2.70565e+02    4.13086e+02    1.57459e+02    1.07383e+02    4.58621e+01
     Coulomb-14        LJ (SR)  Disper. corr.   Coulomb (SR)   Coul. recip.
    2.82720e+03    5.17452e+04   -2.48384e+03   -3.61390e+05    2.22242e+03
      Potential    Kinetic En.   Total Energy  Conserved En.    Temperature
   -3.06085e+05    6.12002e+04   -2.44885e+05   -2.77013e+05    3.60236e+02
 Pres. DC (bar) Pressure (bar)   Constr. rmsd
   -1.94230e+02   -3.88622e+02    2.59493e-06

           Step           Time
         445000      890.00000

   Energies (kJ/mol)
        G96Bond       G96Angle    Proper Dih.  Improper Dih.          LJ-14
    2.32246e+02    4.11060e+02    2.17036e+02    1.05783e+02    3.85635e+01
     Coulomb-14        LJ (SR)  Disper. corr.   Coulomb (SR)   Coul. recip.
    2.87504e+03    5.40690e+04   -2.49105e+03   -3.63933e+05    2.29702e+03
      Potential    Kinetic En.   Total Energy  Conserved En.    Temperature
   -3.06178e+05    6.20988e+04   -2.44079e+05   -2.76978e+05    3.65525e+02
 Pres. DC (bar) Pressure (bar)   Constr. rmsd
   -1.95357e+02    3.99254e+02    3.60679e-06

           Step           Time
         450000      900.00000

   Energies (kJ/mol)
        G96Bond       G96Angle    Proper Dih.  Improper Dih.          LJ-14
    2.55643e+02    4.43713e+02    1.55565e+02    1.20471e+02    1.40311e+01
     Coulomb-14        LJ (SR)  Disper. corr.   Coulomb (SR)   Coul. recip.
    2.85033e+03    5.18957e+04   -2.47191e+03   -3.61008e+05    2.35620e+03
      Potential    Kinetic En.   Total Energy  Conserved En.    Temperature
   -3.05389e+05    6.17272e+04   -2.43662e+05   -2.76954e+05    3.63337e+02
 Pres. DC (bar) Pressure (bar)   Constr. rmsd
   -1.92370e+02   -2.10174e+02    6.09761e-06

           Step           Time
         455000      910.00000

   Energies (kJ/mol)
        G96Bond       G96Angle    Proper Dih.  Improper Dih.          LJ-14
    2.74284e+02    3.76783e+02    1.43100e+02    9.24120e+01    4.14954e+01
     Coulomb-14        LJ (SR)  Disper. corr.   Coulomb (SR)   Coul. recip.
    2.91070e+03    5.23028e+04   -2.48110e+03   -3.61875e+05    2.22536e+03
      Potential    Kinetic En.   Total Energy  Conserved En.    Temperature
   -3.05989e+05    6.13724e+04   -2.44616e+05   -2.76900e+05    3.61249e+02
 Pres. DC (bar) Pressure (bar)   Constr. rmsd
   -1.93802e+02   -1.34768e+02    2.13755e-06

           Step           Time
         460000      920.00000

   Energies (kJ/mol)
        G96Bond       G96Angle    Proper Dih.  Improper Dih.          LJ-14
    2.65966e+02    3.86091e+02    1.93192e+02    1.03098e+02    3.60895e+01
     Coulomb-14        LJ (SR)  Disper. corr.   Coulomb (SR)   Coul. recip.
    2.92246e+03    5.38920e+04   -2.47372e+03   -3.62712e+05    2.29751e+03
      Potential    Kinetic En.   Total Energy  Conserved En.    Temperature
   -3.05089e+05    6.13466e+04   -2.43743e+05   -2.76844e+05    3.61098e+02
 Pres. DC (bar) Pressure (bar)   Constr. rmsd
   -1.92652e+02    3.60979e+02    6.25950e-06

           Step           Time
         465000      930.00000

   Energies (kJ/mol)
        G96Bond       G96Angle    Proper Dih.  Improper Dih.          LJ-14
    2.44155e+02    4.33789e+02    2.00144e+02    1.17941e+02    4.83232e+01
     Coulomb-14        LJ (SR)  Disper. corr.   Coulomb (SR)   Coul. recip.
    2.87008e+03    5.28670e+04   -2.46160e+03   -3.62023e+05    2.26514e+03
      Potential    Kinetic En.   Total Energy  Conserved En.    Temperature
   -3.05438e+05    6.18374e+04   -2.43601e+05   -2.76818e+05    3.63986e+02
 Pres. DC (bar) Pressure (bar)   Constr. rmsd
   -1.90771e+02    2.80629e+01    3.33353e-06

           Step           Time
         470000      940.00000

   Energies (kJ/mol)
        G96Bond       G96Angle    Proper Dih.  Improper Dih.          LJ-14
    2.46181e+02    3.76069e+02    1.79334e+02    1.24780e+02    5.08175e+01
     Coulomb-14        LJ (SR)  Disper. corr.   Coulomb (SR)   Coul. recip.
    2.92693e+03    5.34570e+04   -2.47818e+03   -3.63180e+05    2.23633e+03
      Potential    Kinetic En.   Total Energy  Conserved En.    Temperature
   -3.06061e+05    6.11844e+04   -2.44877e+05   -2.76771e+05    3.60143e+02
 Pres. DC (bar) Pressure (bar)   Constr. rmsd
   -1.93347e+02    1.77935e+02    2.31684e-06

           Step           Time
         475000      950.00000

   Energies (kJ/mol)
        G96Bond       G96Angle    Proper Dih.  Improper Dih.          LJ-14
    2.69463e+02    4.29671e+02    1.56990e+02    1.37561e+02    4.37146e+01
     Coulomb-14        LJ (SR)  Disper. corr.   Coulomb (SR)   Coul. recip.
    2.85564e+03    5.32992e+04   -2.48307e+03   -3.63375e+05    2.25002e+03
      Potential    Kinetic En.   Total Energy  Conserved En.    Temperature
   -3.06416e+05    6.23368e+04   -2.44079e+05   -2.76715e+05    3.66926e+02
 Pres. DC (bar) Pressure (bar)   Constr. rmsd
   -1.94109e+02    1.69688e+02    2.32370e-06

           Step           Time
         480000      960.00000

   Energies (kJ/mol)
        G96Bond       G96Angle    Proper Dih.  Improper Dih.          LJ-14
    2.89772e+02    4.53129e+02    1.50779e+02    1.00727e+02    2.45011e+01
     Coulomb-14        LJ (SR)  Disper. corr.   Coulomb (SR)   Coul. recip.
    2.89825e+03    5.32628e+04   -2.48613e+03   -3.62689e+05    2.22261e+03
      Potential    Kinetic En.   Total Energy  Conserved En.    Temperature
   -3.05772e+05    6.15678e+04   -2.44204e+05   -2.76675e+05    3.62399e+02
 Pres. DC (bar) Pressure (bar)   Constr. rmsd
   -1.94588e+02    2.03000e+02    2.52950e-06

           Step           Time
         485000      970.00000

   Energies (kJ/mol)
        G96Bond       G96Angle    Proper Dih.  Improper Dih.          LJ-14
    2.62871e+02    3.53632e+02    1.81737e+02    9.37505e+01    1.65105e+01
     Coulomb-14        LJ (SR)  Disper. corr.   Coulomb (SR)   Coul. recip.
    2.91253e+03    5.19270e+04   -2.46011e+03   -3.60357e+05    2.32376e+03
      Potential    Kinetic En.   Total Energy  Conserved En.    Temperature
   -3.04745e+05    6.08782e+04   -2.43867e+05   -2.76655e+05    3.58340e+02
 Pres. DC (bar) Pressure (bar)   Constr. rmsd
   -1.90540e+02   -1.82183e+02    2.67153e-06

           Step           Time
         490000      980.00000

   Energies (kJ/mol)
        G96Bond       G96Angle    Proper Dih.  Improper Dih.          LJ-14
    2.76223e+02    3.95849e+02    1.39980e+02    1.04852e+02    3.92428e+01
     Coulomb-14        LJ (SR)  Disper. corr.   Coulomb (SR)   Coul. recip.
    2.89884e+03    5.18106e+04   -2.46205e+03   -3.60974e+05    2.39987e+03
      Potential    Kinetic En.   Total Energy  Conserved En.    Temperature
   -3.05370e+05    6.17058e+04   -2.43664e+05   -2.76613e+05    3.63211e+02
 Pres. DC (bar) Pressure (bar)   Constr. rmsd
   -1.90840e+02   -2.99316e+02    2.35647e-06

           Step           Time
         495000      990.00000

   Energies (kJ/mol)
        G96Bond       G96Angle    Proper Dih.  Improper Dih.          LJ-14
    2.76478e+02    3.97521e+02    1.94231e+02    1.06733e+02    2.61543e+01
     Coulomb-14        LJ (SR)  Disper. corr.   Coulomb (SR)   Coul. recip.
    2.90810e+03    5.43357e+04   -2.46939e+03   -3.64704e+05    2.22612e+03
      Potential    Kinetic En.   Total Energy  Conserved En.    Temperature
   -3.06702e+05    6.16322e+04   -2.45070e+05   -2.76567e+05    3.62778e+02
 Pres. DC (bar) Pressure (bar)   Constr. rmsd
   -1.91979e+02    1.53943e+02    1.38705e-06

           Step           Time
         500000     1000.00000

Writing checkpoint, step 500000 at Wed Apr  3 17:33:05 2024


   Energies (kJ/mol)
        G96Bond       G96Angle    Proper Dih.  Improper Dih.          LJ-14
    2.90371e+02    3.72655e+02    1.62184e+02    1.05609e+02    4.11436e+01
     Coulomb-14        LJ (SR)  Disper. corr.   Coulomb (SR)   Coul. recip.
    2.92832e+03    5.25060e+04   -2.46976e+03   -3.62110e+05    2.22988e+03
      Potential    Kinetic En.   Total Energy  Conserved En.    Temperature
   -3.05944e+05    6.14745e+04   -2.44469e+05   -2.76509e+05    3.61850e+02
 Pres. DC (bar) Pressure (bar)   Constr. rmsd
   -1.92036e+02   -1.01890e+02    2.25978e-06


Energy conservation over simulation part #1 of length 1000 ns, time 0 to 1000 ns
  Conserved energy drift: 2.04e-04 kJ/mol/ps per atom


	<======  ###############  ==>
	<====  A V E R A G E S  ====>
	<==  ###############  ======>

	Statistics over 500001 steps using 5001 frames

   Energies (kJ/mol)
        G96Bond       G96Angle    Proper Dih.  Improper Dih.          LJ-14
    2.63505e+02    3.94100e+02    1.68317e+02    1.07851e+02    2.28677e+01
     Coulomb-14        LJ (SR)  Disper. corr.   Coulomb (SR)   Coul. recip.
    2.85084e+03    5.28828e+04   -2.47759e+03   -3.62684e+05    2.28143e+03
      Potential    Kinetic En.   Total Energy  Conserved En.    Temperature
   -3.06189e+05    6.16580e+04   -2.44531e+05   -2.78569e+05    3.62930e+02
 Pres. DC (bar) Pressure (bar)   Constr. rmsd
   -1.93257e+02    3.08036e+00    0.00000e+00

          Box-X          Box-Y          Box-Z
    5.97356e+00    5.97356e+00    5.97356e+00

   Total Virial (kJ/mol)
    2.05472e+04   -2.82407e+00   -1.71187e+01
   -2.84356e+00    2.05378e+04    1.84599e+01
   -1.71292e+01    1.84689e+01    2.05188e+04

   Pressure (bar)
    7.78353e-01    8.59590e-01    3.29768e+00
    8.62620e-01    3.21332e+00   -3.37069e+00
    3.29932e+00   -3.37208e+00    5.24941e+00

      T-Protein  T-non-Protein
    3.62612e+02    3.62935e+02


	M E G A - F L O P S   A C C O U N T I N G

 NB=Group-cutoff nonbonded kernels    NxN=N-by-N cluster Verlet kernels
 RF=Reaction-Field  VdW=Van der Waals  QSTab=quadratic-spline table
 W3=SPC/TIP3p  W4=TIP4p (single or pairs)
 V&F=Potential and force  V=Potential only  F=Force only

 Computing:                               M-Number         M-Flops  % Flops
-----------------------------------------------------------------------------
 Pair Search distance check           80794.325312      727148.928     0.4
 NxN QSTab Elec. + LJ [F]           2481179.015568   101728339.638    50.3
 NxN QSTab Elec. + LJ [V&F]           25068.090848     1479017.360     0.7
 NxN LJ [F]                             653.065200       21551.152     0.0
 NxN LJ [V&F]                             6.515600         280.171     0.0
 NxN QSTab Elec. [F]                2392521.415248    81345728.118    40.2
 NxN QSTab Elec. [V&F]                24169.910624      990966.336     0.5
 1,4 nonbonded interactions             181.000362       16290.033     0.0
 Calc Weights                         30496.560993     1097876.196     0.5
 Spread Q Bspline                    650593.301184     1301186.602     0.6
 Gather F Bspline                    650593.301184     3903559.807     1.9
 3D-FFT                             1021812.043620     8174496.349     4.0
 Solve PME                              800.001600       51200.102     0.0
 Shift-X                                254.157831        1524.947     0.0
 Bonds                                   84.500169        4985.510     0.0
 Angles                                 155.000310       26040.052     0.0
 Propers                                 58.000116       13282.027     0.0
 Impropers                               45.000090        9360.019     0.0
 Virial                                1018.820376       18338.767     0.0
 Stop-CM                                101.675331        1016.753     0.0
 Calc-Ekin                             2033.140662       54894.798     0.0
 Lincs                                   22.500045        1350.003     0.0
 Lincs-Mat                               78.000156         312.001     0.0
 Constraint-V                         10084.520169       90760.682     0.0
 Constraint-Vir                        1006.220124       24149.283     0.0
 Settle                                3346.506693     1238207.476     0.6
-----------------------------------------------------------------------------
 Total                                               202321863.108   100.0
-----------------------------------------------------------------------------


     R E A L   C Y C L E   A N D   T I M E   A C C O U N T I N G

On 1 MPI rank, each using 8 OpenMP threads

 Computing:          Num   Num      Call    Wall time         Giga-Cycles
                     Ranks Threads  Count      (s)         total sum    %
-----------------------------------------------------------------------------
 Neighbor search        1    8      12501     172.216       2483.980   2.5
 Force                  1    8     500001    4873.593      70294.754  69.7
 PME mesh               1    8     500001    1248.860      18013.054  17.9
 NB X/F buffer ops.     1    8     987501     387.788       5593.303   5.5
 Write traj.            1    8        108       4.960         71.546   0.1
 Update                 1    8     500001     118.194       1704.784   1.7
 Constraints            1    8     500001     141.311       2038.216   2.0
 Rest                                          49.364        712.006   0.7
-----------------------------------------------------------------------------
 Total                                       6996.287     100911.644 100.0
-----------------------------------------------------------------------------
 Breakdown of PME mesh computation
-----------------------------------------------------------------------------
 PME spread             1    8     500001     466.420       6727.451   6.7
 PME gather             1    8     500001     482.983       6966.358   6.9
 PME 3D-FFT             1    8    1000002     240.832       3473.668   3.4
 PME solve Elec         1    8     500001      29.025        418.644   0.4
-----------------------------------------------------------------------------

               Core t (s)   Wall t (s)        (%)
       Time:    55970.274     6996.287      800.0
                         1h56:36
                 (ns/day)    (hour/ns)
Performance:       12.349        1.943
Finished mdrun on rank 0 Wed Apr  3 17:33:06 2024

