              :-) GROMACS - gmx mdrun, 2021.4-Ubuntu-2021.4-2 (-:

                            GROMACS is written by:
     Andrey Alekseenko              Emile Apol              Rossen Apostolov     
         Paul Bauer           Herman J.C. Berendsen           Par Bjelkmar       
       Christian Blau           Viacheslav Bolnykh             Kevin Boyd        
     Aldert van Buuren           Rudi van Drunen             Anton Feenstra      
    Gilles Gouaillardet             Alan Gray               Gerrit Groenhof      
       Anca Hamuraru            Vincent Hindriksen          M. Eric Irrgang      
      Aleksei Iupinov           Christoph Junghans             Joe Jordan        
    Dimitrios Karkoulis            Peter Kasson                Jiri Kraus        
      Carsten Kutzner              Per Larsson              Justin A. Lemkul     
       Viveca Lindahl            Magnus Lundborg             Erik Marklund       
        Pascal Merz             Pieter Meulenhoff            Teemu Murtola       
        Szilard Pall               Sander Pronk              Roland Schulz       
       Michael Shirts            Alexey Shvetsov             Alfons Sijbers      
       Peter Tieleman              Jon Vincent              Teemu Virolainen     
     Christian Wennberg            Maarten Wolf              Artem Zhmurov       
                           and the project leaders:
        Mark Abraham, Berk Hess, Erik Lindahl, and David van der Spoel

Copyright (c) 1991-2000, University of Groningen, The Netherlands.
Copyright (c) 2001-2019, The GROMACS development team at
Uppsala University, Stockholm University and
the Royal Institute of Technology, Sweden.
check out http://www.gromacs.org for more information.

GROMACS is free software; you can redistribute it and/or modify it
under the terms of the GNU Lesser General Public License
as published by the Free Software Foundation; either version 2.1
of the License, or (at your option) any later version.

GROMACS:      gmx mdrun, version 2021.4-Ubuntu-2021.4-2
Executable:   /usr/bin/gmx
Data prefix:  /usr
Working dir:  /mnt/c/Users/Mr Nobody/Desktop/Study Material/BT305-Lab/Lab7/TRP
Process ID:   31575
Command line:
  gmx mdrun -v -deffnm md_1

GROMACS version:    2021.4-Ubuntu-2021.4-2
Precision:          mixed
Memory model:       64 bit
MPI library:        thread_mpi
OpenMP support:     enabled (GMX_OPENMP_MAX_THREADS = 64)
GPU support:        disabled
SIMD instructions:  SSE4.1
FFT library:        fftw-3.3.8-sse2-avx
RDTSCP usage:       enabled
TNG support:        enabled
Hwloc support:      hwloc-2.5.0
Tracing support:    disabled
C compiler:         /usr/bin/cc GNU 11.2.0
C compiler flags:   -msse4.1 -Wno-missing-field-initializers -fexcess-precision=fast -funroll-all-loops -O3 -DNDEBUG
C++ compiler:       /usr/bin/c++ GNU 11.2.0
C++ compiler flags: -msse4.1 -Wno-missing-field-initializers -fexcess-precision=fast -funroll-all-loops -fopenmp -O3 -DNDEBUG


Running on 1 node with total 4 cores, 8 logical cores
Hardware detected:
  CPU info:
    Vendor: Intel
    Brand:  11th Gen Intel(R) Core(TM) i7-1165G7 @ 2.80GHz
    Family: 6   Model: 140   Stepping: 1
    Features: aes apic avx avx2 avx512f avx512cd avx512bw avx512vl avx512secondFMA clfsh cmov cx8 cx16 f16c fma htt intel lahf mmx msr nonstop_tsc pcid pclmuldq pdcm pdpe1gb popcnt pse rdrnd rdtscp sha sse2 sse3 sse4.1 sse4.2 ssse3 tdt x2apic
    Number of AVX-512 FMA units: Cannot run AVX-512 detection - assuming 2
  Hardware topology: Full, with devices
    Sockets, cores, and logical processors:
      Socket  0: [   0   1] [   2   3] [   4   5] [   6   7]
    Numa nodes:
      Node  0 (8208326656 bytes mem):   0   1   2   3   4   5   6   7
      Latency:
               0
         0  1.00
    Caches:
      L1: 49152 bytes, linesize 64 bytes, assoc. 12, shared 2 ways
      L2: 1310720 bytes, linesize 64 bytes, assoc. 20, shared 2 ways
      L3: 12582912 bytes, linesize 64 bytes, assoc. 12, shared 8 ways
    PCI devices:
      1ecc:00:00.0  Id: 1af4:1043  Class: 0x0100  Numa: 0
      2dec:00:00.0  Id: 1414:008e  Class: 0x0302  Numa: 0

Highest SIMD level supported by all nodes in run: AVX_512
SIMD instructions selected at compile time:       SSE4.1
This program was compiled for different hardware than you are running on,
which could influence performance.

++++ PLEASE READ AND CITE THE FOLLOWING REFERENCE ++++
M. J. Abraham, T. Murtola, R. Schulz, S. Páll, J. C. Smith, B. Hess, E.
Lindahl
GROMACS: High performance molecular simulations through multi-level
parallelism from laptops to supercomputers
SoftwareX 1 (2015) pp. 19-25
-------- -------- --- Thank You --- -------- --------


++++ PLEASE READ AND CITE THE FOLLOWING REFERENCE ++++
S. Páll, M. J. Abraham, C. Kutzner, B. Hess, E. Lindahl
Tackling Exascale Software Challenges in Molecular Dynamics Simulations with
GROMACS
In S. Markidis & E. Laure (Eds.), Solving Software Challenges for Exascale 8759 (2015) pp. 3-27
-------- -------- --- Thank You --- -------- --------


++++ PLEASE READ AND CITE THE FOLLOWING REFERENCE ++++
S. Pronk, S. Páll, R. Schulz, P. Larsson, P. Bjelkmar, R. Apostolov, M. R.
Shirts, J. C. Smith, P. M. Kasson, D. van der Spoel, B. Hess, and E. Lindahl
GROMACS 4.5: a high-throughput and highly parallel open source molecular
simulation toolkit
Bioinformatics 29 (2013) pp. 845-54
-------- -------- --- Thank You --- -------- --------


++++ PLEASE READ AND CITE THE FOLLOWING REFERENCE ++++
B. Hess and C. Kutzner and D. van der Spoel and E. Lindahl
GROMACS 4: Algorithms for highly efficient, load-balanced, and scalable
molecular simulation
J. Chem. Theory Comput. 4 (2008) pp. 435-447
-------- -------- --- Thank You --- -------- --------


++++ PLEASE READ AND CITE THE FOLLOWING REFERENCE ++++
D. van der Spoel, E. Lindahl, B. Hess, G. Groenhof, A. E. Mark and H. J. C.
Berendsen
GROMACS: Fast, Flexible and Free
J. Comp. Chem. 26 (2005) pp. 1701-1719
-------- -------- --- Thank You --- -------- --------


++++ PLEASE READ AND CITE THE FOLLOWING REFERENCE ++++
E. Lindahl and B. Hess and D. van der Spoel
GROMACS 3.0: A package for molecular simulation and trajectory analysis
J. Mol. Mod. 7 (2001) pp. 306-317
-------- -------- --- Thank You --- -------- --------


++++ PLEASE READ AND CITE THE FOLLOWING REFERENCE ++++
H. J. C. Berendsen, D. van der Spoel and R. van Drunen
GROMACS: A message-passing parallel molecular dynamics implementation
Comp. Phys. Comm. 91 (1995) pp. 43-56
-------- -------- --- Thank You --- -------- --------

Input Parameters:
   integrator                     = md
   tinit                          = 0
   dt                             = 0.002
   nsteps                         = 500000
   init-step                      = 0
   simulation-part                = 1
   mts                            = false
   comm-mode                      = Linear
   nstcomm                        = 100
   bd-fric                        = 0
   ld-seed                        = -809669377
   emtol                          = 10
   emstep                         = 0.01
   niter                          = 20
   fcstep                         = 0
   nstcgsteep                     = 1000
   nbfgscorr                      = 10
   rtpi                           = 0.05
   nstxout                        = 0
   nstvout                        = 0
   nstfout                        = 0
   nstlog                         = 5000
   nstcalcenergy                  = 100
   nstenergy                      = 5000
   nstxout-compressed             = 5000
   compressed-x-precision         = 1000
   cutoff-scheme                  = Verlet
   nstlist                        = 10
   pbc                            = xyz
   periodic-molecules             = false
   verlet-buffer-tolerance        = 0.005
   rlist                          = 1.002
   coulombtype                    = PME
   coulomb-modifier               = Potential-shift
   rcoulomb-switch                = 0
   rcoulomb                       = 1
   epsilon-r                      = 1
   epsilon-rf                     = inf
   vdw-type                       = Cut-off
   vdw-modifier                   = Potential-shift
   rvdw-switch                    = 0
   rvdw                           = 1
   DispCorr                       = EnerPres
   table-extension                = 1
   fourierspacing                 = 0.16
   fourier-nx                     = 28
   fourier-ny                     = 28
   fourier-nz                     = 28
   pme-order                      = 4
   ewald-rtol                     = 1e-05
   ewald-rtol-lj                  = 0.001
   lj-pme-comb-rule               = Geometric
   ewald-geometry                 = 0
   epsilon-surface                = 0
   tcoupl                         = V-rescale
   nsttcouple                     = 10
   nh-chain-length                = 0
   print-nose-hoover-chain-variables = false
   pcoupl                         = Parrinello-Rahman
   pcoupltype                     = Isotropic
   nstpcouple                     = 10
   tau-p                          = 2
   compressibility (3x3):
      compressibility[    0]={ 4.50000e-05,  0.00000e+00,  0.00000e+00}
      compressibility[    1]={ 0.00000e+00,  4.50000e-05,  0.00000e+00}
      compressibility[    2]={ 0.00000e+00,  0.00000e+00,  4.50000e-05}
   ref-p (3x3):
      ref-p[    0]={ 1.00000e+00,  0.00000e+00,  0.00000e+00}
      ref-p[    1]={ 0.00000e+00,  1.00000e+00,  0.00000e+00}
      ref-p[    2]={ 0.00000e+00,  0.00000e+00,  1.00000e+00}
   refcoord-scaling               = No
   posres-com (3):
      posres-com[0]= 0.00000e+00
      posres-com[1]= 0.00000e+00
      posres-com[2]= 0.00000e+00
   posres-comB (3):
      posres-comB[0]= 0.00000e+00
      posres-comB[1]= 0.00000e+00
      posres-comB[2]= 0.00000e+00
   QMMM                           = false
qm-opts:
   ngQM                           = 0
   constraint-algorithm           = Lincs
   continuation                   = true
   Shake-SOR                      = false
   shake-tol                      = 0.0001
   lincs-order                    = 4
   lincs-iter                     = 1
   lincs-warnangle                = 30
   nwall                          = 0
   wall-type                      = 9-3
   wall-r-linpot                  = -1
   wall-atomtype[0]               = -1
   wall-atomtype[1]               = -1
   wall-density[0]                = 0
   wall-density[1]                = 0
   wall-ewald-zfac                = 3
   pull                           = false
   awh                            = false
   rotation                       = false
   interactiveMD                  = false
   disre                          = No
   disre-weighting                = Conservative
   disre-mixed                    = false
   dr-fc                          = 1000
   dr-tau                         = 0
   nstdisreout                    = 100
   orire-fc                       = 0
   orire-tau                      = 0
   nstorireout                    = 100
   free-energy                    = no
   cos-acceleration               = 0
   deform (3x3):
      deform[    0]={ 0.00000e+00,  0.00000e+00,  0.00000e+00}
      deform[    1]={ 0.00000e+00,  0.00000e+00,  0.00000e+00}
      deform[    2]={ 0.00000e+00,  0.00000e+00,  0.00000e+00}
   simulated-tempering            = false
   swapcoords                     = no
   userint1                       = 0
   userint2                       = 0
   userint3                       = 0
   userint4                       = 0
   userreal1                      = 0
   userreal2                      = 0
   userreal3                      = 0
   userreal4                      = 0
   applied-forces:
     electric-field:
       x:
         E0                       = 0
         omega                    = 0
         t0                       = 0
         sigma                    = 0
       y:
         E0                       = 0
         omega                    = 0
         t0                       = 0
         sigma                    = 0
       z:
         E0                       = 0
         omega                    = 0
         t0                       = 0
         sigma                    = 0
     density-guided-simulation:
       active                     = false
       group                      = protein
       similarity-measure         = inner-product
       atom-spreading-weight      = unity
       force-constant             = 1e+09
       gaussian-transform-spreading-width = 0.2
       gaussian-transform-spreading-range-in-multiples-of-width = 4
       reference-density-filename = reference.mrc
       nst                        = 1
       normalize-densities        = true
       adaptive-force-scaling     = false
       adaptive-force-scaling-time-constant = 4
       shift-vector               = 
       transformation-matrix      = 
grpopts:
   nrdf:       549.9     16026.1
   ref-t:         363         363
   tau-t:         0.1         0.1
annealing:          No          No
annealing-npoints:           0           0
   acc:	           0           0           0
   nfreeze:           N           N           N
   energygrp-flags[  0]: 0

Changing nstlist from 10 to 40, rlist from 1.002 to 1.111

Using 1 MPI thread
Using 8 OpenMP threads 

Pinning threads with an auto-selected logical core stride of 1
System total charge: 0.000
Will do PME sum in reciprocal space for electrostatic interactions.

++++ PLEASE READ AND CITE THE FOLLOWING REFERENCE ++++
U. Essmann, L. Perera, M. L. Berkowitz, T. Darden, H. Lee and L. G. Pedersen 
A smooth particle mesh Ewald method
J. Chem. Phys. 103 (1995) pp. 8577-8592
-------- -------- --- Thank You --- -------- --------

Using a Gaussian width (1/beta) of 0.320163 nm for Ewald
Potential shift: LJ r^-12: -1.000e+00 r^-6: -1.000e+00, Ewald -1.000e-05
Initialized non-bonded Ewald tables, spacing: 9.33e-04 size: 1073

Generated table with 1055 data points for 1-4 COUL.
Tabscale = 500 points/nm
Generated table with 1055 data points for 1-4 LJ6.
Tabscale = 500 points/nm
Generated table with 1055 data points for 1-4 LJ12.
Tabscale = 500 points/nm
Long Range LJ corr.: <C6> 3.1965e-04


Using SIMD 4x4 nonbonded short-range kernels

Using a dual 4x4 pair-list setup updated with dynamic pruning:
  outer list: updated every 40 steps, buffer 0.111 nm, rlist 1.111 nm
  inner list: updated every 10 steps, buffer 0.002 nm, rlist 1.002 nm
At tolerance 0.005 kJ/mol/ps per atom, equivalent classical 1x1 list would be:
  outer list: updated every 40 steps, buffer 0.231 nm, rlist 1.231 nm
  inner list: updated every 10 steps, buffer 0.042 nm, rlist 1.042 nm

Using full Lennard-Jones parameter combination matrix

Initializing LINear Constraint Solver

++++ PLEASE READ AND CITE THE FOLLOWING REFERENCE ++++
B. Hess and H. Bekker and H. J. C. Berendsen and J. G. E. M. Fraaije
LINCS: A Linear Constraint Solver for molecular simulations
J. Comp. Chem. 18 (1997) pp. 1463-1472
-------- -------- --- Thank You --- -------- --------

The number of constraints is 44

++++ PLEASE READ AND CITE THE FOLLOWING REFERENCE ++++
S. Miyamoto and P. A. Kollman
SETTLE: An Analytical Version of the SHAKE and RATTLE Algorithms for Rigid
Water Models
J. Comp. Chem. 13 (1992) pp. 952-962
-------- -------- --- Thank You --- -------- --------


++++ PLEASE READ AND CITE THE FOLLOWING REFERENCE ++++
G. Bussi, D. Donadio and M. Parrinello
Canonical sampling through velocity rescaling
J. Chem. Phys. 126 (2007) pp. 014101
-------- -------- --- Thank You --- -------- --------

There are: 8204 Atoms
Center of mass motion removal mode is Linear
We have the following groups for center of mass motion removal:
  0:  rest

Started mdrun on rank 0 Wed Apr  3 13:58:13 2024

           Step           Time
              0        0.00000

   Energies (kJ/mol)
        G96Bond       G96Angle    Proper Dih.  Improper Dih.          LJ-14
    2.55502e+02    3.50670e+02    1.99093e+02    8.33603e+01    5.17925e+01
     Coulomb-14        LJ (SR)  Disper. corr.   Coulomb (SR)   Coul. recip.
    1.75824e+03    2.35758e+04   -1.08494e+03   -1.59632e+05    7.63102e+02
      Potential    Kinetic En.   Total Energy  Conserved En.    Temperature
   -1.33679e+05    2.07836e+04   -1.12896e+05   -1.12891e+05    3.01604e+02
 Pres. DC (bar) Pressure (bar)   Constr. rmsd
   -2.17418e+02   -4.40869e+02    1.62321e-06

           Step           Time
           5000       10.00000

   Energies (kJ/mol)
        G96Bond       G96Angle    Proper Dih.  Improper Dih.          LJ-14
    2.34156e+02    4.05496e+02    1.89849e+02    1.09796e+02    5.91215e+01
     Coulomb-14        LJ (SR)  Disper. corr.   Coulomb (SR)   Coul. recip.
    1.82072e+03    2.05844e+04   -1.02460e+03   -1.46105e+05    9.76673e+02
      Potential    Kinetic En.   Total Energy  Conserved En.    Temperature
   -1.22749e+05    2.52125e+04   -9.75364e+04   -1.12884e+05    3.65875e+02
 Pres. DC (bar) Pressure (bar)   Constr. rmsd
   -1.93935e+02   -1.55973e+02    3.68627e-06

           Step           Time
          10000       20.00000

   Energies (kJ/mol)
        G96Bond       G96Angle    Proper Dih.  Improper Dih.          LJ-14
    2.76679e+02    4.59463e+02    2.33489e+02    1.07666e+02    4.58223e+01
     Coulomb-14        LJ (SR)  Disper. corr.   Coulomb (SR)   Coul. recip.
    1.83856e+03    1.98304e+04   -1.03015e+03   -1.45652e+05    9.07545e+02
      Potential    Kinetic En.   Total Energy  Conserved En.    Temperature
   -1.22982e+05    2.51423e+04   -9.78400e+04   -1.12853e+05    3.64856e+02
 Pres. DC (bar) Pressure (bar)   Constr. rmsd
   -1.96038e+02   -6.39859e+02    3.56763e-06

           Step           Time
          15000       30.00000

   Energies (kJ/mol)
        G96Bond       G96Angle    Proper Dih.  Improper Dih.          LJ-14
    2.46845e+02    4.24970e+02    2.09804e+02    1.35033e+02    5.56165e+01
     Coulomb-14        LJ (SR)  Disper. corr.   Coulomb (SR)   Coul. recip.
    1.84852e+03    2.03308e+04   -1.04432e+03   -1.45953e+05    9.51467e+02
      Potential    Kinetic En.   Total Energy  Conserved En.    Temperature
   -1.22794e+05    2.50257e+04   -9.77686e+04   -1.12826e+05    3.63163e+02
 Pres. DC (bar) Pressure (bar)   Constr. rmsd
   -2.01461e+02   -2.09968e+01    1.09120e-06

           Step           Time
          20000       40.00000

   Energies (kJ/mol)
        G96Bond       G96Angle    Proper Dih.  Improper Dih.          LJ-14
    2.37969e+02    3.50348e+02    2.05213e+02    8.44039e+01    6.13310e+01
     Coulomb-14        LJ (SR)  Disper. corr.   Coulomb (SR)   Coul. recip.
    1.86610e+03    2.16942e+04   -1.04231e+03   -1.48371e+05    9.21686e+02
      Potential    Kinetic En.   Total Energy  Conserved En.    Temperature
   -1.23992e+05    2.46451e+04   -9.93471e+04   -1.12817e+05    3.57641e+02
 Pres. DC (bar) Pressure (bar)   Constr. rmsd
   -2.00687e+02    5.69792e+02    1.26294e-06

           Step           Time
          25000       50.00000

   Energies (kJ/mol)
        G96Bond       G96Angle    Proper Dih.  Improper Dih.          LJ-14
    2.44547e+02    4.18620e+02    1.88227e+02    1.02024e+02    8.11067e+01
     Coulomb-14        LJ (SR)  Disper. corr.   Coulomb (SR)   Coul. recip.
    1.86082e+03    2.02998e+04   -1.02985e+03   -1.45849e+05    1.00419e+03
      Potential    Kinetic En.   Total Energy  Conserved En.    Temperature
   -1.22679e+05    2.51596e+04   -9.75198e+04   -1.12804e+05    3.65106e+02
 Pres. DC (bar) Pressure (bar)   Constr. rmsd
   -1.95922e+02   -7.36667e+01    2.80526e-06

           Step           Time
          30000       60.00000

   Energies (kJ/mol)
        G96Bond       G96Angle    Proper Dih.  Improper Dih.          LJ-14
    3.40920e+02    4.31402e+02    2.15855e+02    1.31210e+02    1.95505e+01
     Coulomb-14        LJ (SR)  Disper. corr.   Coulomb (SR)   Coul. recip.
    1.83217e+03    2.01474e+04   -1.03897e+03   -1.45747e+05    9.62074e+02
      Potential    Kinetic En.   Total Energy  Conserved En.    Temperature
   -1.22706e+05    2.49929e+04   -9.77127e+04   -1.12787e+05    3.62687e+02
 Pres. DC (bar) Pressure (bar)   Constr. rmsd
   -1.99404e+02   -4.33344e+02    2.18015e-06

           Step           Time
          35000       70.00000

   Energies (kJ/mol)
        G96Bond       G96Angle    Proper Dih.  Improper Dih.          LJ-14
    2.59623e+02    4.17388e+02    1.88861e+02    1.24777e+02    7.65483e+01
     Coulomb-14        LJ (SR)  Disper. corr.   Coulomb (SR)   Coul. recip.
    1.83475e+03    2.18318e+04   -1.04691e+03   -1.48342e+05    9.89490e+02
      Potential    Kinetic En.   Total Energy  Conserved En.    Temperature
   -1.23666e+05    2.51316e+04   -9.85345e+04   -1.12748e+05    3.64700e+02
 Pres. DC (bar) Pressure (bar)   Constr. rmsd
   -2.02461e+02    6.33671e+02    4.65909e-06

           Step           Time
          40000       80.00000

   Energies (kJ/mol)
        G96Bond       G96Angle    Proper Dih.  Improper Dih.          LJ-14
    2.63207e+02    3.45875e+02    2.29037e+02    1.10772e+02    4.84943e+01
     Coulomb-14        LJ (SR)  Disper. corr.   Coulomb (SR)   Coul. recip.
    1.85182e+03    2.10778e+04   -1.04415e+03   -1.47435e+05    9.56486e+02
      Potential    Kinetic En.   Total Energy  Conserved En.    Temperature
   -1.23596e+05    2.46001e+04   -9.89954e+04   -1.12716e+05    3.56988e+02
 Pres. DC (bar) Pressure (bar)   Constr. rmsd
   -2.01394e+02    3.12714e+02    2.17533e-06

           Step           Time
          45000       90.00000

   Energies (kJ/mol)
        G96Bond       G96Angle    Proper Dih.  Improper Dih.          LJ-14
    2.68866e+02    3.99004e+02    2.17388e+02    8.91407e+01    5.94926e+01
     Coulomb-14        LJ (SR)  Disper. corr.   Coulomb (SR)   Coul. recip.
    1.82345e+03    2.07641e+04   -1.04690e+03   -1.47303e+05    9.85886e+02
      Potential    Kinetic En.   Total Energy  Conserved En.    Temperature
   -1.23742e+05    2.52064e+04   -9.85358e+04   -1.12690e+05    3.65786e+02
 Pres. DC (bar) Pressure (bar)   Constr. rmsd
   -2.02458e+02   -2.81169e+02    2.72779e-06

           Step           Time
          50000      100.00000

   Energies (kJ/mol)
        G96Bond       G96Angle    Proper Dih.  Improper Dih.          LJ-14
    2.55725e+02    4.17941e+02    1.85740e+02    1.27145e+02    6.00583e+01
     Coulomb-14        LJ (SR)  Disper. corr.   Coulomb (SR)   Coul. recip.
    1.81657e+03    2.06470e+04   -1.05366e+03   -1.46912e+05    9.38656e+02
      Potential    Kinetic En.   Total Energy  Conserved En.    Temperature
   -1.23517e+05    2.54343e+04   -9.80824e+04   -1.12695e+05    3.69093e+02
 Pres. DC (bar) Pressure (bar)   Constr. rmsd
   -2.05075e+02    1.60324e+02    2.51719e-06

           Step           Time
          55000      110.00000

   Energies (kJ/mol)
        G96Bond       G96Angle    Proper Dih.  Improper Dih.          LJ-14
    2.57788e+02    3.96883e+02    1.99366e+02    9.63712e+01    6.75886e+01
     Coulomb-14        LJ (SR)  Disper. corr.   Coulomb (SR)   Coul. recip.
    1.80011e+03    2.13633e+04   -1.03584e+03   -1.48418e+05    9.59145e+02
      Potential    Kinetic En.   Total Energy  Conserved En.    Temperature
   -1.24314e+05    2.49439e+04   -9.93697e+04   -1.12673e+05    3.61976e+02
 Pres. DC (bar) Pressure (bar)   Constr. rmsd
   -1.98206e+02    1.90182e+02    1.69316e-06

           Step           Time
          60000      120.00000

   Energies (kJ/mol)
        G96Bond       G96Angle    Proper Dih.  Improper Dih.          LJ-14
    2.69324e+02    3.58172e+02    1.84482e+02    1.20334e+02    6.52839e+01
     Coulomb-14        LJ (SR)  Disper. corr.   Coulomb (SR)   Coul. recip.
    1.82764e+03    1.95785e+04   -1.04844e+03   -1.46002e+05    9.55279e+02
      Potential    Kinetic En.   Total Energy  Conserved En.    Temperature
   -1.23691e+05    2.47736e+04   -9.89177e+04   -1.12654e+05    3.59505e+02
 Pres. DC (bar) Pressure (bar)   Constr. rmsd
   -2.03053e+02   -9.19854e+02    1.58083e-06

           Step           Time
          65000      130.00000

   Energies (kJ/mol)
        G96Bond       G96Angle    Proper Dih.  Improper Dih.          LJ-14
    2.53454e+02    4.12878e+02    1.97105e+02    1.22554e+02    5.60163e+01
     Coulomb-14        LJ (SR)  Disper. corr.   Coulomb (SR)   Coul. recip.
    1.77977e+03    2.04351e+04   -1.04601e+03   -1.46488e+05    9.32445e+02
      Potential    Kinetic En.   Total Energy  Conserved En.    Temperature
   -1.23345e+05    2.49549e+04   -9.83902e+04   -1.12636e+05    3.62136e+02
 Pres. DC (bar) Pressure (bar)   Constr. rmsd
   -2.02113e+02   -2.06833e+02    3.39033e-06

           Step           Time
          70000      140.00000

   Energies (kJ/mol)
        G96Bond       G96Angle    Proper Dih.  Improper Dih.          LJ-14
    2.43258e+02    4.73986e+02    1.81207e+02    8.22256e+01    6.03144e+01
     Coulomb-14        LJ (SR)  Disper. corr.   Coulomb (SR)   Coul. recip.
    1.80251e+03    2.10993e+04   -1.05411e+03   -1.47544e+05    1.00131e+03
      Potential    Kinetic En.   Total Energy  Conserved En.    Temperature
   -1.23654e+05    2.43946e+04   -9.92597e+04   -1.12600e+05    3.54005e+02
 Pres. DC (bar) Pressure (bar)   Constr. rmsd
   -2.05252e+02    4.89919e+02    1.26992e-06

           Step           Time
          75000      150.00000

   Energies (kJ/mol)
        G96Bond       G96Angle    Proper Dih.  Improper Dih.          LJ-14
    2.98528e+02    4.23915e+02    2.35193e+02    1.34457e+02    7.28072e+01
     Coulomb-14        LJ (SR)  Disper. corr.   Coulomb (SR)   Coul. recip.
    1.83814e+03    2.02034e+04   -1.04524e+03   -1.46224e+05    9.33879e+02
      Potential    Kinetic En.   Total Energy  Conserved En.    Temperature
   -1.23129e+05    2.50346e+04   -9.80944e+04   -1.12580e+05    3.63293e+02
 Pres. DC (bar) Pressure (bar)   Constr. rmsd
   -2.01816e+02   -1.26196e+02    2.72367e-06

           Step           Time
          80000      160.00000

   Energies (kJ/mol)
        G96Bond       G96Angle    Proper Dih.  Improper Dih.          LJ-14
    3.09119e+02    4.39195e+02    1.96630e+02    9.95675e+01    6.16545e+01
     Coulomb-14        LJ (SR)  Disper. corr.   Coulomb (SR)   Coul. recip.
    1.85294e+03    2.10293e+04   -1.04200e+03   -1.46492e+05    9.67484e+02
      Potential    Kinetic En.   Total Energy  Conserved En.    Temperature
   -1.22578e+05    2.51999e+04   -9.73781e+04   -1.12583e+05    3.65692e+02
 Pres. DC (bar) Pressure (bar)   Constr. rmsd
   -2.00566e+02    4.24601e+02    5.62280e-06

           Step           Time
          85000      170.00000

   Energies (kJ/mol)
        G96Bond       G96Angle    Proper Dih.  Improper Dih.          LJ-14
    2.83131e+02    3.96892e+02    2.17718e+02    1.11150e+02    3.37597e+01
     Coulomb-14        LJ (SR)  Disper. corr.   Coulomb (SR)   Coul. recip.
    1.82560e+03    2.09425e+04   -1.03438e+03   -1.47100e+05    9.96844e+02
      Potential    Kinetic En.   Total Energy  Conserved En.    Temperature
   -1.23327e+05    2.53845e+04   -9.79427e+04   -1.12561e+05    3.68371e+02
 Pres. DC (bar) Pressure (bar)   Constr. rmsd
   -1.97649e+02    4.69909e+01    2.40368e-06

           Step           Time
          90000      180.00000

   Energies (kJ/mol)
        G96Bond       G96Angle    Proper Dih.  Improper Dih.          LJ-14
    2.18615e+02    4.44777e+02    2.09079e+02    1.00353e+02    6.02066e+01
     Coulomb-14        LJ (SR)  Disper. corr.   Coulomb (SR)   Coul. recip.
    1.79738e+03    1.96583e+04   -1.04295e+03   -1.45604e+05    9.05341e+02
      Potential    Kinetic En.   Total Energy  Conserved En.    Temperature
   -1.23253e+05    2.48687e+04   -9.83841e+04   -1.12531e+05    3.60885e+02
 Pres. DC (bar) Pressure (bar)   Constr. rmsd
   -2.00931e+02   -3.73875e+02    2.45761e-06

           Step           Time
          95000      190.00000

   Energies (kJ/mol)
        G96Bond       G96Angle    Proper Dih.  Improper Dih.          LJ-14
    2.66869e+02    3.99435e+02    2.12333e+02    1.17114e+02    5.73038e+01
     Coulomb-14        LJ (SR)  Disper. corr.   Coulomb (SR)   Coul. recip.
    1.84945e+03    2.08011e+04   -1.04351e+03   -1.46572e+05    9.61965e+02
      Potential    Kinetic En.   Total Energy  Conserved En.    Temperature
   -1.22950e+05    2.52332e+04   -9.77164e+04   -1.12502e+05    3.66175e+02
 Pres. DC (bar) Pressure (bar)   Constr. rmsd
   -2.01147e+02    3.12108e+02    1.24046e-06

           Step           Time
         100000      200.00000

   Energies (kJ/mol)
        G96Bond       G96Angle    Proper Dih.  Improper Dih.          LJ-14
    2.76625e+02    4.26936e+02    2.24262e+02    1.06473e+02    5.01238e+01
     Coulomb-14        LJ (SR)  Disper. corr.   Coulomb (SR)   Coul. recip.
    1.85090e+03    2.07150e+04   -1.03803e+03   -1.46435e+05    9.64956e+02
      Potential    Kinetic En.   Total Energy  Conserved En.    Temperature
   -1.22858e+05    2.49708e+04   -9.78869e+04   -1.12448e+05    3.62367e+02
 Pres. DC (bar) Pressure (bar)   Constr. rmsd
   -1.99043e+02    1.57783e+02    2.72020e-06

           Step           Time
         105000      210.00000

   Energies (kJ/mol)
        G96Bond       G96Angle    Proper Dih.  Improper Dih.          LJ-14
    2.84644e+02    3.86426e+02    2.34464e+02    1.10895e+02    5.61935e+01
     Coulomb-14        LJ (SR)  Disper. corr.   Coulomb (SR)   Coul. recip.
    1.87443e+03    2.03258e+04   -1.04641e+03   -1.46713e+05    9.54452e+02
      Potential    Kinetic En.   Total Energy  Conserved En.    Temperature
   -1.23532e+05    2.55422e+04   -9.79896e+04   -1.12432e+05    3.70659e+02
 Pres. DC (bar) Pressure (bar)   Constr. rmsd
   -2.02268e+02   -6.79049e+01    2.04579e-06

           Step           Time
         110000      220.00000

   Energies (kJ/mol)
        G96Bond       G96Angle    Proper Dih.  Improper Dih.          LJ-14
    2.61231e+02    3.79740e+02    1.83216e+02    1.07039e+02    5.58756e+01
     Coulomb-14        LJ (SR)  Disper. corr.   Coulomb (SR)   Coul. recip.
    1.84506e+03    2.13367e+04   -1.03438e+03   -1.46930e+05    1.02983e+03
      Potential    Kinetic En.   Total Energy  Conserved En.    Temperature
   -1.22766e+05    2.42795e+04   -9.84864e+04   -1.12391e+05    3.52335e+02
 Pres. DC (bar) Pressure (bar)   Constr. rmsd
   -1.97647e+02    4.44558e+02    1.62853e-06

           Step           Time
         115000      230.00000

   Energies (kJ/mol)
        G96Bond       G96Angle    Proper Dih.  Improper Dih.          LJ-14
    2.49727e+02    4.53868e+02    1.84426e+02    1.05573e+02    4.40683e+01
     Coulomb-14        LJ (SR)  Disper. corr.   Coulomb (SR)   Coul. recip.
    1.81928e+03    2.11369e+04   -1.03309e+03   -1.46973e+05    9.44135e+02
      Potential    Kinetic En.   Total Energy  Conserved En.    Temperature
   -1.23068e+05    2.56077e+04   -9.74601e+04   -1.12397e+05    3.71609e+02
 Pres. DC (bar) Pressure (bar)   Constr. rmsd
   -1.97155e+02    4.20061e+02    1.55440e-06

           Step           Time
         120000      240.00000

   Energies (kJ/mol)
        G96Bond       G96Angle    Proper Dih.  Improper Dih.          LJ-14
    1.98425e+02    4.22093e+02    2.11624e+02    1.15506e+02    5.08753e+01
     Coulomb-14        LJ (SR)  Disper. corr.   Coulomb (SR)   Coul. recip.
    1.84198e+03    2.03244e+04   -1.04344e+03   -1.46815e+05    8.96601e+02
      Potential    Kinetic En.   Total Energy  Conserved En.    Temperature
   -1.23797e+05    2.46929e+04   -9.91040e+04   -1.12372e+05    3.58334e+02
 Pres. DC (bar) Pressure (bar)   Constr. rmsd
   -2.01123e+02   -5.34758e+02    3.24198e-06

           Step           Time
         125000      250.00000

   Energies (kJ/mol)
        G96Bond       G96Angle    Proper Dih.  Improper Dih.          LJ-14
    2.82230e+02    4.30207e+02    2.38504e+02    9.85517e+01    4.02462e+01
     Coulomb-14        LJ (SR)  Disper. corr.   Coulomb (SR)   Coul. recip.
    1.84411e+03    2.02983e+04   -1.04272e+03   -1.46538e+05    9.91789e+02
      Potential    Kinetic En.   Total Energy  Conserved En.    Temperature
   -1.23357e+05    2.49404e+04   -9.84163e+04   -1.12330e+05    3.61925e+02
 Pres. DC (bar) Pressure (bar)   Constr. rmsd
   -2.00844e+02   -3.38160e+02    1.46285e-06

           Step           Time
         130000      260.00000

   Energies (kJ/mol)
        G96Bond       G96Angle    Proper Dih.  Improper Dih.          LJ-14
    2.26274e+02    4.25678e+02    2.10990e+02    1.26750e+02    5.14790e+01
     Coulomb-14        LJ (SR)  Disper. corr.   Coulomb (SR)   Coul. recip.
    1.76027e+03    2.06637e+04   -1.04460e+03   -1.47185e+05    9.46211e+02
      Potential    Kinetic En.   Total Energy  Conserved En.    Temperature
   -1.23818e+05    2.52974e+04   -9.85208e+04   -1.12316e+05    3.67106e+02
 Pres. DC (bar) Pressure (bar)   Constr. rmsd
   -2.01568e+02   -1.62535e+02    7.21958e-06

           Step           Time
         135000      270.00000

   Energies (kJ/mol)
        G96Bond       G96Angle    Proper Dih.  Improper Dih.          LJ-14
    2.43473e+02    3.72837e+02    2.31353e+02    1.11059e+02    4.72798e+01
     Coulomb-14        LJ (SR)  Disper. corr.   Coulomb (SR)   Coul. recip.
    1.79142e+03    2.02952e+04   -1.04347e+03   -1.46391e+05    9.12508e+02
      Potential    Kinetic En.   Total Energy  Conserved En.    Temperature
   -1.23429e+05    2.51781e+04   -9.82512e+04   -1.12283e+05    3.65375e+02
 Pres. DC (bar) Pressure (bar)   Constr. rmsd
   -2.01133e+02   -3.04809e+02    1.79530e-06

           Step           Time
         140000      280.00000

   Energies (kJ/mol)
        G96Bond       G96Angle    Proper Dih.  Improper Dih.          LJ-14
    2.25989e+02    4.04737e+02    2.04290e+02    1.42308e+02    3.35405e+01
     Coulomb-14        LJ (SR)  Disper. corr.   Coulomb (SR)   Coul. recip.
    1.82503e+03    2.02349e+04   -1.03399e+03   -1.46379e+05    9.19352e+02
      Potential    Kinetic En.   Total Energy  Conserved En.    Temperature
   -1.23422e+05    2.47219e+04   -9.87005e+04   -1.12263e+05    3.58755e+02
 Pres. DC (bar) Pressure (bar)   Constr. rmsd
   -1.97502e+02   -3.02299e+02    2.61638e-06

           Step           Time
         145000      290.00000

   Energies (kJ/mol)
        G96Bond       G96Angle    Proper Dih.  Improper Dih.          LJ-14
    2.02549e+02    3.72653e+02    2.25286e+02    9.30769e+01    5.98933e+01
     Coulomb-14        LJ (SR)  Disper. corr.   Coulomb (SR)   Coul. recip.
    1.82966e+03    2.08075e+04   -1.04419e+03   -1.46906e+05    9.60753e+02
      Potential    Kinetic En.   Total Energy  Conserved En.    Temperature
   -1.23399e+05    2.51681e+04   -9.82313e+04   -1.12254e+05    3.65230e+02
 Pres. DC (bar) Pressure (bar)   Constr. rmsd
   -2.01412e+02    1.64731e+02    1.57420e-06

           Step           Time
         150000      300.00000

   Energies (kJ/mol)
        G96Bond       G96Angle    Proper Dih.  Improper Dih.          LJ-14
    2.52483e+02    4.41872e+02    1.75579e+02    1.23996e+02    4.68459e+01
     Coulomb-14        LJ (SR)  Disper. corr.   Coulomb (SR)   Coul. recip.
    1.79303e+03    2.04773e+04   -1.05254e+03   -1.46316e+05    1.01966e+03
      Potential    Kinetic En.   Total Energy  Conserved En.    Temperature
   -1.23038e+05    2.47987e+04   -9.82389e+04   -1.12219e+05    3.59870e+02
 Pres. DC (bar) Pressure (bar)   Constr. rmsd
   -2.04642e+02    1.65821e+02    2.09663e-06

           Step           Time
         155000      310.00000

   Energies (kJ/mol)
        G96Bond       G96Angle    Proper Dih.  Improper Dih.          LJ-14
    2.63135e+02    4.28004e+02    2.12003e+02    9.84883e+01    3.89967e+01
     Coulomb-14        LJ (SR)  Disper. corr.   Coulomb (SR)   Coul. recip.
    1.78270e+03    1.99754e+04   -1.04749e+03   -1.45657e+05    9.07483e+02
      Potential    Kinetic En.   Total Energy  Conserved En.    Temperature
   -1.22998e+05    2.49680e+04   -9.80301e+04   -1.12187e+05    3.62326e+02
 Pres. DC (bar) Pressure (bar)   Constr. rmsd
   -2.02685e+02   -1.68393e+02    2.57050e-06

           Step           Time
         160000      320.00000

   Energies (kJ/mol)
        G96Bond       G96Angle    Proper Dih.  Improper Dih.          LJ-14
    2.52606e+02    4.93510e+02    1.86866e+02    9.92733e+01    3.61337e+01
     Coulomb-14        LJ (SR)  Disper. corr.   Coulomb (SR)   Coul. recip.
    1.78561e+03    2.11142e+04   -1.05803e+03   -1.48176e+05    9.36165e+02
      Potential    Kinetic En.   Total Energy  Conserved En.    Temperature
   -1.24329e+05    2.50559e+04   -9.92734e+04   -1.12169e+05    3.63601e+02
 Pres. DC (bar) Pressure (bar)   Constr. rmsd
   -2.06779e+02    1.52313e+02    2.19090e-06

           Step           Time
         165000      330.00000

   Energies (kJ/mol)
        G96Bond       G96Angle    Proper Dih.  Improper Dih.          LJ-14
    2.91721e+02    4.58917e+02    1.86265e+02    1.28160e+02    2.86031e+01
     Coulomb-14        LJ (SR)  Disper. corr.   Coulomb (SR)   Coul. recip.
    1.82949e+03    2.01455e+04   -1.04453e+03   -1.45999e+05    1.00947e+03
      Potential    Kinetic En.   Total Energy  Conserved En.    Temperature
   -1.22965e+05    2.53719e+04   -9.75931e+04   -1.12149e+05    3.68188e+02
 Pres. DC (bar) Pressure (bar)   Constr. rmsd
   -2.01541e+02   -2.43574e+02    1.60276e-06

           Step           Time
         170000      340.00000

   Energies (kJ/mol)
        G96Bond       G96Angle    Proper Dih.  Improper Dih.          LJ-14
    2.91776e+02    3.94891e+02    1.87078e+02    1.21495e+02    7.25032e+01
     Coulomb-14        LJ (SR)  Disper. corr.   Coulomb (SR)   Coul. recip.
    1.83375e+03    2.09834e+04   -1.04989e+03   -1.47480e+05    1.00897e+03
      Potential    Kinetic En.   Total Energy  Conserved En.    Temperature
   -1.23636e+05    2.47237e+04   -9.89122e+04   -1.12106e+05    3.58781e+02
 Pres. DC (bar) Pressure (bar)   Constr. rmsd
   -2.03614e+02    3.07408e+02    1.75388e-06

           Step           Time
         175000      350.00000

   Energies (kJ/mol)
        G96Bond       G96Angle    Proper Dih.  Improper Dih.          LJ-14
    2.46584e+02    4.62017e+02    2.05283e+02    1.17469e+02    4.33769e+01
     Coulomb-14        LJ (SR)  Disper. corr.   Coulomb (SR)   Coul. recip.
    1.81279e+03    2.06167e+04   -1.04004e+03   -1.47037e+05    9.61971e+02
      Potential    Kinetic En.   Total Energy  Conserved En.    Temperature
   -1.23611e+05    2.54528e+04   -9.81578e+04   -1.12090e+05    3.69361e+02
 Pres. DC (bar) Pressure (bar)   Constr. rmsd
   -1.99814e+02   -8.51313e+01    1.41196e-06

           Step           Time
         180000      360.00000

   Energies (kJ/mol)
        G96Bond       G96Angle    Proper Dih.  Improper Dih.          LJ-14
    1.66634e+02    4.02591e+02    1.90931e+02    8.64995e+01    7.88596e+01
     Coulomb-14        LJ (SR)  Disper. corr.   Coulomb (SR)   Coul. recip.
    1.82697e+03    2.04464e+04   -1.05859e+03   -1.47065e+05    8.75032e+02
      Potential    Kinetic En.   Total Energy  Conserved En.    Temperature
   -1.24050e+05    2.49893e+04   -9.90609e+04   -1.12078e+05    3.62635e+02
 Pres. DC (bar) Pressure (bar)   Constr. rmsd
   -2.06998e+02    2.01418e+02    2.14356e-06

           Step           Time
         185000      370.00000

   Energies (kJ/mol)
        G96Bond       G96Angle    Proper Dih.  Improper Dih.          LJ-14
    2.80857e+02    3.83938e+02    2.24617e+02    1.14140e+02    8.68846e+01
     Coulomb-14        LJ (SR)  Disper. corr.   Coulomb (SR)   Coul. recip.
    1.88712e+03    2.07184e+04   -1.04440e+03   -1.47146e+05    8.84668e+02
      Potential    Kinetic En.   Total Energy  Conserved En.    Temperature
   -1.23610e+05    2.57785e+04   -9.78311e+04   -1.12055e+05    3.74087e+02
 Pres. DC (bar) Pressure (bar)   Constr. rmsd
   -2.01492e+02   -5.43293e+01    1.79463e-06

           Step           Time
         190000      380.00000

   Energies (kJ/mol)
        G96Bond       G96Angle    Proper Dih.  Improper Dih.          LJ-14
    2.45079e+02    3.81344e+02    2.57402e+02    1.08419e+02    4.70179e+01
     Coulomb-14        LJ (SR)  Disper. corr.   Coulomb (SR)   Coul. recip.
    1.84377e+03    2.09495e+04   -1.04633e+03   -1.47823e+05    9.15056e+02
      Potential    Kinetic En.   Total Energy  Conserved En.    Temperature
   -1.24121e+05    2.52601e+04   -9.88613e+04   -1.12026e+05    3.66565e+02
 Pres. DC (bar) Pressure (bar)   Constr. rmsd
   -2.02236e+02   -8.92961e+01    4.60996e-06

           Step           Time
         195000      390.00000

   Energies (kJ/mol)
        G96Bond       G96Angle    Proper Dih.  Improper Dih.          LJ-14
    2.92929e+02    3.40786e+02    2.62459e+02    9.40405e+01    7.49354e+01
     Coulomb-14        LJ (SR)  Disper. corr.   Coulomb (SR)   Coul. recip.
    1.84492e+03    2.07571e+04   -1.03338e+03   -1.47521e+05    9.29878e+02
      Potential    Kinetic En.   Total Energy  Conserved En.    Temperature
   -1.23957e+05    2.53750e+04   -9.85823e+04   -1.12017e+05    3.68233e+02
 Pres. DC (bar) Pressure (bar)   Constr. rmsd
   -1.97268e+02   -1.95464e+01    1.04521e-06

           Step           Time
         200000      400.00000

   Energies (kJ/mol)
        G96Bond       G96Angle    Proper Dih.  Improper Dih.          LJ-14
    2.93930e+02    4.75028e+02    2.22872e+02    1.38730e+02    4.04421e+01
     Coulomb-14        LJ (SR)  Disper. corr.   Coulomb (SR)   Coul. recip.
    1.84136e+03    2.06360e+04   -1.03709e+03   -1.45602e+05    9.96808e+02
      Potential    Kinetic En.   Total Energy  Conserved En.    Temperature
   -1.21994e+05    2.57284e+04   -9.62656e+04   -1.11973e+05    3.73361e+02
 Pres. DC (bar) Pressure (bar)   Constr. rmsd
   -1.98683e+02   -6.86987e+01    4.14862e-06

           Step           Time
         205000      410.00000

   Energies (kJ/mol)
        G96Bond       G96Angle    Proper Dih.  Improper Dih.          LJ-14
    2.74349e+02    4.02886e+02    1.97694e+02    1.35965e+02    5.73438e+01
     Coulomb-14        LJ (SR)  Disper. corr.   Coulomb (SR)   Coul. recip.
    1.81209e+03    2.08127e+04   -1.04994e+03   -1.47241e+05    9.88157e+02
      Potential    Kinetic En.   Total Energy  Conserved En.    Temperature
   -1.23610e+05    2.49296e+04   -9.86805e+04   -1.11932e+05    3.61769e+02
 Pres. DC (bar) Pressure (bar)   Constr. rmsd
   -2.03634e+02   -6.59295e+01    3.08755e-06

           Step           Time
         210000      420.00000

   Energies (kJ/mol)
        G96Bond       G96Angle    Proper Dih.  Improper Dih.          LJ-14
    2.49380e+02    4.17081e+02    2.54473e+02    1.16391e+02    7.16863e+01
     Coulomb-14        LJ (SR)  Disper. corr.   Coulomb (SR)   Coul. recip.
    1.80500e+03    2.07502e+04   -1.04640e+03   -1.46428e+05    9.44092e+02
      Potential    Kinetic En.   Total Energy  Conserved En.    Temperature
   -1.22867e+05    2.50231e+04   -9.78434e+04   -1.11899e+05    3.63126e+02
 Pres. DC (bar) Pressure (bar)   Constr. rmsd
   -2.02264e+02    3.19255e+02    3.11044e-06

Writing checkpoint, step 212040 at Wed Apr  3 14:31:16 2024


Writing checkpoint, step 212080 at Wed Apr  3 14:31:16 2024


           Step           Time
         215000      430.00000

   Energies (kJ/mol)
        G96Bond       G96Angle    Proper Dih.  Improper Dih.          LJ-14
    2.29736e+02    3.82327e+02    2.09934e+02    8.30131e+01    5.60507e+01
     Coulomb-14        LJ (SR)  Disper. corr.   Coulomb (SR)   Coul. recip.
    1.81911e+03    2.03132e+04   -1.05136e+03   -1.46749e+05    9.50938e+02
      Potential    Kinetic En.   Total Energy  Conserved En.    Temperature
   -1.23756e+05    2.55039e+04   -9.82526e+04   -1.11888e+05    3.70103e+02
 Pres. DC (bar) Pressure (bar)   Constr. rmsd
   -2.04182e+02   -1.55615e+02    3.59461e-06

           Step           Time
         220000      440.00000

   Energies (kJ/mol)
        G96Bond       G96Angle    Proper Dih.  Improper Dih.          LJ-14
    2.29450e+02    3.88371e+02    2.24762e+02    1.30760e+02    2.89277e+01
     Coulomb-14        LJ (SR)  Disper. corr.   Coulomb (SR)   Coul. recip.
    1.82209e+03    2.04960e+04   -1.03976e+03   -1.46842e+05    9.58582e+02
      Potential    Kinetic En.   Total Energy  Conserved En.    Temperature
   -1.23603e+05    2.46523e+04   -9.89503e+04   -1.11859e+05    3.57745e+02
 Pres. DC (bar) Pressure (bar)   Constr. rmsd
   -1.99708e+02   -2.09616e+02    1.27525e-06

           Step           Time
         225000      450.00000

   Energies (kJ/mol)
        G96Bond       G96Angle    Proper Dih.  Improper Dih.          LJ-14
    2.47066e+02    3.91839e+02    1.77601e+02    1.40021e+02    3.86599e+01
     Coulomb-14        LJ (SR)  Disper. corr.   Coulomb (SR)   Coul. recip.
    1.82971e+03    2.09954e+04   -1.04047e+03   -1.47441e+05    9.61848e+02
      Potential    Kinetic En.   Total Energy  Conserved En.    Temperature
   -1.23699e+05    2.49475e+04   -9.87520e+04   -1.11829e+05    3.62029e+02
 Pres. DC (bar) Pressure (bar)   Constr. rmsd
   -1.99981e+02   -1.07521e+02    2.69684e-06

           Step           Time
         230000      460.00000

   Energies (kJ/mol)
        G96Bond       G96Angle    Proper Dih.  Improper Dih.          LJ-14
    2.76480e+02    3.80396e+02    1.90508e+02    1.11244e+02    6.75796e+01
     Coulomb-14        LJ (SR)  Disper. corr.   Coulomb (SR)   Coul. recip.
    1.84655e+03    2.03126e+04   -1.04465e+03   -1.46777e+05    9.70953e+02
      Potential    Kinetic En.   Total Energy  Conserved En.    Temperature
   -1.23666e+05    2.48828e+04   -9.87828e+04   -1.11798e+05    3.61089e+02
 Pres. DC (bar) Pressure (bar)   Constr. rmsd
   -2.01589e+02   -4.42454e+02    1.45013e-06

           Step           Time
         235000      470.00000

   Energies (kJ/mol)
        G96Bond       G96Angle    Proper Dih.  Improper Dih.          LJ-14
    2.34138e+02    4.15839e+02    1.72258e+02    1.17547e+02    7.84990e+01
     Coulomb-14        LJ (SR)  Disper. corr.   Coulomb (SR)   Coul. recip.
    1.83394e+03    2.06101e+04   -1.04469e+03   -1.46897e+05    9.52734e+02
      Potential    Kinetic En.   Total Energy  Conserved En.    Temperature
   -1.23526e+05    2.54048e+04   -9.81217e+04   -1.11773e+05    3.68665e+02
 Pres. DC (bar) Pressure (bar)   Constr. rmsd
   -2.01605e+02    1.34761e+02    3.08594e-06

           Step           Time
         240000      480.00000

   Energies (kJ/mol)
        G96Bond       G96Angle    Proper Dih.  Improper Dih.          LJ-14
    2.62788e+02    4.04133e+02    2.28048e+02    1.12813e+02    5.83279e+01
     Coulomb-14        LJ (SR)  Disper. corr.   Coulomb (SR)   Coul. recip.
    1.84679e+03    2.06049e+04   -1.04157e+03   -1.45909e+05    1.03703e+03
      Potential    Kinetic En.   Total Energy  Conserved En.    Temperature
   -1.22396e+05    2.51815e+04   -9.72145e+04   -1.11736e+05    3.65425e+02
 Pres. DC (bar) Pressure (bar)   Constr. rmsd
   -2.00403e+02    2.23678e+02    1.66239e-06

           Step           Time
         245000      490.00000

   Energies (kJ/mol)
        G96Bond       G96Angle    Proper Dih.  Improper Dih.          LJ-14
    2.36606e+02    4.17214e+02    1.84944e+02    1.00337e+02    5.78846e+01
     Coulomb-14        LJ (SR)  Disper. corr.   Coulomb (SR)   Coul. recip.
    1.81442e+03    2.07219e+04   -1.03735e+03   -1.46845e+05    9.28044e+02
      Potential    Kinetic En.   Total Energy  Conserved En.    Temperature
   -1.23421e+05    2.50822e+04   -9.83391e+04   -1.11719e+05    3.63983e+02
 Pres. DC (bar) Pressure (bar)   Constr. rmsd
   -1.98785e+02   -1.12729e+01    2.45884e-06

           Step           Time
         250000      500.00000

   Energies (kJ/mol)
        G96Bond       G96Angle    Proper Dih.  Improper Dih.          LJ-14
    2.74202e+02    3.99121e+02    1.91849e+02    1.28035e+02    6.18752e+01
     Coulomb-14        LJ (SR)  Disper. corr.   Coulomb (SR)   Coul. recip.
    1.79549e+03    2.07494e+04   -1.04236e+03   -1.47030e+05    9.84167e+02
      Potential    Kinetic En.   Total Energy  Conserved En.    Temperature
   -1.23488e+05    2.48592e+04   -9.86291e+04   -1.11700e+05    3.60747e+02
 Pres. DC (bar) Pressure (bar)   Constr. rmsd
   -2.00705e+02   -1.03904e+02    2.71292e-06

           Step           Time
         255000      510.00000

   Energies (kJ/mol)
        G96Bond       G96Angle    Proper Dih.  Improper Dih.          LJ-14
    2.34789e+02    3.70703e+02    2.00038e+02    1.30818e+02    3.88384e+01
     Coulomb-14        LJ (SR)  Disper. corr.   Coulomb (SR)   Coul. recip.
    1.83497e+03    1.97557e+04   -1.04147e+03   -1.45639e+05    9.46974e+02
      Potential    Kinetic En.   Total Energy  Conserved En.    Temperature
   -1.23167e+05    2.54839e+04   -9.76834e+04   -1.11686e+05    3.69813e+02
 Pres. DC (bar) Pressure (bar)   Constr. rmsd
   -2.00364e+02   -5.20777e+02    2.78722e-06

           Step           Time
         260000      520.00000

   Energies (kJ/mol)
        G96Bond       G96Angle    Proper Dih.  Improper Dih.          LJ-14
    2.54242e+02    4.37322e+02    2.33440e+02    1.16641e+02    5.55653e+01
     Coulomb-14        LJ (SR)  Disper. corr.   Coulomb (SR)   Coul. recip.
    1.90471e+03    2.14165e+04   -1.04122e+03   -1.47161e+05    1.01444e+03
      Potential    Kinetic En.   Total Energy  Conserved En.    Temperature
   -1.22769e+05    2.52145e+04   -9.75550e+04   -1.11655e+05    3.65903e+02
 Pres. DC (bar) Pressure (bar)   Constr. rmsd
   -2.00266e+02    4.57121e+02    1.86599e-06

           Step           Time
         265000      530.00000

   Energies (kJ/mol)
        G96Bond       G96Angle    Proper Dih.  Improper Dih.          LJ-14
    2.26014e+02    3.72123e+02    2.20421e+02    8.49285e+01    4.47056e+01
     Coulomb-14        LJ (SR)  Disper. corr.   Coulomb (SR)   Coul. recip.
    1.79795e+03    2.05219e+04   -1.04221e+03   -1.46260e+05    9.14290e+02
      Potential    Kinetic En.   Total Energy  Conserved En.    Temperature
   -1.23120e+05    2.49943e+04   -9.81259e+04   -1.11649e+05    3.62708e+02
 Pres. DC (bar) Pressure (bar)   Constr. rmsd
   -2.00647e+02    6.69526e+01    2.39326e-06

           Step           Time
         270000      540.00000

   Energies (kJ/mol)
        G96Bond       G96Angle    Proper Dih.  Improper Dih.          LJ-14
    2.26984e+02    3.55726e+02    2.37955e+02    9.63917e+01    6.36988e+01
     Coulomb-14        LJ (SR)  Disper. corr.   Coulomb (SR)   Coul. recip.
    1.86399e+03    2.16345e+04   -1.04591e+03   -1.48454e+05    8.65529e+02
      Potential    Kinetic En.   Total Energy  Conserved En.    Temperature
   -1.24156e+05    2.50002e+04   -9.91554e+04   -1.11616e+05    3.62793e+02
 Pres. DC (bar) Pressure (bar)   Constr. rmsd
   -2.02073e+02    4.44097e+02    3.09168e-06

           Step           Time
         275000      550.00000

   Energies (kJ/mol)
        G96Bond       G96Angle    Proper Dih.  Improper Dih.          LJ-14
    2.64208e+02    3.81669e+02    1.97541e+02    8.52394e+01    2.21496e+01
     Coulomb-14        LJ (SR)  Disper. corr.   Coulomb (SR)   Coul. recip.
    1.79949e+03    2.00203e+04   -1.03960e+03   -1.46348e+05    9.71490e+02
      Potential    Kinetic En.   Total Energy  Conserved En.    Temperature
   -1.23646e+05    2.49174e+04   -9.87284e+04   -1.11575e+05    3.61592e+02
 Pres. DC (bar) Pressure (bar)   Constr. rmsd
   -1.99648e+02   -4.25932e+02    2.05575e-06

           Step           Time
         280000      560.00000

   Energies (kJ/mol)
        G96Bond       G96Angle    Proper Dih.  Improper Dih.          LJ-14
    2.42212e+02    3.53796e+02    2.11118e+02    9.07249e+01    2.98742e+01
     Coulomb-14        LJ (SR)  Disper. corr.   Coulomb (SR)   Coul. recip.
    1.82695e+03    2.09349e+04   -1.04008e+03   -1.47231e+05    9.95051e+02
      Potential    Kinetic En.   Total Energy  Conserved En.    Temperature
   -1.23586e+05    2.47016e+04   -9.88845e+04   -1.11553e+05    3.58461e+02
 Pres. DC (bar) Pressure (bar)   Constr. rmsd
   -1.99830e+02   -1.66172e+01    1.52541e-06

           Step           Time
         285000      570.00000

   Energies (kJ/mol)
        G96Bond       G96Angle    Proper Dih.  Improper Dih.          LJ-14
    2.74361e+02    4.18910e+02    2.28205e+02    1.01922e+02    2.87957e+01
     Coulomb-14        LJ (SR)  Disper. corr.   Coulomb (SR)   Coul. recip.
    1.86360e+03    1.98660e+04   -1.03402e+03   -1.45661e+05    9.77036e+02
      Potential    Kinetic En.   Total Energy  Conserved En.    Temperature
   -1.22936e+05    2.55327e+04   -9.74038e+04   -1.11541e+05    3.70521e+02
 Pres. DC (bar) Pressure (bar)   Constr. rmsd
   -1.97510e+02   -3.29610e+02    1.35112e-06

           Step           Time
         290000      580.00000

   Energies (kJ/mol)
        G96Bond       G96Angle    Proper Dih.  Improper Dih.          LJ-14
    2.51064e+02    5.61475e+02    1.72264e+02    1.24366e+02    4.16283e+01
     Coulomb-14        LJ (SR)  Disper. corr.   Coulomb (SR)   Coul. recip.
    1.89149e+03    2.10022e+04   -1.04412e+03   -1.47380e+05    1.02998e+03
      Potential    Kinetic En.   Total Energy  Conserved En.    Temperature
   -1.23349e+05    2.52301e+04   -9.81193e+04   -1.11502e+05    3.66129e+02
 Pres. DC (bar) Pressure (bar)   Constr. rmsd
   -2.01384e+02    3.52825e+02    1.19774e-06

           Step           Time
         295000      590.00000

   Energies (kJ/mol)
        G96Bond       G96Angle    Proper Dih.  Improper Dih.          LJ-14
    2.48848e+02    3.92900e+02    2.39256e+02    1.09368e+02    3.23147e+01
     Coulomb-14        LJ (SR)  Disper. corr.   Coulomb (SR)   Coul. recip.
    1.84327e+03    2.06465e+04   -1.05249e+03   -1.47157e+05    9.81596e+02
      Potential    Kinetic En.   Total Energy  Conserved En.    Temperature
   -1.23715e+05    2.51124e+04   -9.86030e+04   -1.11491e+05    3.64422e+02
 Pres. DC (bar) Pressure (bar)   Constr. rmsd
   -2.04623e+02   -8.72573e+01    2.58017e-06

           Step           Time
         300000      600.00000

   Energies (kJ/mol)
        G96Bond       G96Angle    Proper Dih.  Improper Dih.          LJ-14
    2.36885e+02    3.84969e+02    2.03203e+02    1.25551e+02    5.01188e+01
     Coulomb-14        LJ (SR)  Disper. corr.   Coulomb (SR)   Coul. recip.
    1.85903e+03    2.07355e+04   -1.04782e+03   -1.47070e+05    9.73248e+02
      Potential    Kinetic En.   Total Energy  Conserved En.    Temperature
   -1.23550e+05    2.50274e+04   -9.85224e+04   -1.11488e+05    3.63188e+02
 Pres. DC (bar) Pressure (bar)   Constr. rmsd
   -2.02810e+02   -2.04471e+01    2.18547e-06

           Step           Time
         305000      610.00000

   Energies (kJ/mol)
        G96Bond       G96Angle    Proper Dih.  Improper Dih.          LJ-14
    2.34670e+02    4.06550e+02    2.18462e+02    1.12695e+02    6.03471e+01
     Coulomb-14        LJ (SR)  Disper. corr.   Coulomb (SR)   Coul. recip.
    1.86516e+03    2.07863e+04   -1.03585e+03   -1.46993e+05    9.79359e+02
      Potential    Kinetic En.   Total Energy  Conserved En.    Temperature
   -1.23365e+05    2.48708e+04   -9.84940e+04   -1.11455e+05    3.60916e+02
 Pres. DC (bar) Pressure (bar)   Constr. rmsd
   -1.98210e+02   -6.29562e+00    3.44204e-06

           Step           Time
         310000      620.00000

   Energies (kJ/mol)
        G96Bond       G96Angle    Proper Dih.  Improper Dih.          LJ-14
    2.89536e+02    4.03295e+02    2.40472e+02    1.04120e+02    4.89588e+01
     Coulomb-14        LJ (SR)  Disper. corr.   Coulomb (SR)   Coul. recip.
    1.86459e+03    2.05980e+04   -1.03579e+03   -1.46560e+05    1.03064e+03
      Potential    Kinetic En.   Total Energy  Conserved En.    Temperature
   -1.23016e+05    2.59082e+04   -9.71075e+04   -1.11442e+05    3.75970e+02
 Pres. DC (bar) Pressure (bar)   Constr. rmsd
   -1.98187e+02    9.47121e+01    3.63077e-06

           Step           Time
         315000      630.00000

   Energies (kJ/mol)
        G96Bond       G96Angle    Proper Dih.  Improper Dih.          LJ-14
    2.22953e+02    4.02282e+02    2.10513e+02    9.84899e+01    5.67143e+01
     Coulomb-14        LJ (SR)  Disper. corr.   Coulomb (SR)   Coul. recip.
    1.84270e+03    2.03110e+04   -1.03913e+03   -1.46328e+05    9.78486e+02
      Potential    Kinetic En.   Total Energy  Conserved En.    Temperature
   -1.23244e+05    2.48326e+04   -9.84112e+04   -1.11409e+05    3.60362e+02
 Pres. DC (bar) Pressure (bar)   Constr. rmsd
   -1.99467e+02   -2.05472e+02    2.25137e-06

           Step           Time
         320000      640.00000

   Energies (kJ/mol)
        G96Bond       G96Angle    Proper Dih.  Improper Dih.          LJ-14
    2.17009e+02    4.12177e+02    2.10008e+02    1.47058e+02    3.71677e+01
     Coulomb-14        LJ (SR)  Disper. corr.   Coulomb (SR)   Coul. recip.
    1.85466e+03    2.02373e+04   -1.04424e+03   -1.46244e+05    9.74162e+02
      Potential    Kinetic En.   Total Energy  Conserved En.    Temperature
   -1.23199e+05    2.47758e+04   -9.84233e+04   -1.11384e+05    3.59537e+02
 Pres. DC (bar) Pressure (bar)   Constr. rmsd
   -2.01429e+02   -2.25617e+02    3.19234e-06

           Step           Time
         325000      650.00000

   Energies (kJ/mol)
        G96Bond       G96Angle    Proper Dih.  Improper Dih.          LJ-14
    2.20498e+02    3.82034e+02    2.19611e+02    1.26776e+02    6.53422e+01
     Coulomb-14        LJ (SR)  Disper. corr.   Coulomb (SR)   Coul. recip.
    1.82652e+03    2.04235e+04   -1.03569e+03   -1.46317e+05    9.65069e+02
      Potential    Kinetic En.   Total Energy  Conserved En.    Temperature
   -1.23124e+05    2.49488e+04   -9.81748e+04   -1.11370e+05    3.62048e+02
 Pres. DC (bar) Pressure (bar)   Constr. rmsd
   -1.98149e+02   -7.69046e+01    4.03136e-06

           Step           Time
         330000      660.00000

   Energies (kJ/mol)
        G96Bond       G96Angle    Proper Dih.  Improper Dih.          LJ-14
    3.09062e+02    4.01313e+02    1.83263e+02    8.95683e+01    3.72148e+01
     Coulomb-14        LJ (SR)  Disper. corr.   Coulomb (SR)   Coul. recip.
    1.80194e+03    2.06610e+04   -1.03829e+03   -1.46495e+05    9.54164e+02
      Potential    Kinetic En.   Total Energy  Conserved En.    Temperature
   -1.23096e+05    2.49358e+04   -9.81599e+04   -1.11340e+05    3.61858e+02
 Pres. DC (bar) Pressure (bar)   Constr. rmsd
   -1.99142e+02   -2.43820e+02    1.23118e-06

           Step           Time
         335000      670.00000

   Energies (kJ/mol)
        G96Bond       G96Angle    Proper Dih.  Improper Dih.          LJ-14
    2.22544e+02    4.20725e+02    2.17358e+02    1.10415e+02    3.95143e+01
     Coulomb-14        LJ (SR)  Disper. corr.   Coulomb (SR)   Coul. recip.
    1.82127e+03    1.98837e+04   -1.03788e+03   -1.45418e+05    1.02564e+03
      Potential    Kinetic En.   Total Energy  Conserved En.    Temperature
   -1.22715e+05    2.51043e+04   -9.76103e+04   -1.11317e+05    3.64305e+02
 Pres. DC (bar) Pressure (bar)   Constr. rmsd
   -1.98986e+02   -3.62036e+02    2.74777e-06

           Step           Time
         340000      680.00000

   Energies (kJ/mol)
        G96Bond       G96Angle    Proper Dih.  Improper Dih.          LJ-14
    2.56250e+02    3.98035e+02    1.95480e+02    1.18418e+02    4.18788e+01
     Coulomb-14        LJ (SR)  Disper. corr.   Coulomb (SR)   Coul. recip.
    1.83429e+03    2.14696e+04   -1.04198e+03   -1.48406e+05    9.50443e+02
      Potential    Kinetic En.   Total Energy  Conserved En.    Temperature
   -1.24183e+05    2.48625e+04   -9.93207e+04   -1.11276e+05    3.60795e+02
 Pres. DC (bar) Pressure (bar)   Constr. rmsd
   -2.00562e+02    3.79442e+02    1.18625e-06

           Step           Time
         345000      690.00000

   Energies (kJ/mol)
        G96Bond       G96Angle    Proper Dih.  Improper Dih.          LJ-14
    2.68981e+02    4.10102e+02    1.80965e+02    1.27472e+02    4.72823e+01
     Coulomb-14        LJ (SR)  Disper. corr.   Coulomb (SR)   Coul. recip.
    1.85717e+03    2.06668e+04   -1.04153e+03   -1.47388e+05    9.55069e+02
      Potential    Kinetic En.   Total Energy  Conserved En.    Temperature
   -1.23916e+05    2.53598e+04   -9.85560e+04   -1.11260e+05    3.68011e+02
 Pres. DC (bar) Pressure (bar)   Constr. rmsd
   -2.00386e+02   -1.42163e+02    1.13327e-06

           Step           Time
         350000      700.00000

   Energies (kJ/mol)
        G96Bond       G96Angle    Proper Dih.  Improper Dih.          LJ-14
    2.64654e+02    4.26292e+02    2.14317e+02    1.12560e+02    4.01176e+01
     Coulomb-14        LJ (SR)  Disper. corr.   Coulomb (SR)   Coul. recip.
    1.83759e+03    2.00809e+04   -1.04805e+03   -1.46253e+05    9.80662e+02
      Potential    Kinetic En.   Total Energy  Conserved En.    Temperature
   -1.23344e+05    2.49577e+04   -9.83862e+04   -1.11232e+05    3.62177e+02
 Pres. DC (bar) Pressure (bar)   Constr. rmsd
   -2.02899e+02   -1.65398e+02    1.88628e-06

           Step           Time
         355000      710.00000

   Energies (kJ/mol)
        G96Bond       G96Angle    Proper Dih.  Improper Dih.          LJ-14
    2.46276e+02    3.47780e+02    1.87302e+02    1.11409e+02    4.46672e+01
     Coulomb-14        LJ (SR)  Disper. corr.   Coulomb (SR)   Coul. recip.
    1.84307e+03    2.08275e+04   -1.03469e+03   -1.47695e+05    1.00865e+03
      Potential    Kinetic En.   Total Energy  Conserved En.    Temperature
   -1.24113e+05    2.49054e+04   -9.92074e+04   -1.11209e+05    3.61417e+02
 Pres. DC (bar) Pressure (bar)   Constr. rmsd
   -1.97765e+02   -9.64861e+01    1.56083e-06

           Step           Time
         360000      720.00000

   Energies (kJ/mol)
        G96Bond       G96Angle    Proper Dih.  Improper Dih.          LJ-14
    2.82387e+02    3.61065e+02    1.70688e+02    7.68452e+01    7.80700e+01
     Coulomb-14        LJ (SR)  Disper. corr.   Coulomb (SR)   Coul. recip.
    1.80683e+03    2.01975e+04   -1.04481e+03   -1.46356e+05    1.03568e+03
      Potential    Kinetic En.   Total Energy  Conserved En.    Temperature
   -1.23392e+05    2.49695e+04   -9.84228e+04   -1.11187e+05    3.62348e+02
 Pres. DC (bar) Pressure (bar)   Constr. rmsd
   -2.01650e+02   -3.25722e+02    1.11049e-06

           Step           Time
         365000      730.00000

   Energies (kJ/mol)
        G96Bond       G96Angle    Proper Dih.  Improper Dih.          LJ-14
    2.69427e+02    3.52879e+02    1.89260e+02    1.16736e+02    6.11991e+01
     Coulomb-14        LJ (SR)  Disper. corr.   Coulomb (SR)   Coul. recip.
    1.83616e+03    2.10397e+04   -1.04729e+03   -1.46934e+05    9.99793e+02
      Potential    Kinetic En.   Total Energy  Conserved En.    Temperature
   -1.23116e+05    2.50145e+04   -9.81012e+04   -1.11145e+05    3.63001e+02
 Pres. DC (bar) Pressure (bar)   Constr. rmsd
   -2.02607e+02    4.50720e+02    3.63007e-06

           Step           Time
         370000      740.00000

   Energies (kJ/mol)
        G96Bond       G96Angle    Proper Dih.  Improper Dih.          LJ-14
    2.33275e+02    3.69903e+02    2.21692e+02    1.04370e+02    2.43179e+01
     Coulomb-14        LJ (SR)  Disper. corr.   Coulomb (SR)   Coul. recip.
    1.79414e+03    2.11132e+04   -1.03802e+03   -1.47049e+05    9.46832e+02
      Potential    Kinetic En.   Total Energy  Conserved En.    Temperature
   -1.23279e+05    2.51870e+04   -9.80924e+04   -1.11127e+05    3.65504e+02
 Pres. DC (bar) Pressure (bar)   Constr. rmsd
   -1.99039e+02    1.34989e+02    1.52942e-06

           Step           Time
         375000      750.00000

   Energies (kJ/mol)
        G96Bond       G96Angle    Proper Dih.  Improper Dih.          LJ-14
    2.47725e+02    3.63790e+02    2.36279e+02    8.35107e+01    8.69017e+01
     Coulomb-14        LJ (SR)  Disper. corr.   Coulomb (SR)   Coul. recip.
    1.83844e+03    2.04889e+04   -1.04323e+03   -1.46893e+05    9.27913e+02
      Potential    Kinetic En.   Total Energy  Conserved En.    Temperature
   -1.23663e+05    2.49010e+04   -9.87615e+04   -1.11100e+05    3.61354e+02
 Pres. DC (bar) Pressure (bar)   Constr. rmsd
   -2.01041e+02    1.16731e+02    1.72914e-06

           Step           Time
         380000      760.00000

   Energies (kJ/mol)
        G96Bond       G96Angle    Proper Dih.  Improper Dih.          LJ-14
    2.88533e+02    4.40362e+02    2.14550e+02    1.26930e+02    3.75917e+01
     Coulomb-14        LJ (SR)  Disper. corr.   Coulomb (SR)   Coul. recip.
    1.81536e+03    2.05936e+04   -1.04708e+03   -1.46930e+05    9.63989e+02
      Potential    Kinetic En.   Total Energy  Conserved En.    Temperature
   -1.23496e+05    2.48799e+04   -9.86159e+04   -1.11073e+05    3.61048e+02
 Pres. DC (bar) Pressure (bar)   Constr. rmsd
   -2.02526e+02    1.50430e+01    3.04668e-06

           Step           Time
         385000      770.00000

   Energies (kJ/mol)
        G96Bond       G96Angle    Proper Dih.  Improper Dih.          LJ-14
    2.13562e+02    4.02875e+02    2.18391e+02    8.47747e+01    4.66822e+01
     Coulomb-14        LJ (SR)  Disper. corr.   Coulomb (SR)   Coul. recip.
    1.80511e+03    2.05462e+04   -1.04710e+03   -1.46520e+05    9.80205e+02
      Potential    Kinetic En.   Total Energy  Conserved En.    Temperature
   -1.23269e+05    2.46291e+04   -9.86399e+04   -1.11050e+05    3.57408e+02
 Pres. DC (bar) Pressure (bar)   Constr. rmsd
   -2.02532e+02   -1.46515e+02    1.26931e-06

           Step           Time
         390000      780.00000

   Energies (kJ/mol)
        G96Bond       G96Angle    Proper Dih.  Improper Dih.          LJ-14
    2.48794e+02    3.77686e+02    2.04190e+02    1.08053e+02    5.39453e+01
     Coulomb-14        LJ (SR)  Disper. corr.   Coulomb (SR)   Coul. recip.
    1.83996e+03    2.06941e+04   -1.04525e+03   -1.46894e+05    9.77332e+02
      Potential    Kinetic En.   Total Energy  Conserved En.    Temperature
   -1.23435e+05    2.51288e+04   -9.83064e+04   -1.11032e+05    3.64660e+02
 Pres. DC (bar) Pressure (bar)   Constr. rmsd
   -2.01820e+02    1.15741e+02    3.60952e-06

           Step           Time
         395000      790.00000

   Energies (kJ/mol)
        G96Bond       G96Angle    Proper Dih.  Improper Dih.          LJ-14
    2.59317e+02    4.11431e+02    2.31981e+02    8.66942e+01    3.62686e+01
     Coulomb-14        LJ (SR)  Disper. corr.   Coulomb (SR)   Coul. recip.
    1.84452e+03    2.03253e+04   -1.04079e+03   -1.45674e+05    9.97752e+02
      Potential    Kinetic En.   Total Energy  Conserved En.    Temperature
   -1.22521e+05    2.50727e+04   -9.74483e+04   -1.11011e+05    3.63846e+02
 Pres. DC (bar) Pressure (bar)   Constr. rmsd
   -2.00102e+02    1.47970e+01    3.19726e-06

           Step           Time
         400000      800.00000

   Energies (kJ/mol)
        G96Bond       G96Angle    Proper Dih.  Improper Dih.          LJ-14
    2.27316e+02    4.34440e+02    2.19922e+02    7.93155e+01    7.77353e+01
     Coulomb-14        LJ (SR)  Disper. corr.   Coulomb (SR)   Coul. recip.
    1.78781e+03    2.04781e+04   -1.04644e+03   -1.46698e+05    9.57832e+02
      Potential    Kinetic En.   Total Energy  Conserved En.    Temperature
   -1.23482e+05    2.51038e+04   -9.83778e+04   -1.10982e+05    3.64297e+02
 Pres. DC (bar) Pressure (bar)   Constr. rmsd
   -2.02278e+02    2.40813e+01    2.01993e-06

           Step           Time
         405000      810.00000

   Energies (kJ/mol)
        G96Bond       G96Angle    Proper Dih.  Improper Dih.          LJ-14
    2.29416e+02    3.85745e+02    2.32312e+02    1.33420e+02    2.91166e+01
     Coulomb-14        LJ (SR)  Disper. corr.   Coulomb (SR)   Coul. recip.
    1.78269e+03    2.08251e+04   -1.04674e+03   -1.47322e+05    9.76926e+02
      Potential    Kinetic En.   Total Energy  Conserved En.    Temperature
   -1.23774e+05    2.51244e+04   -9.86499e+04   -1.10979e+05    3.64596e+02
 Pres. DC (bar) Pressure (bar)   Constr. rmsd
   -2.02396e+02    1.48172e+02    2.61767e-06

           Step           Time
         410000      820.00000

   Energies (kJ/mol)
        G96Bond       G96Angle    Proper Dih.  Improper Dih.          LJ-14
    2.50640e+02    3.94760e+02    1.88629e+02    1.14406e+02    4.21353e+01
     Coulomb-14        LJ (SR)  Disper. corr.   Coulomb (SR)   Coul. recip.
    1.77034e+03    2.00930e+04   -1.04220e+03   -1.46122e+05    9.74314e+02
      Potential    Kinetic En.   Total Energy  Conserved En.    Temperature
   -1.23336e+05    2.55678e+04   -9.77682e+04   -1.10960e+05    3.71031e+02
 Pres. DC (bar) Pressure (bar)   Constr. rmsd
   -2.00645e+02   -4.18420e+02    2.20561e-06

Writing checkpoint, step 414080 at Wed Apr  3 14:53:59 2024


Writing checkpoint, step 414400 at Wed Apr  3 15:04:10 2024


           Step           Time
         415000      830.00000

   Energies (kJ/mol)
        G96Bond       G96Angle    Proper Dih.  Improper Dih.          LJ-14
    2.31733e+02    4.16868e+02    2.25733e+02    9.02956e+01    7.63413e+01
     Coulomb-14        LJ (SR)  Disper. corr.   Coulomb (SR)   Coul. recip.
    1.83211e+03    2.00508e+04   -1.03672e+03   -1.45616e+05    9.25922e+02
      Potential    Kinetic En.   Total Energy  Conserved En.    Temperature
   -1.22802e+05    2.47197e+04   -9.80827e+04   -1.10927e+05    3.58723e+02
 Pres. DC (bar) Pressure (bar)   Constr. rmsd
   -1.98545e+02   -2.76782e+02    1.48944e-06

           Step           Time
         420000      840.00000

   Energies (kJ/mol)
        G96Bond       G96Angle    Proper Dih.  Improper Dih.          LJ-14
    2.54085e+02    4.04900e+02    1.88840e+02    1.28372e+02    6.77777e+01
     Coulomb-14        LJ (SR)  Disper. corr.   Coulomb (SR)   Coul. recip.
    1.73905e+03    2.01744e+04   -1.04332e+03   -1.46007e+05    9.39496e+02
      Potential    Kinetic En.   Total Energy  Conserved En.    Temperature
   -1.23153e+05    2.53444e+04   -9.78086e+04   -1.10911e+05    3.67789e+02
 Pres. DC (bar) Pressure (bar)   Constr. rmsd
   -2.01076e+02   -3.23077e+02    2.43984e-06

           Step           Time
         425000      850.00000

   Energies (kJ/mol)
        G96Bond       G96Angle    Proper Dih.  Improper Dih.          LJ-14
    2.36146e+02    3.98959e+02    1.82459e+02    1.05228e+02    3.78380e+01
     Coulomb-14        LJ (SR)  Disper. corr.   Coulomb (SR)   Coul. recip.
    1.78663e+03    2.01807e+04   -1.04705e+03   -1.46303e+05    9.48060e+02
      Potential    Kinetic En.   Total Energy  Conserved En.    Temperature
   -1.23474e+05    2.51599e+04   -9.83139e+04   -1.10888e+05    3.65111e+02
 Pres. DC (bar) Pressure (bar)   Constr. rmsd
   -2.02516e+02   -2.20337e+02    1.48629e-06

           Step           Time
         430000      860.00000

   Energies (kJ/mol)
        G96Bond       G96Angle    Proper Dih.  Improper Dih.          LJ-14
    2.90492e+02    4.49473e+02    1.89789e+02    1.51842e+02    3.19764e+01
     Coulomb-14        LJ (SR)  Disper. corr.   Coulomb (SR)   Coul. recip.
    1.78408e+03    2.10218e+04   -1.03698e+03   -1.47025e+05    9.31133e+02
      Potential    Kinetic En.   Total Energy  Conserved En.    Temperature
   -1.23211e+05    2.52112e+04   -9.79998e+04   -1.10854e+05    3.65855e+02
 Pres. DC (bar) Pressure (bar)   Constr. rmsd
   -1.98641e+02    1.91455e+02    2.12474e-06

           Step           Time
         435000      870.00000

   Energies (kJ/mol)
        G96Bond       G96Angle    Proper Dih.  Improper Dih.          LJ-14
    3.27608e+02    3.98703e+02    1.79653e+02    8.16174e+01    7.11922e+01
     Coulomb-14        LJ (SR)  Disper. corr.   Coulomb (SR)   Coul. recip.
    1.73667e+03    2.09390e+04   -1.04375e+03   -1.46605e+05    9.25401e+02
      Potential    Kinetic En.   Total Energy  Conserved En.    Temperature
   -1.22989e+05    2.56556e+04   -9.73333e+04   -1.10850e+05    3.72305e+02
 Pres. DC (bar) Pressure (bar)   Constr. rmsd
   -2.01240e+02    1.69190e+02    1.75689e-06

           Step           Time
         440000      880.00000

   Energies (kJ/mol)
        G96Bond       G96Angle    Proper Dih.  Improper Dih.          LJ-14
    2.08844e+02    3.61298e+02    2.47003e+02    9.62930e+01    4.25739e+01
     Coulomb-14        LJ (SR)  Disper. corr.   Coulomb (SR)   Coul. recip.
    1.82309e+03    2.07359e+04   -1.04100e+03   -1.47503e+05    9.70782e+02
      Potential    Kinetic En.   Total Energy  Conserved En.    Temperature
   -1.24058e+05    2.50668e+04   -9.89913e+04   -1.10820e+05    3.63760e+02
 Pres. DC (bar) Pressure (bar)   Constr. rmsd
   -2.00185e+02   -1.84701e+02    1.32782e-06

           Step           Time
         445000      890.00000

   Energies (kJ/mol)
        G96Bond       G96Angle    Proper Dih.  Improper Dih.          LJ-14
    2.48594e+02    3.99947e+02    1.91861e+02    1.02653e+02    7.95281e+01
     Coulomb-14        LJ (SR)  Disper. corr.   Coulomb (SR)   Coul. recip.
    1.80388e+03    2.09004e+04   -1.04964e+03   -1.47005e+05    9.43757e+02
      Potential    Kinetic En.   Total Energy  Conserved En.    Temperature
   -1.23384e+05    2.50384e+04   -9.83452e+04   -1.10798e+05    3.63348e+02
 Pres. DC (bar) Pressure (bar)   Constr. rmsd
   -2.03516e+02    1.43135e+02    1.44103e-06

           Step           Time
         450000      900.00000

   Energies (kJ/mol)
        G96Bond       G96Angle    Proper Dih.  Improper Dih.          LJ-14
    2.94808e+02    4.04473e+02    1.99472e+02    1.06444e+02    4.00770e+01
     Coulomb-14        LJ (SR)  Disper. corr.   Coulomb (SR)   Coul. recip.
    1.87543e+03    2.10095e+04   -1.03681e+03   -1.46591e+05    9.93544e+02
      Potential    Kinetic En.   Total Energy  Conserved En.    Temperature
   -1.22705e+05    2.48459e+04   -9.78587e+04   -1.10773e+05    3.60554e+02
 Pres. DC (bar) Pressure (bar)   Constr. rmsd
   -1.98576e+02    7.83636e+01    1.24513e-06

           Step           Time
         455000      910.00000

   Energies (kJ/mol)
        G96Bond       G96Angle    Proper Dih.  Improper Dih.          LJ-14
    2.18691e+02    4.01416e+02    1.83202e+02    1.32724e+02    4.43708e+01
     Coulomb-14        LJ (SR)  Disper. corr.   Coulomb (SR)   Coul. recip.
    1.74672e+03    2.10602e+04   -1.03979e+03   -1.46776e+05    9.47386e+02
      Potential    Kinetic En.   Total Energy  Conserved En.    Temperature
   -1.23081e+05    2.48767e+04   -9.82045e+04   -1.10750e+05    3.61001e+02
 Pres. DC (bar) Pressure (bar)   Constr. rmsd
   -1.99719e+02    3.28184e+02    1.43592e-06

           Step           Time
         460000      920.00000

   Energies (kJ/mol)
        G96Bond       G96Angle    Proper Dih.  Improper Dih.          LJ-14
    1.98197e+02    4.14747e+02    1.64260e+02    1.23133e+02    4.74427e+01
     Coulomb-14        LJ (SR)  Disper. corr.   Coulomb (SR)   Coul. recip.
    1.85288e+03    2.07087e+04   -1.04192e+03   -1.47058e+05    9.22037e+02
      Potential    Kinetic En.   Total Energy  Conserved En.    Temperature
   -1.23669e+05    2.43298e+04   -9.93388e+04   -1.10733e+05    3.53064e+02
 Pres. DC (bar) Pressure (bar)   Constr. rmsd
   -2.00535e+02    5.32581e+01    2.00527e-06

           Step           Time
         465000      930.00000

   Energies (kJ/mol)
        G96Bond       G96Angle    Proper Dih.  Improper Dih.          LJ-14
    2.41667e+02    3.54127e+02    2.29199e+02    1.09722e+02    3.37361e+01
     Coulomb-14        LJ (SR)  Disper. corr.   Coulomb (SR)   Coul. recip.
    1.83398e+03    2.02562e+04   -1.04799e+03   -1.46234e+05    8.93690e+02
      Potential    Kinetic En.   Total Energy  Conserved En.    Temperature
   -1.23330e+05    2.46812e+04   -9.86489e+04   -1.10717e+05    3.58164e+02
 Pres. DC (bar) Pressure (bar)   Constr. rmsd
   -2.02876e+02   -2.47859e+02    1.52755e-06

           Step           Time
         470000      940.00000

   Energies (kJ/mol)
        G96Bond       G96Angle    Proper Dih.  Improper Dih.          LJ-14
    2.67353e+02    3.82817e+02    2.09231e+02    1.28532e+02    6.09558e+01
     Coulomb-14        LJ (SR)  Disper. corr.   Coulomb (SR)   Coul. recip.
    1.81304e+03    2.00933e+04   -1.03796e+03   -1.45787e+05    9.69918e+02
      Potential    Kinetic En.   Total Energy  Conserved En.    Temperature
   -1.22900e+05    2.48195e+04   -9.80804e+04   -1.10704e+05    3.60171e+02
 Pres. DC (bar) Pressure (bar)   Constr. rmsd
   -1.99017e+02   -2.45214e+02    1.57299e-06

           Step           Time
         475000      950.00000

   Energies (kJ/mol)
        G96Bond       G96Angle    Proper Dih.  Improper Dih.          LJ-14
    2.66451e+02    3.97763e+02    2.20903e+02    7.12876e+01    4.70366e+01
     Coulomb-14        LJ (SR)  Disper. corr.   Coulomb (SR)   Coul. recip.
    1.86285e+03    2.04372e+04   -1.04025e+03   -1.46061e+05    9.50996e+02
      Potential    Kinetic En.   Total Energy  Conserved En.    Temperature
   -1.22847e+05    2.47381e+04   -9.81091e+04   -1.10684e+05    3.58991e+02
 Pres. DC (bar) Pressure (bar)   Constr. rmsd
   -1.99894e+02    4.62065e+01    1.27525e-06

           Step           Time
         480000      960.00000

   Energies (kJ/mol)
        G96Bond       G96Angle    Proper Dih.  Improper Dih.          LJ-14
    2.97917e+02    3.96195e+02    1.72879e+02    1.03570e+02    8.53800e+01
     Coulomb-14        LJ (SR)  Disper. corr.   Coulomb (SR)   Coul. recip.
    1.87510e+03    1.99635e+04   -1.04173e+03   -1.46467e+05    9.21866e+02
      Potential    Kinetic En.   Total Energy  Conserved En.    Temperature
   -1.23692e+05    2.49947e+04   -9.86973e+04   -1.10648e+05    3.62713e+02
 Pres. DC (bar) Pressure (bar)   Constr. rmsd
   -2.00465e+02   -5.04720e+02    2.42090e-06

           Step           Time
         485000      970.00000

   Energies (kJ/mol)
        G96Bond       G96Angle    Proper Dih.  Improper Dih.          LJ-14
    2.72895e+02    4.17965e+02    2.36627e+02    1.41883e+02    5.02491e+01
     Coulomb-14        LJ (SR)  Disper. corr.   Coulomb (SR)   Coul. recip.
    1.84410e+03    2.14640e+04   -1.05088e+03   -1.47989e+05    9.74423e+02
      Potential    Kinetic En.   Total Energy  Conserved En.    Temperature
   -1.23638e+05    2.49455e+04   -9.86921e+04   -1.10621e+05    3.62000e+02
 Pres. DC (bar) Pressure (bar)   Constr. rmsd
   -2.03997e+02    3.78235e+02    3.13341e-06

           Step           Time
         490000      980.00000

   Energies (kJ/mol)
        G96Bond       G96Angle    Proper Dih.  Improper Dih.          LJ-14
    2.88595e+02    4.60364e+02    1.64567e+02    1.00571e+02    4.75764e+01
     Coulomb-14        LJ (SR)  Disper. corr.   Coulomb (SR)   Coul. recip.
    1.86047e+03    2.04738e+04   -1.04705e+03   -1.46671e+05    9.70223e+02
      Potential    Kinetic En.   Total Energy  Conserved En.    Temperature
   -1.23352e+05    2.50606e+04   -9.82913e+04   -1.10583e+05    3.63670e+02
 Pres. DC (bar) Pressure (bar)   Constr. rmsd
   -2.02515e+02   -4.70794e+01    1.84032e-06

           Step           Time
         495000      990.00000

   Energies (kJ/mol)
        G96Bond       G96Angle    Proper Dih.  Improper Dih.          LJ-14
    2.50440e+02    3.84778e+02    1.96280e+02    1.14901e+02    6.04917e+01
     Coulomb-14        LJ (SR)  Disper. corr.   Coulomb (SR)   Coul. recip.
    1.79648e+03    2.15736e+04   -1.03853e+03   -1.47698e+05    1.00402e+03
      Potential    Kinetic En.   Total Energy  Conserved En.    Temperature
   -1.23355e+05    2.51200e+04   -9.82354e+04   -1.10542e+05    3.64533e+02
 Pres. DC (bar) Pressure (bar)   Constr. rmsd
   -1.99236e+02    5.86298e+02    2.82565e-06

           Step           Time
         500000     1000.00000

Writing checkpoint, step 500000 at Wed Apr  3 15:12:16 2024


   Energies (kJ/mol)
        G96Bond       G96Angle    Proper Dih.  Improper Dih.          LJ-14
    2.40097e+02    3.78987e+02    1.58946e+02    7.94554e+01    3.40152e+01
     Coulomb-14        LJ (SR)  Disper. corr.   Coulomb (SR)   Coul. recip.
    1.83733e+03    2.09829e+04   -1.03670e+03   -1.47687e+05    9.65649e+02
      Potential    Kinetic En.   Total Energy  Conserved En.    Temperature
   -1.24046e+05    2.50225e+04   -9.90239e+04   -1.10528e+05    3.63117e+02
 Pres. DC (bar) Pressure (bar)   Constr. rmsd
   -1.98535e+02   -7.27495e+01    2.49686e-06


Energy conservation over simulation part #1 of length 1000 ns, time 0 to 1000 ns
  Conserved energy drift: 2.88e-04 kJ/mol/ps per atom


	<======  ###############  ==>
	<====  A V E R A G E S  ====>
	<==  ###############  ======>

	Statistics over 500001 steps using 5001 frames

   Energies (kJ/mol)
        G96Bond       G96Angle    Proper Dih.  Improper Dih.          LJ-14
    2.51155e+02    4.06150e+02    2.06698e+02    1.10436e+02    5.50698e+01
     Coulomb-14        LJ (SR)  Disper. corr.   Coulomb (SR)   Coul. recip.
    1.82724e+03    2.06433e+04   -1.04234e+03   -1.46769e+05    9.66190e+02
      Potential    Kinetic En.   Total Energy  Conserved En.    Temperature
   -1.23345e+05    2.50250e+04   -9.83204e+04   -1.11725e+05    3.63154e+02
 Pres. DC (bar) Pressure (bar)   Constr. rmsd
   -2.00708e+02   -1.21444e+00    0.00000e+00

          Box-X          Box-Y          Box-Z
    4.42001e+00    4.42001e+00    4.42001e+00

   Total Virial (kJ/mol)
    8.36667e+03   -1.36329e+01   -2.93445e+00
   -1.36248e+01    8.34885e+03    5.15966e+00
   -2.91865e+00    5.16851e+00    8.32484e+03

   Pressure (bar)
   -9.65102e+00    4.82515e+00    1.56124e+00
    4.82205e+00   -1.06532e+00   -1.01226e+00
    1.55517e+00   -1.01565e+00    7.07301e+00

      T-Protein  T-non-Protein
    3.63785e+02    3.63132e+02


	M E G A - F L O P S   A C C O U N T I N G

 NB=Group-cutoff nonbonded kernels    NxN=N-by-N cluster Verlet kernels
 RF=Reaction-Field  VdW=Van der Waals  QSTab=quadratic-spline table
 W3=SPC/TIP3p  W4=TIP4p (single or pairs)
 V&F=Potential and force  V=Potential only  F=Force only

 Computing:                               M-Number         M-Flops  % Flops
-----------------------------------------------------------------------------
 Pair Search distance check           32022.768088      288204.913     0.4
 NxN QSTab Elec. + LJ [F]           1019057.202224    41781345.291    51.2
 NxN QSTab Elec. + LJ [V&F]           10296.074904      607468.419     0.7
 NxN LJ [F]                            1059.518928       34964.125     0.0
 NxN LJ [V&F]                            10.696512         459.950     0.0
 NxN QSTab Elec. [F]                 962027.456768    32708933.530    40.1
 NxN QSTab Elec. [V&F]                 9719.099416      398483.076     0.5
 1,4 nonbonded interactions             155.000310       13950.028     0.0
 Calc Weights                         12306.024612      443016.886     0.5
 Spread Q Bspline                    262528.525056      525057.050     0.6
 Gather F Bspline                    262528.525056     1575171.150     1.9
 3D-FFT                              316593.633186     2532749.065     3.1
 Solve PME                              392.000784       25088.050     0.0
 Shift-X                                102.558204         615.349     0.0
 Bonds                                   80.000160        4720.009     0.0
 Angles                                 149.500299       25116.050     0.0
 Propers                                 56.500113       12938.526     0.0
 Impropers                               50.000100       10400.021     0.0
 Virial                                 412.458249        7424.248     0.0
 Stop-CM                                 41.028204         410.282     0.0
 Calc-Ekin                              820.416408       22151.243     0.0
 Lincs                                   22.000044        1320.003     0.0
 Lincs-Mat                               60.000120         240.000     0.0
 Constraint-V                          4038.508077       36346.573     0.0
 Constraint-Vir                         401.658033        9639.793     0.0
 Settle                                1331.502663      492655.985     0.6
-----------------------------------------------------------------------------
 Total                                                81558869.617   100.0
-----------------------------------------------------------------------------


     R E A L   C Y C L E   A N D   T I M E   A C C O U N T I N G

On 1 MPI rank, each using 8 OpenMP threads

 Computing:          Num   Num      Call    Wall time         Giga-Cycles
                     Ranks Threads  Count      (s)         total sum    %
-----------------------------------------------------------------------------
 Neighbor search        1    8      12501     107.294       1006.576   2.4
 Force                  1    8     500001    2979.973      27956.597  67.1
 PME mesh               1    8     500001     842.880       7907.475  19.0
 NB X/F buffer ops.     1    8     987501     289.063       2711.839   6.5
 Write traj.            1    8        105       1.947         18.267   0.0
 Update                 1    8     500001      85.341        800.628   1.9
 Constraints            1    8     500001      99.619        934.574   2.2
 Rest                                          37.682        353.512   0.8
-----------------------------------------------------------------------------
 Total                                       4443.798      41689.467 100.0
-----------------------------------------------------------------------------
 Breakdown of PME mesh computation
-----------------------------------------------------------------------------
 PME spread             1    8     500001     311.226       2919.763   7.0
 PME gather             1    8     500001     314.214       2947.800   7.1
 PME 3D-FFT             1    8    1000002     177.428       1664.537   4.0
 PME solve Elec         1    8     500001      16.358        153.464   0.4
-----------------------------------------------------------------------------

               Core t (s)   Wall t (s)        (%)
       Time:    35550.360     4443.798      800.0
                         1h14:03
                 (ns/day)    (hour/ns)
Performance:       19.443        1.234
Finished mdrun on rank 0 Wed Apr  3 15:12:17 2024

