              :-) GROMACS - gmx mdrun, 2020.1-Ubuntu-2020.1-1 (-:

                            GROMACS is written by:
     Emile Apol      Rossen Apostolov      Paul Bauer     Herman J.C. Berendsen
    Par Bjelkmar      Christian Blau   Viacheslav Bolnykh     Kevin Boyd    
 Aldert van Buuren   Rudi van Drunen     Anton Feenstra       Alan Gray     
  Gerrit Groenhof     Anca Hamuraru    Vincent Hindriksen  M. Eric Irrgang  
  Aleksei Iupinov   Christoph Junghans     Joe Jordan     Dimitrios Karkoulis
    Peter Kasson        Jiri Kraus      Carsten Kutzner      Per Larsson    
  Justin A. Lemkul    Viveca Lindahl    Magnus Lundborg     Erik Marklund   
    Pascal Merz     Pieter Meulenhoff    Teemu Murtola       Szilard Pall   
    Sander Pronk      Roland Schulz      Michael Shirts    Alexey Shvetsov  
   Alfons Sijbers     Peter Tieleman      Jon Vincent      Teemu Virolainen 
 Christian Wennberg    Maarten Wolf      Artem Zhmurov   
                           and the project leaders:
        Mark Abraham, Berk Hess, Erik Lindahl, and David van der Spoel

Copyright (c) 1991-2000, University of Groningen, The Netherlands.
Copyright (c) 2001-2019, The GROMACS development team at
Uppsala University, Stockholm University and
the Royal Institute of Technology, Sweden.
check out http://www.gromacs.org for more information.

GROMACS is free software; you can redistribute it and/or modify it
under the terms of the GNU Lesser General Public License
as published by the Free Software Foundation; either version 2.1
of the License, or (at your option) any later version.

GROMACS:      gmx mdrun, version 2020.1-Ubuntu-2020.1-1
Executable:   /usr/bin/gmx
Data prefix:  /usr
Working dir:  /home/cclab/210106076/Lab7
Process ID:   13093
Command line:
  gmx mdrun -v -s md.trp -o md.trr -g md.log -c after_md.gro -e md.edr -x md.xtc

GROMACS version:    2020.1-Ubuntu-2020.1-1
Precision:          single
Memory model:       64 bit
MPI library:        thread_mpi
OpenMP support:     enabled (GMX_OPENMP_MAX_THREADS = 64)
GPU support:        disabled
SIMD instructions:  SSE2
FFT library:        fftw-3.3.8-sse2-avx
RDTSCP usage:       disabled
TNG support:        enabled
Hwloc support:      hwloc-2.1.0
Tracing support:    disabled
C compiler:         /usr/bin/cc GNU 9.3.0
C compiler flags:   -msse2 -fexcess-precision=fast -funroll-all-loops
C++ compiler:       /usr/bin/c++ GNU 9.3.0
C++ compiler flags: -msse2 -fexcess-precision=fast -funroll-all-loops -fopenmp


Running on 1 node with total 6 cores, 12 logical cores
Hardware detected:
  CPU info:
    Vendor: Intel
    Brand:  Intel(R) Core(TM) i7-8700 CPU @ 3.20GHz
    Family: 6   Model: 158   Stepping: 10
    Features: aes apic avx avx2 clfsh cmov cx8 cx16 f16c fma hle htt intel lahf mmx msr nonstop_tsc pcid pclmuldq pdcm pdpe1gb popcnt pse rdrnd rdtscp rtm sse2 sse3 sse4.1 sse4.2 ssse3 tdt x2apic
  Hardware topology: Full, with devices
    Sockets, cores, and logical processors:
      Socket  0: [   0   6] [   1   7] [   2   8] [   3   9] [   4  10] [   5  11]
    Numa nodes:
      Node  0 (16549429248 bytes mem):   0   6   1   7   2   8   3   9   4  10   5  11
      Latency:
               0
         0  1.00
    Caches:
      L1: 32768 bytes, linesize 64 bytes, assoc. 8, shared 2 ways
      L2: 262144 bytes, linesize 64 bytes, assoc. 4, shared 2 ways
      L3: 12582912 bytes, linesize 64 bytes, assoc. 16, shared 12 ways
    PCI devices:
      0000:01:00.0  Id: 1002:6611  Class: 0x0300  Numa: 0
      0000:00:02.0  Id: 8086:3e92  Class: 0x0300  Numa: 0
      0000:00:17.0  Id: 8086:a352  Class: 0x0106  Numa: 0
      0000:02:00.0  Id: 8086:24fb  Class: 0x0280  Numa: 0
      0000:00:1f.6  Id: 8086:15bb  Class: 0x0200  Numa: 0

Highest SIMD level requested by all nodes in run: AVX2_256
SIMD instructions selected at compile time:       SSE2
This program was compiled for different hardware than you are running on,
which could influence performance.
The current CPU can measure timings more accurately than the code in
gmx mdrun was configured to use. This might affect your simulation
speed as accurate timings are needed for load-balancing.
Please consider rebuilding gmx mdrun with the GMX_USE_RDTSCP=ON CMake option.

++++ PLEASE READ AND CITE THE FOLLOWING REFERENCE ++++
M. J. Abraham, T. Murtola, R. Schulz, S. Páll, J. C. Smith, B. Hess, E.
Lindahl
GROMACS: High performance molecular simulations through multi-level
parallelism from laptops to supercomputers
SoftwareX 1 (2015) pp. 19-25
-------- -------- --- Thank You --- -------- --------


++++ PLEASE READ AND CITE THE FOLLOWING REFERENCE ++++
S. Páll, M. J. Abraham, C. Kutzner, B. Hess, E. Lindahl
Tackling Exascale Software Challenges in Molecular Dynamics Simulations with
GROMACS
In S. Markidis & E. Laure (Eds.), Solving Software Challenges for Exascale 8759 (2015) pp. 3-27
-------- -------- --- Thank You --- -------- --------


++++ PLEASE READ AND CITE THE FOLLOWING REFERENCE ++++
S. Pronk, S. Páll, R. Schulz, P. Larsson, P. Bjelkmar, R. Apostolov, M. R.
Shirts, J. C. Smith, P. M. Kasson, D. van der Spoel, B. Hess, and E. Lindahl
GROMACS 4.5: a high-throughput and highly parallel open source molecular
simulation toolkit
Bioinformatics 29 (2013) pp. 845-54
-------- -------- --- Thank You --- -------- --------


++++ PLEASE READ AND CITE THE FOLLOWING REFERENCE ++++
B. Hess and C. Kutzner and D. van der Spoel and E. Lindahl
GROMACS 4: Algorithms for highly efficient, load-balanced, and scalable
molecular simulation
J. Chem. Theory Comput. 4 (2008) pp. 435-447
-------- -------- --- Thank You --- -------- --------


++++ PLEASE READ AND CITE THE FOLLOWING REFERENCE ++++
D. van der Spoel, E. Lindahl, B. Hess, G. Groenhof, A. E. Mark and H. J. C.
Berendsen
GROMACS: Fast, Flexible and Free
J. Comp. Chem. 26 (2005) pp. 1701-1719
-------- -------- --- Thank You --- -------- --------


++++ PLEASE READ AND CITE THE FOLLOWING REFERENCE ++++
E. Lindahl and B. Hess and D. van der Spoel
GROMACS 3.0: A package for molecular simulation and trajectory analysis
J. Mol. Mod. 7 (2001) pp. 306-317
-------- -------- --- Thank You --- -------- --------


++++ PLEASE READ AND CITE THE FOLLOWING REFERENCE ++++
H. J. C. Berendsen, D. van der Spoel and R. van Drunen
GROMACS: A message-passing parallel molecular dynamics implementation
Comp. Phys. Comm. 91 (1995) pp. 43-56
-------- -------- --- Thank You --- -------- --------

Input Parameters:
   integrator                     = md
   tinit                          = 0
   dt                             = 0.002
   nsteps                         = 50000
   init-step                      = 0
   simulation-part                = 1
   comm-mode                      = Linear
   nstcomm                        = 100
   bd-fric                        = 0
   ld-seed                        = 455512850
   emtol                          = 10
   emstep                         = 0.01
   niter                          = 20
   fcstep                         = 0
   nstcgsteep                     = 1000
   nbfgscorr                      = 10
   rtpi                           = 0.05
   nstxout                        = 0
   nstvout                        = 0
   nstfout                        = 0
   nstlog                         = 500
   nstcalcenergy                  = 100
   nstenergy                      = 500
   nstxout-compressed             = 500
   compressed-x-precision         = 1000
   cutoff-scheme                  = Verlet
   nstlist                        = 20
   pbc                            = xyz
   periodic-molecules             = false
   verlet-buffer-tolerance        = 0.005
   rlist                          = 1.221
   coulombtype                    = PME
   coulomb-modifier               = Potential-shift
   rcoulomb-switch                = 0
   rcoulomb                       = 1.2
   epsilon-r                      = 1
   epsilon-rf                     = inf
   vdw-type                       = Cut-off
   vdw-modifier                   = Force-switch
   rvdw-switch                    = 1
   rvdw                           = 1.2
   DispCorr                       = EnerPres
   table-extension                = 1
   fourierspacing                 = 0.16
   fourier-nx                     = 36
   fourier-ny                     = 36
   fourier-nz                     = 36
   pme-order                      = 4
   ewald-rtol                     = 1e-05
   ewald-rtol-lj                  = 0.001
   lj-pme-comb-rule               = Geometric
   ewald-geometry                 = 0
   epsilon-surface                = 0
   tcoupl                         = V-rescale
   nsttcouple                     = 20
   nh-chain-length                = 0
   print-nose-hoover-chain-variables = false
   pcoupl                         = Parrinello-Rahman
   pcoupltype                     = Isotropic
   nstpcouple                     = 20
   tau-p                          = 2
   compressibility (3x3):
      compressibility[    0]={ 4.50000e-05,  0.00000e+00,  0.00000e+00}
      compressibility[    1]={ 0.00000e+00,  4.50000e-05,  0.00000e+00}
      compressibility[    2]={ 0.00000e+00,  0.00000e+00,  4.50000e-05}
   ref-p (3x3):
      ref-p[    0]={ 1.00000e+00,  0.00000e+00,  0.00000e+00}
      ref-p[    1]={ 0.00000e+00,  1.00000e+00,  0.00000e+00}
      ref-p[    2]={ 0.00000e+00,  0.00000e+00,  1.00000e+00}
   refcoord-scaling               = No
   posres-com (3):
      posres-com[0]= 0.00000e+00
      posres-com[1]= 0.00000e+00
      posres-com[2]= 0.00000e+00
   posres-comB (3):
      posres-comB[0]= 0.00000e+00
      posres-comB[1]= 0.00000e+00
      posres-comB[2]= 0.00000e+00
   QMMM                           = false
   QMconstraints                  = 0
   QMMMscheme                     = 0
   MMChargeScaleFactor            = 1
qm-opts:
   ngQM                           = 0
   constraint-algorithm           = Lincs
   continuation                   = true
   Shake-SOR                      = false
   shake-tol                      = 0.0001
   lincs-order                    = 4
   lincs-iter                     = 1
   lincs-warnangle                = 30
   nwall                          = 0
   wall-type                      = 9-3
   wall-r-linpot                  = -1
   wall-atomtype[0]               = -1
   wall-atomtype[1]               = -1
   wall-density[0]                = 0
   wall-density[1]                = 0
   wall-ewald-zfac                = 3
   pull                           = false
   awh                            = false
   rotation                       = false
   interactiveMD                  = false
   disre                          = No
   disre-weighting                = Conservative
   disre-mixed                    = false
   dr-fc                          = 1000
   dr-tau                         = 0
   nstdisreout                    = 100
   orire-fc                       = 0
   orire-tau                      = 0
   nstorireout                    = 100
   free-energy                    = no
   cos-acceleration               = 0
   deform (3x3):
      deform[    0]={ 0.00000e+00,  0.00000e+00,  0.00000e+00}
      deform[    1]={ 0.00000e+00,  0.00000e+00,  0.00000e+00}
      deform[    2]={ 0.00000e+00,  0.00000e+00,  0.00000e+00}
   simulated-tempering            = false
   swapcoords                     = no
   userint1                       = 0
   userint2                       = 0
   userint3                       = 0
   userint4                       = 0
   userreal1                      = 0
   userreal2                      = 0
   userreal3                      = 0
   userreal4                      = 0
   applied-forces:
     electric-field:
       x:
         E0                       = 0
         omega                    = 0
         t0                       = 0
         sigma                    = 0
       y:
         E0                       = 0
         omega                    = 0
         t0                       = 0
         sigma                    = 0
       z:
         E0                       = 0
         omega                    = 0
         t0                       = 0
         sigma                    = 0
     density-guided-simulation:
       active                     = false
       group                      = protein
       similarity-measure         = inner-product
       atom-spreading-weight      = unity
       force-constant             = 1e+09
       gaussian-transform-spreading-width = 0.2
       gaussian-transform-spreading-range-in-multiples-of-width = 4
       reference-density-filename = reference.mrc
       nst                        = 1
       normalize-densities        = true
       adaptive-force-scaling     = false
       adaptive-force-scaling-time-constant = 4
grpopts:
   nrdf:      1125.9     32955.1
   ref-t:         300         300
   tau-t:         0.1         0.1
annealing:          No          No
annealing-npoints:           0           0
   acc:	           0           0           0
   nfreeze:           N           N           N
   energygrp-flags[  0]: 0

Changing nstlist from 20 to 80, rlist from 1.221 to 1.323


Using 1 MPI thread

Non-default thread affinity set, disabling internal thread affinity

Using 12 OpenMP threads 

System total charge: 0.000
Will do PME sum in reciprocal space for electrostatic interactions.

++++ PLEASE READ AND CITE THE FOLLOWING REFERENCE ++++
U. Essmann, L. Perera, M. L. Berkowitz, T. Darden, H. Lee and L. G. Pedersen 
A smooth particle mesh Ewald method
J. Chem. Phys. 103 (1995) pp. 8577-8592
-------- -------- --- Thank You --- -------- --------

Using a Gaussian width (1/beta) of 0.384195 nm for Ewald
Potential shift: LJ r^-12: -2.648e-01 r^-6: -5.349e-01, Ewald -8.333e-06
Initialized non-bonded Coulomb Ewald tables, spacing: 1.02e-03 size: 1176

Generated table with 1161 data points for 1-4 COUL.
Tabscale = 500 points/nm
Generated table with 1161 data points for 1-4 LJ6.
Tabscale = 500 points/nm
Generated table with 1161 data points for 1-4 LJ12.
Tabscale = 500 points/nm

Using SIMD 4x4 nonbonded short-range kernels

Using a dual 4x4 pair-list setup updated with dynamic pruning:
  outer list: updated every 80 steps, buffer 0.123 nm, rlist 1.323 nm
  inner list: updated every 13 steps, buffer 0.001 nm, rlist 1.201 nm
At tolerance 0.005 kJ/mol/ps per atom, equivalent classical 1x1 list would be:
  outer list: updated every 80 steps, buffer 0.272 nm, rlist 1.472 nm
  inner list: updated every 13 steps, buffer 0.051 nm, rlist 1.251 nm

Long Range LJ corr.: <C6> 3.2485e-04


Initializing LINear Constraint Solver

++++ PLEASE READ AND CITE THE FOLLOWING REFERENCE ++++
B. Hess and H. Bekker and H. J. C. Berendsen and J. G. E. M. Fraaije
LINCS: A Linear Constraint Solver for molecular simulations
J. Comp. Chem. 18 (1997) pp. 1463-1472
-------- -------- --- Thank You --- -------- --------

The number of constraints is 572

++++ PLEASE READ AND CITE THE FOLLOWING REFERENCE ++++
S. Miyamoto and P. A. Kollman
SETTLE: An Analytical Version of the SHAKE and RATTLE Algorithms for Rigid
Water Models
J. Comp. Chem. 13 (1992) pp. 952-962
-------- -------- --- Thank You --- -------- --------


++++ PLEASE READ AND CITE THE FOLLOWING REFERENCE ++++
G. Bussi, D. Donadio and M. Parrinello
Canonical sampling through velocity rescaling
J. Chem. Phys. 126 (2007) pp. 014101
-------- -------- --- Thank You --- -------- --------

There are: 17045 Atoms
Center of mass motion removal mode is Linear
We have the following groups for center of mass motion removal:
  0:  rest

Started mdrun on rank 0 Wed Mar  6 11:30:54 2024

           Step           Time
              0        0.00000

   Energies (kJ/mol)
       G96Angle    Proper Dih.  Improper Dih.          LJ-14     Coulomb-14
    2.73579e+02    3.39357e+02    9.32080e+01    1.30048e+02    6.71106e+03
        LJ (SR)  Disper. corr.   Coulomb (SR)   Coul. recip.      Potential
    3.20720e+04   -1.58918e+03   -3.04694e+05    5.92557e+02   -2.66071e+05
    Kinetic En.   Total Energy  Conserved En.    Temperature Pres. DC (bar)
    3.24987e+02   -2.65746e+05   -2.65735e+05    2.29377e+00   -1.46347e+02
 Pressure (bar)   Constr. rmsd
   -8.41124e+03    6.58956e-05

           Step           Time
            500        1.00000

   Energies (kJ/mol)
       G96Angle    Proper Dih.  Improper Dih.          LJ-14     Coulomb-14
    7.82065e+02    4.12935e+02    2.57312e+02    1.07733e+02    6.68245e+03
        LJ (SR)  Disper. corr.   Coulomb (SR)   Coul. recip.      Potential
    3.60400e+04   -1.58931e+03   -2.74719e+05    7.67390e+02   -2.31259e+05
    Kinetic En.   Total Energy  Conserved En.    Temperature Pres. DC (bar)
    4.00830e+04   -1.91176e+05   -2.77924e+05    2.82907e+02   -1.46370e+02
 Pressure (bar)   Constr. rmsd
   -8.62100e+02    1.98649e-05

           Step           Time
           1000        2.00000

   Energies (kJ/mol)
       G96Angle    Proper Dih.  Improper Dih.          LJ-14     Coulomb-14
    8.38716e+02    4.52027e+02    2.75926e+02    1.00156e+02    6.63279e+03
        LJ (SR)  Disper. corr.   Coulomb (SR)   Coul. recip.      Potential
    3.73736e+04   -1.59381e+03   -2.76346e+05    8.22918e+02   -2.31444e+05
    Kinetic En.   Total Energy  Conserved En.    Temperature Pres. DC (bar)
    4.37025e+04   -1.87742e+05   -2.77782e+05    3.08454e+02   -1.47201e+02
 Pressure (bar)   Constr. rmsd
   -3.40495e+02    1.98472e-05

           Step           Time
           1500        3.00000

   Energies (kJ/mol)
       G96Angle    Proper Dih.  Improper Dih.          LJ-14     Coulomb-14
    7.65752e+02    4.36612e+02    2.93006e+02    1.35297e+02    6.64128e+03
        LJ (SR)  Disper. corr.   Coulomb (SR)   Coul. recip.      Potential
    3.68032e+04   -1.61919e+03   -2.76666e+05    8.17339e+02   -2.32392e+05
    Kinetic En.   Total Energy  Conserved En.    Temperature Pres. DC (bar)
    4.29484e+04   -1.89444e+05   -2.77737e+05    3.03131e+02   -1.51921e+02
 Pressure (bar)   Constr. rmsd
   -3.83727e+02    1.85385e-05

           Step           Time
           2000        4.00000

   Energies (kJ/mol)
       G96Angle    Proper Dih.  Improper Dih.          LJ-14     Coulomb-14
    8.67302e+02    3.90137e+02    2.51256e+02    7.98402e+01    6.66359e+03
        LJ (SR)  Disper. corr.   Coulomb (SR)   Coul. recip.      Potential
    3.77370e+04   -1.63051e+03   -2.77424e+05    8.49755e+02   -2.32216e+05
    Kinetic En.   Total Energy  Conserved En.    Temperature Pres. DC (bar)
    4.24402e+04   -1.89776e+05   -2.77722e+05    2.99544e+02   -1.54051e+02
 Pressure (bar)   Constr. rmsd
   -1.02516e+02    2.33169e-05

           Step           Time
           2500        5.00000

   Energies (kJ/mol)
       G96Angle    Proper Dih.  Improper Dih.          LJ-14     Coulomb-14
    8.20926e+02    3.67443e+02    2.55412e+02    1.44094e+02    6.62187e+03
        LJ (SR)  Disper. corr.   Coulomb (SR)   Coul. recip.      Potential
    3.66487e+04   -1.62985e+03   -2.76393e+05    7.98477e+02   -2.32366e+05
    Kinetic En.   Total Energy  Conserved En.    Temperature Pres. DC (bar)
    4.16154e+04   -1.90751e+05   -2.77711e+05    2.93723e+02   -1.53927e+02
 Pressure (bar)   Constr. rmsd
   -2.64248e+02    1.99445e-05

           Step           Time
           3000        6.00000

   Energies (kJ/mol)
       G96Angle    Proper Dih.  Improper Dih.          LJ-14     Coulomb-14
    8.18214e+02    4.32704e+02    2.71127e+02    1.72275e+02    6.65547e+03
        LJ (SR)  Disper. corr.   Coulomb (SR)   Coul. recip.      Potential
    3.79978e+04   -1.63829e+03   -2.78582e+05    7.98116e+02   -2.33074e+05
    Kinetic En.   Total Energy  Conserved En.    Temperature Pres. DC (bar)
    4.19068e+04   -1.91168e+05   -2.77702e+05    2.95779e+02   -1.55524e+02
 Pressure (bar)   Constr. rmsd
    2.46357e+02    1.48184e-05

           Step           Time
           3500        7.00000

   Energies (kJ/mol)
       G96Angle    Proper Dih.  Improper Dih.          LJ-14     Coulomb-14
    8.28361e+02    3.52855e+02    3.00045e+02    2.18276e+02    6.66041e+03
        LJ (SR)  Disper. corr.   Coulomb (SR)   Coul. recip.      Potential
    3.72366e+04   -1.63677e+03   -2.76674e+05    7.80013e+02   -2.31934e+05
    Kinetic En.   Total Energy  Conserved En.    Temperature Pres. DC (bar)
    4.23776e+04   -1.89556e+05   -2.77709e+05    2.99102e+02   -1.55235e+02
 Pressure (bar)   Constr. rmsd
    2.30319e+02    1.72061e-05

           Step           Time
           4000        8.00000

   Energies (kJ/mol)
       G96Angle    Proper Dih.  Improper Dih.          LJ-14     Coulomb-14
    8.36220e+02    4.07560e+02    3.05573e+02    1.77589e+02    6.65934e+03
        LJ (SR)  Disper. corr.   Coulomb (SR)   Coul. recip.      Potential
    3.74063e+04   -1.63242e+03   -2.78208e+05    7.93800e+02   -2.33254e+05
    Kinetic En.   Total Energy  Conserved En.    Temperature Pres. DC (bar)
    4.27912e+04   -1.90462e+05   -2.77719e+05    3.02022e+02   -1.54412e+02
 Pressure (bar)   Constr. rmsd
   -2.13664e+01    1.90347e-05

           Step           Time
           4500        9.00000

   Energies (kJ/mol)
       G96Angle    Proper Dih.  Improper Dih.          LJ-14     Coulomb-14
    8.36915e+02    4.10751e+02    2.62958e+02    1.32449e+02    6.61329e+03
        LJ (SR)  Disper. corr.   Coulomb (SR)   Coul. recip.      Potential
    3.68452e+04   -1.61955e+03   -2.76557e+05    8.08019e+02   -2.32267e+05
    Kinetic En.   Total Energy  Conserved En.    Temperature Pres. DC (bar)
    4.21115e+04   -1.90155e+05   -2.77715e+05    2.97224e+02   -1.51988e+02
 Pressure (bar)   Constr. rmsd
   -2.45645e+02    1.88010e-05

           Step           Time
           5000       10.00000

   Energies (kJ/mol)
       G96Angle    Proper Dih.  Improper Dih.          LJ-14     Coulomb-14
    8.45644e+02    3.88550e+02    2.73610e+02    1.11804e+02    6.61951e+03
        LJ (SR)  Disper. corr.   Coulomb (SR)   Coul. recip.      Potential
    3.75054e+04   -1.62978e+03   -2.77592e+05    8.35324e+02   -2.32642e+05
    Kinetic En.   Total Energy  Conserved En.    Temperature Pres. DC (bar)
    4.24203e+04   -1.90222e+05   -2.77699e+05    2.99404e+02   -1.53912e+02
 Pressure (bar)   Constr. rmsd
    4.30458e+01    1.94972e-05

           Step           Time
           5500       11.00000

   Energies (kJ/mol)
       G96Angle    Proper Dih.  Improper Dih.          LJ-14     Coulomb-14
    7.97732e+02    3.68187e+02    2.90135e+02    1.37838e+02    6.72436e+03
        LJ (SR)  Disper. corr.   Coulomb (SR)   Coul. recip.      Potential
    3.76798e+04   -1.62849e+03   -2.77197e+05    8.14651e+02   -2.32013e+05
    Kinetic En.   Total Energy  Conserved En.    Temperature Pres. DC (bar)
    4.24817e+04   -1.89531e+05   -2.77694e+05    2.99837e+02   -1.53670e+02
 Pressure (bar)   Constr. rmsd
    1.62344e+02    1.91182e-05

           Step           Time
           6000       12.00000

   Energies (kJ/mol)
       G96Angle    Proper Dih.  Improper Dih.          LJ-14     Coulomb-14
    8.86576e+02    4.06085e+02    2.85242e+02    1.63071e+02    6.68104e+03
        LJ (SR)  Disper. corr.   Coulomb (SR)   Coul. recip.      Potential
    3.76761e+04   -1.63506e+03   -2.77610e+05    7.91769e+02   -2.32355e+05
    Kinetic En.   Total Energy  Conserved En.    Temperature Pres. DC (bar)
    4.23607e+04   -1.89994e+05   -2.77701e+05    2.98983e+02   -1.54910e+02
 Pressure (bar)   Constr. rmsd
    3.09761e+02    1.45731e-05

           Step           Time
           6500       13.00000

   Energies (kJ/mol)
       G96Angle    Proper Dih.  Improper Dih.          LJ-14     Coulomb-14
    8.98345e+02    3.84344e+02    2.97061e+02    1.47607e+02    6.65127e+03
        LJ (SR)  Disper. corr.   Coulomb (SR)   Coul. recip.      Potential
    3.70169e+04   -1.63072e+03   -2.76622e+05    7.42001e+02   -2.32115e+05
    Kinetic En.   Total Energy  Conserved En.    Temperature Pres. DC (bar)
    4.23330e+04   -1.89782e+05   -2.77706e+05    2.98788e+02   -1.54090e+02
 Pressure (bar)   Constr. rmsd
   -1.11552e+02    1.89139e-05

           Step           Time
           7000       14.00000

   Energies (kJ/mol)
       G96Angle    Proper Dih.  Improper Dih.          LJ-14     Coulomb-14
    8.22761e+02    3.84402e+02    3.12932e+02    1.21531e+02    6.59910e+03
        LJ (SR)  Disper. corr.   Coulomb (SR)   Coul. recip.      Potential
    3.76967e+04   -1.63251e+03   -2.78326e+05    7.94489e+02   -2.33227e+05
    Kinetic En.   Total Energy  Conserved En.    Temperature Pres. DC (bar)
    4.25865e+04   -1.90640e+05   -2.77702e+05    3.00577e+02   -1.54429e+02
 Pressure (bar)   Constr. rmsd
    2.11707e+01    1.94585e-05

           Step           Time
           7500       15.00000

   Energies (kJ/mol)
       G96Angle    Proper Dih.  Improper Dih.          LJ-14     Coulomb-14
    9.00881e+02    3.91021e+02    3.42656e+02    1.50789e+02    6.62159e+03
        LJ (SR)  Disper. corr.   Coulomb (SR)   Coul. recip.      Potential
    3.76872e+04   -1.63335e+03   -2.78075e+05    7.94766e+02   -2.32819e+05
    Kinetic En.   Total Energy  Conserved En.    Temperature Pres. DC (bar)
    4.24539e+04   -1.90365e+05   -2.77694e+05    2.99641e+02   -1.54587e+02
 Pressure (bar)   Constr. rmsd
    1.51617e+02    1.85718e-05

           Step           Time
           8000       16.00000

   Energies (kJ/mol)
       G96Angle    Proper Dih.  Improper Dih.          LJ-14     Coulomb-14
    8.82385e+02    3.89003e+02    3.23168e+02    1.32708e+02    6.52682e+03
        LJ (SR)  Disper. corr.   Coulomb (SR)   Coul. recip.      Potential
    3.70659e+04   -1.62941e+03   -2.76681e+05    8.14451e+02   -2.32176e+05
    Kinetic En.   Total Energy  Conserved En.    Temperature Pres. DC (bar)
    4.30375e+04   -1.89138e+05   -2.77709e+05    3.03760e+02   -1.53844e+02
 Pressure (bar)   Constr. rmsd
   -1.68961e+02    2.21964e-05

           Step           Time
           8500       17.00000

   Energies (kJ/mol)
       G96Angle    Proper Dih.  Improper Dih.          LJ-14     Coulomb-14
    8.64841e+02    3.55999e+02    2.42652e+02    1.77931e+02    6.61096e+03
        LJ (SR)  Disper. corr.   Coulomb (SR)   Coul. recip.      Potential
    3.80157e+04   -1.63313e+03   -2.78023e+05    8.09318e+02   -2.32578e+05
    Kinetic En.   Total Energy  Conserved En.    Temperature Pres. DC (bar)
    4.28434e+04   -1.89735e+05   -2.77698e+05    3.02390e+02   -1.54546e+02
 Pressure (bar)   Constr. rmsd
    3.51028e+02    1.71023e-05

           Step           Time
           9000       18.00000

   Energies (kJ/mol)
       G96Angle    Proper Dih.  Improper Dih.          LJ-14     Coulomb-14
    9.22282e+02    3.89723e+02    3.15801e+02    1.33459e+02    6.56623e+03
        LJ (SR)  Disper. corr.   Coulomb (SR)   Coul. recip.      Potential
    3.78015e+04   -1.63368e+03   -2.77865e+05    8.01071e+02   -2.32569e+05
    Kinetic En.   Total Energy  Conserved En.    Temperature Pres. DC (bar)
    4.29328e+04   -1.89636e+05   -2.77689e+05    3.03021e+02   -1.54650e+02
 Pressure (bar)   Constr. rmsd
    1.30150e+02    2.30556e-05

           Step           Time
           9500       19.00000

   Energies (kJ/mol)
       G96Angle    Proper Dih.  Improper Dih.          LJ-14     Coulomb-14
    8.83169e+02    3.87454e+02    3.21280e+02    1.29971e+02    6.59097e+03
        LJ (SR)  Disper. corr.   Coulomb (SR)   Coul. recip.      Potential
    3.71598e+04   -1.62566e+03   -2.76693e+05    7.88003e+02   -2.32058e+05
    Kinetic En.   Total Energy  Conserved En.    Temperature Pres. DC (bar)
    4.29805e+04   -1.89078e+05   -2.77695e+05    3.03358e+02   -1.53136e+02
 Pressure (bar)   Constr. rmsd
   -1.58459e+02    1.94179e-05

           Step           Time
          10000       20.00000

   Energies (kJ/mol)
       G96Angle    Proper Dih.  Improper Dih.          LJ-14     Coulomb-14
    8.81666e+02    3.79715e+02    3.08532e+02    1.01207e+02    6.67948e+03
        LJ (SR)  Disper. corr.   Coulomb (SR)   Coul. recip.      Potential
    3.74619e+04   -1.64854e+03   -2.77825e+05    8.11313e+02   -2.32850e+05
    Kinetic En.   Total Energy  Conserved En.    Temperature Pres. DC (bar)
    4.27830e+04   -1.90067e+05   -2.77676e+05    3.01964e+02   -1.57473e+02
 Pressure (bar)   Constr. rmsd
   -5.47087e+01    2.40443e-05

           Step           Time
          10500       21.00000

   Energies (kJ/mol)
       G96Angle    Proper Dih.  Improper Dih.          LJ-14     Coulomb-14
    8.63703e+02    4.02421e+02    2.48293e+02    1.41944e+02    6.62558e+03
        LJ (SR)  Disper. corr.   Coulomb (SR)   Coul. recip.      Potential
    3.78604e+04   -1.62801e+03   -2.78000e+05    8.08640e+02   -2.32678e+05
    Kinetic En.   Total Energy  Conserved En.    Temperature Pres. DC (bar)
    4.20678e+04   -1.90610e+05   -2.77676e+05    2.96916e+02   -1.53580e+02
 Pressure (bar)   Constr. rmsd
    1.17423e+02    1.83086e-05

           Step           Time
          11000       22.00000

   Energies (kJ/mol)
       G96Angle    Proper Dih.  Improper Dih.          LJ-14     Coulomb-14
    9.64614e+02    3.37484e+02    2.77569e+02    1.46159e+02    6.59979e+03
        LJ (SR)  Disper. corr.   Coulomb (SR)   Coul. recip.      Potential
    3.79369e+04   -1.63430e+03   -2.78051e+05    7.98634e+02   -2.32624e+05
    Kinetic En.   Total Energy  Conserved En.    Temperature Pres. DC (bar)
    4.24097e+04   -1.90215e+05   -2.77679e+05    2.99329e+02   -1.54767e+02
 Pressure (bar)   Constr. rmsd
    1.93913e+02    1.82171e-05

           Step           Time
          11500       23.00000

   Energies (kJ/mol)
       G96Angle    Proper Dih.  Improper Dih.          LJ-14     Coulomb-14
    8.99896e+02    3.34977e+02    2.45407e+02    7.51528e+01    6.61535e+03
        LJ (SR)  Disper. corr.   Coulomb (SR)   Coul. recip.      Potential
    3.68554e+04   -1.62217e+03   -2.76484e+05    8.13243e+02   -2.32267e+05
    Kinetic En.   Total Energy  Conserved En.    Temperature Pres. DC (bar)
    4.25297e+04   -1.89737e+05   -2.77672e+05    3.00176e+02   -1.52479e+02
 Pressure (bar)   Constr. rmsd
   -3.03035e+02    2.16023e-05

           Step           Time
          12000       24.00000

   Energies (kJ/mol)
       G96Angle    Proper Dih.  Improper Dih.          LJ-14     Coulomb-14
    8.66641e+02    3.76317e+02    2.36881e+02    1.26184e+02    6.61651e+03
        LJ (SR)  Disper. corr.   Coulomb (SR)   Coul. recip.      Potential
    3.73366e+04   -1.64358e+03   -2.78033e+05    8.17854e+02   -2.33300e+05
    Kinetic En.   Total Energy  Conserved En.    Temperature Pres. DC (bar)
    4.24810e+04   -1.90819e+05   -2.77676e+05    2.99832e+02   -1.56529e+02
 Pressure (bar)   Constr. rmsd
   -8.90165e+01    2.27850e-05

           Step           Time
          12500       25.00000

   Energies (kJ/mol)
       G96Angle    Proper Dih.  Improper Dih.          LJ-14     Coulomb-14
    9.03704e+02    3.41551e+02    2.76427e+02    6.19287e+01    6.58877e+03
        LJ (SR)  Disper. corr.   Coulomb (SR)   Coul. recip.      Potential
    3.73561e+04   -1.64213e+03   -2.77604e+05    8.13268e+02   -2.32904e+05
    Kinetic En.   Total Energy  Conserved En.    Temperature Pres. DC (bar)
    4.25207e+04   -1.90383e+05   -2.77669e+05    3.00112e+02   -1.56252e+02
 Pressure (bar)   Constr. rmsd
   -3.82783e+01    2.00994e-05

           Step           Time
          13000       26.00000

   Energies (kJ/mol)
       G96Angle    Proper Dih.  Improper Dih.          LJ-14     Coulomb-14
    8.64231e+02    4.04494e+02    2.78547e+02    8.69985e+01    6.69907e+03
        LJ (SR)  Disper. corr.   Coulomb (SR)   Coul. recip.      Potential
    3.77556e+04   -1.62676e+03   -2.77223e+05    8.22212e+02   -2.31939e+05
    Kinetic En.   Total Energy  Conserved En.    Temperature Pres. DC (bar)
    4.25613e+04   -1.89378e+05   -2.77672e+05    3.00399e+02   -1.53345e+02
 Pressure (bar)   Constr. rmsd
    2.99719e+01    2.06506e-05

           Step           Time
          13500       27.00000

   Energies (kJ/mol)
       G96Angle    Proper Dih.  Improper Dih.          LJ-14     Coulomb-14
    9.09639e+02    3.81659e+02    2.97638e+02    1.39917e+02    6.63424e+03
        LJ (SR)  Disper. corr.   Coulomb (SR)   Coul. recip.      Potential
    3.72409e+04   -1.62403e+03   -2.76934e+05    7.78519e+02   -2.32175e+05
    Kinetic En.   Total Energy  Conserved En.    Temperature Pres. DC (bar)
    4.22658e+04   -1.89910e+05   -2.77666e+05    2.98313e+02   -1.52830e+02
 Pressure (bar)   Constr. rmsd
   -5.70892e+01    1.81626e-05

           Step           Time
          14000       28.00000

   Energies (kJ/mol)
       G96Angle    Proper Dih.  Improper Dih.          LJ-14     Coulomb-14
    8.54861e+02    4.00628e+02    2.91814e+02    9.23814e+01    6.58836e+03
        LJ (SR)  Disper. corr.   Coulomb (SR)   Coul. recip.      Potential
    3.69189e+04   -1.63838e+03   -2.76746e+05    7.53129e+02   -2.32484e+05
    Kinetic En.   Total Energy  Conserved En.    Temperature Pres. DC (bar)
    4.24150e+04   -1.90069e+05   -2.77673e+05    2.99366e+02   -1.55540e+02
 Pressure (bar)   Constr. rmsd
   -2.15515e+02    2.28339e-05

           Step           Time
          14500       29.00000

   Energies (kJ/mol)
       G96Angle    Proper Dih.  Improper Dih.          LJ-14     Coulomb-14
    7.58569e+02    3.25343e+02    2.69432e+02    1.51624e+02    6.71481e+03
        LJ (SR)  Disper. corr.   Coulomb (SR)   Coul. recip.      Potential
    3.75695e+04   -1.63647e+03   -2.77856e+05    7.84061e+02   -2.32919e+05
    Kinetic En.   Total Energy  Conserved En.    Temperature Pres. DC (bar)
    4.18730e+04   -1.91046e+05   -2.77662e+05    2.95541e+02   -1.55178e+02
 Pressure (bar)   Constr. rmsd
    1.09675e+02    1.62424e-05

           Step           Time
          15000       30.00000

   Energies (kJ/mol)
       G96Angle    Proper Dih.  Improper Dih.          LJ-14     Coulomb-14
    8.91521e+02    3.77860e+02    2.78825e+02    1.27886e+02    6.62679e+03
        LJ (SR)  Disper. corr.   Coulomb (SR)   Coul. recip.      Potential
    3.75068e+04   -1.62602e+03   -2.77613e+05    7.94585e+02   -2.32635e+05
    Kinetic En.   Total Energy  Conserved En.    Temperature Pres. DC (bar)
    4.23127e+04   -1.90322e+05   -2.77659e+05    2.98644e+02   -1.53203e+02
 Pressure (bar)   Constr. rmsd
   -1.32477e+02    2.24034e-05

           Step           Time
          15500       31.00000

   Energies (kJ/mol)
       G96Angle    Proper Dih.  Improper Dih.          LJ-14     Coulomb-14
    8.65666e+02    3.35796e+02    2.81818e+02    1.09050e+02    6.63476e+03
        LJ (SR)  Disper. corr.   Coulomb (SR)   Coul. recip.      Potential
    3.77750e+04   -1.62893e+03   -2.78534e+05    7.60288e+02   -2.33400e+05
    Kinetic En.   Total Energy  Conserved En.    Temperature Pres. DC (bar)
    4.21805e+04   -1.91220e+05   -2.77665e+05    2.97711e+02   -1.53753e+02
 Pressure (bar)   Constr. rmsd
    2.07495e+01    1.89848e-05

           Step           Time
          16000       32.00000

   Energies (kJ/mol)
       G96Angle    Proper Dih.  Improper Dih.          LJ-14     Coulomb-14
    8.73242e+02    3.50068e+02    2.74620e+02    9.02338e+01    6.68201e+03
        LJ (SR)  Disper. corr.   Coulomb (SR)   Coul. recip.      Potential
    3.70276e+04   -1.63510e+03   -2.77801e+05    7.66572e+02   -2.33372e+05
    Kinetic En.   Total Energy  Conserved En.    Temperature Pres. DC (bar)
    4.24926e+04   -1.90879e+05   -2.77666e+05    2.99914e+02   -1.54919e+02
 Pressure (bar)   Constr. rmsd
   -1.56486e+02    1.85898e-05

           Step           Time
          16500       33.00000

   Energies (kJ/mol)
       G96Angle    Proper Dih.  Improper Dih.          LJ-14     Coulomb-14
    9.71963e+02    3.69667e+02    3.06012e+02    8.41665e+01    6.52499e+03
        LJ (SR)  Disper. corr.   Coulomb (SR)   Coul. recip.      Potential
    3.82463e+04   -1.63051e+03   -2.77736e+05    8.27924e+02   -2.32035e+05
    Kinetic En.   Total Energy  Conserved En.    Temperature Pres. DC (bar)
    4.23490e+04   -1.89686e+05   -2.77653e+05    2.98901e+02   -1.54051e+02
 Pressure (bar)   Constr. rmsd
    1.57368e+02    2.13298e-05

           Step           Time
          17000       34.00000

   Energies (kJ/mol)
       G96Angle    Proper Dih.  Improper Dih.          LJ-14     Coulomb-14
    9.22007e+02    3.60620e+02    3.00684e+02    6.92442e+01    6.60278e+03
        LJ (SR)  Disper. corr.   Coulomb (SR)   Coul. recip.      Potential
    3.70009e+04   -1.62697e+03   -2.75835e+05    8.22616e+02   -2.31383e+05
    Kinetic En.   Total Energy  Conserved En.    Temperature Pres. DC (bar)
    4.26935e+04   -1.88690e+05   -2.77668e+05    3.01332e+02   -1.53383e+02
 Pressure (bar)   Constr. rmsd
   -8.11378e+01    2.13955e-05

           Step           Time
          17500       35.00000

   Energies (kJ/mol)
       G96Angle    Proper Dih.  Improper Dih.          LJ-14     Coulomb-14
    9.08647e+02    3.42997e+02    2.80078e+02    1.24983e+02    6.55403e+03
        LJ (SR)  Disper. corr.   Coulomb (SR)   Coul. recip.      Potential
    3.84882e+04   -1.63132e+03   -2.78369e+05    8.01617e+02   -2.32500e+05
    Kinetic En.   Total Energy  Conserved En.    Temperature Pres. DC (bar)
    4.23799e+04   -1.90120e+05   -2.77670e+05    2.99118e+02   -1.54204e+02
 Pressure (bar)   Constr. rmsd
    4.96135e+02    1.90227e-05

           Step           Time
          18000       36.00000

   Energies (kJ/mol)
       G96Angle    Proper Dih.  Improper Dih.          LJ-14     Coulomb-14
    8.40610e+02    3.28198e+02    2.38325e+02    8.73021e+01    6.65599e+03
        LJ (SR)  Disper. corr.   Coulomb (SR)   Coul. recip.      Potential
    3.85141e+04   -1.63132e+03   -2.78537e+05    8.40124e+02   -2.32664e+05
    Kinetic En.   Total Energy  Conserved En.    Temperature Pres. DC (bar)
    4.22202e+04   -1.90444e+05   -2.77667e+05    2.97992e+02   -1.54204e+02
 Pressure (bar)   Constr. rmsd
    3.16494e+02    1.87653e-05

           Step           Time
          18500       37.00000

   Energies (kJ/mol)
       G96Angle    Proper Dih.  Improper Dih.          LJ-14     Coulomb-14
    8.12011e+02    3.79264e+02    3.01818e+02    1.11461e+02    6.65240e+03
        LJ (SR)  Disper. corr.   Coulomb (SR)   Coul. recip.      Potential
    3.82733e+04   -1.64935e+03   -2.79393e+05    7.70317e+02   -2.33742e+05
    Kinetic En.   Total Energy  Conserved En.    Temperature Pres. DC (bar)
    4.31296e+04   -1.90612e+05   -2.77671e+05    3.04410e+02   -1.57627e+02
 Pressure (bar)   Constr. rmsd
    4.19799e+02    1.93459e-05

           Step           Time
          19000       38.00000

   Energies (kJ/mol)
       G96Angle    Proper Dih.  Improper Dih.          LJ-14     Coulomb-14
    9.06328e+02    3.83455e+02    2.92269e+02    1.10984e+02    6.59130e+03
        LJ (SR)  Disper. corr.   Coulomb (SR)   Coul. recip.      Potential
    3.73503e+04   -1.62649e+03   -2.77345e+05    7.72665e+02   -2.32564e+05
    Kinetic En.   Total Energy  Conserved En.    Temperature Pres. DC (bar)
    4.25378e+04   -1.90026e+05   -2.77663e+05    3.00233e+02   -1.53293e+02
 Pressure (bar)   Constr. rmsd
   -1.28553e+02    2.12812e-05

           Step           Time
          19500       39.00000

   Energies (kJ/mol)
       G96Angle    Proper Dih.  Improper Dih.          LJ-14     Coulomb-14
    8.12713e+02    3.39870e+02    3.28661e+02    1.29625e+02    6.63797e+03
        LJ (SR)  Disper. corr.   Coulomb (SR)   Coul. recip.      Potential
    3.74104e+04   -1.63828e+03   -2.78068e+05    8.13291e+02   -2.33234e+05
    Kinetic En.   Total Energy  Conserved En.    Temperature Pres. DC (bar)
    4.28933e+04   -1.90340e+05   -2.77654e+05    3.02742e+02   -1.55522e+02
 Pressure (bar)   Constr. rmsd
    1.37461e+01    1.78594e-05

           Step           Time
          20000       40.00000

   Energies (kJ/mol)
       G96Angle    Proper Dih.  Improper Dih.          LJ-14     Coulomb-14
    8.41088e+02    3.90369e+02    2.55549e+02    1.17014e+02    6.56819e+03
        LJ (SR)  Disper. corr.   Coulomb (SR)   Coul. recip.      Potential
    3.69641e+04   -1.62878e+03   -2.77389e+05    7.66513e+02   -2.33115e+05
    Kinetic En.   Total Energy  Conserved En.    Temperature Pres. DC (bar)
    4.26940e+04   -1.90421e+05   -2.77657e+05    3.01336e+02   -1.53724e+02
 Pressure (bar)   Constr. rmsd
   -3.29241e+02    2.23538e-05

           Step           Time
          20500       41.00000

   Energies (kJ/mol)
       G96Angle    Proper Dih.  Improper Dih.          LJ-14     Coulomb-14
    8.30427e+02    3.78992e+02    3.11878e+02    1.40089e+02    6.61204e+03
        LJ (SR)  Disper. corr.   Coulomb (SR)   Coul. recip.      Potential
    3.71732e+04   -1.63080e+03   -2.77089e+05    8.27887e+02   -2.32446e+05
    Kinetic En.   Total Energy  Conserved En.    Temperature Pres. DC (bar)
    4.20584e+04   -1.90387e+05   -2.77647e+05    2.96849e+02   -1.54105e+02
 Pressure (bar)   Constr. rmsd
    2.56160e+01    1.77963e-05

           Step           Time
          21000       42.00000

   Energies (kJ/mol)
       G96Angle    Proper Dih.  Improper Dih.          LJ-14     Coulomb-14
    8.88335e+02    3.64252e+02    2.54592e+02    1.21123e+02    6.53454e+03
        LJ (SR)  Disper. corr.   Coulomb (SR)   Coul. recip.      Potential
    3.62252e+04   -1.62851e+03   -2.76198e+05    7.94766e+02   -2.32644e+05
    Kinetic En.   Total Energy  Conserved En.    Temperature Pres. DC (bar)
    4.24073e+04   -1.90236e+05   -2.77657e+05    2.99312e+02   -1.53674e+02
 Pressure (bar)   Constr. rmsd
   -4.59133e+02    2.07338e-05

           Step           Time
          21500       43.00000

   Energies (kJ/mol)
       G96Angle    Proper Dih.  Improper Dih.          LJ-14     Coulomb-14
    8.37218e+02    3.33274e+02    2.93445e+02    1.32370e+02    6.58905e+03
        LJ (SR)  Disper. corr.   Coulomb (SR)   Coul. recip.      Potential
    3.69911e+04   -1.62808e+03   -2.76690e+05    7.73188e+02   -2.32369e+05
    Kinetic En.   Total Energy  Conserved En.    Temperature Pres. DC (bar)
    4.31737e+04   -1.89195e+05   -2.77664e+05    3.04721e+02   -1.53593e+02
 Pressure (bar)   Constr. rmsd
   -4.26132e+01    1.85156e-05

           Step           Time
          22000       44.00000

   Energies (kJ/mol)
       G96Angle    Proper Dih.  Improper Dih.          LJ-14     Coulomb-14
    8.39211e+02    3.59330e+02    2.97819e+02    1.28181e+02    6.56162e+03
        LJ (SR)  Disper. corr.   Coulomb (SR)   Coul. recip.      Potential
    3.73571e+04   -1.62864e+03   -2.76797e+05    7.55040e+02   -2.32127e+05
    Kinetic En.   Total Energy  Conserved En.    Temperature Pres. DC (bar)
    4.29272e+04   -1.89200e+05   -2.77657e+05    3.02981e+02   -1.53697e+02
 Pressure (bar)   Constr. rmsd
    9.22058e+01    2.04693e-05

           Step           Time
          22500       45.00000

   Energies (kJ/mol)
       G96Angle    Proper Dih.  Improper Dih.          LJ-14     Coulomb-14
    8.61626e+02    3.21064e+02    2.95677e+02    1.02826e+02    6.61372e+03
        LJ (SR)  Disper. corr.   Coulomb (SR)   Coul. recip.      Potential
    3.76987e+04   -1.63841e+03   -2.78163e+05    7.37643e+02   -2.33170e+05
    Kinetic En.   Total Energy  Conserved En.    Temperature Pres. DC (bar)
    4.25141e+04   -1.90656e+05   -2.77649e+05    3.00066e+02   -1.55545e+02
 Pressure (bar)   Constr. rmsd
    1.94094e+02    1.76956e-05

           Step           Time
          23000       46.00000

   Energies (kJ/mol)
       G96Angle    Proper Dih.  Improper Dih.          LJ-14     Coulomb-14
    8.93163e+02    3.63324e+02    3.25857e+02    1.35821e+02    6.64938e+03
        LJ (SR)  Disper. corr.   Coulomb (SR)   Coul. recip.      Potential
    3.64934e+04   -1.63895e+03   -2.76045e+05    7.60260e+02   -2.32063e+05
    Kinetic En.   Total Energy  Conserved En.    Temperature Pres. DC (bar)
    4.21394e+04   -1.89924e+05   -2.77634e+05    2.97421e+02   -1.55649e+02
 Pressure (bar)   Constr. rmsd
   -1.12824e+02    2.04490e-05

           Step           Time
          23500       47.00000

   Energies (kJ/mol)
       G96Angle    Proper Dih.  Improper Dih.          LJ-14     Coulomb-14
    8.27826e+02    3.28925e+02    2.92809e+02    1.28818e+02    6.65336e+03
        LJ (SR)  Disper. corr.   Coulomb (SR)   Coul. recip.      Potential
    3.74041e+04   -1.63359e+03   -2.76614e+05    7.83968e+02   -2.31828e+05
    Kinetic En.   Total Energy  Conserved En.    Temperature Pres. DC (bar)
    4.18545e+04   -1.89973e+05   -2.77639e+05    2.95411e+02   -1.54633e+02
 Pressure (bar)   Constr. rmsd
    1.31500e+02    1.90896e-05

           Step           Time
          24000       48.00000

   Energies (kJ/mol)
       G96Angle    Proper Dih.  Improper Dih.          LJ-14     Coulomb-14
    8.67005e+02    3.89897e+02    3.07307e+02    9.25659e+01    6.59134e+03
        LJ (SR)  Disper. corr.   Coulomb (SR)   Coul. recip.      Potential
    3.68019e+04   -1.62871e+03   -2.76834e+05    7.95468e+02   -2.32618e+05
    Kinetic En.   Total Energy  Conserved En.    Temperature Pres. DC (bar)
    4.23909e+04   -1.90227e+05   -2.77645e+05    2.99196e+02   -1.53710e+02
 Pressure (bar)   Constr. rmsd
   -2.57162e+02    2.15175e-05

           Step           Time
          24500       49.00000

   Energies (kJ/mol)
       G96Angle    Proper Dih.  Improper Dih.          LJ-14     Coulomb-14
    8.16817e+02    3.50437e+02    2.94654e+02    1.08679e+02    6.58252e+03
        LJ (SR)  Disper. corr.   Coulomb (SR)   Coul. recip.      Potential
    3.68588e+04   -1.62814e+03   -2.77158e+05    7.85017e+02   -2.32989e+05
    Kinetic En.   Total Energy  Conserved En.    Temperature Pres. DC (bar)
    4.21668e+04   -1.90823e+05   -2.77642e+05    2.97614e+02   -1.53604e+02
 Pressure (bar)   Constr. rmsd
   -1.91425e+02    1.70569e-05

           Step           Time
          25000       50.00000

   Energies (kJ/mol)
       G96Angle    Proper Dih.  Improper Dih.          LJ-14     Coulomb-14
    8.21445e+02    3.23967e+02    2.62270e+02    1.49880e+02    6.66307e+03
        LJ (SR)  Disper. corr.   Coulomb (SR)   Coul. recip.      Potential
    3.71025e+04   -1.62266e+03   -2.77375e+05    7.94458e+02   -2.32880e+05
    Kinetic En.   Total Energy  Conserved En.    Temperature Pres. DC (bar)
    4.23674e+04   -1.90513e+05   -2.77637e+05    2.99030e+02   -1.52572e+02
 Pressure (bar)   Constr. rmsd
   -1.00886e+02    1.70661e-05

           Step           Time
          25500       51.00000

   Energies (kJ/mol)
       G96Angle    Proper Dih.  Improper Dih.          LJ-14     Coulomb-14
    8.54121e+02    3.82931e+02    2.74572e+02    1.29147e+02    6.63154e+03
        LJ (SR)  Disper. corr.   Coulomb (SR)   Coul. recip.      Potential
    3.67386e+04   -1.63609e+03   -2.77007e+05    7.77718e+02   -2.32855e+05
    Kinetic En.   Total Energy  Conserved En.    Temperature Pres. DC (bar)
    4.27816e+04   -1.90073e+05   -2.77635e+05    3.01954e+02   -1.55107e+02
 Pressure (bar)   Constr. rmsd
   -2.09414e+02    1.95200e-05

           Step           Time
          26000       52.00000

   Energies (kJ/mol)
       G96Angle    Proper Dih.  Improper Dih.          LJ-14     Coulomb-14
    9.39080e+02    3.72418e+02    2.76095e+02    8.68862e+01    6.55502e+03
        LJ (SR)  Disper. corr.   Coulomb (SR)   Coul. recip.      Potential
    3.68269e+04   -1.62774e+03   -2.76090e+05    8.34232e+02   -2.31827e+05
    Kinetic En.   Total Energy  Conserved En.    Temperature Pres. DC (bar)
    4.28896e+04   -1.88937e+05   -2.77626e+05    3.02716e+02   -1.53529e+02
 Pressure (bar)   Constr. rmsd
   -1.73609e+02    1.98337e-05

           Step           Time
          26500       53.00000

   Energies (kJ/mol)
       G96Angle    Proper Dih.  Improper Dih.          LJ-14     Coulomb-14
    9.37735e+02    3.88112e+02    2.88311e+02    9.73327e+01    6.62127e+03
        LJ (SR)  Disper. corr.   Coulomb (SR)   Coul. recip.      Potential
    3.79255e+04   -1.63516e+03   -2.77674e+05    8.81091e+02   -2.32170e+05
    Kinetic En.   Total Energy  Conserved En.    Temperature Pres. DC (bar)
    4.28184e+04   -1.89352e+05   -2.77621e+05    3.02213e+02   -1.54929e+02
 Pressure (bar)   Constr. rmsd
    2.80566e+02    1.68759e-05

           Step           Time
          27000       54.00000

   Energies (kJ/mol)
       G96Angle    Proper Dih.  Improper Dih.          LJ-14     Coulomb-14
    8.42400e+02    3.61276e+02    2.98477e+02    1.04043e+02    6.69462e+03
        LJ (SR)  Disper. corr.   Coulomb (SR)   Coul. recip.      Potential
    3.74474e+04   -1.62465e+03   -2.77602e+05    8.20441e+02   -2.32658e+05
    Kinetic En.   Total Energy  Conserved En.    Temperature Pres. DC (bar)
    4.21246e+04   -1.90533e+05   -2.77615e+05    2.97317e+02   -1.52947e+02
 Pressure (bar)   Constr. rmsd
   -5.94821e+01    2.08568e-05

           Step           Time
          27500       55.00000

   Energies (kJ/mol)
       G96Angle    Proper Dih.  Improper Dih.          LJ-14     Coulomb-14
    8.43738e+02    2.98433e+02    2.69848e+02    1.60523e+02    6.67153e+03
        LJ (SR)  Disper. corr.   Coulomb (SR)   Coul. recip.      Potential
    3.79824e+04   -1.63142e+03   -2.78770e+05    8.02353e+02   -2.33372e+05
    Kinetic En.   Total Energy  Conserved En.    Temperature Pres. DC (bar)
    4.28374e+04   -1.90535e+05   -2.77620e+05    3.02348e+02   -1.54224e+02
 Pressure (bar)   Constr. rmsd
    1.93956e+02    1.80372e-05

           Step           Time
          28000       56.00000

   Energies (kJ/mol)
       G96Angle    Proper Dih.  Improper Dih.          LJ-14     Coulomb-14
    9.22310e+02    3.37019e+02    2.89862e+02    8.24574e+01    6.56189e+03
        LJ (SR)  Disper. corr.   Coulomb (SR)   Coul. recip.      Potential
    3.79132e+04   -1.61277e+03   -2.77928e+05    7.87708e+02   -2.32646e+05
    Kinetic En.   Total Energy  Conserved En.    Temperature Pres. DC (bar)
    4.24563e+04   -1.90190e+05   -2.77612e+05    2.99658e+02   -1.50720e+02
 Pressure (bar)   Constr. rmsd
   -1.91310e+02    2.14819e-05

           Step           Time
          28500       57.00000

   Energies (kJ/mol)
       G96Angle    Proper Dih.  Improper Dih.          LJ-14     Coulomb-14
    8.83760e+02    3.13625e+02    2.88490e+02    8.24922e+01    6.60656e+03
        LJ (SR)  Disper. corr.   Coulomb (SR)   Coul. recip.      Potential
    3.80065e+04   -1.64143e+03   -2.78510e+05    8.27589e+02   -2.33143e+05
    Kinetic En.   Total Energy  Conserved En.    Temperature Pres. DC (bar)
    4.20282e+04   -1.91115e+05   -2.77606e+05    2.96636e+02   -1.56119e+02
 Pressure (bar)   Constr. rmsd
    1.52597e+02    1.97429e-05

           Step           Time
          29000       58.00000

   Energies (kJ/mol)
       G96Angle    Proper Dih.  Improper Dih.          LJ-14     Coulomb-14
    8.46896e+02    3.43417e+02    2.81861e+02    1.41412e+02    6.65144e+03
        LJ (SR)  Disper. corr.   Coulomb (SR)   Coul. recip.      Potential
    3.74472e+04   -1.63017e+03   -2.77907e+05    8.38412e+02   -2.32986e+05
    Kinetic En.   Total Energy  Conserved En.    Temperature Pres. DC (bar)
    4.29184e+04   -1.90068e+05   -2.77597e+05    3.02919e+02   -1.53986e+02
 Pressure (bar)   Constr. rmsd
   -1.25007e+02    2.11690e-05

           Step           Time
          29500       59.00000

   Energies (kJ/mol)
       G96Angle    Proper Dih.  Improper Dih.          LJ-14     Coulomb-14
    8.81206e+02    3.82589e+02    3.07951e+02    1.47434e+02    6.56710e+03
        LJ (SR)  Disper. corr.   Coulomb (SR)   Coul. recip.      Potential
    3.79573e+04   -1.63211e+03   -2.77759e+05    7.87543e+02   -2.32360e+05
    Kinetic En.   Total Energy  Conserved En.    Temperature Pres. DC (bar)
    4.21184e+04   -1.90242e+05   -2.77594e+05    2.97273e+02   -1.54354e+02
 Pressure (bar)   Constr. rmsd
    1.80321e+02    1.91646e-05

           Step           Time
          30000       60.00000

   Energies (kJ/mol)
       G96Angle    Proper Dih.  Improper Dih.          LJ-14     Coulomb-14
    8.89492e+02    3.39660e+02    3.21576e+02    1.55004e+02    6.63797e+03
        LJ (SR)  Disper. corr.   Coulomb (SR)   Coul. recip.      Potential
    3.76229e+04   -1.62128e+03   -2.77989e+05    7.38647e+02   -2.32905e+05
    Kinetic En.   Total Energy  Conserved En.    Temperature Pres. DC (bar)
    4.29020e+04   -1.90003e+05   -2.77586e+05    3.02803e+02   -1.52313e+02
 Pressure (bar)   Constr. rmsd
    6.55103e+00    2.06955e-05

           Step           Time
          30500       61.00000

   Energies (kJ/mol)
       G96Angle    Proper Dih.  Improper Dih.          LJ-14     Coulomb-14
    8.95446e+02    3.39217e+02    2.81242e+02    1.17736e+02    6.55038e+03
        LJ (SR)  Disper. corr.   Coulomb (SR)   Coul. recip.      Potential
    3.73681e+04   -1.63246e+03   -2.77584e+05    7.63230e+02   -2.32901e+05
    Kinetic En.   Total Energy  Conserved En.    Temperature Pres. DC (bar)
    4.23865e+04   -1.90514e+05   -2.77580e+05    2.99165e+02   -1.54419e+02
 Pressure (bar)   Constr. rmsd
    1.36165e+01    2.01376e-05

           Step           Time
          31000       62.00000

   Energies (kJ/mol)
       G96Angle    Proper Dih.  Improper Dih.          LJ-14     Coulomb-14
    8.41275e+02    3.45235e+02    2.91671e+02    1.31576e+02    6.56454e+03
        LJ (SR)  Disper. corr.   Coulomb (SR)   Coul. recip.      Potential
    3.74594e+04   -1.63943e+03   -2.78125e+05    8.05589e+02   -2.33325e+05
    Kinetic En.   Total Energy  Conserved En.    Temperature Pres. DC (bar)
    4.23403e+04   -1.90985e+05   -2.77572e+05    2.98839e+02   -1.55739e+02
 Pressure (bar)   Constr. rmsd
    4.94571e+01    1.80924e-05

           Step           Time
          31500       63.00000

   Energies (kJ/mol)
       G96Angle    Proper Dih.  Improper Dih.          LJ-14     Coulomb-14
    8.62443e+02    4.09801e+02    2.70583e+02    1.34505e+02    6.63252e+03
        LJ (SR)  Disper. corr.   Coulomb (SR)   Coul. recip.      Potential
    3.69994e+04   -1.62869e+03   -2.77532e+05    7.24336e+02   -2.33127e+05
    Kinetic En.   Total Energy  Conserved En.    Temperature Pres. DC (bar)
    4.24367e+04   -1.90690e+05   -2.77573e+05    2.99519e+02   -1.53707e+02
 Pressure (bar)   Constr. rmsd
   -1.37606e+02    1.91361e-05

           Step           Time
          32000       64.00000

   Energies (kJ/mol)
       G96Angle    Proper Dih.  Improper Dih.          LJ-14     Coulomb-14
    8.57302e+02    3.90840e+02    2.86775e+02    1.22525e+02    6.63393e+03
        LJ (SR)  Disper. corr.   Coulomb (SR)   Coul. recip.      Potential
    3.71120e+04   -1.63160e+03   -2.77705e+05    8.05369e+02   -2.33128e+05
    Kinetic En.   Total Energy  Conserved En.    Temperature Pres. DC (bar)
    4.28253e+04   -1.90302e+05   -2.77572e+05    3.02262e+02   -1.54256e+02
 Pressure (bar)   Constr. rmsd
   -2.27951e+02    2.08083e-05

           Step           Time
          32500       65.00000

   Energies (kJ/mol)
       G96Angle    Proper Dih.  Improper Dih.          LJ-14     Coulomb-14
    7.81865e+02    3.78617e+02    2.59848e+02    1.39355e+02    6.60111e+03
        LJ (SR)  Disper. corr.   Coulomb (SR)   Coul. recip.      Potential
    3.78242e+04   -1.63043e+03   -2.78193e+05    8.32085e+02   -2.33006e+05
    Kinetic En.   Total Energy  Conserved En.    Temperature Pres. DC (bar)
    4.19187e+04   -1.91087e+05   -2.77572e+05    2.95863e+02   -1.54035e+02
 Pressure (bar)   Constr. rmsd
    1.21230e+02    1.98833e-05

           Step           Time
          33000       66.00000

   Energies (kJ/mol)
       G96Angle    Proper Dih.  Improper Dih.          LJ-14     Coulomb-14
    8.32552e+02    3.91357e+02    2.60381e+02    1.33334e+02    6.67105e+03
        LJ (SR)  Disper. corr.   Coulomb (SR)   Coul. recip.      Potential
    3.78817e+04   -1.62958e+03   -2.78071e+05    7.64955e+02   -2.32765e+05
    Kinetic En.   Total Energy  Conserved En.    Temperature Pres. DC (bar)
    4.23108e+04   -1.90454e+05   -2.77578e+05    2.98631e+02   -1.53875e+02
 Pressure (bar)   Constr. rmsd
    1.80514e+02    1.78358e-05

           Step           Time
          33500       67.00000

   Energies (kJ/mol)
       G96Angle    Proper Dih.  Improper Dih.          LJ-14     Coulomb-14
    8.37150e+02    3.78503e+02    2.73803e+02    1.09886e+02    6.59121e+03
        LJ (SR)  Disper. corr.   Coulomb (SR)   Coul. recip.      Potential
    3.69936e+04   -1.63331e+03   -2.77418e+05    7.74530e+02   -2.33093e+05
    Kinetic En.   Total Energy  Conserved En.    Temperature Pres. DC (bar)
    4.21968e+04   -1.90896e+05   -2.77569e+05    2.97826e+02   -1.54580e+02
 Pressure (bar)   Constr. rmsd
   -2.09427e+02    1.99296e-05

           Step           Time
          34000       68.00000

   Energies (kJ/mol)
       G96Angle    Proper Dih.  Improper Dih.          LJ-14     Coulomb-14
    8.49092e+02    3.42141e+02    2.84272e+02    1.42657e+02    6.63702e+03
        LJ (SR)  Disper. corr.   Coulomb (SR)   Coul. recip.      Potential
    3.73011e+04   -1.63156e+03   -2.77012e+05    7.99474e+02   -2.32288e+05
    Kinetic En.   Total Energy  Conserved En.    Temperature Pres. DC (bar)
    4.22836e+04   -1.90004e+05   -2.77564e+05    2.98439e+02   -1.54250e+02
 Pressure (bar)   Constr. rmsd
    8.79895e+01    1.62828e-05

           Step           Time
          34500       69.00000

   Energies (kJ/mol)
       G96Angle    Proper Dih.  Improper Dih.          LJ-14     Coulomb-14
    8.52949e+02    3.76637e+02    2.63111e+02    9.82651e+01    6.54479e+03
        LJ (SR)  Disper. corr.   Coulomb (SR)   Coul. recip.      Potential
    3.79944e+04   -1.63833e+03   -2.77974e+05    7.87180e+02   -2.32695e+05
    Kinetic En.   Total Energy  Conserved En.    Temperature Pres. DC (bar)
    4.23796e+04   -1.90316e+05   -2.77564e+05    2.99116e+02   -1.55530e+02
 Pressure (bar)   Constr. rmsd
    2.56692e+02    2.05827e-05

           Step           Time
          35000       70.00000

   Energies (kJ/mol)
       G96Angle    Proper Dih.  Improper Dih.          LJ-14     Coulomb-14
    8.32180e+02    3.74590e+02    2.50422e+02    1.18169e+02    6.60601e+03
        LJ (SR)  Disper. corr.   Coulomb (SR)   Coul. recip.      Potential
    3.79585e+04   -1.63990e+03   -2.78309e+05    8.21444e+02   -2.32988e+05
    Kinetic En.   Total Energy  Conserved En.    Temperature Pres. DC (bar)
    4.24036e+04   -1.90584e+05   -2.77553e+05    2.99286e+02   -1.55828e+02
 Pressure (bar)   Constr. rmsd
    2.38948e+02    1.72156e-05

           Step           Time
          35500       71.00000

   Energies (kJ/mol)
       G96Angle    Proper Dih.  Improper Dih.          LJ-14     Coulomb-14
    8.63730e+02    3.96316e+02    3.87187e+02    9.37632e+01    6.63777e+03
        LJ (SR)  Disper. corr.   Coulomb (SR)   Coul. recip.      Potential
    3.77651e+04   -1.62381e+03   -2.78210e+05    8.05518e+02   -2.32884e+05
    Kinetic En.   Total Energy  Conserved En.    Temperature Pres. DC (bar)
    4.28327e+04   -1.90051e+05   -2.77546e+05    3.02314e+02   -1.52789e+02
 Pressure (bar)   Constr. rmsd
   -2.52362e+02    2.31600e-05

           Step           Time
          36000       72.00000

   Energies (kJ/mol)
       G96Angle    Proper Dih.  Improper Dih.          LJ-14     Coulomb-14
    9.19104e+02    3.94138e+02    2.83951e+02    1.45364e+02    6.68474e+03
        LJ (SR)  Disper. corr.   Coulomb (SR)   Coul. recip.      Potential
    3.77950e+04   -1.62970e+03   -2.77868e+05    8.17066e+02   -2.32459e+05
    Kinetic En.   Total Energy  Conserved En.    Temperature Pres. DC (bar)
    4.27594e+04   -1.89699e+05   -2.77549e+05    3.01797e+02   -1.53898e+02
 Pressure (bar)   Constr. rmsd
    9.14868e+01    2.03212e-05

           Step           Time
          36500       73.00000

   Energies (kJ/mol)
       G96Angle    Proper Dih.  Improper Dih.          LJ-14     Coulomb-14
    1.04037e+03    3.77240e+02    3.11986e+02    7.26062e+01    6.51912e+03
        LJ (SR)  Disper. corr.   Coulomb (SR)   Coul. recip.      Potential
    3.76183e+04   -1.64422e+03   -2.77480e+05    7.83056e+02   -2.32402e+05
    Kinetic En.   Total Energy  Conserved En.    Temperature Pres. DC (bar)
    4.32915e+04   -1.89110e+05   -2.77544e+05    3.05552e+02   -1.56650e+02
 Pressure (bar)   Constr. rmsd
    1.57579e+02    2.09564e-05

           Step           Time
          37000       74.00000

   Energies (kJ/mol)
       G96Angle    Proper Dih.  Improper Dih.          LJ-14     Coulomb-14
    9.11426e+02    4.04500e+02    3.39794e+02    9.78148e+01    6.62889e+03
        LJ (SR)  Disper. corr.   Coulomb (SR)   Coul. recip.      Potential
    3.77493e+04   -1.63446e+03   -2.78076e+05    8.18004e+02   -2.32761e+05
    Kinetic En.   Total Energy  Conserved En.    Temperature Pres. DC (bar)
    4.20550e+04   -1.90706e+05   -2.77530e+05    2.96826e+02   -1.54798e+02
 Pressure (bar)   Constr. rmsd
    1.55425e+02    1.69747e-05

           Step           Time
          37500       75.00000

   Energies (kJ/mol)
       G96Angle    Proper Dih.  Improper Dih.          LJ-14     Coulomb-14
    8.28620e+02    3.49810e+02    2.50539e+02    1.22067e+02    6.58428e+03
        LJ (SR)  Disper. corr.   Coulomb (SR)   Coul. recip.      Potential
    3.86744e+04   -1.63697e+03   -2.80307e+05    7.72724e+02   -2.34361e+05
    Kinetic En.   Total Energy  Conserved En.    Temperature Pres. DC (bar)
    4.24302e+04   -1.91931e+05   -2.77532e+05    2.99474e+02   -1.55273e+02
 Pressure (bar)   Constr. rmsd
    3.00262e+02    1.83694e-05

           Step           Time
          38000       76.00000

   Energies (kJ/mol)
       G96Angle    Proper Dih.  Improper Dih.          LJ-14     Coulomb-14
    9.13839e+02    3.65476e+02    2.47011e+02    7.94132e+01    6.60867e+03
        LJ (SR)  Disper. corr.   Coulomb (SR)   Coul. recip.      Potential
    3.80155e+04   -1.62955e+03   -2.79441e+05    7.85815e+02   -2.34055e+05
    Kinetic En.   Total Energy  Conserved En.    Temperature Pres. DC (bar)
    4.24249e+04   -1.91630e+05   -2.77533e+05    2.99436e+02   -1.53870e+02
 Pressure (bar)   Constr. rmsd
   -1.34627e+02    2.24694e-05

           Step           Time
          38500       77.00000

   Energies (kJ/mol)
       G96Angle    Proper Dih.  Improper Dih.          LJ-14     Coulomb-14
    9.29651e+02    4.18171e+02    3.08422e+02    1.29536e+02    6.57472e+03
        LJ (SR)  Disper. corr.   Coulomb (SR)   Coul. recip.      Potential
    3.66754e+04   -1.62609e+03   -2.77028e+05    8.22885e+02   -2.32796e+05
    Kinetic En.   Total Energy  Conserved En.    Temperature Pres. DC (bar)
    4.25921e+04   -1.90204e+05   -2.77544e+05    3.00617e+02   -1.53218e+02
 Pressure (bar)   Constr. rmsd
   -2.52442e+02    1.86057e-05

           Step           Time
          39000       78.00000

   Energies (kJ/mol)
       G96Angle    Proper Dih.  Improper Dih.          LJ-14     Coulomb-14
    8.99370e+02    3.75706e+02    2.40097e+02    9.68267e+01    6.56984e+03
        LJ (SR)  Disper. corr.   Coulomb (SR)   Coul. recip.      Potential
    3.77575e+04   -1.63819e+03   -2.78043e+05    7.68435e+02   -2.32974e+05
    Kinetic En.   Total Energy  Conserved En.    Temperature Pres. DC (bar)
    4.24508e+04   -1.90523e+05   -2.77540e+05    2.99619e+02   -1.55504e+02
 Pressure (bar)   Constr. rmsd
    1.72262e+02    1.76823e-05

           Step           Time
          39500       79.00000

   Energies (kJ/mol)
       G96Angle    Proper Dih.  Improper Dih.          LJ-14     Coulomb-14
    9.07474e+02    3.56893e+02    2.73670e+02    1.09592e+02    6.56654e+03
        LJ (SR)  Disper. corr.   Coulomb (SR)   Coul. recip.      Potential
    3.62819e+04   -1.62939e+03   -2.76929e+05    7.91944e+02   -2.33271e+05
    Kinetic En.   Total Energy  Conserved En.    Temperature Pres. DC (bar)
    4.21477e+04   -1.91123e+05   -2.77546e+05    2.97479e+02   -1.53839e+02
 Pressure (bar)   Constr. rmsd
   -5.52723e+02    2.07996e-05

           Step           Time
          40000       80.00000

   Energies (kJ/mol)
       G96Angle    Proper Dih.  Improper Dih.          LJ-14     Coulomb-14
    8.67829e+02    3.65447e+02    2.91135e+02    1.24441e+02    6.64192e+03
        LJ (SR)  Disper. corr.   Coulomb (SR)   Coul. recip.      Potential
    3.76428e+04   -1.62618e+03   -2.77753e+05    8.27802e+02   -2.32618e+05
    Kinetic En.   Total Energy  Conserved En.    Temperature Pres. DC (bar)
    4.27782e+04   -1.89839e+05   -2.77535e+05    3.01930e+02   -1.53235e+02
 Pressure (bar)   Constr. rmsd
    2.11577e+01    1.94430e-05

           Step           Time
          40500       81.00000

   Energies (kJ/mol)
       G96Angle    Proper Dih.  Improper Dih.          LJ-14     Coulomb-14
    8.90453e+02    3.77235e+02    2.83845e+02    1.92908e+02    6.57232e+03
        LJ (SR)  Disper. corr.   Coulomb (SR)   Coul. recip.      Potential
    3.62137e+04   -1.62780e+03   -2.76453e+05    7.90581e+02   -2.32760e+05
    Kinetic En.   Total Energy  Conserved En.    Temperature Pres. DC (bar)
    4.29796e+04   -1.89780e+05   -2.77546e+05    3.03351e+02   -1.53540e+02
 Pressure (bar)   Constr. rmsd
   -3.61268e+02    1.92016e-05

           Step           Time
          41000       82.00000

   Energies (kJ/mol)
       G96Angle    Proper Dih.  Improper Dih.          LJ-14     Coulomb-14
    9.37434e+02    3.84683e+02    2.85301e+02    1.11761e+02    6.52755e+03
        LJ (SR)  Disper. corr.   Coulomb (SR)   Coul. recip.      Potential
    3.69580e+04   -1.64169e+03   -2.76988e+05    8.26271e+02   -2.32598e+05
    Kinetic En.   Total Energy  Conserved En.    Temperature Pres. DC (bar)
    4.22282e+04   -1.90370e+05   -2.77530e+05    2.98048e+02   -1.56168e+02
 Pressure (bar)   Constr. rmsd
    7.56491e+01    1.74732e-05

           Step           Time
          41500       83.00000

   Energies (kJ/mol)
       G96Angle    Proper Dih.  Improper Dih.          LJ-14     Coulomb-14
    8.31630e+02    3.97960e+02    2.62695e+02    1.08706e+02    6.61747e+03
        LJ (SR)  Disper. corr.   Coulomb (SR)   Coul. recip.      Potential
    3.70006e+04   -1.64354e+03   -2.77204e+05    7.85077e+02   -2.32843e+05
    Kinetic En.   Total Energy  Conserved En.    Temperature Pres. DC (bar)
    4.18601e+04   -1.90983e+05   -2.77534e+05    2.95450e+02   -1.56520e+02
 Pressure (bar)   Constr. rmsd
   -1.91804e+01    1.79340e-05

           Step           Time
          42000       84.00000

   Energies (kJ/mol)
       G96Angle    Proper Dih.  Improper Dih.          LJ-14     Coulomb-14
    8.77326e+02    3.65942e+02    3.56727e+02    1.20637e+02    6.61324e+03
        LJ (SR)  Disper. corr.   Coulomb (SR)   Coul. recip.      Potential
    3.72147e+04   -1.63420e+03   -2.77430e+05    7.85128e+02   -2.32731e+05
    Kinetic En.   Total Energy  Conserved En.    Temperature Pres. DC (bar)
    4.27352e+04   -1.89996e+05   -2.77536e+05    3.01626e+02   -1.54748e+02
 Pressure (bar)   Constr. rmsd
   -2.56694e+00    1.78005e-05

           Step           Time
          42500       85.00000

   Energies (kJ/mol)
       G96Angle    Proper Dih.  Improper Dih.          LJ-14     Coulomb-14
    8.68923e+02    3.80361e+02    2.47957e+02    1.27293e+02    6.55175e+03
        LJ (SR)  Disper. corr.   Coulomb (SR)   Coul. recip.      Potential
    3.74290e+04   -1.63083e+03   -2.77834e+05    7.97886e+02   -2.33061e+05
    Kinetic En.   Total Energy  Conserved En.    Temperature Pres. DC (bar)
    4.26528e+04   -1.90408e+05   -2.77542e+05    3.01045e+02   -1.54112e+02
 Pressure (bar)   Constr. rmsd
    1.01910e+01    2.13544e-05

           Step           Time
          43000       86.00000

   Energies (kJ/mol)
       G96Angle    Proper Dih.  Improper Dih.          LJ-14     Coulomb-14
    8.34550e+02    3.90917e+02    2.97980e+02    1.33865e+02    6.59582e+03
        LJ (SR)  Disper. corr.   Coulomb (SR)   Coul. recip.      Potential
    3.72925e+04   -1.63012e+03   -2.77977e+05    7.78529e+02   -2.33283e+05
    Kinetic En.   Total Energy  Conserved En.    Temperature Pres. DC (bar)
    4.31577e+04   -1.90125e+05   -2.77534e+05    3.04608e+02   -1.53978e+02
 Pressure (bar)   Constr. rmsd
   -5.79519e+01    2.00807e-05

           Step           Time
          43500       87.00000

   Energies (kJ/mol)
       G96Angle    Proper Dih.  Improper Dih.          LJ-14     Coulomb-14
    8.54699e+02    3.73154e+02    2.52261e+02    9.20692e+01    6.51965e+03
        LJ (SR)  Disper. corr.   Coulomb (SR)   Coul. recip.      Potential
    3.85068e+04   -1.63987e+03   -2.80028e+05    8.08190e+02   -2.34261e+05
    Kinetic En.   Total Energy  Conserved En.    Temperature Pres. DC (bar)
    4.19568e+04   -1.92304e+05   -2.77537e+05    2.96133e+02   -1.55823e+02
 Pressure (bar)   Constr. rmsd
    9.90070e+01    1.93484e-05

           Step           Time
          44000       88.00000

   Energies (kJ/mol)
       G96Angle    Proper Dih.  Improper Dih.          LJ-14     Coulomb-14
    8.47567e+02    4.30026e+02    3.16593e+02    1.37581e+02    6.60328e+03
        LJ (SR)  Disper. corr.   Coulomb (SR)   Coul. recip.      Potential
    3.77290e+04   -1.63173e+03   -2.77475e+05    7.17709e+02   -2.32325e+05
    Kinetic En.   Total Energy  Conserved En.    Temperature Pres. DC (bar)
    4.24447e+04   -1.89880e+05   -2.77531e+05    2.99576e+02   -1.54281e+02
 Pressure (bar)   Constr. rmsd
    1.47582e+02    1.84591e-05

           Step           Time
          44500       89.00000

   Energies (kJ/mol)
       G96Angle    Proper Dih.  Improper Dih.          LJ-14     Coulomb-14
    8.57821e+02    3.79512e+02    2.88263e+02    1.79758e+02    6.61303e+03
        LJ (SR)  Disper. corr.   Coulomb (SR)   Coul. recip.      Potential
    3.81365e+04   -1.64175e+03   -2.78750e+05    7.94911e+02   -2.33142e+05
    Kinetic En.   Total Energy  Conserved En.    Temperature Pres. DC (bar)
    4.23478e+04   -1.90794e+05   -2.77533e+05    2.98892e+02   -1.56179e+02
 Pressure (bar)   Constr. rmsd
    2.72072e+02    1.79522e-05

           Step           Time
          45000       90.00000

   Energies (kJ/mol)
       G96Angle    Proper Dih.  Improper Dih.          LJ-14     Coulomb-14
    9.08212e+02    4.38225e+02    2.60598e+02    1.04269e+02    6.56369e+03
        LJ (SR)  Disper. corr.   Coulomb (SR)   Coul. recip.      Potential
    3.73566e+04   -1.63166e+03   -2.78313e+05    7.75579e+02   -2.33537e+05
    Kinetic En.   Total Energy  Conserved En.    Temperature Pres. DC (bar)
    4.29189e+04   -1.90618e+05   -2.77534e+05    3.02923e+02   -1.54268e+02
 Pressure (bar)   Constr. rmsd
   -1.33018e+02    2.16535e-05

           Step           Time
          45500       91.00000

   Energies (kJ/mol)
       G96Angle    Proper Dih.  Improper Dih.          LJ-14     Coulomb-14
    8.88581e+02    3.64395e+02    2.71417e+02    1.21778e+02    6.60809e+03
        LJ (SR)  Disper. corr.   Coulomb (SR)   Coul. recip.      Potential
    3.76086e+04   -1.62552e+03   -2.78117e+05    7.89940e+02   -2.33090e+05
    Kinetic En.   Total Energy  Conserved En.    Temperature Pres. DC (bar)
    4.24344e+04   -1.90655e+05   -2.77526e+05    2.99504e+02   -1.53110e+02
 Pressure (bar)   Constr. rmsd
   -5.14505e+01    1.91750e-05

           Step           Time
          46000       92.00000

   Energies (kJ/mol)
       G96Angle    Proper Dih.  Improper Dih.          LJ-14     Coulomb-14
    8.96324e+02    4.09305e+02    2.64901e+02    1.16526e+02    6.56029e+03
        LJ (SR)  Disper. corr.   Coulomb (SR)   Coul. recip.      Potential
    3.82106e+04   -1.63230e+03   -2.79203e+05    7.76120e+02   -2.33601e+05
    Kinetic En.   Total Energy  Conserved En.    Temperature Pres. DC (bar)
    4.26125e+04   -1.90989e+05   -2.77528e+05    3.00760e+02   -1.54389e+02
 Pressure (bar)   Constr. rmsd
    1.91204e+02    1.79081e-05

           Step           Time
          46500       93.00000

   Energies (kJ/mol)
       G96Angle    Proper Dih.  Improper Dih.          LJ-14     Coulomb-14
    8.51251e+02    3.53013e+02    2.68298e+02    1.02337e+02    6.58705e+03
        LJ (SR)  Disper. corr.   Coulomb (SR)   Coul. recip.      Potential
    3.78176e+04   -1.63940e+03   -2.78117e+05    8.28226e+02   -2.32948e+05
    Kinetic En.   Total Energy  Conserved En.    Temperature Pres. DC (bar)
    4.20297e+04   -1.90919e+05   -2.77521e+05    2.96647e+02   -1.55734e+02
 Pressure (bar)   Constr. rmsd
    1.31701e+02    1.68134e-05

           Step           Time
          47000       94.00000

   Energies (kJ/mol)
       G96Angle    Proper Dih.  Improper Dih.          LJ-14     Coulomb-14
    8.95800e+02    3.67191e+02    2.87355e+02    7.19559e+01    6.58146e+03
        LJ (SR)  Disper. corr.   Coulomb (SR)   Coul. recip.      Potential
    3.65123e+04   -1.61947e+03   -2.76726e+05    8.05673e+02   -2.32823e+05
    Kinetic En.   Total Energy  Conserved En.    Temperature Pres. DC (bar)
    4.20111e+04   -1.90812e+05   -2.77517e+05    2.96516e+02   -1.51974e+02
 Pressure (bar)   Constr. rmsd
   -4.69548e+02    1.95716e-05

           Step           Time
          47500       95.00000

   Energies (kJ/mol)
       G96Angle    Proper Dih.  Improper Dih.          LJ-14     Coulomb-14
    8.84572e+02    3.84512e+02    2.98071e+02    1.28120e+02    6.49607e+03
        LJ (SR)  Disper. corr.   Coulomb (SR)   Coul. recip.      Potential
    3.73463e+04   -1.63642e+03   -2.77601e+05    7.74566e+02   -2.32925e+05
    Kinetic En.   Total Energy  Conserved En.    Temperature Pres. DC (bar)
    4.23216e+04   -1.90604e+05   -2.77518e+05    2.98707e+02   -1.55169e+02
 Pressure (bar)   Constr. rmsd
    3.19961e+01    1.77969e-05

           Step           Time
          48000       96.00000

   Energies (kJ/mol)
       G96Angle    Proper Dih.  Improper Dih.          LJ-14     Coulomb-14
    8.77526e+02    3.61801e+02    3.09089e+02    1.01152e+02    6.49376e+03
        LJ (SR)  Disper. corr.   Coulomb (SR)   Coul. recip.      Potential
    3.79260e+04   -1.63846e+03   -2.79055e+05    7.96795e+02   -2.33827e+05
    Kinetic En.   Total Energy  Conserved En.    Temperature Pres. DC (bar)
    4.25721e+04   -1.91255e+05   -2.77517e+05    3.00475e+02   -1.55556e+02
 Pressure (bar)   Constr. rmsd
    9.42700e+00    1.86728e-05

           Step           Time
          48500       97.00000

   Energies (kJ/mol)
       G96Angle    Proper Dih.  Improper Dih.          LJ-14     Coulomb-14
    9.35414e+02    3.32314e+02    3.24191e+02    1.17680e+02    6.52479e+03
        LJ (SR)  Disper. corr.   Coulomb (SR)   Coul. recip.      Potential
    3.69264e+04   -1.61841e+03   -2.77150e+05    8.20888e+02   -2.32787e+05
    Kinetic En.   Total Energy  Conserved En.    Temperature Pres. DC (bar)
    4.25008e+04   -1.90286e+05   -2.77517e+05    2.99972e+02   -1.51775e+02
 Pressure (bar)   Constr. rmsd
   -3.01515e+02    1.87983e-05

           Step           Time
          49000       98.00000

   Energies (kJ/mol)
       G96Angle    Proper Dih.  Improper Dih.          LJ-14     Coulomb-14
    8.78891e+02    3.49931e+02    2.57082e+02    1.10214e+02    6.51358e+03
        LJ (SR)  Disper. corr.   Coulomb (SR)   Coul. recip.      Potential
    3.77188e+04   -1.63670e+03   -2.78515e+05    7.56575e+02   -2.33566e+05
    Kinetic En.   Total Energy  Conserved En.    Temperature Pres. DC (bar)
    4.23722e+04   -1.91194e+05   -2.77510e+05    2.99064e+02   -1.55221e+02
 Pressure (bar)   Constr. rmsd
   -5.64650e+01    2.15570e-05

           Step           Time
          49500       99.00000

   Energies (kJ/mol)
       G96Angle    Proper Dih.  Improper Dih.          LJ-14     Coulomb-14
    8.90194e+02    3.12791e+02    2.71366e+02    1.04559e+02    6.57191e+03
        LJ (SR)  Disper. corr.   Coulomb (SR)   Coul. recip.      Potential
    3.70104e+04   -1.63060e+03   -2.78147e+05    8.24778e+02   -2.33791e+05
    Kinetic En.   Total Energy  Conserved En.    Temperature Pres. DC (bar)
    4.22303e+04   -1.91561e+05   -2.77518e+05    2.98062e+02   -1.54068e+02
 Pressure (bar)   Constr. rmsd
   -4.16823e+02    2.12500e-05

           Step           Time
          50000      100.00000

Writing checkpoint, step 50000 at Wed Mar  6 11:35:19 2024


   Energies (kJ/mol)
       G96Angle    Proper Dih.  Improper Dih.          LJ-14     Coulomb-14
    8.63128e+02    3.57926e+02    3.02101e+02    7.27530e+01    6.52842e+03
        LJ (SR)  Disper. corr.   Coulomb (SR)   Coul. recip.      Potential
    3.73815e+04   -1.63448e+03   -2.77437e+05    7.75687e+02   -2.32790e+05
    Kinetic En.   Total Energy  Conserved En.    Temperature Pres. DC (bar)
    4.28123e+04   -1.89978e+05   -2.77514e+05    3.02170e+02   -1.54801e+02
 Pressure (bar)   Constr. rmsd
   -2.76002e+01    2.04036e-05


	<======  ###############  ==>
	<====  A V E R A G E S  ====>
	<==  ###############  ======>

	Statistics over 50001 steps using 501 frames

   Energies (kJ/mol)
       G96Angle    Proper Dih.  Improper Dih.          LJ-14     Coulomb-14
    8.79278e+02    3.70281e+02    2.86408e+02    1.16915e+02    6.59932e+03
        LJ (SR)  Disper. corr.   Coulomb (SR)   Coul. recip.      Potential
    3.75218e+04   -1.63162e+03   -2.77840e+05    7.95763e+02   -2.32902e+05
    Kinetic En.   Total Energy  Conserved En.    Temperature Pres. DC (bar)
    4.23495e+04   -1.90553e+05   -2.77601e+05    2.98904e+02   -1.54271e+02
 Pressure (bar)   Constr. rmsd
   -1.57290e+01    0.00000e+00

          Box-X          Box-Y          Box-Z
    5.60198e+00    5.60198e+00    5.60198e+00

   Total Virial (kJ/mol)
    1.41884e+04    1.87884e+01   -2.95187e+01
    1.86518e+01    1.42293e+04    1.01982e+02
   -2.93543e+01    1.02163e+02    1.42115e+04

   Pressure (bar)
   -9.17538e+00   -3.64892e+00    1.76894e+00
   -3.62250e+00   -2.19907e+01   -1.73775e+01
    1.73822e+00   -1.74112e+01   -1.60208e+01

      T-Protein  T-non-Protein
    2.98803e+02    2.98908e+02


	M E G A - F L O P S   A C C O U N T I N G

 NB=Group-cutoff nonbonded kernels    NxN=N-by-N cluster Verlet kernels
 RF=Reaction-Field  VdW=Van der Waals  QSTab=quadratic-spline table
 W3=SPC/TIP3p  W4=TIP4p (single or pairs)
 V&F=Potential and force  V=Potential only  F=Force only

 Computing:                               M-Number         M-Flops  % Flops
-----------------------------------------------------------------------------
 Pair Search distance check            4778.142352       43003.281     0.1
 NxN QSTab Elec. + LJ [F]            338070.127240    17917716.744    59.0
 NxN QSTab Elec. + LJ [V&F]            3421.283240      277123.942     0.9
 NxN LJ [F]                             292.695472       13171.296     0.0
 NxN LJ [V&F]                             2.969504         193.018     0.0
 NxN QSTab Elec. [F]                 316344.099768    10755699.392    35.4
 NxN QSTab Elec. [V&F]                 3201.285768      131252.716     0.4
 1,4 nonbonded interactions              46.400928        4176.084     0.0
 Calc Weights                          2556.801135       92044.841     0.3
 Spread Q Bspline                     54545.090880      109090.182     0.4
 Gather F Bspline                     54545.090880      327270.545     1.1
 3D-FFT                               72363.847248      578910.778     1.9
 Solve PME                               64.801296        4147.283     0.0
 Shift-X                                 10.670170          64.021     0.0
 Angles                                  41.200824        6921.738     0.0
 Propers                                 14.900298        3412.168     0.0
 Impropers                               14.000280        2912.058     0.0
 Virial                                  42.742090         769.358     0.0
 Stop-CM                                  8.539545          85.395     0.0
 Calc-Ekin                               85.259090        2301.995     0.0
 Lincs                                   28.600572        1716.034     0.0
 Lincs-Mat                              494.409888        1977.640     0.0
 Constraint-V                           881.167623        7049.341     0.0
 Constraint-Vir                          42.644551        1023.469     0.0
 Settle                                 274.655493       88713.724     0.3
-----------------------------------------------------------------------------
 Total                                                30370747.045   100.0
-----------------------------------------------------------------------------


     R E A L   C Y C L E   A N D   T I M E   A C C O U N T I N G

On 1 MPI rank, each using 12 OpenMP threads

 Computing:          Num   Num      Call    Wall time         Giga-Cycles
                     Ranks Threads  Count      (s)         total sum    %
-----------------------------------------------------------------------------
 Neighbor search        1   12        626       3.299        126.394   1.2
 Force                  1   12      50001     221.881       8500.223  83.7
 PME mesh               1   12      50001      24.946        955.658   9.4
 NB X/F buffer ops.     1   12      99376       9.817        376.086   3.7
 Write traj.            1   12        101       0.399         15.292   0.2
 Update                 1   12      50001       1.321         50.592   0.5
 Constraints            1   12      50001       3.013        115.438   1.1
 Rest                                           0.562         21.534   0.2
-----------------------------------------------------------------------------
 Total                                        265.238      10161.217 100.0
-----------------------------------------------------------------------------
 Breakdown of PME mesh computation
-----------------------------------------------------------------------------
 PME spread             1   12      50001       9.936        380.650   3.7
 PME gather             1   12      50001       9.433        361.375   3.6
 PME 3D-FFT             1   12     100002       4.566        174.921   1.7
 PME solve Elec         1   12      50001       0.673         25.778   0.3
-----------------------------------------------------------------------------

               Core t (s)   Wall t (s)        (%)
       Time:     3182.852      265.238     1200.0
                 (ns/day)    (hour/ns)
Performance:       32.575        0.737
Finished mdrun on rank 0 Wed Mar  6 11:35:19 2024

